<?xml version="1.0" encoding="UTF-8"?>
<!-- Generated by org.testng.reporters.JUnitXMLReporter -->
<testsuite hostname="DESKTOP-A4GJKOM" ignored="0" name="Surefire test" tests="20" failures="5" timestamp="06 Dec 2020 14:01:54 GMT" time="1797.952" errors="0">
  <testcase name="@AfterTest stopRecording" time="0.0" classname="sailotech.com.EzScheduler.adminTests.AdminTest">
    <failure type="java.lang.NullPointerException">
      <![CDATA[java.lang.NullPointerException
at sailotech.com.EzScheduler.adminPages.RepositoryClass.stopRecording(RepositoryClass.java:67)
at sailotech.com.EzScheduler.adminTests.AdminTest.stopRecording(AdminTest.java:25)
... Removed 29 stack frames]]>
    </failure>
  </testcase> <!-- @AfterTest stopRecording -->
  <testcase name="@AfterTest stopRecording" time="0.0" classname="sailotech.com.EzSchedulerAdminpages.AdminTest">
    <skipped/>
  </testcase> <!-- @AfterTest stopRecording -->
  <testcase name="@AfterTest stopRecording" time="0.0" classname="sailotech.com.EzScheduler.AdminVerifyDoctor.AdminVerifyTest">
    <skipped/>
  </testcase> <!-- @AfterTest stopRecording -->
  <testcase name="@AfterTest stopRecording" time="0.0" classname="sailotech.com.EzScheduler.DoctorLoginPages.DoctorLoginTest">
    <skipped/>
  </testcase> <!-- @AfterTest stopRecording -->
  <testcase name="@AfterTest stopRecording" time="0.0" classname="sailotech.com.EzScheduler.GenerateSlots.GenerateSlotsTest">
    <skipped/>
  </testcase> <!-- @AfterTest stopRecording -->
  <testcase name="@AfterTest stopRecording" time="0.0" classname="sailotech.com.EzScheduler.patientScheduleAnAppointmentPage.PatientScheduleAnAppTest">
    <skipped/>
  </testcase> <!-- @AfterTest stopRecording -->
  <testcase name="@AfterTest stopRecording" time="0.0" classname="sailotech.com.EzScheduler.PatientPages.PatientTest">
    <skipped/>
  </testcase> <!-- @AfterTest stopRecording -->
  <testcase name="TC_01_navigate_homepage_to_admin_login" time="19.73" classname="sailotech.com.AdminCredentialspage.AdminCredentialsTest">
    <failure type="org.openqa.selenium.TimeoutException" message="Expected condition failed: waiting for element to be clickable: [[ChromeDriver: chrome on XP (41844485ad6d5d975c89ea7ac4a4d034)] -&amp;gt; xpath: //li[3]//div[1]//h5[1]//a[1]] (tried for 10 second(s) with 500 milliseconds interval)
Build info: version: &amp;apos;3.141.59&amp;apos;, revision: &amp;apos;e82be7d358&amp;apos;, time: &amp;apos;2018-11-14T08:17:03&amp;apos;
System info: host: &amp;apos;DESKTOP-A4GJKOM&amp;apos;, ip: &amp;apos;192.168.1.176&amp;apos;, os.name: &amp;apos;Windows 10&amp;apos;, os.arch: &amp;apos;amd64&amp;apos;, os.version: &amp;apos;10.0&amp;apos;, java.version: &amp;apos;1.8.0_271&amp;apos;
Driver info: org.openqa.selenium.chrome.ChromeDriver
Capabilities {acceptInsecureCerts: false, acceptSslCerts: false, applicationCacheEnabled: false, browserConnectionEnabled: false, browserName: chrome, chrome: {chromedriverVersion: 2.40.565498 (ea082db3280dd6..., userDataDir: C:\Users\sukki\AppData\Loca...}, cssSelectorsEnabled: true, databaseEnabled: false, handlesAlerts: true, hasTouchScreen: false, javascriptEnabled: true, locationContextEnabled: true, mobileEmulationEnabled: false, nativeEvents: true, networkConnectionEnabled: false, pageLoadStrategy: normal, platform: XP, platformName: XP, rotatable: false, setWindowRect: true, takesHeapSnapshot: true, takesScreenshot: true, unexpectedAlertBehaviour: , unhandledPromptBehavior: , version: 87.0.4280.88, webStorageEnabled: true}
Session ID: 41844485ad6d5d975c89ea7ac4a4d034">
      <![CDATA[org.openqa.selenium.TimeoutException: Expected condition failed: waiting for element to be clickable: [[ChromeDriver: chrome on XP (41844485ad6d5d975c89ea7ac4a4d034)] -> xpath: //li[3]//div[1]//h5[1]//a[1]] (tried for 10 second(s) with 500 milliseconds interval)
Build info: version: '3.141.59', revision: 'e82be7d358', time: '2018-11-14T08:17:03'
System info: host: 'DESKTOP-A4GJKOM', ip: '192.168.1.176', os.name: 'Windows 10', os.arch: 'amd64', os.version: '10.0', java.version: '1.8.0_271'
Driver info: org.openqa.selenium.chrome.ChromeDriver
Capabilities {acceptInsecureCerts: false, acceptSslCerts: false, applicationCacheEnabled: false, browserConnectionEnabled: false, browserName: chrome, chrome: {chromedriverVersion: 2.40.565498 (ea082db3280dd6..., userDataDir: C:\Users\sukki\AppData\Loca...}, cssSelectorsEnabled: true, databaseEnabled: false, handlesAlerts: true, hasTouchScreen: false, javascriptEnabled: true, locationContextEnabled: true, mobileEmulationEnabled: false, nativeEvents: true, networkConnectionEnabled: false, pageLoadStrategy: normal, platform: XP, platformName: XP, rotatable: false, setWindowRect: true, takesHeapSnapshot: true, takesScreenshot: true, unexpectedAlertBehaviour: , unhandledPromptBehavior: , version: 87.0.4280.88, webStorageEnabled: true}
Session ID: 41844485ad6d5d975c89ea7ac4a4d034
at org.openqa.selenium.support.ui.WebDriverWait.timeoutException(WebDriverWait.java:95)
at org.openqa.selenium.support.ui.FluentWait.until(FluentWait.java:272)
at sailotech.com.AdminCredentialspage.AdminCredentials.navigate_to_Admin_login(AdminCredentials.java:50)
at sailotech.com.AdminCredentialspage.AdminCredentialsTest.TC_01_navigate_homepage_to_admin_login(AdminCredentialsTest.java:55)
... Removed 30 stack frames]]>
    </failure>
  </testcase> <!-- TC_01_navigate_homepage_to_admin_login -->
  <testcase name="TC_01_navigate_homepage_to_admin_login" time="12.07" classname="sailotech.com.EzScheduler.AdminVerifyDoctor.AdminVerifyTest">
    <failure type="org.openqa.selenium.TimeoutException" message="Expected condition failed: waiting for element to be clickable: [[ChromeDriver: chrome on XP (829971ac10908808664c57140c6041e2)] -&amp;gt; xpath: //li[3]//div[1]//h5[1]//a[1]] (tried for 5 second(s) with 500 milliseconds interval)
Build info: version: &amp;apos;3.141.59&amp;apos;, revision: &amp;apos;e82be7d358&amp;apos;, time: &amp;apos;2018-11-14T08:17:03&amp;apos;
System info: host: &amp;apos;DESKTOP-A4GJKOM&amp;apos;, ip: &amp;apos;192.168.1.176&amp;apos;, os.name: &amp;apos;Windows 10&amp;apos;, os.arch: &amp;apos;amd64&amp;apos;, os.version: &amp;apos;10.0&amp;apos;, java.version: &amp;apos;1.8.0_271&amp;apos;
Driver info: org.openqa.selenium.chrome.ChromeDriver
Capabilities {acceptInsecureCerts: false, acceptSslCerts: false, applicationCacheEnabled: false, browserConnectionEnabled: false, browserName: chrome, chrome: {chromedriverVersion: 2.40.565498 (ea082db3280dd6..., userDataDir: C:\Users\sukki\AppData\Loca...}, cssSelectorsEnabled: true, databaseEnabled: false, handlesAlerts: true, hasTouchScreen: false, javascriptEnabled: true, locationContextEnabled: true, mobileEmulationEnabled: false, nativeEvents: true, networkConnectionEnabled: false, pageLoadStrategy: normal, platform: XP, platformName: XP, rotatable: false, setWindowRect: true, takesHeapSnapshot: true, takesScreenshot: true, unexpectedAlertBehaviour: , unhandledPromptBehavior: , version: 87.0.4280.88, webStorageEnabled: true}
Session ID: 829971ac10908808664c57140c6041e2">
      <![CDATA[org.openqa.selenium.TimeoutException: Expected condition failed: waiting for element to be clickable: [[ChromeDriver: chrome on XP (829971ac10908808664c57140c6041e2)] -> xpath: //li[3]//div[1]//h5[1]//a[1]] (tried for 5 second(s) with 500 milliseconds interval)
Build info: version: '3.141.59', revision: 'e82be7d358', time: '2018-11-14T08:17:03'
System info: host: 'DESKTOP-A4GJKOM', ip: '192.168.1.176', os.name: 'Windows 10', os.arch: 'amd64', os.version: '10.0', java.version: '1.8.0_271'
Driver info: org.openqa.selenium.chrome.ChromeDriver
Capabilities {acceptInsecureCerts: false, acceptSslCerts: false, applicationCacheEnabled: false, browserConnectionEnabled: false, browserName: chrome, chrome: {chromedriverVersion: 2.40.565498 (ea082db3280dd6..., userDataDir: C:\Users\sukki\AppData\Loca...}, cssSelectorsEnabled: true, databaseEnabled: false, handlesAlerts: true, hasTouchScreen: false, javascriptEnabled: true, locationContextEnabled: true, mobileEmulationEnabled: false, nativeEvents: true, networkConnectionEnabled: false, pageLoadStrategy: normal, platform: XP, platformName: XP, rotatable: false, setWindowRect: true, takesHeapSnapshot: true, takesScreenshot: true, unexpectedAlertBehaviour: , unhandledPromptBehavior: , version: 87.0.4280.88, webStorageEnabled: true}
Session ID: 829971ac10908808664c57140c6041e2
at org.openqa.selenium.support.ui.WebDriverWait.timeoutException(WebDriverWait.java:95)
at org.openqa.selenium.support.ui.FluentWait.until(FluentWait.java:272)
at sailotech.com.EzScheduler.AdminVerifyDoctor.AdminVerifyDoctors.navigate_to_Admin_login(AdminVerifyDoctors.java:55)
at sailotech.com.EzScheduler.AdminVerifyDoctor.AdminVerifyTest.TC_01_navigate_homepage_to_admin_login(AdminVerifyTest.java:55)
... Removed 30 stack frames]]>
    </failure>
  </testcase> <!-- TC_01_navigate_homepage_to_admin_login -->
  <testcase name="TC_01_navigate_homepage_to_Doctor_login" time="2.484" classname="sailotech.com.EzScheduler.DoctorLoginPages.DoctorLoginTest"/>
  <testcase name="TC_02_adminlogin" time="0.0" classname="sailotech.com.AdminCredentialspage.AdminCredentialsTest">
    <skipped/>
  </testcase> <!-- TC_02_adminlogin -->
  <testcase name="TC_02_adminlogin" time="0.0" classname="sailotech.com.EzScheduler.AdminVerifyDoctor.AdminVerifyTest">
    <skipped/>
  </testcase> <!-- TC_02_adminlogin -->
  <testcase name="TC_02_DoctorLogin" time="8.155" classname="sailotech.com.EzScheduler.DoctorLoginPages.DoctorLoginTest"/>
  <testcase name="TC_01_navigate_homepage_to_DoctorRegister" time="17.31" classname="sailotech.com.EzScheduler.DoctorRegistration.DoctorRegistrationTest">
    <failure type="org.openqa.selenium.TimeoutException" message="Expected condition failed: waiting for element to be clickable: [[ChromeDriver: chrome on XP (5089e0bf357cb1593dd7c5b2143bb099)] -&amp;gt; xpath: //*[@id=&amp;quot;app-site&amp;quot;]/div/div/div[3]/div/header/div/ul/li/div/div/div/div[1]/ul/li[2]/div/h5/a[2]] (tried for 10 second(s) with 500 milliseconds interval)
Build info: version: &amp;apos;3.141.59&amp;apos;, revision: &amp;apos;e82be7d358&amp;apos;, time: &amp;apos;2018-11-14T08:17:03&amp;apos;
System info: host: &amp;apos;DESKTOP-A4GJKOM&amp;apos;, ip: &amp;apos;192.168.1.176&amp;apos;, os.name: &amp;apos;Windows 10&amp;apos;, os.arch: &amp;apos;amd64&amp;apos;, os.version: &amp;apos;10.0&amp;apos;, java.version: &amp;apos;1.8.0_271&amp;apos;
Driver info: org.openqa.selenium.chrome.ChromeDriver
Capabilities {acceptInsecureCerts: false, acceptSslCerts: false, applicationCacheEnabled: false, browserConnectionEnabled: false, browserName: chrome, chrome: {chromedriverVersion: 2.40.565498 (ea082db3280dd6..., userDataDir: C:\Users\sukki\AppData\Loca...}, cssSelectorsEnabled: true, databaseEnabled: false, handlesAlerts: true, hasTouchScreen: false, javascriptEnabled: true, locationContextEnabled: true, mobileEmulationEnabled: false, nativeEvents: true, networkConnectionEnabled: false, pageLoadStrategy: normal, platform: XP, platformName: XP, rotatable: false, setWindowRect: true, takesHeapSnapshot: true, takesScreenshot: true, unexpectedAlertBehaviour: , unhandledPromptBehavior: , version: 87.0.4280.88, webStorageEnabled: true}
Session ID: 5089e0bf357cb1593dd7c5b2143bb099">
      <![CDATA[org.openqa.selenium.TimeoutException: Expected condition failed: waiting for element to be clickable: [[ChromeDriver: chrome on XP (5089e0bf357cb1593dd7c5b2143bb099)] -> xpath: //*[@id="app-site"]/div/div/div[3]/div/header/div/ul/li/div/div/div/div[1]/ul/li[2]/div/h5/a[2]] (tried for 10 second(s) with 500 milliseconds interval)
Build info: version: '3.141.59', revision: 'e82be7d358', time: '2018-11-14T08:17:03'
System info: host: 'DESKTOP-A4GJKOM', ip: '192.168.1.176', os.name: 'Windows 10', os.arch: 'amd64', os.version: '10.0', java.version: '1.8.0_271'
Driver info: org.openqa.selenium.chrome.ChromeDriver
Capabilities {acceptInsecureCerts: false, acceptSslCerts: false, applicationCacheEnabled: false, browserConnectionEnabled: false, browserName: chrome, chrome: {chromedriverVersion: 2.40.565498 (ea082db3280dd6..., userDataDir: C:\Users\sukki\AppData\Loca...}, cssSelectorsEnabled: true, databaseEnabled: false, handlesAlerts: true, hasTouchScreen: false, javascriptEnabled: true, locationContextEnabled: true, mobileEmulationEnabled: false, nativeEvents: true, networkConnectionEnabled: false, pageLoadStrategy: normal, platform: XP, platformName: XP, rotatable: false, setWindowRect: true, takesHeapSnapshot: true, takesScreenshot: true, unexpectedAlertBehaviour: , unhandledPromptBehavior: , version: 87.0.4280.88, webStorageEnabled: true}
Session ID: 5089e0bf357cb1593dd7c5b2143bb099
at org.openqa.selenium.support.ui.WebDriverWait.timeoutException(WebDriverWait.java:95)
at org.openqa.selenium.support.ui.FluentWait.until(FluentWait.java:272)
at sailotech.com.EzScheduler.DoctorRegistration.DoctorRegistration.navigate_homepage_to_doctor_register(DoctorRegistration.java:46)
at sailotech.com.EzScheduler.DoctorRegistration.DoctorRegistrationTest.TC_01_navigate_homepage_to_DoctorRegister(DoctorRegistrationTest.java:53)
... Removed 30 stack frames]]>
    </failure>
  </testcase> <!-- TC_01_navigate_homepage_to_DoctorRegister -->
  <testcase name="TC_02_DoctorRegister" time="0.0" classname="sailotech.com.EzScheduler.DoctorRegistration.DoctorRegistrationTest">
    <skipped/>
  </testcase> <!-- TC_02_DoctorRegister -->
  <testcase name="TC_01_navigate_homepage_to_Doctor_login" time="1.973" classname="sailotech.com.EzScheduler.GenerateSlots.GenerateSlotsTest"/>
  <testcase name="TC_02_DoctorLogin" time="4.623" classname="sailotech.com.EzScheduler.GenerateSlots.GenerateSlotsTest"/>
  <testcase name="TC_03_GenerateSlots" time="32.663" classname="sailotech.com.EzScheduler.GenerateSlots.GenerateSlotsTest"/>
  <testcase name="TC_01_navigate_homepage_to_Patient_login" time="11.89" classname="sailotech.com.EzScheduler.PatientPages.PatientTest">
    <failure type="org.openqa.selenium.TimeoutException" message="Expected condition failed: waiting for element to be clickable: [[ChromeDriver: chrome on XP (78366cd459df340825d9eed3a7befcdf)] -&amp;gt; xpath: //header/div[1]/ul[1]/li[1]/div[1]/div[1]/div[1]/div[1]/ul[1]/li[1]/div[1]/h5[1]/a[1]] (tried for 5 second(s) with 500 milliseconds interval)
Build info: version: &amp;apos;3.141.59&amp;apos;, revision: &amp;apos;e82be7d358&amp;apos;, time: &amp;apos;2018-11-14T08:17:03&amp;apos;
System info: host: &amp;apos;DESKTOP-A4GJKOM&amp;apos;, ip: &amp;apos;192.168.1.176&amp;apos;, os.name: &amp;apos;Windows 10&amp;apos;, os.arch: &amp;apos;amd64&amp;apos;, os.version: &amp;apos;10.0&amp;apos;, java.version: &amp;apos;1.8.0_271&amp;apos;
Driver info: org.openqa.selenium.chrome.ChromeDriver
Capabilities {acceptInsecureCerts: false, acceptSslCerts: false, applicationCacheEnabled: false, browserConnectionEnabled: false, browserName: chrome, chrome: {chromedriverVersion: 2.40.565498 (ea082db3280dd6..., userDataDir: C:\Users\sukki\AppData\Loca...}, cssSelectorsEnabled: true, databaseEnabled: false, handlesAlerts: true, hasTouchScreen: false, javascriptEnabled: true, locationContextEnabled: true, mobileEmulationEnabled: false, nativeEvents: true, networkConnectionEnabled: false, pageLoadStrategy: normal, platform: XP, platformName: XP, rotatable: false, setWindowRect: true, takesHeapSnapshot: true, takesScreenshot: true, unexpectedAlertBehaviour: , unhandledPromptBehavior: , version: 87.0.4280.88, webStorageEnabled: true}
Session ID: 78366cd459df340825d9eed3a7befcdf">
      <![CDATA[org.openqa.selenium.TimeoutException: Expected condition failed: waiting for element to be clickable: [[ChromeDriver: chrome on XP (78366cd459df340825d9eed3a7befcdf)] -> xpath: //header/div[1]/ul[1]/li[1]/div[1]/div[1]/div[1]/div[1]/ul[1]/li[1]/div[1]/h5[1]/a[1]] (tried for 5 second(s) with 500 milliseconds interval)
Build info: version: '3.141.59', revision: 'e82be7d358', time: '2018-11-14T08:17:03'
System info: host: 'DESKTOP-A4GJKOM', ip: '192.168.1.176', os.name: 'Windows 10', os.arch: 'amd64', os.version: '10.0', java.version: '1.8.0_271'
Driver info: org.openqa.selenium.chrome.ChromeDriver
Capabilities {acceptInsecureCerts: false, acceptSslCerts: false, applicationCacheEnabled: false, browserConnectionEnabled: false, browserName: chrome, chrome: {chromedriverVersion: 2.40.565498 (ea082db3280dd6..., userDataDir: C:\Users\sukki\AppData\Loca...}, cssSelectorsEnabled: true, databaseEnabled: false, handlesAlerts: true, hasTouchScreen: false, javascriptEnabled: true, locationContextEnabled: true, mobileEmulationEnabled: false, nativeEvents: true, networkConnectionEnabled: false, pageLoadStrategy: normal, platform: XP, platformName: XP, rotatable: false, setWindowRect: true, takesHeapSnapshot: true, takesScreenshot: true, unexpectedAlertBehaviour: , unhandledPromptBehavior: , version: 87.0.4280.88, webStorageEnabled: true}
Session ID: 78366cd459df340825d9eed3a7befcdf
at org.openqa.selenium.support.ui.WebDriverWait.timeoutException(WebDriverWait.java:95)
at org.openqa.selenium.support.ui.FluentWait.until(FluentWait.java:272)
at sailotech.com.EzScheduler.PatientPages.PatientLogin.navigate_to_patient_login(PatientLogin.java:46)
at sailotech.com.EzScheduler.PatientPages.PatientTest.TC_01_navigate_homepage_to_Patient_login(PatientTest.java:55)
... Removed 30 stack frames]]>
    </failure>
  </testcase> <!-- TC_01_navigate_homepage_to_Patient_login -->
  <testcase name="TC_02_Patientlogin" time="0.0" classname="sailotech.com.EzScheduler.PatientPages.PatientTest">
    <skipped/>
  </testcase> <!-- TC_02_Patientlogin -->
  <testcase name="TC_01_navigate_homepage_to_DoctorRegister" time="4.039" classname="sailotech.com.EzScheduler.PatientRegistration.PatientRegistrationTest"/>
  <testcase name="TC_02_DoctorRegister" time="12.103" classname="sailotech.com.EzScheduler.PatientRegistration.PatientRegistrationTest"/>
  <testcase name="TC_01_navigate_homepage_to_Patient_login" time="48.177" classname="sailotech.com.EzScheduler.patientScheduleAnAppointmentPage.PatientScheduleAnAppTest">
    <failure type="org.openqa.selenium.TimeoutException" message="Expected condition failed: waiting for element to be clickable: [[ChromeDriver: chrome on XP (ad7e3d1bdb8462b6441b3a1ece2b0259)] -&amp;gt; xpath: //header/div[1]/ul[1]/li[1]/div[1]/div[1]/div[1]/div[1]/ul[1]/li[1]/div[1]/h5[1]/a[1]] (tried for 5 second(s) with 500 milliseconds interval)
Build info: version: &amp;apos;3.141.59&amp;apos;, revision: &amp;apos;e82be7d358&amp;apos;, time: &amp;apos;2018-11-14T08:17:03&amp;apos;
System info: host: &amp;apos;DESKTOP-A4GJKOM&amp;apos;, ip: &amp;apos;192.168.1.176&amp;apos;, os.name: &amp;apos;Windows 10&amp;apos;, os.arch: &amp;apos;amd64&amp;apos;, os.version: &amp;apos;10.0&amp;apos;, java.version: &amp;apos;1.8.0_271&amp;apos;
Driver info: org.openqa.selenium.chrome.ChromeDriver
Capabilities {acceptInsecureCerts: false, acceptSslCerts: false, applicationCacheEnabled: false, browserConnectionEnabled: false, browserName: chrome, chrome: {chromedriverVersion: 2.40.565498 (ea082db3280dd6..., userDataDir: C:\Users\sukki\AppData\Loca...}, cssSelectorsEnabled: true, databaseEnabled: false, handlesAlerts: true, hasTouchScreen: false, javascriptEnabled: true, locationContextEnabled: true, mobileEmulationEnabled: false, nativeEvents: true, networkConnectionEnabled: false, pageLoadStrategy: normal, platform: XP, platformName: XP, rotatable: false, setWindowRect: true, takesHeapSnapshot: true, takesScreenshot: true, unexpectedAlertBehaviour: , unhandledPromptBehavior: , version: 87.0.4280.88, webStorageEnabled: true}
Session ID: ad7e3d1bdb8462b6441b3a1ece2b0259">
      <![CDATA[org.openqa.selenium.TimeoutException: Expected condition failed: waiting for element to be clickable: [[ChromeDriver: chrome on XP (ad7e3d1bdb8462b6441b3a1ece2b0259)] -> xpath: //header/div[1]/ul[1]/li[1]/div[1]/div[1]/div[1]/div[1]/ul[1]/li[1]/div[1]/h5[1]/a[1]] (tried for 5 second(s) with 500 milliseconds interval)
Build info: version: '3.141.59', revision: 'e82be7d358', time: '2018-11-14T08:17:03'
System info: host: 'DESKTOP-A4GJKOM', ip: '192.168.1.176', os.name: 'Windows 10', os.arch: 'amd64', os.version: '10.0', java.version: '1.8.0_271'
Driver info: org.openqa.selenium.chrome.ChromeDriver
Capabilities {acceptInsecureCerts: false, acceptSslCerts: false, applicationCacheEnabled: false, browserConnectionEnabled: false, browserName: chrome, chrome: {chromedriverVersion: 2.40.565498 (ea082db3280dd6..., userDataDir: C:\Users\sukki\AppData\Loca...}, cssSelectorsEnabled: true, databaseEnabled: false, handlesAlerts: true, hasTouchScreen: false, javascriptEnabled: true, locationContextEnabled: true, mobileEmulationEnabled: false, nativeEvents: true, networkConnectionEnabled: false, pageLoadStrategy: normal, platform: XP, platformName: XP, rotatable: false, setWindowRect: true, takesHeapSnapshot: true, takesScreenshot: true, unexpectedAlertBehaviour: , unhandledPromptBehavior: , version: 87.0.4280.88, webStorageEnabled: true}
Session ID: ad7e3d1bdb8462b6441b3a1ece2b0259
at org.openqa.selenium.support.ui.WebDriverWait.timeoutException(WebDriverWait.java:95)
at org.openqa.selenium.support.ui.FluentWait.until(FluentWait.java:272)
at sailotech.com.EzScheduler.PatientPages.PatientLogin.navigate_to_patient_login(PatientLogin.java:46)
at sailotech.com.EzScheduler.patientScheduleAnAppointmentPage.PatientScheduleAnAppTest.TC_01_navigate_homepage_to_Patient_login(PatientScheduleAnAppTest.java:60)
... Removed 30 stack frames]]>
    </failure>
  </testcase> <!-- TC_01_navigate_homepage_to_Patient_login -->
  <testcase name="TC_02_Patientlogin" time="0.0" classname="sailotech.com.EzScheduler.patientScheduleAnAppointmentPage.PatientScheduleAnAppTest">
    <skipped/>
  </testcase> <!-- TC_02_Patientlogin -->
  <testcase name="TC_03_PatientScheduleAnApp" time="0.0" classname="sailotech.com.EzScheduler.patientScheduleAnAppointmentPage.PatientScheduleAnAppTest">
    <skipped/>
  </testcase> <!-- TC_03_PatientScheduleAnApp -->
  <testcase name="TC_01_navigate_homepage_to_admin_login" time="2.447" classname="sailotech.com.EzSchedulerAdminpages.AdminTest"/>
  <testcase name="TC_02_adminlogin" time="2.564" classname="sailotech.com.EzSchedulerAdminpages.AdminTest"/>
</testsuite> <!-- Surefire test -->
