<?xml version="1.0" encoding="UTF-8" standalone="yes"?>
<ns2:test-suite start="1611242101525" stop="1611242160577" version="1.5.4" xmlns:ns2="urn:model.allure.qatools.yandex.ru">
    <name>Default suite : Default test</name>
    <title>Default suite : Default test</title>
    <test-cases>
        <test-case start="1611242117797" stop="1611242129572" status="passed">
            <name>TC_09_PatientRegistration</name>
            <description type="text">Navigate to Patient Login/Register page</description>
            <steps/>
            <attachments>
                <attachment title="PatientRegister" source="29b131c9-efff-4570-bf5b-6f36ab2bacf8-attachment.png" type="image/png"/>
            </attachments>
            <labels>
                <label name="testSuite" value="Default suite"/>
                <label name="testGroup" value="Default test"/>
                <label name="testClass" value="com.sailotech.ezscheduler.Testpages.Consumerregistrationtest"/>
                <label name="testMethod" value="TC_09_PatientRegistration"/>
                <label name="severity" value="normal"/>
                <label name="testId" value="Consumer Registration"/>
                <label name="host" value="DESKTOP-A4GJKOM"/>
                <label name="thread" value="31612@DESKTOP-A4GJKOM.main(1)"/>
            </labels>
        </test-case>
        <test-case start="1611242129739" stop="1611242139313" status="passed">
            <name>TC_10_ConsumerCredentialsfrommail</name>
            <description type="text">Reading OTP/credentials from consumer Email</description>
            <steps/>
            <attachments/>
            <labels>
                <label name="testSuite" value="Default suite"/>
                <label name="testGroup" value="Default test"/>
                <label name="testClass" value="com.sailotech.ezscheduler.Testpages.Consumerregistrationtest"/>
                <label name="testMethod" value="TC_10_ConsumerCredentialsfrommail"/>
                <label name="severity" value="normal"/>
                <label name="testId" value="Reading OTP/credentials from consumer Email"/>
                <label name="host" value="DESKTOP-A4GJKOM"/>
                <label name="thread" value="31612@DESKTOP-A4GJKOM.main(1)"/>
            </labels>
        </test-case>
        <test-case start="1611242139324" stop="1611242145147" status="passed">
            <name>TC_11_Consumer_OTP</name>
            <description type="text">Entering OTP in that OTP field and verifing that OTP</description>
            <steps/>
            <attachments/>
            <labels>
                <label name="testSuite" value="Default suite"/>
                <label name="testGroup" value="Default test"/>
                <label name="testClass" value="com.sailotech.ezscheduler.Testpages.Consumerregistrationtest"/>
                <label name="testMethod" value="TC_11_Consumer_OTP"/>
                <label name="severity" value="normal"/>
                <label name="testId" value="TC_04"/>
                <label name="host" value="DESKTOP-A4GJKOM"/>
                <label name="thread" value="31612@DESKTOP-A4GJKOM.main(1)"/>
            </labels>
        </test-case>
        <test-case start="1611242145154" stop="1611242155348" status="broken">
            <name>TC_12_PatientLogout</name>
            <description type="text">patient Logout from EzScheduler Website</description>
            <failure>
                <message>TimeoutException: Expected condition failed: waiting for element to be clickable: Proxy element for: DefaultElementLocator 'By.xpath: /html[1]/body[1]/div[2]/div[1]/div[1]/div[3]/div[1]/header[1]/div[1]/div[1]/*[local-name()='svg'][1]' (tried for 5 second(s) with 500 milliseconds interval)</message>
                <stack-trace>org.openqa.selenium.TimeoutException: Expected condition failed: waiting for element to be clickable: Proxy element for: DefaultElementLocator 'By.xpath: /html[1]/body[1]/div[2]/div[1]/div[1]/div[3]/div[1]/header[1]/div[1]/div[1]/*[local-name()='svg'][1]' (tried for 5 second(s) with 500 milliseconds interval)&#13;
	at org.openqa.selenium.support.ui.WebDriverWait.timeoutException(WebDriverWait.java:95)&#13;
	at org.openqa.selenium.support.ui.FluentWait.until(FluentWait.java:272)&#13;
	at com.sailotech.ezscheduler.Implpages.Consumerlogout.Patient_Logout(Consumerlogout.java:33)&#13;
	at com.sailotech.ezscheduler.Testpages.Consumerregistrationtest.TC_12_PatientLogout(Consumerregistrationtest.java:72)&#13;
	at sun.reflect.NativeMethodAccessorImpl.invoke0(Native Method)&#13;
	at sun.reflect.NativeMethodAccessorImpl.invoke(NativeMethodAccessorImpl.java:62)&#13;
	at sun.reflect.DelegatingMethodAccessorImpl.invoke(DelegatingMethodAccessorImpl.java:43)&#13;
	at java.lang.reflect.Method.invoke(Method.java:498)&#13;
	at org.testng.internal.MethodInvocationHelper.invokeMethod(MethodInvocationHelper.java:124)&#13;
	at org.testng.internal.Invoker.invokeMethod(Invoker.java:583)&#13;
	at org.testng.internal.Invoker.invokeTestMethod(Invoker.java:719)&#13;
	at org.testng.internal.Invoker.invokeTestMethods(Invoker.java:989)&#13;
	at org.testng.internal.TestMethodWorker.invokeTestMethods(TestMethodWorker.java:125)&#13;
	at org.testng.internal.TestMethodWorker.run(TestMethodWorker.java:109)&#13;
	at org.testng.TestRunner.privateRun(TestRunner.java:648)&#13;
	at org.testng.TestRunner.run(TestRunner.java:505)&#13;
	at org.testng.SuiteRunner.runTest(SuiteRunner.java:455)&#13;
	at org.testng.SuiteRunner.runSequentially(SuiteRunner.java:450)&#13;
	at org.testng.SuiteRunner.privateRun(SuiteRunner.java:415)&#13;
	at org.testng.SuiteRunner.run(SuiteRunner.java:364)&#13;
	at org.testng.SuiteRunnerWorker.runSuite(SuiteRunnerWorker.java:52)&#13;
	at org.testng.SuiteRunnerWorker.run(SuiteRunnerWorker.java:84)&#13;
	at org.testng.TestNG.runSuitesSequentially(TestNG.java:1208)&#13;
	at org.testng.TestNG.runSuitesLocally(TestNG.java:1137)&#13;
	at org.testng.TestNG.runSuites(TestNG.java:1049)&#13;
	at org.testng.TestNG.run(TestNG.java:1017)&#13;
	at org.testng.remote.AbstractRemoteTestNG.run(AbstractRemoteTestNG.java:115)&#13;
	at org.testng.remote.RemoteTestNG.initAndRun(RemoteTestNG.java:251)&#13;
	at org.testng.remote.RemoteTestNG.main(RemoteTestNG.java:77)&#13;
Caused by: org.openqa.selenium.NoSuchElementException: no such element: Unable to locate element: {"method":"xpath","selector":"/html[1]/body[1]/div[2]/div[1]/div[1]/div[3]/div[1]/header[1]/div[1]/div[1]/*[local-name()='svg'][1]"}
  (Session info: chrome=87.0.4280.141)
  (Driver info: chromedriver=2.40.565498 (ea082db3280dd6843ebfb08a625e3eb905c4f5ab),platform=Windows NT 10.0.18363 x86_64) (WARNING: The server did not provide any stacktrace information)
Command duration or timeout: 0 milliseconds
For documentation on this error, please visit: https://www.seleniumhq.org/exceptions/no_such_element.html
Build info: version: '3.141.59', revision: 'e82be7d358', time: '2018-11-14T08:17:03'
System info: host: 'DESKTOP-A4GJKOM', ip: '192.168.1.98', os.name: 'Windows 10', os.arch: 'amd64', os.version: '10.0', java.version: '1.8.0_271'
Driver info: org.openqa.selenium.chrome.ChromeDriver
Capabilities {acceptInsecureCerts: false, acceptSslCerts: false, applicationCacheEnabled: false, browserConnectionEnabled: false, browserName: chrome, chrome: {chromedriverVersion: 2.40.565498 (ea082db3280dd6..., userDataDir: C:\Users\sukki\AppData\Loca...}, cssSelectorsEnabled: true, databaseEnabled: false, handlesAlerts: true, hasTouchScreen: false, javascriptEnabled: true, locationContextEnabled: true, mobileEmulationEnabled: false, nativeEvents: true, networkConnectionEnabled: false, pageLoadStrategy: normal, platform: XP, platformName: XP, rotatable: false, setWindowRect: true, takesHeapSnapshot: true, takesScreenshot: true, unexpectedAlertBehaviour: , unhandledPromptBehavior: , version: 87.0.4280.141, webStorageEnabled: true}
Session ID: 12e66171c10845debc4be3659d488bf8
*** Element info: {Using=xpath, value=/html[1]/body[1]/div[2]/div[1]/div[1]/div[3]/div[1]/header[1]/div[1]/div[1]/*[local-name()='svg'][1]}&#13;
	at sun.reflect.NativeConstructorAccessorImpl.newInstance0(Native Method)&#13;
	at sun.reflect.NativeConstructorAccessorImpl.newInstance(NativeConstructorAccessorImpl.java:62)&#13;
	at sun.reflect.DelegatingConstructorAccessorImpl.newInstance(DelegatingConstructorAccessorImpl.java:45)&#13;
	at java.lang.reflect.Constructor.newInstance(Constructor.java:423)&#13;
	at org.openqa.selenium.remote.ErrorHandler.createThrowable(ErrorHandler.java:214)&#13;
	at org.openqa.selenium.remote.ErrorHandler.throwIfResponseFailed(ErrorHandler.java:166)&#13;
	at org.openqa.selenium.remote.http.JsonHttpResponseCodec.reconstructValue(JsonHttpResponseCodec.java:40)&#13;
	at org.openqa.selenium.remote.http.AbstractHttpResponseCodec.decode(AbstractHttpResponseCodec.java:80)&#13;
	at org.openqa.selenium.remote.http.AbstractHttpResponseCodec.decode(AbstractHttpResponseCodec.java:44)&#13;
	at org.openqa.selenium.remote.HttpCommandExecutor.execute(HttpCommandExecutor.java:158)&#13;
	at org.openqa.selenium.remote.service.DriverCommandExecutor.execute(DriverCommandExecutor.java:83)&#13;
	at org.openqa.selenium.remote.RemoteWebDriver.execute(RemoteWebDriver.java:552)&#13;
	at org.openqa.selenium.remote.RemoteWebDriver.findElement(RemoteWebDriver.java:323)&#13;
	at org.openqa.selenium.remote.RemoteWebDriver.findElementByXPath(RemoteWebDriver.java:428)&#13;
	at org.openqa.selenium.By$ByXPath.findElement(By.java:353)&#13;
	at org.openqa.selenium.remote.RemoteWebDriver.findElement(RemoteWebDriver.java:315)&#13;
	at org.openqa.selenium.support.pagefactory.DefaultElementLocator.findElement(DefaultElementLocator.java:69)&#13;
	at org.openqa.selenium.support.pagefactory.internal.LocatingElementHandler.invoke(LocatingElementHandler.java:38)&#13;
	at com.sun.proxy.$Proxy17.isDisplayed(Unknown Source)&#13;
	at org.openqa.selenium.support.ui.ExpectedConditions.elementIfVisible(ExpectedConditions.java:314)&#13;
	at org.openqa.selenium.support.ui.ExpectedConditions.access$000(ExpectedConditions.java:43)&#13;
	at org.openqa.selenium.support.ui.ExpectedConditions$10.apply(ExpectedConditions.java:300)&#13;
	at org.openqa.selenium.support.ui.ExpectedConditions$10.apply(ExpectedConditions.java:297)&#13;
	at org.openqa.selenium.support.ui.ExpectedConditions$23.apply(ExpectedConditions.java:670)&#13;
	at org.openqa.selenium.support.ui.ExpectedConditions$23.apply(ExpectedConditions.java:666)&#13;
	at org.openqa.selenium.support.ui.FluentWait.until(FluentWait.java:249)&#13;
	... 27 more&#13;
</stack-trace>
            </failure>
            <steps/>
            <attachments/>
            <labels>
                <label name="testSuite" value="Default suite"/>
                <label name="testGroup" value="Default test"/>
                <label name="testClass" value="com.sailotech.ezscheduler.Testpages.Consumerregistrationtest"/>
                <label name="testMethod" value="TC_12_PatientLogout"/>
                <label name="severity" value="normal"/>
                <label name="testId" value="TC_16"/>
                <label name="host" value="DESKTOP-A4GJKOM"/>
                <label name="thread" value="31612@DESKTOP-A4GJKOM.main(1)"/>
            </labels>
        </test-case>
    </test-cases>
    <labels>
        <label name="framework" value="TestNG"/>
        <label name="language" value="JAVA"/>
    </labels>
</ns2:test-suite>
