<?xml version="1.0" encoding="UTF-8" standalone="yes"?>
<ns2:test-suite start="1607391698851" stop="1607391881527" version="1.5.4" xmlns:ns2="urn:model.allure.qatools.yandex.ru">
    <name>Default suite : Default test</name>
    <title>Default suite : Default test</title>
    <test-cases>
        <test-case start="1607391782609" stop="1607391785051" status="passed">
            <name>TC_01_navigate_homepage_to_Doctor_login</name>
            <description type="text">Navigate_homepage_to_Doctor_loginRegister</description>
            <steps/>
            <attachments>
                <attachment title="EzHomePage" source="d1e00169-f2ad-4839-aeae-a4fd1e4013df-attachment.png" type="image/png"/>
            </attachments>
            <labels>
                <label name="testSuite" value="Default suite"/>
                <label name="testGroup" value="Default test"/>
                <label name="testClass" value="sailotech.com.EzScheduler.GenerateSlots.GenerateSlotsTest"/>
                <label name="testMethod" value="TC_01_navigate_homepage_to_Doctor_login"/>
                <label name="severity" value="normal"/>
                <label name="testId" value="TC_01"/>
                <label name="host" value="DESKTOP-A4GJKOM"/>
                <label name="thread" value="20636@DESKTOP-A4GJKOM.main(1)"/>
            </labels>
        </test-case>
        <test-case start="1607391785072" stop="1607391788068" status="passed">
            <name>TC_02_DoctorLogin</name>
            <description type="text">Navigate_homepage_to_DoctorLogin</description>
            <steps/>
            <attachments>
                <attachment title="NavigateDoctorLogin" source="d47fdd69-2546-43ee-acb3-adeaf93767f8-attachment.png" type="image/png"/>
            </attachments>
            <labels>
                <label name="testSuite" value="Default suite"/>
                <label name="testGroup" value="Default test"/>
                <label name="testClass" value="sailotech.com.EzScheduler.GenerateSlots.GenerateSlotsTest"/>
                <label name="testMethod" value="TC_02_DoctorLogin"/>
                <label name="severity" value="normal"/>
                <label name="testId" value="TC_02"/>
                <label name="host" value="DESKTOP-A4GJKOM"/>
                <label name="thread" value="20636@DESKTOP-A4GJKOM.main(1)"/>
            </labels>
        </test-case>
        <test-case start="1607391788074" stop="1607391880825" status="broken">
            <name>TC_03_GenerateSlots</name>
            <description type="text">Navigate_GenerateSlots</description>
            <failure>
                <message>NullPointerException: null</message>
                <stack-trace>java.lang.NullPointerException
	at sailotech.com.EzScheduler.GenerateSlots.GenerateSlots.GenerateSlots(GenerateSlots.java:74)
	at sailotech.com.EzScheduler.GenerateSlots.GenerateSlotsTest.TC_03_GenerateSlots(GenerateSlotsTest.java:89)
	at sun.reflect.NativeMethodAccessorImpl.invoke0(Native Method)
	at sun.reflect.NativeMethodAccessorImpl.invoke(Unknown Source)
	at sun.reflect.DelegatingMethodAccessorImpl.invoke(Unknown Source)
	at java.lang.reflect.Method.invoke(Unknown Source)
	at org.testng.internal.MethodInvocationHelper.invokeMethod(MethodInvocationHelper.java:124)
	at org.testng.internal.Invoker.invokeMethod(Invoker.java:583)
	at org.testng.internal.Invoker.invokeTestMethod(Invoker.java:719)
	at org.testng.internal.Invoker.invokeTestMethods(Invoker.java:989)
	at org.testng.internal.TestMethodWorker.invokeTestMethods(TestMethodWorker.java:125)
	at org.testng.internal.TestMethodWorker.run(TestMethodWorker.java:109)
	at org.testng.TestRunner.privateRun(TestRunner.java:648)
	at org.testng.TestRunner.run(TestRunner.java:505)
	at org.testng.SuiteRunner.runTest(SuiteRunner.java:455)
	at org.testng.SuiteRunner.runSequentially(SuiteRunner.java:450)
	at org.testng.SuiteRunner.privateRun(SuiteRunner.java:415)
	at org.testng.SuiteRunner.run(SuiteRunner.java:364)
	at org.testng.SuiteRunnerWorker.runSuite(SuiteRunnerWorker.java:52)
	at org.testng.SuiteRunnerWorker.run(SuiteRunnerWorker.java:84)
	at org.testng.TestNG.runSuitesSequentially(TestNG.java:1208)
	at org.testng.TestNG.runSuitesLocally(TestNG.java:1137)
	at org.testng.TestNG.runSuites(TestNG.java:1049)
	at org.testng.TestNG.run(TestNG.java:1017)
	at org.testng.remote.AbstractRemoteTestNG.run(AbstractRemoteTestNG.java:115)
	at org.testng.remote.RemoteTestNG.initAndRun(RemoteTestNG.java:251)
	at org.testng.remote.RemoteTestNG.main(RemoteTestNG.java:77)
</stack-trace>
            </failure>
            <steps/>
            <attachments>
                <attachment title="ToGenerateSlots" source="dcabf272-a273-4dc4-b523-a90f7bf9cb63-attachment.png" type="image/png"/>
                <attachment title="ToGenerateSlots" source="c7da8031-ea2c-4851-a38d-a050c7951873-attachment.png" type="image/png"/>
                <attachment title="ToGenerateSlots" source="47cbe435-01a8-4820-acb7-54a61c9c6e4d-attachment.png" type="image/png"/>
            </attachments>
            <labels>
                <label name="testSuite" value="Default suite"/>
                <label name="testGroup" value="Default test"/>
                <label name="testClass" value="sailotech.com.EzScheduler.GenerateSlots.GenerateSlotsTest"/>
                <label name="testMethod" value="TC_03_GenerateSlots"/>
                <label name="severity" value="normal"/>
                <label name="testId" value="TC_03"/>
                <label name="host" value="DESKTOP-A4GJKOM"/>
                <label name="thread" value="20636@DESKTOP-A4GJKOM.main(1)"/>
            </labels>
        </test-case>
    </test-cases>
    <labels>
        <label name="framework" value="TestNG"/>
        <label name="language" value="JAVA"/>
    </labels>
</ns2:test-suite>
