<?xml version="1.0" encoding="UTF-8" standalone="yes"?>
<ns2:test-suite start="1612540349073" stop="1612540394133" version="1.5.4" xmlns:ns2="urn:model.allure.qatools.yandex.ru">
    <name>Default suite : Default test</name>
    <title>Default suite : Default test</title>
    <test-cases>
        <test-case start="1612540368316" stop="1612540374199" status="passed">
            <name>TC_08_Navigate_to_AdminLogin</name>
            <description type="text">Navigate to Admin Login page</description>
            <steps/>
            <attachments>
                <attachment title="NavigateAdminLogin" source="a57ecdd9-784a-46e6-a761-3a8b262399dc-attachment.png" type="image/png"/>
            </attachments>
            <labels>
                <label name="testSuite" value="Default suite"/>
                <label name="testGroup" value="Default test"/>
                <label name="testClass" value="com.sailotech.ezscheduler.Testpages.AdminVerifieddoctorsTest"/>
                <label name="testMethod" value="TC_08_Navigate_to_AdminLogin"/>
                <label name="severity" value="normal"/>
                <label name="testId" value="TC_08"/>
                <label name="host" value="DESKTOP-A4GJKOM"/>
                <label name="thread" value="35164@DESKTOP-A4GJKOM.main(1)"/>
            </labels>
        </test-case>
        <test-case start="1612540374234" stop="1612540380727" status="broken">
            <name>TC_11_Admin_VerifyDoctor_negativescenarios</name>
            <description type="text">Admin checks verified doctors Details</description>
            <failure>
                <message>NoSuchElementException: no such element: Unable to locate element: {"method":"xpath","selector":"//*[@id="app-site"]/div/div/div[3]/main/div/div/div/div/div/div[2]/div/div/div[2]/div/div/table/tbody/tr[0]"}
  (Session info: chrome=88.0.4324.150)
  (Driver info: chromedriver=2.40.565498 (ea082db3280dd6843ebfb08a625e3eb905c4f5ab),platform=Windows NT 10.0.18363 x86_64) (WARNING: The server did not provide any stacktrace information)
Command duration or timeout: 0 milliseconds
For documentation on this error, please visit: https://www.seleniumhq.org/exceptions/no_such_element.html
Build info: version: '3.141.59', revision: 'e82be7d358', time: '2018-11-14T08:17:03'
System info: host: 'DESKTOP-A4GJKOM', ip: '192.168.1.98', os.name: 'Windows 10', os.arch: 'amd64', os.version: '10.0', java.version: '1.8.0_271'
Driver info: org.openqa.selenium.chrome.ChromeDriver
Capabilities {acceptInsecureCerts: false, acceptSslCerts: false, applicationCacheEnabled: false, browserConnectionEnabled: false, browserName: chrome, chrome: {chromedriverVersion: 2.40.565498 (ea082db3280dd6..., userDataDir: C:\Users\sukki\AppData\Loca...}, cssSelectorsEnabled: true, databaseEnabled: false, handlesAlerts: true, hasTouchScreen: false, javascriptEnabled: true, locationContextEnabled: true, mobileEmulationEnabled: false, nativeEvents: true, networkConnectionEnabled: false, pageLoadStrategy: normal, platform: XP, platformName: XP, rotatable: false, setWindowRect: true, takesHeapSnapshot: true, takesScreenshot: true, unexpectedAlertBehaviour: , unhandledPromptBehavior: , version: 88.0.4324.150, webStorageEnabled: true}
Session ID: 888517b8d68f5e427f48173dd3ed24f2
*** Element info: {Using=xpath, value=//*[@id="app-site"]/div/div/div[3]/main/div/div/div/div/div/div[2]/div/div/div[2]/div/div/table/tbody/tr[0]}</message>
                <stack-trace>org.openqa.selenium.NoSuchElementException: no such element: Unable to locate element: {"method":"xpath","selector":"//*[@id="app-site"]/div/div/div[3]/main/div/div/div/div/div/div[2]/div/div/div[2]/div/div/table/tbody/tr[0]"}
  (Session info: chrome=88.0.4324.150)
  (Driver info: chromedriver=2.40.565498 (ea082db3280dd6843ebfb08a625e3eb905c4f5ab),platform=Windows NT 10.0.18363 x86_64) (WARNING: The server did not provide any stacktrace information)
Command duration or timeout: 0 milliseconds
For documentation on this error, please visit: https://www.seleniumhq.org/exceptions/no_such_element.html
Build info: version: '3.141.59', revision: 'e82be7d358', time: '2018-11-14T08:17:03'
System info: host: 'DESKTOP-A4GJKOM', ip: '192.168.1.98', os.name: 'Windows 10', os.arch: 'amd64', os.version: '10.0', java.version: '1.8.0_271'
Driver info: org.openqa.selenium.chrome.ChromeDriver
Capabilities {acceptInsecureCerts: false, acceptSslCerts: false, applicationCacheEnabled: false, browserConnectionEnabled: false, browserName: chrome, chrome: {chromedriverVersion: 2.40.565498 (ea082db3280dd6..., userDataDir: C:\Users\sukki\AppData\Loca...}, cssSelectorsEnabled: true, databaseEnabled: false, handlesAlerts: true, hasTouchScreen: false, javascriptEnabled: true, locationContextEnabled: true, mobileEmulationEnabled: false, nativeEvents: true, networkConnectionEnabled: false, pageLoadStrategy: normal, platform: XP, platformName: XP, rotatable: false, setWindowRect: true, takesHeapSnapshot: true, takesScreenshot: true, unexpectedAlertBehaviour: , unhandledPromptBehavior: , version: 88.0.4324.150, webStorageEnabled: true}
Session ID: 888517b8d68f5e427f48173dd3ed24f2
*** Element info: {Using=xpath, value=//*[@id="app-site"]/div/div/div[3]/main/div/div/div/div/div/div[2]/div/div/div[2]/div/div/table/tbody/tr[0]}&#13;
	at sun.reflect.NativeConstructorAccessorImpl.newInstance0(Native Method)&#13;
	at sun.reflect.NativeConstructorAccessorImpl.newInstance(NativeConstructorAccessorImpl.java:62)&#13;
	at sun.reflect.DelegatingConstructorAccessorImpl.newInstance(DelegatingConstructorAccessorImpl.java:45)&#13;
	at java.lang.reflect.Constructor.newInstance(Constructor.java:423)&#13;
	at org.openqa.selenium.remote.ErrorHandler.createThrowable(ErrorHandler.java:214)&#13;
	at org.openqa.selenium.remote.ErrorHandler.throwIfResponseFailed(ErrorHandler.java:166)&#13;
	at org.openqa.selenium.remote.http.JsonHttpResponseCodec.reconstructValue(JsonHttpResponseCodec.java:40)&#13;
	at org.openqa.selenium.remote.http.AbstractHttpResponseCodec.decode(AbstractHttpResponseCodec.java:80)&#13;
	at org.openqa.selenium.remote.http.AbstractHttpResponseCodec.decode(AbstractHttpResponseCodec.java:44)&#13;
	at org.openqa.selenium.remote.HttpCommandExecutor.execute(HttpCommandExecutor.java:158)&#13;
	at org.openqa.selenium.remote.service.DriverCommandExecutor.execute(DriverCommandExecutor.java:83)&#13;
	at org.openqa.selenium.remote.RemoteWebDriver.execute(RemoteWebDriver.java:552)&#13;
	at org.openqa.selenium.remote.RemoteWebDriver.findElement(RemoteWebDriver.java:323)&#13;
	at org.openqa.selenium.remote.RemoteWebDriver.findElementByXPath(RemoteWebDriver.java:428)&#13;
	at org.openqa.selenium.By$ByXPath.findElement(By.java:353)&#13;
	at org.openqa.selenium.remote.RemoteWebDriver.findElement(RemoteWebDriver.java:315)&#13;
	at com.sailotech.ezscheduler.Repositoryclass.AdminRepositoryclass.DoctorRow(AdminRepositoryclass.java:174)&#13;
	at com.sailotech.ezscheduler.Implpages.AdminVerifiedDoctors.AdminCheckverifiedDoctor(AdminVerifiedDoctors.java:86)&#13;
	at com.sailotech.ezscheduler.Testpages.AdminVerifieddoctorsTest.TC_11_Admin_VerifyDoctor_negativescenarios(AdminVerifieddoctorsTest.java:60)&#13;
	at sun.reflect.NativeMethodAccessorImpl.invoke0(Native Method)&#13;
	at sun.reflect.NativeMethodAccessorImpl.invoke(NativeMethodAccessorImpl.java:62)&#13;
	at sun.reflect.DelegatingMethodAccessorImpl.invoke(DelegatingMethodAccessorImpl.java:43)&#13;
	at java.lang.reflect.Method.invoke(Method.java:498)&#13;
	at org.testng.internal.MethodInvocationHelper.invokeMethod(MethodInvocationHelper.java:124)&#13;
	at org.testng.internal.Invoker.invokeMethod(Invoker.java:583)&#13;
	at org.testng.internal.Invoker.invokeTestMethod(Invoker.java:719)&#13;
	at org.testng.internal.Invoker.invokeTestMethods(Invoker.java:989)&#13;
	at org.testng.internal.TestMethodWorker.invokeTestMethods(TestMethodWorker.java:125)&#13;
	at org.testng.internal.TestMethodWorker.run(TestMethodWorker.java:109)&#13;
	at org.testng.TestRunner.privateRun(TestRunner.java:648)&#13;
	at org.testng.TestRunner.run(TestRunner.java:505)&#13;
	at org.testng.SuiteRunner.runTest(SuiteRunner.java:455)&#13;
	at org.testng.SuiteRunner.runSequentially(SuiteRunner.java:450)&#13;
	at org.testng.SuiteRunner.privateRun(SuiteRunner.java:415)&#13;
	at org.testng.SuiteRunner.run(SuiteRunner.java:364)&#13;
	at org.testng.SuiteRunnerWorker.runSuite(SuiteRunnerWorker.java:52)&#13;
	at org.testng.SuiteRunnerWorker.run(SuiteRunnerWorker.java:84)&#13;
	at org.testng.TestNG.runSuitesSequentially(TestNG.java:1208)&#13;
	at org.testng.TestNG.runSuitesLocally(TestNG.java:1137)&#13;
	at org.testng.TestNG.runSuites(TestNG.java:1049)&#13;
	at org.testng.TestNG.run(TestNG.java:1017)&#13;
	at org.testng.remote.AbstractRemoteTestNG.run(AbstractRemoteTestNG.java:115)&#13;
	at org.testng.remote.RemoteTestNG.initAndRun(RemoteTestNG.java:251)&#13;
	at org.testng.remote.RemoteTestNG.main(RemoteTestNG.java:77)&#13;
</stack-trace>
            </failure>
            <steps/>
            <attachments/>
            <labels>
                <label name="testSuite" value="Default suite"/>
                <label name="testGroup" value="Default test"/>
                <label name="testClass" value="com.sailotech.ezscheduler.Testpages.AdminVerifieddoctorsTest"/>
                <label name="testMethod" value="TC_11_Admin_VerifyDoctor_negativescenarios"/>
                <label name="severity" value="normal"/>
                <label name="testId" value="TC_11"/>
                <label name="host" value="DESKTOP-A4GJKOM"/>
                <label name="thread" value="35164@DESKTOP-A4GJKOM.main(1)"/>
            </labels>
        </test-case>
        <test-case start="1612540386153" stop="1612540386154" status="canceled">
            <name>TC_10_AdminLogout</name>
            <description type="text">Admin Logout from EzScheduler Website</description>
            <failure>
                <message>: Skipped due to dependency on other skipped or failed test methods</message>
                <stack-trace>ru.yandex.qatools.allure.testng.AllureTestListener$1: Skipped due to dependency on other skipped or failed test methods&#13;
	at ru.yandex.qatools.allure.testng.AllureTestListener.fireTestCaseCancel(AllureTestListener.java:425)&#13;
	at ru.yandex.qatools.allure.testng.AllureTestListener.onTestSkipped(AllureTestListener.java:186)&#13;
	at org.testng.internal.TestListenerHelper.runTestListeners(TestListenerHelper.java:61)&#13;
	at org.testng.internal.Invoker.runTestListeners(Invoker.java:1389)&#13;
	at org.testng.internal.Invoker.registerSkippedTestResult(Invoker.java:1063)&#13;
	at org.testng.internal.Invoker.invokeTestMethods(Invoker.java:888)&#13;
	at org.testng.internal.TestMethodWorker.invokeTestMethods(TestMethodWorker.java:125)&#13;
	at org.testng.internal.TestMethodWorker.run(TestMethodWorker.java:109)&#13;
	at org.testng.TestRunner.privateRun(TestRunner.java:648)&#13;
	at org.testng.TestRunner.run(TestRunner.java:505)&#13;
	at org.testng.SuiteRunner.runTest(SuiteRunner.java:455)&#13;
	at org.testng.SuiteRunner.runSequentially(SuiteRunner.java:450)&#13;
	at org.testng.SuiteRunner.privateRun(SuiteRunner.java:415)&#13;
	at org.testng.SuiteRunner.run(SuiteRunner.java:364)&#13;
	at org.testng.SuiteRunnerWorker.runSuite(SuiteRunnerWorker.java:52)&#13;
	at org.testng.SuiteRunnerWorker.run(SuiteRunnerWorker.java:84)&#13;
	at org.testng.TestNG.runSuitesSequentially(TestNG.java:1208)&#13;
	at org.testng.TestNG.runSuitesLocally(TestNG.java:1137)&#13;
	at org.testng.TestNG.runSuites(TestNG.java:1049)&#13;
	at org.testng.TestNG.run(TestNG.java:1017)&#13;
	at org.testng.remote.AbstractRemoteTestNG.run(AbstractRemoteTestNG.java:115)&#13;
	at org.testng.remote.RemoteTestNG.initAndRun(RemoteTestNG.java:251)&#13;
	at org.testng.remote.RemoteTestNG.main(RemoteTestNG.java:77)&#13;
</stack-trace>
            </failure>
            <steps/>
            <attachments/>
            <labels>
                <label name="testSuite" value="Default suite"/>
                <label name="testGroup" value="Default test"/>
                <label name="testClass" value="com.sailotech.ezscheduler.Testpages.AdminVerifieddoctorsTest"/>
                <label name="testMethod" value="TC_10_AdminLogout"/>
                <label name="severity" value="normal"/>
                <label name="testId" value="TC_10"/>
                <label name="host" value="DESKTOP-A4GJKOM"/>
                <label name="thread" value="35164@DESKTOP-A4GJKOM.main(1)"/>
            </labels>
        </test-case>
    </test-cases>
    <labels>
        <label name="framework" value="TestNG"/>
        <label name="language" value="JAVA"/>
    </labels>
</ns2:test-suite>
