<?xml version="1.0" encoding="UTF-8" standalone="yes"?>
<ns2:test-suite start="1607442057092" stop="1607442081690" version="1.5.4" xmlns:ns2="urn:model.allure.qatools.yandex.ru">
    <name>Default suite : Default test</name>
    <title>Default suite : Default test</title>
    <test-cases>
        <test-case start="1607442074325" stop="1607442076334" status="passed">
            <name>TC_01_navigate_homepage_to_Patient_login</name>
            <description type="text">Navigate_homepage_to_Patient_loginRegister </description>
            <steps/>
            <attachments>
                <attachment title="EzHomePage" source="de0d671f-a8cd-442e-bee8-3aa42a8182fb-attachment.png" type="image/png"/>
            </attachments>
            <labels>
                <label name="testSuite" value="Default suite"/>
                <label name="testGroup" value="Default test"/>
                <label name="testClass" value="sailotech.com.EzScheduler.patientScheduleAnAppointmentPage.PatientScheduleAnAppTest"/>
                <label name="testMethod" value="TC_01_navigate_homepage_to_Patient_login"/>
                <label name="severity" value="normal"/>
                <label name="testId" value="TC_01"/>
                <label name="host" value="DESKTOP-A4GJKOM"/>
                <label name="thread" value="28288@DESKTOP-A4GJKOM.main(1)"/>
            </labels>
        </test-case>
        <test-case start="1607442076358" stop="1607442080066" status="passed">
            <name>TC_02_Patientlogin</name>
            <description type="text">Navigate_homepage_to_PatientLogin</description>
            <steps/>
            <attachments>
                <attachment title="NavigatepatientLogin" source="f3688077-2382-4a86-8ae9-42d21fd75b40-attachment.png" type="image/png"/>
            </attachments>
            <labels>
                <label name="testSuite" value="Default suite"/>
                <label name="testGroup" value="Default test"/>
                <label name="testClass" value="sailotech.com.EzScheduler.patientScheduleAnAppointmentPage.PatientScheduleAnAppTest"/>
                <label name="testMethod" value="TC_02_Patientlogin"/>
                <label name="severity" value="normal"/>
                <label name="testId" value="TC_02"/>
                <label name="host" value="DESKTOP-A4GJKOM"/>
                <label name="thread" value="28288@DESKTOP-A4GJKOM.main(1)"/>
            </labels>
        </test-case>
        <test-case start="1607442080073" stop="1607442080087" status="broken">
            <name>TC_03_PatientScheduleAnApp</name>
            <description type="text">patient_schedule_an_Appointment</description>
            <failure>
                <message>FileNotFoundException: C:\Users\sukki\OneDrive\EzSchedulerscratch\EzScheduler\xls.files\Appointment (2).xlsx (The process cannot access the file because it is being used by another process)</message>
                <stack-trace>java.io.FileNotFoundException: C:\Users\sukki\OneDrive\EzSchedulerscratch\EzScheduler\xls.files\Appointment (2).xlsx (The process cannot access the file because it is being used by another process)
	at java.io.FileInputStream.open0(Native Method)
	at java.io.FileInputStream.open(Unknown Source)
	at java.io.FileInputStream.&lt;init&gt;(Unknown Source)
	at java.io.FileInputStream.&lt;init&gt;(Unknown Source)
	at sailotech.com.EzScheduler.patientScheduleAnAppointmentPage.PatientScheduleAnAppointment.patient_schedule_an_appointment(PatientScheduleAnAppointment.java:59)
	at sailotech.com.EzScheduler.patientScheduleAnAppointmentPage.PatientScheduleAnAppTest.TC_03_PatientScheduleAnApp(PatientScheduleAnAppTest.java:96)
	at sun.reflect.NativeMethodAccessorImpl.invoke0(Native Method)
	at sun.reflect.NativeMethodAccessorImpl.invoke(Unknown Source)
	at sun.reflect.DelegatingMethodAccessorImpl.invoke(Unknown Source)
	at java.lang.reflect.Method.invoke(Unknown Source)
	at org.testng.internal.MethodInvocationHelper.invokeMethod(MethodInvocationHelper.java:124)
	at org.testng.internal.Invoker.invokeMethod(Invoker.java:583)
	at org.testng.internal.Invoker.invokeTestMethod(Invoker.java:719)
	at org.testng.internal.Invoker.invokeTestMethods(Invoker.java:989)
	at org.testng.internal.TestMethodWorker.invokeTestMethods(TestMethodWorker.java:125)
	at org.testng.internal.TestMethodWorker.run(TestMethodWorker.java:109)
	at org.testng.TestRunner.privateRun(TestRunner.java:648)
	at org.testng.TestRunner.run(TestRunner.java:505)
	at org.testng.SuiteRunner.runTest(SuiteRunner.java:455)
	at org.testng.SuiteRunner.runSequentially(SuiteRunner.java:450)
	at org.testng.SuiteRunner.privateRun(SuiteRunner.java:415)
	at org.testng.SuiteRunner.run(SuiteRunner.java:364)
	at org.testng.SuiteRunnerWorker.runSuite(SuiteRunnerWorker.java:52)
	at org.testng.SuiteRunnerWorker.run(SuiteRunnerWorker.java:84)
	at org.testng.TestNG.runSuitesSequentially(TestNG.java:1208)
	at org.testng.TestNG.runSuitesLocally(TestNG.java:1137)
	at org.testng.TestNG.runSuites(TestNG.java:1049)
	at org.testng.TestNG.run(TestNG.java:1017)
	at org.testng.remote.AbstractRemoteTestNG.run(AbstractRemoteTestNG.java:115)
	at org.testng.remote.RemoteTestNG.initAndRun(RemoteTestNG.java:251)
	at org.testng.remote.RemoteTestNG.main(RemoteTestNG.java:77)
</stack-trace>
            </failure>
            <steps/>
            <attachments/>
            <labels>
                <label name="testSuite" value="Default suite"/>
                <label name="testGroup" value="Default test"/>
                <label name="testClass" value="sailotech.com.EzScheduler.patientScheduleAnAppointmentPage.PatientScheduleAnAppTest"/>
                <label name="testMethod" value="TC_03_PatientScheduleAnApp"/>
                <label name="severity" value="normal"/>
                <label name="testId" value="TC_03"/>
                <label name="host" value="DESKTOP-A4GJKOM"/>
                <label name="thread" value="28288@DESKTOP-A4GJKOM.main(1)"/>
            </labels>
        </test-case>
    </test-cases>
    <labels>
        <label name="framework" value="TestNG"/>
        <label name="language" value="JAVA"/>
    </labels>
</ns2:test-suite>
