<?xml version="1.0" encoding="UTF-8" standalone="yes"?>
<ns2:test-suite start="1611239461675" stop="1611239868187" version="1.5.4" xmlns:ns2="urn:model.allure.qatools.yandex.ru">
    <name>Default suite : Default test</name>
    <title>Default suite : Default test</title>
    <test-cases>
        <test-case start="1611239479499" stop="1611239491106" status="passed">
            <name>TC_05_DoctorLogin</name>
            <description type="text">Navigate To Provider Login page</description>
            <steps/>
            <attachments>
                <attachment title="NavigateDoctorLogin" source="6d19de99-5538-416c-9e0d-0cff2bb90009-attachment.png" type="image/png"/>
            </attachments>
            <labels>
                <label name="testSuite" value="Default suite"/>
                <label name="testGroup" value="Default test"/>
                <label name="testClass" value="com.sailotech.ezscheduler.Testpages.Providergenerateslotstest"/>
                <label name="testMethod" value="TC_05_DoctorLogin"/>
                <label name="severity" value="normal"/>
                <label name="testId" value="TC_05:Provider Login"/>
                <label name="host" value="DESKTOP-A4GJKOM"/>
                <label name="thread" value="21864@DESKTOP-A4GJKOM.main(1)"/>
            </labels>
        </test-case>
        <test-case start="1611239491138" stop="1611239866285" status="broken">
            <name>TC_06_To_GenerateSlots</name>
            <description type="text">Provider Generating slots</description>
            <failure>
                <message>NullPointerException: null</message>
                <stack-trace>java.lang.NullPointerException&#13;
	at com.sailotech.ezscheduler.Implpages.Providergeneratingslots.GenerateSlots(Providergeneratingslots.java:53)&#13;
	at com.sailotech.ezscheduler.Testpages.Providergenerateslotstest.TC_06_To_GenerateSlots(Providergenerateslotstest.java:57)&#13;
	at sun.reflect.NativeMethodAccessorImpl.invoke0(Native Method)&#13;
	at sun.reflect.NativeMethodAccessorImpl.invoke(NativeMethodAccessorImpl.java:62)&#13;
	at sun.reflect.DelegatingMethodAccessorImpl.invoke(DelegatingMethodAccessorImpl.java:43)&#13;
	at java.lang.reflect.Method.invoke(Method.java:498)&#13;
	at org.testng.internal.MethodInvocationHelper.invokeMethod(MethodInvocationHelper.java:124)&#13;
	at org.testng.internal.Invoker.invokeMethod(Invoker.java:583)&#13;
	at org.testng.internal.Invoker.invokeTestMethod(Invoker.java:719)&#13;
	at org.testng.internal.Invoker.invokeTestMethods(Invoker.java:989)&#13;
	at org.testng.internal.TestMethodWorker.invokeTestMethods(TestMethodWorker.java:125)&#13;
	at org.testng.internal.TestMethodWorker.run(TestMethodWorker.java:109)&#13;
	at org.testng.TestRunner.privateRun(TestRunner.java:648)&#13;
	at org.testng.TestRunner.run(TestRunner.java:505)&#13;
	at org.testng.SuiteRunner.runTest(SuiteRunner.java:455)&#13;
	at org.testng.SuiteRunner.runSequentially(SuiteRunner.java:450)&#13;
	at org.testng.SuiteRunner.privateRun(SuiteRunner.java:415)&#13;
	at org.testng.SuiteRunner.run(SuiteRunner.java:364)&#13;
	at org.testng.SuiteRunnerWorker.runSuite(SuiteRunnerWorker.java:52)&#13;
	at org.testng.SuiteRunnerWorker.run(SuiteRunnerWorker.java:84)&#13;
	at org.testng.TestNG.runSuitesSequentially(TestNG.java:1208)&#13;
	at org.testng.TestNG.runSuitesLocally(TestNG.java:1137)&#13;
	at org.testng.TestNG.runSuites(TestNG.java:1049)&#13;
	at org.testng.TestNG.run(TestNG.java:1017)&#13;
	at org.testng.remote.AbstractRemoteTestNG.run(AbstractRemoteTestNG.java:115)&#13;
	at org.testng.remote.RemoteTestNG.initAndRun(RemoteTestNG.java:251)&#13;
	at org.testng.remote.RemoteTestNG.main(RemoteTestNG.java:77)&#13;
</stack-trace>
            </failure>
            <steps/>
            <attachments>
                <attachment title="ToGenerateSlots" source="00ff396f-e80c-4507-9733-aaa5506ab604-attachment.png" type="image/png"/>
                <attachment title="ToGenerateSlots" source="b4162354-7c8f-4604-ba8d-0d304422c31d-attachment.png" type="image/png"/>
                <attachment title="ToGenerateSlots" source="434e7a68-26a9-4169-b47d-05017e309deb-attachment.png" type="image/png"/>
                <attachment title="ToGenerateSlots" source="2868e48b-6ce7-4fe7-9d8a-0c1a09684330-attachment.png" type="image/png"/>
                <attachment title="ToGenerateSlots" source="92dad391-6967-4651-be11-c1cd00944f96-attachment.png" type="image/png"/>
                <attachment title="ToGenerateSlots" source="d3132aa5-1bed-40da-a581-2302be2b069e-attachment.png" type="image/png"/>
                <attachment title="ToGenerateSlots" source="435bccd8-ad5b-4206-ba05-b8550e3c1574-attachment.png" type="image/png"/>
                <attachment title="ToGenerateSlots" source="deff813a-b799-4bdc-b56c-5c992c647f44-attachment.png" type="image/png"/>
                <attachment title="ToGenerateSlots" source="762d9460-d6b5-4671-a6aa-8821245aa65b-attachment.png" type="image/png"/>
                <attachment title="ToGenerateSlots" source="81402db5-1337-447c-a3a1-0ffb5007eaa3-attachment.png" type="image/png"/>
            </attachments>
            <labels>
                <label name="testSuite" value="Default suite"/>
                <label name="testGroup" value="Default test"/>
                <label name="testClass" value="com.sailotech.ezscheduler.Testpages.Providergenerateslotstest"/>
                <label name="testMethod" value="TC_06_To_GenerateSlots"/>
                <label name="severity" value="normal"/>
                <label name="testId" value="TC_06:Generating slots"/>
                <label name="host" value="DESKTOP-A4GJKOM"/>
                <label name="thread" value="21864@DESKTOP-A4GJKOM.main(1)"/>
            </labels>
        </test-case>
        <test-case start="1611239867131" stop="1611239867133" status="canceled">
            <name>TC_04_DoctorLogout</name>
            <description type="text">Provider Logout from Ezscheduler Website</description>
            <failure>
                <message>: Skipped due to dependency on other skipped or failed test methods</message>
                <stack-trace>ru.yandex.qatools.allure.testng.AllureTestListener$1: Skipped due to dependency on other skipped or failed test methods&#13;
	at ru.yandex.qatools.allure.testng.AllureTestListener.fireTestCaseCancel(AllureTestListener.java:425)&#13;
	at ru.yandex.qatools.allure.testng.AllureTestListener.onTestSkipped(AllureTestListener.java:186)&#13;
	at org.testng.internal.TestListenerHelper.runTestListeners(TestListenerHelper.java:61)&#13;
	at org.testng.internal.Invoker.runTestListeners(Invoker.java:1389)&#13;
	at org.testng.internal.Invoker.registerSkippedTestResult(Invoker.java:1063)&#13;
	at org.testng.internal.Invoker.invokeTestMethods(Invoker.java:888)&#13;
	at org.testng.internal.TestMethodWorker.invokeTestMethods(TestMethodWorker.java:125)&#13;
	at org.testng.internal.TestMethodWorker.run(TestMethodWorker.java:109)&#13;
	at org.testng.TestRunner.privateRun(TestRunner.java:648)&#13;
	at org.testng.TestRunner.run(TestRunner.java:505)&#13;
	at org.testng.SuiteRunner.runTest(SuiteRunner.java:455)&#13;
	at org.testng.SuiteRunner.runSequentially(SuiteRunner.java:450)&#13;
	at org.testng.SuiteRunner.privateRun(SuiteRunner.java:415)&#13;
	at org.testng.SuiteRunner.run(SuiteRunner.java:364)&#13;
	at org.testng.SuiteRunnerWorker.runSuite(SuiteRunnerWorker.java:52)&#13;
	at org.testng.SuiteRunnerWorker.run(SuiteRunnerWorker.java:84)&#13;
	at org.testng.TestNG.runSuitesSequentially(TestNG.java:1208)&#13;
	at org.testng.TestNG.runSuitesLocally(TestNG.java:1137)&#13;
	at org.testng.TestNG.runSuites(TestNG.java:1049)&#13;
	at org.testng.TestNG.run(TestNG.java:1017)&#13;
	at org.testng.remote.AbstractRemoteTestNG.run(AbstractRemoteTestNG.java:115)&#13;
	at org.testng.remote.RemoteTestNG.initAndRun(RemoteTestNG.java:251)&#13;
	at org.testng.remote.RemoteTestNG.main(RemoteTestNG.java:77)&#13;
</stack-trace>
            </failure>
            <steps/>
            <attachments/>
            <labels>
                <label name="testSuite" value="Default suite"/>
                <label name="testGroup" value="Default test"/>
                <label name="testClass" value="com.sailotech.ezscheduler.Testpages.Providergenerateslotstest"/>
                <label name="testMethod" value="TC_04_DoctorLogout"/>
                <label name="severity" value="normal"/>
                <label name="testId" value="TC_03:Provider Logout"/>
                <label name="host" value="DESKTOP-A4GJKOM"/>
                <label name="thread" value="21864@DESKTOP-A4GJKOM.main(1)"/>
            </labels>
        </test-case>
    </test-cases>
    <labels>
        <label name="framework" value="TestNG"/>
        <label name="language" value="JAVA"/>
    </labels>
</ns2:test-suite>
