<?xml version="1.0" encoding="UTF-8" standalone="yes"?>
<ns2:test-suite start="1611007177283" stop="1611007246331" version="1.5.4" xmlns:ns2="urn:model.allure.qatools.yandex.ru">
    <name>Default suite : Default test</name>
    <title>Default suite : Default test</title>
    <test-cases>
        <test-case start="1611007194362" stop="1611007238751" status="passed">
            <name>TC_01_DoctorRegistration</name>
            <description type="text">Navigate_DoctorRegister</description>
            <steps/>
            <attachments/>
            <labels>
                <label name="testSuite" value="Default suite"/>
                <label name="testGroup" value="Default test"/>
                <label name="testClass" value="com.sailotech.ezscheduler.Testpages.Providerrregistrationtest"/>
                <label name="testMethod" value="TC_01_DoctorRegistration"/>
                <label name="severity" value="normal"/>
                <label name="testId" value="TC_02"/>
                <label name="host" value="DESKTOP-A4GJKOM"/>
                <label name="thread" value="13636@DESKTOP-A4GJKOM.main(1)"/>
            </labels>
        </test-case>
        <test-case start="1611007238781" stop="1611007244476" status="passed">
            <name>Providercredentialsfrommail</name>
            <description type="text">ProviderCredentials_fromMail</description>
            <steps/>
            <attachments/>
            <labels>
                <label name="testSuite" value="Default suite"/>
                <label name="testGroup" value="Default test"/>
                <label name="testClass" value="com.sailotech.ezscheduler.Testpages.Providerrregistrationtest"/>
                <label name="testMethod" value="Providercredentialsfrommail"/>
                <label name="severity" value="normal"/>
                <label name="testId" value="TC_15"/>
                <label name="host" value="DESKTOP-A4GJKOM"/>
                <label name="thread" value="13636@DESKTOP-A4GJKOM.main(1)"/>
            </labels>
        </test-case>
        <test-case start="1611007244488" stop="1611007244522" status="broken">
            <name>TC_05_Provider_LoginCredentials</name>
            <description type="text">Provider_LoginCredentials</description>
            <failure>
                <message>FileNotFoundException: null\inputFiles\Provider.xlsx (The system cannot find the path specified)</message>
                <stack-trace>java.io.FileNotFoundException: null\inputFiles\Provider.xlsx (The system cannot find the path specified)&#13;
	at java.io.FileInputStream.open0(Native Method)&#13;
	at java.io.FileInputStream.open(FileInputStream.java:195)&#13;
	at java.io.FileInputStream.&lt;init&gt;(FileInputStream.java:138)&#13;
	at java.io.FileInputStream.&lt;init&gt;(FileInputStream.java:93)&#13;
	at com.sailotech.ezscheduler.Implpages.ProviderCredentials.ProviderCredentials(ProviderCredentials.java:33)&#13;
	at com.sailotech.ezscheduler.Testpages.Providerrregistrationtest.TC_05_Provider_LoginCredentials(Providerrregistrationtest.java:65)&#13;
	at sun.reflect.NativeMethodAccessorImpl.invoke0(Native Method)&#13;
	at sun.reflect.NativeMethodAccessorImpl.invoke(NativeMethodAccessorImpl.java:62)&#13;
	at sun.reflect.DelegatingMethodAccessorImpl.invoke(DelegatingMethodAccessorImpl.java:43)&#13;
	at java.lang.reflect.Method.invoke(Method.java:498)&#13;
	at org.testng.internal.MethodInvocationHelper.invokeMethod(MethodInvocationHelper.java:124)&#13;
	at org.testng.internal.Invoker.invokeMethod(Invoker.java:583)&#13;
	at org.testng.internal.Invoker.invokeTestMethod(Invoker.java:719)&#13;
	at org.testng.internal.Invoker.invokeTestMethods(Invoker.java:989)&#13;
	at org.testng.internal.TestMethodWorker.invokeTestMethods(TestMethodWorker.java:125)&#13;
	at org.testng.internal.TestMethodWorker.run(TestMethodWorker.java:109)&#13;
	at org.testng.TestRunner.privateRun(TestRunner.java:648)&#13;
	at org.testng.TestRunner.run(TestRunner.java:505)&#13;
	at org.testng.SuiteRunner.runTest(SuiteRunner.java:455)&#13;
	at org.testng.SuiteRunner.runSequentially(SuiteRunner.java:450)&#13;
	at org.testng.SuiteRunner.privateRun(SuiteRunner.java:415)&#13;
	at org.testng.SuiteRunner.run(SuiteRunner.java:364)&#13;
	at org.testng.SuiteRunnerWorker.runSuite(SuiteRunnerWorker.java:52)&#13;
	at org.testng.SuiteRunnerWorker.run(SuiteRunnerWorker.java:84)&#13;
	at org.testng.TestNG.runSuitesSequentially(TestNG.java:1208)&#13;
	at org.testng.TestNG.runSuitesLocally(TestNG.java:1137)&#13;
	at org.testng.TestNG.runSuites(TestNG.java:1049)&#13;
	at org.testng.TestNG.run(TestNG.java:1017)&#13;
	at org.testng.remote.AbstractRemoteTestNG.run(AbstractRemoteTestNG.java:115)&#13;
	at org.testng.remote.RemoteTestNG.initAndRun(RemoteTestNG.java:251)&#13;
	at org.testng.remote.RemoteTestNG.main(RemoteTestNG.java:77)&#13;
</stack-trace>
            </failure>
            <steps/>
            <attachments/>
            <labels>
                <label name="testSuite" value="Default suite"/>
                <label name="testGroup" value="Default test"/>
                <label name="testClass" value="com.sailotech.ezscheduler.Testpages.Providerrregistrationtest"/>
                <label name="testMethod" value="TC_05_Provider_LoginCredentials"/>
                <label name="severity" value="normal"/>
                <label name="testId" value="TC_01"/>
                <label name="host" value="DESKTOP-A4GJKOM"/>
                <label name="thread" value="13636@DESKTOP-A4GJKOM.main(1)"/>
            </labels>
        </test-case>
    </test-cases>
    <labels>
        <label name="framework" value="TestNG"/>
        <label name="language" value="JAVA"/>
    </labels>
</ns2:test-suite>
