<?xml version="1.0" encoding="UTF-8" standalone="yes"?>
<ns2:test-suite start="1608694570911" stop="1608695599308" version="1.5.4" xmlns:ns2="urn:model.allure.qatools.yandex.ru">
    <name>SmokeTest : SmokeTest</name>
    <title>SmokeTest : SmokeTest</title>
    <test-cases>
        <test-case start="1608694588639" stop="1608694591941" status="passed">
            <name>TC_01_navigate_homepage_to_DoctorRegister</name>
            <description type="text">Navigate_homepage_to_DoctorLoginRegister</description>
            <steps/>
            <attachments>
                <attachment title="EzHomePage" source="6371fdee-f60e-4469-b282-6771396d60f1-attachment.png" type="image/png"/>
            </attachments>
            <labels>
                <label name="testSuite" value="SmokeTest"/>
                <label name="testGroup" value="SmokeTest"/>
                <label name="testClass" value="sailotech.com.EzScheduler.PositiveTestPages.DoctorRegistrationTest"/>
                <label name="testMethod" value="TC_01_navigate_homepage_to_DoctorRegister"/>
                <label name="severity" value="normal"/>
                <label name="testId" value="TC_01"/>
                <label name="host" value="DESKTOP-A4GJKOM"/>
                <label name="thread" value="22396@DESKTOP-A4GJKOM.main(1)"/>
            </labels>
        </test-case>
        <test-case start="1608694592192" stop="1608694619059" status="passed">
            <name>TC_02_DoctorRegister</name>
            <description type="text">Navigate_DoctorRegister</description>
            <steps/>
            <attachments>
                <attachment title="DoctorRegister" source="4fab26ae-931f-4d41-ab2a-5d1a7c0590c8-attachment.png" type="image/png"/>
            </attachments>
            <labels>
                <label name="testSuite" value="SmokeTest"/>
                <label name="testGroup" value="SmokeTest"/>
                <label name="testClass" value="sailotech.com.EzScheduler.PositiveTestPages.DoctorRegistrationTest"/>
                <label name="testMethod" value="TC_02_DoctorRegister"/>
                <label name="severity" value="normal"/>
                <label name="testId" value="TC_02"/>
                <label name="host" value="DESKTOP-A4GJKOM"/>
                <label name="thread" value="22396@DESKTOP-A4GJKOM.main(1)"/>
            </labels>
        </test-case>
        <test-case start="1608694636028" stop="1608694637706" status="passed">
            <name>TC_01_navigate_homepage_to_admin_login</name>
            <description type="text">Navigate_homepage_to_Admin_loginRegister </description>
            <steps/>
            <attachments>
                <attachment title="EzHomePage" source="d0bdd1f4-0abb-4f52-80c7-7cd87c0eb049-attachment.png" type="image/png"/>
            </attachments>
            <labels>
                <label name="testSuite" value="SmokeTest"/>
                <label name="testGroup" value="SmokeTest"/>
                <label name="testClass" value="sailotech.com.EzScheduler.PositiveTestPages.AdminLoginTest"/>
                <label name="testMethod" value="TC_01_navigate_homepage_to_admin_login"/>
                <label name="severity" value="normal"/>
                <label name="testId" value="TC_03"/>
                <label name="host" value="DESKTOP-A4GJKOM"/>
                <label name="thread" value="22396@DESKTOP-A4GJKOM.main(1)"/>
            </labels>
        </test-case>
        <test-case start="1608694638686" stop="1608694641140" status="passed">
            <name>TC_02_adminlogin</name>
            <description type="text">Navigate_homepage_to_AdminLogin</description>
            <steps/>
            <attachments>
                <attachment title="NavigateAdminLogin" source="bfaf8315-6023-4797-9a5e-4a1203b4ad26-attachment.png" type="image/png"/>
            </attachments>
            <labels>
                <label name="testSuite" value="SmokeTest"/>
                <label name="testGroup" value="SmokeTest"/>
                <label name="testClass" value="sailotech.com.EzScheduler.PositiveTestPages.AdminLoginTest"/>
                <label name="testMethod" value="TC_02_adminlogin"/>
                <label name="severity" value="normal"/>
                <label name="testId" value="TC_04"/>
                <label name="host" value="DESKTOP-A4GJKOM"/>
                <label name="thread" value="22396@DESKTOP-A4GJKOM.main(1)"/>
            </labels>
        </test-case>
        <test-case start="1608694657864" stop="1608694659737" status="passed">
            <name>TC_01_navigate_homepage_to_admin_login</name>
            <description type="text">Navigate_homepage_to_Admin_loginRegister </description>
            <steps/>
            <attachments>
                <attachment title="EzHomePage" source="546aa9ef-ee33-44db-a71d-d175e643a850-attachment.png" type="image/png"/>
            </attachments>
            <labels>
                <label name="testSuite" value="SmokeTest"/>
                <label name="testGroup" value="SmokeTest"/>
                <label name="testClass" value="sailotech.com.EzScheduler.PositiveTestPages.AdminVerifyTest"/>
                <label name="testMethod" value="TC_01_navigate_homepage_to_admin_login"/>
                <label name="severity" value="normal"/>
                <label name="testId" value="TC_05"/>
                <label name="host" value="DESKTOP-A4GJKOM"/>
                <label name="thread" value="22396@DESKTOP-A4GJKOM.main(1)"/>
            </labels>
        </test-case>
        <test-case start="1608694659762" stop="1608694675873" status="broken">
            <name>TC_02_adminverifyDoctor</name>
            <description type="text">Navigate_homepage_to_AdminLogin</description>
            <failure>
                <message>NoSuchElementException: no such element: Unable to locate element: {"method":"xpath","selector":"//*[@id="body"]/div[3]/div[3]/div/div[1]/div/div[2]/div[2]/div/div[4]/div[1]/button/span[1]/p"}
  (Session info: chrome=87.0.4280.88)
  (Driver info: chromedriver=2.40.565498 (ea082db3280dd6843ebfb08a625e3eb905c4f5ab),platform=Windows NT 10.0.18363 x86_64) (WARNING: The server did not provide any stacktrace information)
Command duration or timeout: 0 milliseconds
For documentation on this error, please visit: https://www.seleniumhq.org/exceptions/no_such_element.html
Build info: version: '3.141.59', revision: 'e82be7d358', time: '2018-11-14T08:17:03'
System info: host: 'DESKTOP-A4GJKOM', ip: '192.168.1.98', os.name: 'Windows 10', os.arch: 'amd64', os.version: '10.0', java.version: '1.8.0_271'
Driver info: org.openqa.selenium.chrome.ChromeDriver
Capabilities {acceptInsecureCerts: false, acceptSslCerts: false, applicationCacheEnabled: false, browserConnectionEnabled: false, browserName: chrome, chrome: {chromedriverVersion: 2.40.565498 (ea082db3280dd6..., userDataDir: C:\Users\sukki\AppData\Loca...}, cssSelectorsEnabled: true, databaseEnabled: false, handlesAlerts: true, hasTouchScreen: false, javascriptEnabled: true, locationContextEnabled: true, mobileEmulationEnabled: false, nativeEvents: true, networkConnectionEnabled: false, pageLoadStrategy: normal, platform: XP, platformName: XP, rotatable: false, setWindowRect: true, takesHeapSnapshot: true, takesScreenshot: true, unexpectedAlertBehaviour: , unhandledPromptBehavior: , version: 87.0.4280.88, webStorageEnabled: true}
Session ID: 92581f96f1fca918c01b826eaf3bb8df
*** Element info: {Using=xpath, value=//*[@id="body"]/div[3]/div[3]/div/div[1]/div/div[2]/div[2]/div/div[4]/div[1]/button/span[1]/p}</message>
                <stack-trace>org.openqa.selenium.NoSuchElementException: no such element: Unable to locate element: {"method":"xpath","selector":"//*[@id="body"]/div[3]/div[3]/div/div[1]/div/div[2]/div[2]/div/div[4]/div[1]/button/span[1]/p"}
  (Session info: chrome=87.0.4280.88)
  (Driver info: chromedriver=2.40.565498 (ea082db3280dd6843ebfb08a625e3eb905c4f5ab),platform=Windows NT 10.0.18363 x86_64) (WARNING: The server did not provide any stacktrace information)
Command duration or timeout: 0 milliseconds
For documentation on this error, please visit: https://www.seleniumhq.org/exceptions/no_such_element.html
Build info: version: '3.141.59', revision: 'e82be7d358', time: '2018-11-14T08:17:03'
System info: host: 'DESKTOP-A4GJKOM', ip: '192.168.1.98', os.name: 'Windows 10', os.arch: 'amd64', os.version: '10.0', java.version: '1.8.0_271'
Driver info: org.openqa.selenium.chrome.ChromeDriver
Capabilities {acceptInsecureCerts: false, acceptSslCerts: false, applicationCacheEnabled: false, browserConnectionEnabled: false, browserName: chrome, chrome: {chromedriverVersion: 2.40.565498 (ea082db3280dd6..., userDataDir: C:\Users\sukki\AppData\Loca...}, cssSelectorsEnabled: true, databaseEnabled: false, handlesAlerts: true, hasTouchScreen: false, javascriptEnabled: true, locationContextEnabled: true, mobileEmulationEnabled: false, nativeEvents: true, networkConnectionEnabled: false, pageLoadStrategy: normal, platform: XP, platformName: XP, rotatable: false, setWindowRect: true, takesHeapSnapshot: true, takesScreenshot: true, unexpectedAlertBehaviour: , unhandledPromptBehavior: , version: 87.0.4280.88, webStorageEnabled: true}
Session ID: 92581f96f1fca918c01b826eaf3bb8df
*** Element info: {Using=xpath, value=//*[@id="body"]/div[3]/div[3]/div/div[1]/div/div[2]/div[2]/div/div[4]/div[1]/button/span[1]/p}&#13;
	at sun.reflect.NativeConstructorAccessorImpl.newInstance0(Native Method)&#13;
	at sun.reflect.NativeConstructorAccessorImpl.newInstance(NativeConstructorAccessorImpl.java:62)&#13;
	at sun.reflect.DelegatingConstructorAccessorImpl.newInstance(DelegatingConstructorAccessorImpl.java:45)&#13;
	at java.lang.reflect.Constructor.newInstance(Constructor.java:423)&#13;
	at org.openqa.selenium.remote.ErrorHandler.createThrowable(ErrorHandler.java:214)&#13;
	at org.openqa.selenium.remote.ErrorHandler.throwIfResponseFailed(ErrorHandler.java:166)&#13;
	at org.openqa.selenium.remote.http.JsonHttpResponseCodec.reconstructValue(JsonHttpResponseCodec.java:40)&#13;
	at org.openqa.selenium.remote.http.AbstractHttpResponseCodec.decode(AbstractHttpResponseCodec.java:80)&#13;
	at org.openqa.selenium.remote.http.AbstractHttpResponseCodec.decode(AbstractHttpResponseCodec.java:44)&#13;
	at org.openqa.selenium.remote.HttpCommandExecutor.execute(HttpCommandExecutor.java:158)&#13;
	at org.openqa.selenium.remote.service.DriverCommandExecutor.execute(DriverCommandExecutor.java:83)&#13;
	at org.openqa.selenium.remote.RemoteWebDriver.execute(RemoteWebDriver.java:552)&#13;
	at org.openqa.selenium.remote.RemoteWebDriver.findElement(RemoteWebDriver.java:323)&#13;
	at org.openqa.selenium.remote.RemoteWebDriver.findElementByXPath(RemoteWebDriver.java:428)&#13;
	at org.openqa.selenium.By$ByXPath.findElement(By.java:353)&#13;
	at org.openqa.selenium.remote.RemoteWebDriver.findElement(RemoteWebDriver.java:315)&#13;
	at sailotech.com.EzScheduler.RepositoryClass.AdminRepositoryClass.TrialDate(AdminRepositoryClass.java:139)&#13;
	at sailotech.com.EzScheduler.PositiveImplementationPages.AdminVerifyDoctors.AdminverifyDoctor(AdminVerifyDoctors.java:208)&#13;
	at sailotech.com.EzScheduler.PositiveTestPages.AdminVerifyTest.TC_02_adminverifyDoctor(AdminVerifyTest.java:61)&#13;
	at sun.reflect.NativeMethodAccessorImpl.invoke0(Native Method)&#13;
	at sun.reflect.NativeMethodAccessorImpl.invoke(NativeMethodAccessorImpl.java:62)&#13;
	at sun.reflect.DelegatingMethodAccessorImpl.invoke(DelegatingMethodAccessorImpl.java:43)&#13;
	at java.lang.reflect.Method.invoke(Method.java:498)&#13;
	at org.testng.internal.MethodInvocationHelper.invokeMethod(MethodInvocationHelper.java:124)&#13;
	at org.testng.internal.Invoker.invokeMethod(Invoker.java:583)&#13;
	at org.testng.internal.Invoker.invokeTestMethod(Invoker.java:719)&#13;
	at org.testng.internal.Invoker.invokeTestMethods(Invoker.java:989)&#13;
	at org.testng.internal.TestMethodWorker.invokeTestMethods(TestMethodWorker.java:125)&#13;
	at org.testng.internal.TestMethodWorker.run(TestMethodWorker.java:109)&#13;
	at org.testng.TestRunner.privateRun(TestRunner.java:648)&#13;
	at org.testng.TestRunner.run(TestRunner.java:505)&#13;
	at org.testng.SuiteRunner.runTest(SuiteRunner.java:455)&#13;
	at org.testng.SuiteRunner.runSequentially(SuiteRunner.java:450)&#13;
	at org.testng.SuiteRunner.privateRun(SuiteRunner.java:415)&#13;
	at org.testng.SuiteRunner.run(SuiteRunner.java:364)&#13;
	at org.testng.SuiteRunnerWorker.runSuite(SuiteRunnerWorker.java:52)&#13;
	at org.testng.SuiteRunnerWorker.run(SuiteRunnerWorker.java:84)&#13;
	at org.testng.TestNG.runSuitesSequentially(TestNG.java:1208)&#13;
	at org.testng.TestNG.runSuitesLocally(TestNG.java:1137)&#13;
	at org.testng.TestNG.runSuites(TestNG.java:1049)&#13;
	at org.testng.TestNG.run(TestNG.java:1017)&#13;
	at org.testng.remote.AbstractRemoteTestNG.run(AbstractRemoteTestNG.java:115)&#13;
	at org.testng.remote.RemoteTestNG.initAndRun(RemoteTestNG.java:251)&#13;
	at org.testng.remote.RemoteTestNG.main(RemoteTestNG.java:77)&#13;
</stack-trace>
            </failure>
            <steps/>
            <attachments/>
            <labels>
                <label name="testSuite" value="SmokeTest"/>
                <label name="testGroup" value="SmokeTest"/>
                <label name="testClass" value="sailotech.com.EzScheduler.PositiveTestPages.AdminVerifyTest"/>
                <label name="testMethod" value="TC_02_adminverifyDoctor"/>
                <label name="severity" value="normal"/>
                <label name="testId" value="TC_06"/>
                <label name="host" value="DESKTOP-A4GJKOM"/>
                <label name="thread" value="22396@DESKTOP-A4GJKOM.main(1)"/>
            </labels>
        </test-case>
        <test-case start="1608694676924" stop="1608694676927" status="canceled">
            <name>TC_02_adminLogout</name>
            <description type="text">Navigate_homepage_to_AdminLogin</description>
            <failure>
                <message>: Skipped due to dependency on other skipped or failed test methods</message>
                <stack-trace>ru.yandex.qatools.allure.testng.AllureTestListener$1: Skipped due to dependency on other skipped or failed test methods&#13;
	at ru.yandex.qatools.allure.testng.AllureTestListener.fireTestCaseCancel(AllureTestListener.java:425)&#13;
	at ru.yandex.qatools.allure.testng.AllureTestListener.onTestSkipped(AllureTestListener.java:186)&#13;
	at org.testng.internal.TestListenerHelper.runTestListeners(TestListenerHelper.java:61)&#13;
	at org.testng.internal.Invoker.runTestListeners(Invoker.java:1389)&#13;
	at org.testng.internal.Invoker.registerSkippedTestResult(Invoker.java:1063)&#13;
	at org.testng.internal.Invoker.invokeTestMethods(Invoker.java:888)&#13;
	at org.testng.internal.TestMethodWorker.invokeTestMethods(TestMethodWorker.java:125)&#13;
	at org.testng.internal.TestMethodWorker.run(TestMethodWorker.java:109)&#13;
	at org.testng.TestRunner.privateRun(TestRunner.java:648)&#13;
	at org.testng.TestRunner.run(TestRunner.java:505)&#13;
	at org.testng.SuiteRunner.runTest(SuiteRunner.java:455)&#13;
	at org.testng.SuiteRunner.runSequentially(SuiteRunner.java:450)&#13;
	at org.testng.SuiteRunner.privateRun(SuiteRunner.java:415)&#13;
	at org.testng.SuiteRunner.run(SuiteRunner.java:364)&#13;
	at org.testng.SuiteRunnerWorker.runSuite(SuiteRunnerWorker.java:52)&#13;
	at org.testng.SuiteRunnerWorker.run(SuiteRunnerWorker.java:84)&#13;
	at org.testng.TestNG.runSuitesSequentially(TestNG.java:1208)&#13;
	at org.testng.TestNG.runSuitesLocally(TestNG.java:1137)&#13;
	at org.testng.TestNG.runSuites(TestNG.java:1049)&#13;
	at org.testng.TestNG.run(TestNG.java:1017)&#13;
	at org.testng.remote.AbstractRemoteTestNG.run(AbstractRemoteTestNG.java:115)&#13;
	at org.testng.remote.RemoteTestNG.initAndRun(RemoteTestNG.java:251)&#13;
	at org.testng.remote.RemoteTestNG.main(RemoteTestNG.java:77)&#13;
</stack-trace>
            </failure>
            <steps/>
            <attachments/>
            <labels>
                <label name="testSuite" value="SmokeTest"/>
                <label name="testGroup" value="SmokeTest"/>
                <label name="testClass" value="sailotech.com.EzScheduler.PositiveTestPages.AdminVerifyTest"/>
                <label name="testMethod" value="TC_02_adminLogout"/>
                <label name="severity" value="normal"/>
                <label name="testId" value="TC_06"/>
                <label name="host" value="DESKTOP-A4GJKOM"/>
                <label name="thread" value="22396@DESKTOP-A4GJKOM.main(1)"/>
            </labels>
        </test-case>
        <test-case start="1608694693932" stop="1608694695088" status="broken">
            <name>TC_01_navigate_homepage_to_Doctor_login</name>
            <description type="text">Navigate_homepage_to_Doctor_loginRegister</description>
            <failure>
                <message>WebDriverException: unknown error: Element &lt;span class="app-notification-menu"&gt;...&lt;/span&gt; is not clickable at point (1443, 35). Other element would receive the click: &lt;div class="MuiBackdrop-root jss34" aria-hidden="true" style="opacity: 1; transition: opacity 225ms cubic-bezier(0.4, 0, 0.2, 1) 0ms;"&gt;...&lt;/div&gt;
  (Session info: chrome=87.0.4280.88)
  (Driver info: chromedriver=2.40.565498 (ea082db3280dd6843ebfb08a625e3eb905c4f5ab),platform=Windows NT 10.0.18363 x86_64) (WARNING: The server did not provide any stacktrace information)
Command duration or timeout: 0 milliseconds
Build info: version: '3.141.59', revision: 'e82be7d358', time: '2018-11-14T08:17:03'
System info: host: 'DESKTOP-A4GJKOM', ip: '192.168.1.98', os.name: 'Windows 10', os.arch: 'amd64', os.version: '10.0', java.version: '1.8.0_271'
Driver info: org.openqa.selenium.chrome.ChromeDriver
Capabilities {acceptInsecureCerts: false, acceptSslCerts: false, applicationCacheEnabled: false, browserConnectionEnabled: false, browserName: chrome, chrome: {chromedriverVersion: 2.40.565498 (ea082db3280dd6..., userDataDir: C:\Users\sukki\AppData\Loca...}, cssSelectorsEnabled: true, databaseEnabled: false, handlesAlerts: true, hasTouchScreen: false, javascriptEnabled: true, locationContextEnabled: true, mobileEmulationEnabled: false, nativeEvents: true, networkConnectionEnabled: false, pageLoadStrategy: normal, platform: XP, platformName: XP, rotatable: false, setWindowRect: true, takesHeapSnapshot: true, takesScreenshot: true, unexpectedAlertBehaviour: , unhandledPromptBehavior: , version: 87.0.4280.88, webStorageEnabled: true}
Session ID: c357ea92207924f8e98812028c6533a3</message>
                <stack-trace>org.openqa.selenium.WebDriverException: unknown error: Element &lt;span class="app-notification-menu"&gt;...&lt;/span&gt; is not clickable at point (1443, 35). Other element would receive the click: &lt;div class="MuiBackdrop-root jss34" aria-hidden="true" style="opacity: 1; transition: opacity 225ms cubic-bezier(0.4, 0, 0.2, 1) 0ms;"&gt;...&lt;/div&gt;
  (Session info: chrome=87.0.4280.88)
  (Driver info: chromedriver=2.40.565498 (ea082db3280dd6843ebfb08a625e3eb905c4f5ab),platform=Windows NT 10.0.18363 x86_64) (WARNING: The server did not provide any stacktrace information)
Command duration or timeout: 0 milliseconds
Build info: version: '3.141.59', revision: 'e82be7d358', time: '2018-11-14T08:17:03'
System info: host: 'DESKTOP-A4GJKOM', ip: '192.168.1.98', os.name: 'Windows 10', os.arch: 'amd64', os.version: '10.0', java.version: '1.8.0_271'
Driver info: org.openqa.selenium.chrome.ChromeDriver
Capabilities {acceptInsecureCerts: false, acceptSslCerts: false, applicationCacheEnabled: false, browserConnectionEnabled: false, browserName: chrome, chrome: {chromedriverVersion: 2.40.565498 (ea082db3280dd6..., userDataDir: C:\Users\sukki\AppData\Loca...}, cssSelectorsEnabled: true, databaseEnabled: false, handlesAlerts: true, hasTouchScreen: false, javascriptEnabled: true, locationContextEnabled: true, mobileEmulationEnabled: false, nativeEvents: true, networkConnectionEnabled: false, pageLoadStrategy: normal, platform: XP, platformName: XP, rotatable: false, setWindowRect: true, takesHeapSnapshot: true, takesScreenshot: true, unexpectedAlertBehaviour: , unhandledPromptBehavior: , version: 87.0.4280.88, webStorageEnabled: true}
Session ID: c357ea92207924f8e98812028c6533a3&#13;
	at sun.reflect.NativeConstructorAccessorImpl.newInstance0(Native Method)&#13;
	at sun.reflect.NativeConstructorAccessorImpl.newInstance(NativeConstructorAccessorImpl.java:62)&#13;
	at sun.reflect.DelegatingConstructorAccessorImpl.newInstance(DelegatingConstructorAccessorImpl.java:45)&#13;
	at java.lang.reflect.Constructor.newInstance(Constructor.java:423)&#13;
	at org.openqa.selenium.remote.ErrorHandler.createThrowable(ErrorHandler.java:214)&#13;
	at org.openqa.selenium.remote.ErrorHandler.throwIfResponseFailed(ErrorHandler.java:166)&#13;
	at org.openqa.selenium.remote.http.JsonHttpResponseCodec.reconstructValue(JsonHttpResponseCodec.java:40)&#13;
	at org.openqa.selenium.remote.http.AbstractHttpResponseCodec.decode(AbstractHttpResponseCodec.java:80)&#13;
	at org.openqa.selenium.remote.http.AbstractHttpResponseCodec.decode(AbstractHttpResponseCodec.java:44)&#13;
	at org.openqa.selenium.remote.HttpCommandExecutor.execute(HttpCommandExecutor.java:158)&#13;
	at org.openqa.selenium.remote.service.DriverCommandExecutor.execute(DriverCommandExecutor.java:83)&#13;
	at org.openqa.selenium.remote.RemoteWebDriver.execute(RemoteWebDriver.java:552)&#13;
	at org.openqa.selenium.remote.RemoteWebElement.execute(RemoteWebElement.java:285)&#13;
	at org.openqa.selenium.remote.RemoteWebElement.click(RemoteWebElement.java:84)&#13;
	at sun.reflect.GeneratedMethodAccessor6.invoke(Unknown Source)&#13;
	at sun.reflect.DelegatingMethodAccessorImpl.invoke(DelegatingMethodAccessorImpl.java:43)&#13;
	at java.lang.reflect.Method.invoke(Method.java:498)&#13;
	at org.openqa.selenium.support.pagefactory.internal.LocatingElementHandler.invoke(LocatingElementHandler.java:51)&#13;
	at com.sun.proxy.$Proxy17.click(Unknown Source)&#13;
	at sailotech.com.EzScheduler.PositiveImplementationPages.DoctorLogin.navigate_to_Doctor_login(DoctorLogin.java:40)&#13;
	at sailotech.com.EzScheduler.PositiveTestPages.DoctorLoginTest.TC_01_navigate_homepage_to_Doctor_login(DoctorLoginTest.java:48)&#13;
	at sun.reflect.NativeMethodAccessorImpl.invoke0(Native Method)&#13;
	at sun.reflect.NativeMethodAccessorImpl.invoke(NativeMethodAccessorImpl.java:62)&#13;
	at sun.reflect.DelegatingMethodAccessorImpl.invoke(DelegatingMethodAccessorImpl.java:43)&#13;
	at java.lang.reflect.Method.invoke(Method.java:498)&#13;
	at org.testng.internal.MethodInvocationHelper.invokeMethod(MethodInvocationHelper.java:124)&#13;
	at org.testng.internal.Invoker.invokeMethod(Invoker.java:583)&#13;
	at org.testng.internal.Invoker.invokeTestMethod(Invoker.java:719)&#13;
	at org.testng.internal.Invoker.invokeTestMethods(Invoker.java:989)&#13;
	at org.testng.internal.TestMethodWorker.invokeTestMethods(TestMethodWorker.java:125)&#13;
	at org.testng.internal.TestMethodWorker.run(TestMethodWorker.java:109)&#13;
	at org.testng.TestRunner.privateRun(TestRunner.java:648)&#13;
	at org.testng.TestRunner.run(TestRunner.java:505)&#13;
	at org.testng.SuiteRunner.runTest(SuiteRunner.java:455)&#13;
	at org.testng.SuiteRunner.runSequentially(SuiteRunner.java:450)&#13;
	at org.testng.SuiteRunner.privateRun(SuiteRunner.java:415)&#13;
	at org.testng.SuiteRunner.run(SuiteRunner.java:364)&#13;
	at org.testng.SuiteRunnerWorker.runSuite(SuiteRunnerWorker.java:52)&#13;
	at org.testng.SuiteRunnerWorker.run(SuiteRunnerWorker.java:84)&#13;
	at org.testng.TestNG.runSuitesSequentially(TestNG.java:1208)&#13;
	at org.testng.TestNG.runSuitesLocally(TestNG.java:1137)&#13;
	at org.testng.TestNG.runSuites(TestNG.java:1049)&#13;
	at org.testng.TestNG.run(TestNG.java:1017)&#13;
	at org.testng.remote.AbstractRemoteTestNG.run(AbstractRemoteTestNG.java:115)&#13;
	at org.testng.remote.RemoteTestNG.initAndRun(RemoteTestNG.java:251)&#13;
	at org.testng.remote.RemoteTestNG.main(RemoteTestNG.java:77)&#13;
</stack-trace>
            </failure>
            <steps/>
            <attachments/>
            <labels>
                <label name="testSuite" value="SmokeTest"/>
                <label name="testGroup" value="SmokeTest"/>
                <label name="testClass" value="sailotech.com.EzScheduler.PositiveTestPages.DoctorLoginTest"/>
                <label name="testMethod" value="TC_01_navigate_homepage_to_Doctor_login"/>
                <label name="severity" value="normal"/>
                <label name="testId" value="TC_07"/>
                <label name="host" value="DESKTOP-A4GJKOM"/>
                <label name="thread" value="22396@DESKTOP-A4GJKOM.main(1)"/>
            </labels>
        </test-case>
        <test-case start="1608694695734" stop="1608694695735" status="canceled">
            <name>TC_02_DoctorLogin</name>
            <description type="text">Navigate_homepage_to_DoctorLogin</description>
            <failure>
                <message>: Skipped due to dependency on other skipped or failed test methods</message>
                <stack-trace>ru.yandex.qatools.allure.testng.AllureTestListener$1: Skipped due to dependency on other skipped or failed test methods&#13;
	at ru.yandex.qatools.allure.testng.AllureTestListener.fireTestCaseCancel(AllureTestListener.java:425)&#13;
	at ru.yandex.qatools.allure.testng.AllureTestListener.onTestSkipped(AllureTestListener.java:186)&#13;
	at org.testng.internal.TestListenerHelper.runTestListeners(TestListenerHelper.java:61)&#13;
	at org.testng.internal.Invoker.runTestListeners(Invoker.java:1389)&#13;
	at org.testng.internal.Invoker.registerSkippedTestResult(Invoker.java:1063)&#13;
	at org.testng.internal.Invoker.invokeTestMethods(Invoker.java:888)&#13;
	at org.testng.internal.TestMethodWorker.invokeTestMethods(TestMethodWorker.java:125)&#13;
	at org.testng.internal.TestMethodWorker.run(TestMethodWorker.java:109)&#13;
	at org.testng.TestRunner.privateRun(TestRunner.java:648)&#13;
	at org.testng.TestRunner.run(TestRunner.java:505)&#13;
	at org.testng.SuiteRunner.runTest(SuiteRunner.java:455)&#13;
	at org.testng.SuiteRunner.runSequentially(SuiteRunner.java:450)&#13;
	at org.testng.SuiteRunner.privateRun(SuiteRunner.java:415)&#13;
	at org.testng.SuiteRunner.run(SuiteRunner.java:364)&#13;
	at org.testng.SuiteRunnerWorker.runSuite(SuiteRunnerWorker.java:52)&#13;
	at org.testng.SuiteRunnerWorker.run(SuiteRunnerWorker.java:84)&#13;
	at org.testng.TestNG.runSuitesSequentially(TestNG.java:1208)&#13;
	at org.testng.TestNG.runSuitesLocally(TestNG.java:1137)&#13;
	at org.testng.TestNG.runSuites(TestNG.java:1049)&#13;
	at org.testng.TestNG.run(TestNG.java:1017)&#13;
	at org.testng.remote.AbstractRemoteTestNG.run(AbstractRemoteTestNG.java:115)&#13;
	at org.testng.remote.RemoteTestNG.initAndRun(RemoteTestNG.java:251)&#13;
	at org.testng.remote.RemoteTestNG.main(RemoteTestNG.java:77)&#13;
</stack-trace>
            </failure>
            <steps/>
            <attachments/>
            <labels>
                <label name="testSuite" value="SmokeTest"/>
                <label name="testGroup" value="SmokeTest"/>
                <label name="testClass" value="sailotech.com.EzScheduler.PositiveTestPages.DoctorLoginTest"/>
                <label name="testMethod" value="TC_02_DoctorLogin"/>
                <label name="severity" value="normal"/>
                <label name="testId" value="TC_08"/>
                <label name="host" value="DESKTOP-A4GJKOM"/>
                <label name="thread" value="22396@DESKTOP-A4GJKOM.main(1)"/>
            </labels>
        </test-case>
        <test-case start="1608694715653" stop="1608694718811" status="passed">
            <name>TC_01_navigate_homepage_to_Doctor_login</name>
            <description type="text">Navigate_homepage_to_Doctor_loginRegister</description>
            <steps/>
            <attachments>
                <attachment title="EzHomePage" source="2cb3ee0d-969a-4bd6-aae6-62934cec38cd-attachment.png" type="image/png"/>
            </attachments>
            <labels>
                <label name="testSuite" value="SmokeTest"/>
                <label name="testGroup" value="SmokeTest"/>
                <label name="testClass" value="sailotech.com.EzScheduler.PositiveTestPages.DoctorGenerateSlotsTest"/>
                <label name="testMethod" value="TC_01_navigate_homepage_to_Doctor_login"/>
                <label name="severity" value="normal"/>
                <label name="testId" value="TC_01"/>
                <label name="host" value="DESKTOP-A4GJKOM"/>
                <label name="thread" value="22396@DESKTOP-A4GJKOM.main(1)"/>
            </labels>
        </test-case>
        <test-case start="1608694718830" stop="1608694725946" status="passed">
            <name>TC_02_DoctorLogin</name>
            <description type="text">Navigate_homepage_to_DoctorLogin</description>
            <steps/>
            <attachments>
                <attachment title="NavigateDoctorLogin" source="041e8a0f-9717-4cc1-a0a9-7b34564174e0-attachment.png" type="image/png"/>
            </attachments>
            <labels>
                <label name="testSuite" value="SmokeTest"/>
                <label name="testGroup" value="SmokeTest"/>
                <label name="testClass" value="sailotech.com.EzScheduler.PositiveTestPages.DoctorGenerateSlotsTest"/>
                <label name="testMethod" value="TC_02_DoctorLogin"/>
                <label name="severity" value="normal"/>
                <label name="testId" value="TC_09"/>
                <label name="host" value="DESKTOP-A4GJKOM"/>
                <label name="thread" value="22396@DESKTOP-A4GJKOM.main(1)"/>
            </labels>
        </test-case>
        <test-case start="1608694725968" stop="1608694786178" status="broken">
            <name>TC_03_GenerateSlots</name>
            <description type="text">Navigate_GenerateSlots</description>
            <failure>
                <message>NoSuchElementException: no such element: Unable to locate element: {"method":"xpath","selector":"//span[starts-with(@class,'nav-text') and contains (text(),'Generate Slots')]"}
  (Session info: chrome=87.0.4280.88)
  (Driver info: chromedriver=2.40.565498 (ea082db3280dd6843ebfb08a625e3eb905c4f5ab),platform=Windows NT 10.0.18363 x86_64) (WARNING: The server did not provide any stacktrace information)
Command duration or timeout: 0 milliseconds
For documentation on this error, please visit: https://www.seleniumhq.org/exceptions/no_such_element.html
Build info: version: '3.141.59', revision: 'e82be7d358', time: '2018-11-14T08:17:03'
System info: host: 'DESKTOP-A4GJKOM', ip: '192.168.1.98', os.name: 'Windows 10', os.arch: 'amd64', os.version: '10.0', java.version: '1.8.0_271'
Driver info: org.openqa.selenium.chrome.ChromeDriver
Capabilities {acceptInsecureCerts: false, acceptSslCerts: false, applicationCacheEnabled: false, browserConnectionEnabled: false, browserName: chrome, chrome: {chromedriverVersion: 2.40.565498 (ea082db3280dd6..., userDataDir: C:\Users\sukki\AppData\Loca...}, cssSelectorsEnabled: true, databaseEnabled: false, handlesAlerts: true, hasTouchScreen: false, javascriptEnabled: true, locationContextEnabled: true, mobileEmulationEnabled: false, nativeEvents: true, networkConnectionEnabled: false, pageLoadStrategy: normal, platform: XP, platformName: XP, rotatable: false, setWindowRect: true, takesHeapSnapshot: true, takesScreenshot: true, unexpectedAlertBehaviour: , unhandledPromptBehavior: , version: 87.0.4280.88, webStorageEnabled: true}
Session ID: de964c5d3a1913be2bd201a54f732ee3
*** Element info: {Using=xpath, value=//span[starts-with(@class,'nav-text') and contains (text(),'Generate Slots')]}</message>
                <stack-trace>org.openqa.selenium.NoSuchElementException: no such element: Unable to locate element: {"method":"xpath","selector":"//span[starts-with(@class,'nav-text') and contains (text(),'Generate Slots')]"}
  (Session info: chrome=87.0.4280.88)
  (Driver info: chromedriver=2.40.565498 (ea082db3280dd6843ebfb08a625e3eb905c4f5ab),platform=Windows NT 10.0.18363 x86_64) (WARNING: The server did not provide any stacktrace information)
Command duration or timeout: 0 milliseconds
For documentation on this error, please visit: https://www.seleniumhq.org/exceptions/no_such_element.html
Build info: version: '3.141.59', revision: 'e82be7d358', time: '2018-11-14T08:17:03'
System info: host: 'DESKTOP-A4GJKOM', ip: '192.168.1.98', os.name: 'Windows 10', os.arch: 'amd64', os.version: '10.0', java.version: '1.8.0_271'
Driver info: org.openqa.selenium.chrome.ChromeDriver
Capabilities {acceptInsecureCerts: false, acceptSslCerts: false, applicationCacheEnabled: false, browserConnectionEnabled: false, browserName: chrome, chrome: {chromedriverVersion: 2.40.565498 (ea082db3280dd6..., userDataDir: C:\Users\sukki\AppData\Loca...}, cssSelectorsEnabled: true, databaseEnabled: false, handlesAlerts: true, hasTouchScreen: false, javascriptEnabled: true, locationContextEnabled: true, mobileEmulationEnabled: false, nativeEvents: true, networkConnectionEnabled: false, pageLoadStrategy: normal, platform: XP, platformName: XP, rotatable: false, setWindowRect: true, takesHeapSnapshot: true, takesScreenshot: true, unexpectedAlertBehaviour: , unhandledPromptBehavior: , version: 87.0.4280.88, webStorageEnabled: true}
Session ID: de964c5d3a1913be2bd201a54f732ee3
*** Element info: {Using=xpath, value=//span[starts-with(@class,'nav-text') and contains (text(),'Generate Slots')]}&#13;
	at sun.reflect.NativeConstructorAccessorImpl.newInstance0(Native Method)&#13;
	at sun.reflect.NativeConstructorAccessorImpl.newInstance(NativeConstructorAccessorImpl.java:62)&#13;
	at sun.reflect.DelegatingConstructorAccessorImpl.newInstance(DelegatingConstructorAccessorImpl.java:45)&#13;
	at java.lang.reflect.Constructor.newInstance(Constructor.java:423)&#13;
	at org.openqa.selenium.remote.ErrorHandler.createThrowable(ErrorHandler.java:214)&#13;
	at org.openqa.selenium.remote.ErrorHandler.throwIfResponseFailed(ErrorHandler.java:166)&#13;
	at org.openqa.selenium.remote.http.JsonHttpResponseCodec.reconstructValue(JsonHttpResponseCodec.java:40)&#13;
	at org.openqa.selenium.remote.http.AbstractHttpResponseCodec.decode(AbstractHttpResponseCodec.java:80)&#13;
	at org.openqa.selenium.remote.http.AbstractHttpResponseCodec.decode(AbstractHttpResponseCodec.java:44)&#13;
	at org.openqa.selenium.remote.HttpCommandExecutor.execute(HttpCommandExecutor.java:158)&#13;
	at org.openqa.selenium.remote.service.DriverCommandExecutor.execute(DriverCommandExecutor.java:83)&#13;
	at org.openqa.selenium.remote.RemoteWebDriver.execute(RemoteWebDriver.java:552)&#13;
	at org.openqa.selenium.remote.RemoteWebDriver.findElement(RemoteWebDriver.java:323)&#13;
	at org.openqa.selenium.remote.RemoteWebDriver.findElementByXPath(RemoteWebDriver.java:428)&#13;
	at org.openqa.selenium.By$ByXPath.findElement(By.java:353)&#13;
	at org.openqa.selenium.remote.RemoteWebDriver.findElement(RemoteWebDriver.java:315)&#13;
	at org.openqa.selenium.support.pagefactory.DefaultElementLocator.findElement(DefaultElementLocator.java:69)&#13;
	at org.openqa.selenium.support.pagefactory.internal.LocatingElementHandler.invoke(LocatingElementHandler.java:38)&#13;
	at com.sun.proxy.$Proxy17.getCoordinates(Unknown Source)&#13;
	at org.openqa.selenium.interactions.internal.MouseAction.getActionLocation(MouseAction.java:69)&#13;
	at org.openqa.selenium.interactions.MoveMouseAction.perform(MoveMouseAction.java:42)&#13;
	at org.openqa.selenium.interactions.CompositeAction.perform(CompositeAction.java:34)&#13;
	at org.openqa.selenium.interactions.Actions$BuiltAction.perform(Actions.java:642)&#13;
	at org.openqa.selenium.interactions.Actions.perform(Actions.java:595)&#13;
	at sailotech.com.EzScheduler.PositiveImplementationPages.DoctorGeneratingSlots.GenerateSlots(DoctorGeneratingSlots.java:57)&#13;
	at sailotech.com.EzScheduler.PositiveTestPages.DoctorGenerateSlotsTest.TC_03_GenerateSlots(DoctorGenerateSlotsTest.java:74)&#13;
	at sun.reflect.NativeMethodAccessorImpl.invoke0(Native Method)&#13;
	at sun.reflect.NativeMethodAccessorImpl.invoke(NativeMethodAccessorImpl.java:62)&#13;
	at sun.reflect.DelegatingMethodAccessorImpl.invoke(DelegatingMethodAccessorImpl.java:43)&#13;
	at java.lang.reflect.Method.invoke(Method.java:498)&#13;
	at org.testng.internal.MethodInvocationHelper.invokeMethod(MethodInvocationHelper.java:124)&#13;
	at org.testng.internal.Invoker.invokeMethod(Invoker.java:583)&#13;
	at org.testng.internal.Invoker.invokeTestMethod(Invoker.java:719)&#13;
	at org.testng.internal.Invoker.invokeTestMethods(Invoker.java:989)&#13;
	at org.testng.internal.TestMethodWorker.invokeTestMethods(TestMethodWorker.java:125)&#13;
	at org.testng.internal.TestMethodWorker.run(TestMethodWorker.java:109)&#13;
	at org.testng.TestRunner.privateRun(TestRunner.java:648)&#13;
	at org.testng.TestRunner.run(TestRunner.java:505)&#13;
	at org.testng.SuiteRunner.runTest(SuiteRunner.java:455)&#13;
	at org.testng.SuiteRunner.runSequentially(SuiteRunner.java:450)&#13;
	at org.testng.SuiteRunner.privateRun(SuiteRunner.java:415)&#13;
	at org.testng.SuiteRunner.run(SuiteRunner.java:364)&#13;
	at org.testng.SuiteRunnerWorker.runSuite(SuiteRunnerWorker.java:52)&#13;
	at org.testng.SuiteRunnerWorker.run(SuiteRunnerWorker.java:84)&#13;
	at org.testng.TestNG.runSuitesSequentially(TestNG.java:1208)&#13;
	at org.testng.TestNG.runSuitesLocally(TestNG.java:1137)&#13;
	at org.testng.TestNG.runSuites(TestNG.java:1049)&#13;
	at org.testng.TestNG.run(TestNG.java:1017)&#13;
	at org.testng.remote.AbstractRemoteTestNG.run(AbstractRemoteTestNG.java:115)&#13;
	at org.testng.remote.RemoteTestNG.initAndRun(RemoteTestNG.java:251)&#13;
	at org.testng.remote.RemoteTestNG.main(RemoteTestNG.java:77)&#13;
</stack-trace>
            </failure>
            <steps/>
            <attachments>
                <attachment title="ToGenerateSlots" source="1f60065d-8c5e-485b-b732-40f49e5e26f7-attachment.png" type="image/png"/>
            </attachments>
            <labels>
                <label name="testSuite" value="SmokeTest"/>
                <label name="testGroup" value="SmokeTest"/>
                <label name="testClass" value="sailotech.com.EzScheduler.PositiveTestPages.DoctorGenerateSlotsTest"/>
                <label name="testMethod" value="TC_03_GenerateSlots"/>
                <label name="severity" value="normal"/>
                <label name="testId" value="TC_10"/>
                <label name="host" value="DESKTOP-A4GJKOM"/>
                <label name="thread" value="22396@DESKTOP-A4GJKOM.main(1)"/>
            </labels>
        </test-case>
        <test-case start="1608694788538" stop="1608694788540" status="canceled">
            <name>TC_04_Doctor_Logout</name>
            <description type="text">Navigate_homepage_to_DoctorLogout</description>
            <failure>
                <message>: Skipped due to dependency on other skipped or failed test methods</message>
                <stack-trace>ru.yandex.qatools.allure.testng.AllureTestListener$1: Skipped due to dependency on other skipped or failed test methods&#13;
	at ru.yandex.qatools.allure.testng.AllureTestListener.fireTestCaseCancel(AllureTestListener.java:425)&#13;
	at ru.yandex.qatools.allure.testng.AllureTestListener.onTestSkipped(AllureTestListener.java:186)&#13;
	at org.testng.internal.TestListenerHelper.runTestListeners(TestListenerHelper.java:61)&#13;
	at org.testng.internal.Invoker.runTestListeners(Invoker.java:1389)&#13;
	at org.testng.internal.Invoker.registerSkippedTestResult(Invoker.java:1063)&#13;
	at org.testng.internal.Invoker.invokeTestMethods(Invoker.java:888)&#13;
	at org.testng.internal.TestMethodWorker.invokeTestMethods(TestMethodWorker.java:125)&#13;
	at org.testng.internal.TestMethodWorker.run(TestMethodWorker.java:109)&#13;
	at org.testng.TestRunner.privateRun(TestRunner.java:648)&#13;
	at org.testng.TestRunner.run(TestRunner.java:505)&#13;
	at org.testng.SuiteRunner.runTest(SuiteRunner.java:455)&#13;
	at org.testng.SuiteRunner.runSequentially(SuiteRunner.java:450)&#13;
	at org.testng.SuiteRunner.privateRun(SuiteRunner.java:415)&#13;
	at org.testng.SuiteRunner.run(SuiteRunner.java:364)&#13;
	at org.testng.SuiteRunnerWorker.runSuite(SuiteRunnerWorker.java:52)&#13;
	at org.testng.SuiteRunnerWorker.run(SuiteRunnerWorker.java:84)&#13;
	at org.testng.TestNG.runSuitesSequentially(TestNG.java:1208)&#13;
	at org.testng.TestNG.runSuitesLocally(TestNG.java:1137)&#13;
	at org.testng.TestNG.runSuites(TestNG.java:1049)&#13;
	at org.testng.TestNG.run(TestNG.java:1017)&#13;
	at org.testng.remote.AbstractRemoteTestNG.run(AbstractRemoteTestNG.java:115)&#13;
	at org.testng.remote.RemoteTestNG.initAndRun(RemoteTestNG.java:251)&#13;
	at org.testng.remote.RemoteTestNG.main(RemoteTestNG.java:77)&#13;
</stack-trace>
            </failure>
            <steps/>
            <attachments/>
            <labels>
                <label name="testSuite" value="SmokeTest"/>
                <label name="testGroup" value="SmokeTest"/>
                <label name="testClass" value="sailotech.com.EzScheduler.PositiveTestPages.DoctorGenerateSlotsTest"/>
                <label name="testMethod" value="TC_04_Doctor_Logout"/>
                <label name="severity" value="normal"/>
                <label name="testId" value="TC_07"/>
                <label name="host" value="DESKTOP-A4GJKOM"/>
                <label name="thread" value="22396@DESKTOP-A4GJKOM.main(1)"/>
            </labels>
        </test-case>
        <test-case start="1608694809924" stop="1608694813691" status="passed">
            <name>TC_01_navigate_homepage_to_PatientRegister</name>
            <description type="text">Navigate_homepage_to_PatientLoginRegister</description>
            <steps/>
            <attachments>
                <attachment title="EzHomePage" source="bf44bae8-bb84-4e14-8e2b-4dce7ec1f060-attachment.png" type="image/png"/>
            </attachments>
            <labels>
                <label name="testSuite" value="SmokeTest"/>
                <label name="testGroup" value="SmokeTest"/>
                <label name="testClass" value="sailotech.com.EzScheduler.PositiveTestPages.PatientRegistrationTest"/>
                <label name="testMethod" value="TC_01_navigate_homepage_to_PatientRegister"/>
                <label name="severity" value="normal"/>
                <label name="testId" value="TC_11"/>
                <label name="host" value="DESKTOP-A4GJKOM"/>
                <label name="thread" value="22396@DESKTOP-A4GJKOM.main(1)"/>
            </labels>
        </test-case>
        <test-case start="1608694813703" stop="1608694827650" status="passed">
            <name>TC_02_PatientRegister</name>
            <description type="text">Navigate_DoctorRegister</description>
            <steps/>
            <attachments>
                <attachment title="PatientRegister" source="61a32580-e150-4eb4-9255-506b33b326b4-attachment.png" type="image/png"/>
            </attachments>
            <labels>
                <label name="testSuite" value="SmokeTest"/>
                <label name="testGroup" value="SmokeTest"/>
                <label name="testClass" value="sailotech.com.EzScheduler.PositiveTestPages.PatientRegistrationTest"/>
                <label name="testMethod" value="TC_02_PatientRegister"/>
                <label name="severity" value="normal"/>
                <label name="testId" value="TC_12"/>
                <label name="host" value="DESKTOP-A4GJKOM"/>
                <label name="thread" value="22396@DESKTOP-A4GJKOM.main(1)"/>
            </labels>
        </test-case>
        <test-case start="1608694855035" stop="1608694857236" status="passed">
            <name>TC_01_navigate_homepage_to_Patient_login</name>
            <description type="text">Navigate_homepage_to_Patient_loginRegister </description>
            <steps/>
            <attachments>
                <attachment title="EzHomePage" source="a755e043-7190-497c-b4b6-72e45b4fad3f-attachment.png" type="image/png"/>
            </attachments>
            <labels>
                <label name="testSuite" value="SmokeTest"/>
                <label name="testGroup" value="SmokeTest"/>
                <label name="testClass" value="sailotech.com.EzScheduler.PositiveTestPages.PatientLoginTest"/>
                <label name="testMethod" value="TC_01_navigate_homepage_to_Patient_login"/>
                <label name="severity" value="normal"/>
                <label name="testId" value="TC_13"/>
                <label name="host" value="DESKTOP-A4GJKOM"/>
                <label name="thread" value="22396@DESKTOP-A4GJKOM.main(1)"/>
            </labels>
        </test-case>
        <test-case start="1608694857266" stop="1608694860347" status="passed">
            <name>TC_02_Patientlogin</name>
            <description type="text">Navigate_homepage_to_PatientLogin</description>
            <steps/>
            <attachments>
                <attachment title="NavigatepatientLogin" source="4c3dcffe-13e7-4185-be49-b19d0ba9aed7-attachment.png" type="image/png"/>
            </attachments>
            <labels>
                <label name="testSuite" value="SmokeTest"/>
                <label name="testGroup" value="SmokeTest"/>
                <label name="testClass" value="sailotech.com.EzScheduler.PositiveTestPages.PatientLoginTest"/>
                <label name="testMethod" value="TC_02_Patientlogin"/>
                <label name="severity" value="normal"/>
                <label name="testId" value="TC_14"/>
                <label name="host" value="DESKTOP-A4GJKOM"/>
                <label name="thread" value="22396@DESKTOP-A4GJKOM.main(1)"/>
            </labels>
        </test-case>
        <test-case start="1608694901329" stop="1608694906050" status="passed">
            <name>TC_01_navigate_homepage_to_Patient_login</name>
            <description type="text">Navigate_homepage_to_Patient_loginRegister </description>
            <steps/>
            <attachments>
                <attachment title="EzHomePage" source="a23df2e1-77e4-426e-8c43-34fededd5286-attachment.png" type="image/png"/>
            </attachments>
            <labels>
                <label name="testSuite" value="SmokeTest"/>
                <label name="testGroup" value="SmokeTest"/>
                <label name="testClass" value="sailotech.com.EzScheduler.PositiveTestPages.PatientScheduleAnAppTest"/>
                <label name="testMethod" value="TC_01_navigate_homepage_to_Patient_login"/>
                <label name="severity" value="normal"/>
                <label name="testId" value="TC_15"/>
                <label name="host" value="DESKTOP-A4GJKOM"/>
                <label name="thread" value="22396@DESKTOP-A4GJKOM.main(1)"/>
            </labels>
        </test-case>
        <test-case start="1608694906066" stop="1608694916700" status="passed">
            <name>TC_02_Patientlogin</name>
            <description type="text">Navigate_homepage_to_PatientLogin</description>
            <steps/>
            <attachments>
                <attachment title="NavigatepatientLogin" source="008c37ba-d705-439b-a090-7e931b7f22e1-attachment.png" type="image/png"/>
            </attachments>
            <labels>
                <label name="testSuite" value="SmokeTest"/>
                <label name="testGroup" value="SmokeTest"/>
                <label name="testClass" value="sailotech.com.EzScheduler.PositiveTestPages.PatientScheduleAnAppTest"/>
                <label name="testMethod" value="TC_02_Patientlogin"/>
                <label name="severity" value="normal"/>
                <label name="testId" value="TC_16"/>
                <label name="host" value="DESKTOP-A4GJKOM"/>
                <label name="thread" value="22396@DESKTOP-A4GJKOM.main(1)"/>
            </labels>
        </test-case>
        <test-case start="1608694916711" stop="1608694988526" status="passed">
            <name>TC_03_PatientScheduleAnApp</name>
            <description type="text">patient_schedule_an_Appointment</description>
            <steps/>
            <attachments>
                <attachment title="EzHomePage" source="88e3d9b1-7aeb-40df-82f7-ac9041b5eaa6-attachment.png" type="image/png"/>
            </attachments>
            <labels>
                <label name="testSuite" value="SmokeTest"/>
                <label name="testGroup" value="SmokeTest"/>
                <label name="testClass" value="sailotech.com.EzScheduler.PositiveTestPages.PatientScheduleAnAppTest"/>
                <label name="testMethod" value="TC_03_PatientScheduleAnApp"/>
                <label name="severity" value="normal"/>
                <label name="testId" value="TC_17"/>
                <label name="host" value="DESKTOP-A4GJKOM"/>
                <label name="thread" value="22396@DESKTOP-A4GJKOM.main(1)"/>
            </labels>
        </test-case>
        <test-case start="1608694988564" stop="1608695005440" status="passed">
            <name>TC_03_PatientLogout</name>
            <description type="text">patientLogout</description>
            <steps/>
            <attachments>
                <attachment title="EzHomePage" source="3fb1da9c-c450-42b3-a161-208a275679aa-attachment.png" type="image/png"/>
            </attachments>
            <labels>
                <label name="testSuite" value="SmokeTest"/>
                <label name="testGroup" value="SmokeTest"/>
                <label name="testClass" value="sailotech.com.EzScheduler.PositiveTestPages.PatientScheduleAnAppTest"/>
                <label name="testMethod" value="TC_03_PatientLogout"/>
                <label name="severity" value="normal"/>
                <label name="testId" value="TC_17"/>
                <label name="host" value="DESKTOP-A4GJKOM"/>
                <label name="thread" value="22396@DESKTOP-A4GJKOM.main(1)"/>
            </labels>
        </test-case>
        <test-case start="1608695043493" stop="1608695049374" status="passed">
            <name>TC_01_navigate_homepage_to_admin_login</name>
            <description type="text">Navigate_homepage_to_Admin_loginRegister </description>
            <steps/>
            <attachments>
                <attachment title="EzHomePage" source="e211e79f-8da6-4429-8910-bc63fcd77183-attachment.png" type="image/png"/>
            </attachments>
            <labels>
                <label name="testSuite" value="SmokeTest"/>
                <label name="testGroup" value="SmokeTest"/>
                <label name="testClass" value="sailotech.com.EzScheduler.NegativeTestPages.AdminLoginCredentialsTest"/>
                <label name="testMethod" value="TC_01_navigate_homepage_to_admin_login"/>
                <label name="severity" value="normal"/>
                <label name="testId" value="TC_18"/>
                <label name="host" value="DESKTOP-A4GJKOM"/>
                <label name="thread" value="22396@DESKTOP-A4GJKOM.main(1)"/>
            </labels>
        </test-case>
        <test-case start="1608695049388" stop="1608695175046" status="passed">
            <name>TC_02_adminlogin</name>
            <description type="text">Navigate_homepage_to_AdminLogin</description>
            <steps/>
            <attachments>
                <attachment title="NavigateAdminLogin" source="1592ce52-0b2b-46c0-8c4b-1f0eefd5561a-attachment.png" type="image/png"/>
            </attachments>
            <labels>
                <label name="testSuite" value="SmokeTest"/>
                <label name="testGroup" value="SmokeTest"/>
                <label name="testClass" value="sailotech.com.EzScheduler.NegativeTestPages.AdminLoginCredentialsTest"/>
                <label name="testMethod" value="TC_02_adminlogin"/>
                <label name="severity" value="normal"/>
                <label name="testId" value="TC_19"/>
                <label name="host" value="DESKTOP-A4GJKOM"/>
                <label name="thread" value="22396@DESKTOP-A4GJKOM.main(1)"/>
            </labels>
        </test-case>
        <test-case start="1608695246875" stop="1608695249674" status="passed">
            <name>TC_01_navigate_homepage_to_Doctor_login</name>
            <description type="text">Navigate_homepage_to_Doctor_loginRegister</description>
            <steps/>
            <attachments>
                <attachment title="EzHomePage" source="b0c5e2fe-cfb0-44ac-aa65-21e25d39c566-attachment.png" type="image/png"/>
            </attachments>
            <labels>
                <label name="testSuite" value="SmokeTest"/>
                <label name="testGroup" value="SmokeTest"/>
                <label name="testClass" value="sailotech.com.EzScheduler.NegativeTestPages.DoctorLoginCredentialsTest"/>
                <label name="testMethod" value="TC_01_navigate_homepage_to_Doctor_login"/>
                <label name="severity" value="normal"/>
                <label name="testId" value="TC_21"/>
                <label name="host" value="DESKTOP-A4GJKOM"/>
                <label name="thread" value="22396@DESKTOP-A4GJKOM.main(1)"/>
            </labels>
        </test-case>
        <test-case start="1608695249688" stop="1608695297040" status="passed">
            <name>TC_02_DoctorLogin</name>
            <description type="text">Navigate_homepage_to_DoctorLogin</description>
            <steps/>
            <attachments>
                <attachment title="NavigateDoctorLogin" source="db397923-a624-47da-b2b2-87e07637988d-attachment.png" type="image/png"/>
            </attachments>
            <labels>
                <label name="testSuite" value="SmokeTest"/>
                <label name="testGroup" value="SmokeTest"/>
                <label name="testClass" value="sailotech.com.EzScheduler.NegativeTestPages.DoctorLoginCredentialsTest"/>
                <label name="testMethod" value="TC_02_DoctorLogin"/>
                <label name="severity" value="normal"/>
                <label name="testId" value="TC_22"/>
                <label name="host" value="DESKTOP-A4GJKOM"/>
                <label name="thread" value="22396@DESKTOP-A4GJKOM.main(1)"/>
            </labels>
        </test-case>
        <test-case start="1608695443898" stop="1608695454817" status="passed">
            <name>TC_01_navigate_homepage_to_Patient_login</name>
            <description type="text">Navigate_homepage_to_Patient_loginRegister </description>
            <steps/>
            <attachments>
                <attachment title="EzHomePage" source="fc3f0173-fe13-4fc5-b01c-c3a8a4c137d2-attachment.png" type="image/png"/>
            </attachments>
            <labels>
                <label name="testSuite" value="SmokeTest"/>
                <label name="testGroup" value="SmokeTest"/>
                <label name="testClass" value="sailotech.com.EzScheduler.NegativeTestPages.PatientLoginCredentialsTest"/>
                <label name="testMethod" value="TC_01_navigate_homepage_to_Patient_login"/>
                <label name="severity" value="normal"/>
                <label name="testId" value="TC_23"/>
                <label name="host" value="DESKTOP-A4GJKOM"/>
                <label name="thread" value="22396@DESKTOP-A4GJKOM.main(1)"/>
            </labels>
        </test-case>
        <test-case start="1608695454832" stop="1608695588359" status="passed">
            <name>TC_02_Patientlogin</name>
            <description type="text">Navigate_homepage_to_PatientLogin</description>
            <steps/>
            <attachments>
                <attachment title="NavigatepatientLogin" source="ecc95e0d-3a8b-485d-af09-ab88b4a2d93c-attachment.png" type="image/png"/>
            </attachments>
            <labels>
                <label name="testSuite" value="SmokeTest"/>
                <label name="testGroup" value="SmokeTest"/>
                <label name="testClass" value="sailotech.com.EzScheduler.NegativeTestPages.PatientLoginCredentialsTest"/>
                <label name="testMethod" value="TC_02_Patientlogin"/>
                <label name="severity" value="normal"/>
                <label name="testId" value="TC_24"/>
                <label name="host" value="DESKTOP-A4GJKOM"/>
                <label name="thread" value="22396@DESKTOP-A4GJKOM.main(1)"/>
            </labels>
        </test-case>
    </test-cases>
    <labels>
        <label name="framework" value="TestNG"/>
        <label name="language" value="JAVA"/>
    </labels>
</ns2:test-suite>
