<?xml version="1.0" encoding="UTF-8" standalone="yes"?>
<ns2:test-suite start="1609017841938" stop="1609018089516" version="1.5.4" xmlns:ns2="urn:model.allure.qatools.yandex.ru">
    <name>DoctorSuite : DoctorSuite</name>
    <title>DoctorSuite : DoctorSuite</title>
    <test-cases>
        <test-case start="1609017864509" stop="1609017868530" status="passed">
            <name>TC_01_navigate_To_DoctorLoginRegister</name>
            <description type="text">Navigate_To_DoctorLoginRegister</description>
            <steps/>
            <attachments>
                <attachment title="EzHomePage" source="5b965192-7912-4675-ae06-4c2f062e43b2-attachment.png" type="image/png"/>
            </attachments>
            <labels>
                <label name="testSuite" value="DoctorSuite"/>
                <label name="testGroup" value="DoctorSuite"/>
                <label name="testClass" value="com.sailotech.ezscheduler.testpages.Providerrregistrationtest"/>
                <label name="testMethod" value="TC_01_navigate_To_DoctorLoginRegister"/>
                <label name="severity" value="normal"/>
                <label name="testId" value="TC_01"/>
                <label name="host" value="DESKTOP-A4GJKOM"/>
                <label name="thread" value="68780@DESKTOP-A4GJKOM.main(1)"/>
            </labels>
        </test-case>
        <test-case start="1609017869009" stop="1609017900594" status="passed">
            <name>TC_02_DoctorRegistration</name>
            <description type="text">Navigate_DoctorRegister</description>
            <steps/>
            <attachments/>
            <labels>
                <label name="testSuite" value="DoctorSuite"/>
                <label name="testGroup" value="DoctorSuite"/>
                <label name="testClass" value="com.sailotech.ezscheduler.testpages.Providerrregistrationtest"/>
                <label name="testMethod" value="TC_02_DoctorRegistration"/>
                <label name="severity" value="normal"/>
                <label name="testId" value="TC_02"/>
                <label name="host" value="DESKTOP-A4GJKOM"/>
                <label name="thread" value="68780@DESKTOP-A4GJKOM.main(1)"/>
            </labels>
        </test-case>
        <test-case start="1609017925900" stop="1609017939216" status="passed">
            <name>TC_01_Navigate_To_DoctorLoginRegister</name>
            <description type="text">Navigate_To_DoctorLoginRegister</description>
            <steps/>
            <attachments>
                <attachment title="EzHomePage" source="cab4231b-1148-4e45-8c42-77848119c35d-attachment.png" type="image/png"/>
            </attachments>
            <labels>
                <label name="testSuite" value="DoctorSuite"/>
                <label name="testGroup" value="DoctorSuite"/>
                <label name="testClass" value="com.sailotech.ezscheduler.login_testpages.Providerlogintest"/>
                <label name="testMethod" value="TC_01_Navigate_To_DoctorLoginRegister"/>
                <label name="severity" value="normal"/>
                <label name="testId" value="TC_07"/>
                <label name="host" value="DESKTOP-A4GJKOM"/>
                <label name="thread" value="68780@DESKTOP-A4GJKOM.main(1)"/>
            </labels>
        </test-case>
        <test-case start="1609017939275" stop="1609017951792" status="passed">
            <name>TC_02_DoctorLogin</name>
            <description type="text">Navigate_To_DoctorLogin</description>
            <steps/>
            <attachments>
                <attachment title="NavigateDoctorLogin" source="413af98e-7232-4ac4-8efe-99e4c0ec397c-attachment.png" type="image/png"/>
            </attachments>
            <labels>
                <label name="testSuite" value="DoctorSuite"/>
                <label name="testGroup" value="DoctorSuite"/>
                <label name="testClass" value="com.sailotech.ezscheduler.login_testpages.Providerlogintest"/>
                <label name="testMethod" value="TC_02_DoctorLogin"/>
                <label name="severity" value="normal"/>
                <label name="testId" value="TC_08"/>
                <label name="host" value="DESKTOP-A4GJKOM"/>
                <label name="thread" value="68780@DESKTOP-A4GJKOM.main(1)"/>
            </labels>
        </test-case>
        <test-case start="1609017981017" stop="1609017983246" status="passed">
            <name>TC_01_Navigate_To_DoctorLoginRegister</name>
            <description type="text">Navigate_To_DoctorLoginRegister</description>
            <steps/>
            <attachments>
                <attachment title="EzHomePage" source="43c852aa-e1f9-44f6-b981-8a5e025d125a-attachment.png" type="image/png"/>
            </attachments>
            <labels>
                <label name="testSuite" value="DoctorSuite"/>
                <label name="testGroup" value="DoctorSuite"/>
                <label name="testClass" value="com.sailotech.ezscheduler.testpages.Providergenerateslotstest"/>
                <label name="testMethod" value="TC_01_Navigate_To_DoctorLoginRegister"/>
                <label name="severity" value="normal"/>
                <label name="testId" value="TC_07"/>
                <label name="host" value="DESKTOP-A4GJKOM"/>
                <label name="thread" value="68780@DESKTOP-A4GJKOM.main(1)"/>
            </labels>
        </test-case>
        <test-case start="1609017983345" stop="1609017990652" status="passed">
            <name>TC_02_DoctorLogin</name>
            <description type="text">Navigate_To_DoctorLogin</description>
            <steps/>
            <attachments>
                <attachment title="NavigateDoctorLogin" source="1c4f6e9b-d370-4822-8579-80370e280269-attachment.png" type="image/png"/>
            </attachments>
            <labels>
                <label name="testSuite" value="DoctorSuite"/>
                <label name="testGroup" value="DoctorSuite"/>
                <label name="testClass" value="com.sailotech.ezscheduler.testpages.Providergenerateslotstest"/>
                <label name="testMethod" value="TC_02_DoctorLogin"/>
                <label name="severity" value="normal"/>
                <label name="testId" value="TC_08"/>
                <label name="host" value="DESKTOP-A4GJKOM"/>
                <label name="thread" value="68780@DESKTOP-A4GJKOM.main(1)"/>
            </labels>
        </test-case>
        <test-case start="1609017990665" stop="1609018080262" status="passed">
            <name>TC_03_To_GenerateSlots</name>
            <description type="text">To_GenerateSlots</description>
            <steps/>
            <attachments>
                <attachment title="ToGenerateSlots" source="ce737a6b-5b13-4c1f-a841-07d83e6b4127-attachment.png" type="image/png"/>
                <attachment title="ToGenerateSlots" source="af1fd1ae-c75a-4b6e-b1d9-a6023f1c01de-attachment.png" type="image/png"/>
            </attachments>
            <labels>
                <label name="testSuite" value="DoctorSuite"/>
                <label name="testGroup" value="DoctorSuite"/>
                <label name="testClass" value="com.sailotech.ezscheduler.testpages.Providergenerateslotstest"/>
                <label name="testMethod" value="TC_03_To_GenerateSlots"/>
                <label name="severity" value="normal"/>
                <label name="testId" value="TC_09"/>
                <label name="host" value="DESKTOP-A4GJKOM"/>
                <label name="thread" value="68780@DESKTOP-A4GJKOM.main(1)"/>
            </labels>
        </test-case>
        <test-case start="1609018080276" stop="1609018087466" status="passed">
            <name>TC_04_DoctorLogout</name>
            <description type="text">Navigate_homepage_to_DoctorLogout</description>
            <steps/>
            <attachments>
                <attachment title="EzHomePage" source="7181620b-37ed-4ea6-98c2-c9cb320efeb3-attachment.png" type="image/png"/>
            </attachments>
            <labels>
                <label name="testSuite" value="DoctorSuite"/>
                <label name="testGroup" value="DoctorSuite"/>
                <label name="testClass" value="com.sailotech.ezscheduler.testpages.Providergenerateslotstest"/>
                <label name="testMethod" value="TC_04_DoctorLogout"/>
                <label name="severity" value="normal"/>
                <label name="testId" value="TC_10"/>
                <label name="host" value="DESKTOP-A4GJKOM"/>
                <label name="thread" value="68780@DESKTOP-A4GJKOM.main(1)"/>
            </labels>
        </test-case>
        <test-case start="1609018089211" stop="1609018089235" status="broken">
            <name>stopRecording</name>
            <description>@AfterTest</description>
            <failure>
                <message>NoSuchSessionException: no such session
  (Driver info: chromedriver=2.40.565498 (ea082db3280dd6843ebfb08a625e3eb905c4f5ab),platform=Windows NT 10.0.18363 x86_64) (WARNING: The server did not provide any stacktrace information)
Command duration or timeout: 0 milliseconds
Build info: version: '3.141.59', revision: 'e82be7d358', time: '2018-11-14T08:17:03'
System info: host: 'DESKTOP-A4GJKOM', ip: '192.168.1.98', os.name: 'Windows 10', os.arch: 'amd64', os.version: '10.0', java.version: '1.8.0_271'
Driver info: org.openqa.selenium.chrome.ChromeDriver
Capabilities {acceptInsecureCerts: false, acceptSslCerts: false, applicationCacheEnabled: false, browserConnectionEnabled: false, browserName: chrome, chrome: {chromedriverVersion: 2.40.565498 (ea082db3280dd6..., userDataDir: C:\Users\sukki\AppData\Loca...}, cssSelectorsEnabled: true, databaseEnabled: false, handlesAlerts: true, hasTouchScreen: false, javascriptEnabled: true, locationContextEnabled: true, mobileEmulationEnabled: false, nativeEvents: true, networkConnectionEnabled: false, pageLoadStrategy: normal, platform: XP, platformName: XP, rotatable: false, setWindowRect: true, takesHeapSnapshot: true, takesScreenshot: true, unexpectedAlertBehaviour: , unhandledPromptBehavior: , version: 87.0.4280.88, webStorageEnabled: true}
Session ID: 40f68babaa298e25fc0dcef439b2aee2</message>
                <stack-trace>org.openqa.selenium.NoSuchSessionException: no such session
  (Driver info: chromedriver=2.40.565498 (ea082db3280dd6843ebfb08a625e3eb905c4f5ab),platform=Windows NT 10.0.18363 x86_64) (WARNING: The server did not provide any stacktrace information)
Command duration or timeout: 0 milliseconds
Build info: version: '3.141.59', revision: 'e82be7d358', time: '2018-11-14T08:17:03'
System info: host: 'DESKTOP-A4GJKOM', ip: '192.168.1.98', os.name: 'Windows 10', os.arch: 'amd64', os.version: '10.0', java.version: '1.8.0_271'
Driver info: org.openqa.selenium.chrome.ChromeDriver
Capabilities {acceptInsecureCerts: false, acceptSslCerts: false, applicationCacheEnabled: false, browserConnectionEnabled: false, browserName: chrome, chrome: {chromedriverVersion: 2.40.565498 (ea082db3280dd6..., userDataDir: C:\Users\sukki\AppData\Loca...}, cssSelectorsEnabled: true, databaseEnabled: false, handlesAlerts: true, hasTouchScreen: false, javascriptEnabled: true, locationContextEnabled: true, mobileEmulationEnabled: false, nativeEvents: true, networkConnectionEnabled: false, pageLoadStrategy: normal, platform: XP, platformName: XP, rotatable: false, setWindowRect: true, takesHeapSnapshot: true, takesScreenshot: true, unexpectedAlertBehaviour: , unhandledPromptBehavior: , version: 87.0.4280.88, webStorageEnabled: true}
Session ID: 40f68babaa298e25fc0dcef439b2aee2&#13;
	at sun.reflect.NativeConstructorAccessorImpl.newInstance0(Native Method)&#13;
	at sun.reflect.NativeConstructorAccessorImpl.newInstance(NativeConstructorAccessorImpl.java:62)&#13;
	at sun.reflect.DelegatingConstructorAccessorImpl.newInstance(DelegatingConstructorAccessorImpl.java:45)&#13;
	at java.lang.reflect.Constructor.newInstance(Constructor.java:423)&#13;
	at org.openqa.selenium.remote.ErrorHandler.createThrowable(ErrorHandler.java:214)&#13;
	at org.openqa.selenium.remote.ErrorHandler.throwIfResponseFailed(ErrorHandler.java:166)&#13;
	at org.openqa.selenium.remote.http.JsonHttpResponseCodec.reconstructValue(JsonHttpResponseCodec.java:40)&#13;
	at org.openqa.selenium.remote.http.AbstractHttpResponseCodec.decode(AbstractHttpResponseCodec.java:80)&#13;
	at org.openqa.selenium.remote.http.AbstractHttpResponseCodec.decode(AbstractHttpResponseCodec.java:44)&#13;
	at org.openqa.selenium.remote.HttpCommandExecutor.execute(HttpCommandExecutor.java:158)&#13;
	at org.openqa.selenium.remote.service.DriverCommandExecutor.execute(DriverCommandExecutor.java:83)&#13;
	at org.openqa.selenium.remote.RemoteWebDriver.execute(RemoteWebDriver.java:552)&#13;
	at org.openqa.selenium.remote.RemoteWebDriver.execute(RemoteWebDriver.java:609)&#13;
	at org.openqa.selenium.remote.RemoteWebDriver.close(RemoteWebDriver.java:442)&#13;
	at com.sailotech.ezscheduler.login_testpages.Providerlogintest.stopRecording(Providerlogintest.java:58)&#13;
	at sun.reflect.NativeMethodAccessorImpl.invoke0(Native Method)&#13;
	at sun.reflect.NativeMethodAccessorImpl.invoke(NativeMethodAccessorImpl.java:62)&#13;
	at sun.reflect.DelegatingMethodAccessorImpl.invoke(DelegatingMethodAccessorImpl.java:43)&#13;
	at java.lang.reflect.Method.invoke(Method.java:498)&#13;
	at org.testng.internal.MethodInvocationHelper.invokeMethod(MethodInvocationHelper.java:124)&#13;
	at org.testng.internal.MethodInvocationHelper.invokeMethodConsideringTimeout(MethodInvocationHelper.java:59)&#13;
	at org.testng.internal.Invoker.invokeConfigurationMethod(Invoker.java:458)&#13;
	at org.testng.internal.Invoker.invokeConfigurations(Invoker.java:222)&#13;
	at org.testng.internal.Invoker.invokeConfigurations(Invoker.java:142)&#13;
	at org.testng.TestRunner.afterRun(TestRunner.java:725)&#13;
	at org.testng.TestRunner.run(TestRunner.java:509)&#13;
	at org.testng.SuiteRunner.runTest(SuiteRunner.java:455)&#13;
	at org.testng.SuiteRunner.runSequentially(SuiteRunner.java:450)&#13;
	at org.testng.SuiteRunner.privateRun(SuiteRunner.java:415)&#13;
	at org.testng.SuiteRunner.run(SuiteRunner.java:364)&#13;
	at org.testng.SuiteRunnerWorker.runSuite(SuiteRunnerWorker.java:52)&#13;
	at org.testng.SuiteRunnerWorker.run(SuiteRunnerWorker.java:84)&#13;
	at org.testng.TestNG.runSuitesSequentially(TestNG.java:1208)&#13;
	at org.testng.TestNG.runSuitesLocally(TestNG.java:1137)&#13;
	at org.testng.TestNG.runSuites(TestNG.java:1049)&#13;
	at org.testng.TestNG.run(TestNG.java:1017)&#13;
	at org.testng.remote.AbstractRemoteTestNG.run(AbstractRemoteTestNG.java:115)&#13;
	at org.testng.remote.RemoteTestNG.initAndRun(RemoteTestNG.java:251)&#13;
	at org.testng.remote.RemoteTestNG.main(RemoteTestNG.java:77)&#13;
</stack-trace>
            </failure>
            <steps/>
            <attachments/>
            <labels>
                <label name="host" value="DESKTOP-A4GJKOM"/>
                <label name="thread" value="68780@DESKTOP-A4GJKOM.main(1)"/>
            </labels>
        </test-case>
    </test-cases>
    <labels>
        <label name="framework" value="TestNG"/>
        <label name="language" value="JAVA"/>
    </labels>
</ns2:test-suite>
