<?xml version="1.0" encoding="UTF-8" standalone="yes"?>
<ns2:test-suite start="1607259459434" stop="1607259489669" version="1.5.4" xmlns:ns2="urn:model.allure.qatools.yandex.ru">
    <name>Default suite : Default test</name>
    <title>Default suite : Default test</title>
    <test-cases>
        <test-case start="1607259479158" stop="1607259481679" status="passed">
            <name>TC_01_navigate_homepage_to_Doctor_login</name>
            <description type="text">Navigate_homepage_to_Doctor_loginRegister</description>
            <steps/>
            <attachments>
                <attachment title="EzHomePage" source="e78a98bf-b191-4f65-bb15-adda339bad11-attachment.png" type="image/png"/>
            </attachments>
            <labels>
                <label name="testSuite" value="Default suite"/>
                <label name="testGroup" value="Default test"/>
                <label name="testClass" value="sailotech.com.EzScheduler.GenerateSlots.GenerateSlotsTest"/>
                <label name="testMethod" value="TC_01_navigate_homepage_to_Doctor_login"/>
                <label name="severity" value="normal"/>
                <label name="testId" value="TC_01"/>
                <label name="host" value="DESKTOP-A4GJKOM"/>
                <label name="thread" value="31748@DESKTOP-A4GJKOM.main(1)"/>
            </labels>
        </test-case>
        <test-case start="1607259481799" stop="1607259488563" status="passed">
            <name>TC_02_DoctorLogin</name>
            <description type="text">Navigate_homepage_to_DoctorLogin</description>
            <steps/>
            <attachments>
                <attachment title="NavigateDoctorLogin" source="e371a79d-b232-4b00-8e53-1d1de5f934a8-attachment.png" type="image/png"/>
            </attachments>
            <labels>
                <label name="testSuite" value="Default suite"/>
                <label name="testGroup" value="Default test"/>
                <label name="testClass" value="sailotech.com.EzScheduler.GenerateSlots.GenerateSlotsTest"/>
                <label name="testMethod" value="TC_02_DoctorLogin"/>
                <label name="severity" value="normal"/>
                <label name="testId" value="TC_02"/>
                <label name="host" value="DESKTOP-A4GJKOM"/>
                <label name="thread" value="31748@DESKTOP-A4GJKOM.main(1)"/>
            </labels>
        </test-case>
        <test-case start="1607259488572" stop="1607259488666" status="broken">
            <name>TC_03_GenerateSlots</name>
            <description type="text">Navigate_GenerateSlots</description>
            <failure>
                <message>POIXMLException: org.apache.xmlbeans.XmlException: error: Unexpected end of file after null</message>
                <stack-trace>org.apache.poi.POIXMLException: org.apache.xmlbeans.XmlException: error: Unexpected end of file after null
	at org.apache.poi.xssf.usermodel.XSSFWorkbook.onDocumentRead(XSSFWorkbook.java:375)
	at org.apache.poi.POIXMLDocument.load(POIXMLDocument.java:166)
	at org.apache.poi.xssf.usermodel.XSSFWorkbook.&lt;init&gt;(XSSFWorkbook.java:263)
	at sailotech.com.EzScheduler.GenerateSlots.GenerateSlots.GenerateSlots(GenerateSlots.java:55)
	at sailotech.com.EzScheduler.GenerateSlots.GenerateSlotsTest.TC_03_GenerateSlots(GenerateSlotsTest.java:89)
	at sun.reflect.NativeMethodAccessorImpl.invoke0(Native Method)
	at sun.reflect.NativeMethodAccessorImpl.invoke(Unknown Source)
	at sun.reflect.DelegatingMethodAccessorImpl.invoke(Unknown Source)
	at java.lang.reflect.Method.invoke(Unknown Source)
	at org.testng.internal.MethodInvocationHelper.invokeMethod(MethodInvocationHelper.java:124)
	at org.testng.internal.Invoker.invokeMethod(Invoker.java:583)
	at org.testng.internal.Invoker.invokeTestMethod(Invoker.java:719)
	at org.testng.internal.Invoker.invokeTestMethods(Invoker.java:989)
	at org.testng.internal.TestMethodWorker.invokeTestMethods(TestMethodWorker.java:125)
	at org.testng.internal.TestMethodWorker.run(TestMethodWorker.java:109)
	at org.testng.TestRunner.privateRun(TestRunner.java:648)
	at org.testng.TestRunner.run(TestRunner.java:505)
	at org.testng.SuiteRunner.runTest(SuiteRunner.java:455)
	at org.testng.SuiteRunner.runSequentially(SuiteRunner.java:450)
	at org.testng.SuiteRunner.privateRun(SuiteRunner.java:415)
	at org.testng.SuiteRunner.run(SuiteRunner.java:364)
	at org.testng.SuiteRunnerWorker.runSuite(SuiteRunnerWorker.java:52)
	at org.testng.SuiteRunnerWorker.run(SuiteRunnerWorker.java:84)
	at org.testng.TestNG.runSuitesSequentially(TestNG.java:1208)
	at org.testng.TestNG.runSuitesLocally(TestNG.java:1137)
	at org.testng.TestNG.runSuites(TestNG.java:1049)
	at org.testng.TestNG.run(TestNG.java:1017)
	at org.testng.remote.AbstractRemoteTestNG.run(AbstractRemoteTestNG.java:115)
	at org.testng.remote.RemoteTestNG.initAndRun(RemoteTestNG.java:251)
	at org.testng.remote.RemoteTestNG.main(RemoteTestNG.java:77)
Caused by: org.apache.xmlbeans.XmlException: error: Unexpected end of file after null
	at org.apache.xmlbeans.impl.store.Locale$SaxLoader.load(Locale.java:3511)
	at org.apache.xmlbeans.impl.store.Locale.parseToXmlObject(Locale.java:1277)
	at org.apache.xmlbeans.impl.store.Locale.parseToXmlObject(Locale.java:1264)
	at org.apache.xmlbeans.impl.schema.SchemaTypeLoaderBase.parse(SchemaTypeLoaderBase.java:345)
	at org.openxmlformats.schemas.spreadsheetml.x2006.main.WorkbookDocument$Factory.parse(Unknown Source)
	at org.apache.poi.xssf.usermodel.XSSFWorkbook.onDocumentRead(XSSFWorkbook.java:314)
	... 29 more
Caused by: org.xml.sax.SAXParseException; systemId: file:; lineNumber: 1; columnNumber: 1; Unexpected end of file after null
	at org.apache.xmlbeans.impl.piccolo.xml.Piccolo.reportFatalError(Piccolo.java:1038)
	at org.apache.xmlbeans.impl.piccolo.xml.Piccolo.parse(Piccolo.java:723)
	at org.apache.xmlbeans.impl.store.Locale$SaxLoader.load(Locale.java:3479)
	... 34 more
</stack-trace>
            </failure>
            <steps/>
            <attachments/>
            <labels>
                <label name="testSuite" value="Default suite"/>
                <label name="testGroup" value="Default test"/>
                <label name="testClass" value="sailotech.com.EzScheduler.GenerateSlots.GenerateSlotsTest"/>
                <label name="testMethod" value="TC_03_GenerateSlots"/>
                <label name="severity" value="normal"/>
                <label name="testId" value="TC_03"/>
                <label name="host" value="DESKTOP-A4GJKOM"/>
                <label name="thread" value="31748@DESKTOP-A4GJKOM.main(1)"/>
            </labels>
        </test-case>
    </test-cases>
    <labels>
        <label name="framework" value="TestNG"/>
        <label name="language" value="JAVA"/>
    </labels>
</ns2:test-suite>
