<?xml version="1.0" encoding="UTF-8" standalone="yes"?>
<ns2:test-suite start="1608159687621" stop="1608159767017" version="1.5.4" xmlns:ns2="urn:model.allure.qatools.yandex.ru">
    <name>Default suite : Default test</name>
    <title>Default suite : Default test</title>
    <test-cases>
        <test-case start="1608159708020" stop="1608159712914" status="passed">
            <name>TC_01_navigate_homepage_to_admin_login</name>
            <description type="text">Navigate_homepage_to_Admin_loginRegister </description>
            <steps/>
            <attachments>
                <attachment title="EzHomePage" source="094f0b21-09d3-404b-87d8-c32c1f15b99e-attachment.png" type="image/png"/>
            </attachments>
            <labels>
                <label name="testSuite" value="Default suite"/>
                <label name="testGroup" value="Default test"/>
                <label name="testClass" value="sailotech.com.EzScheduler.AdminCredentialspagenew.AdminLoginCredentialsTest"/>
                <label name="testMethod" value="TC_01_navigate_homepage_to_admin_login"/>
                <label name="severity" value="normal"/>
                <label name="testId" value="TC_18"/>
                <label name="host" value="DESKTOP-A4GJKOM"/>
                <label name="thread" value="28276@DESKTOP-A4GJKOM.main(1)"/>
            </labels>
        </test-case>
        <test-case start="1608159713171" stop="1608159766808" status="broken">
            <name>TC_02_adminlogin</name>
            <description type="text">Navigate_homepage_to_AdminLogin</description>
            <failure>
                <message>RuntimeException: Unexpected result for screenshot command: null</message>
                <stack-trace>java.lang.RuntimeException: Unexpected result for screenshot command: null&#13;
	at org.openqa.selenium.remote.RemoteWebDriver.getScreenshotAs(RemoteWebDriver.java:304)&#13;
	at sailotech.com.EzScheduler.NegativeTestImplementationClass.AdminLoginCredentials.NavigateAdminLogin(AdminLoginCredentials.java:56)&#13;
	at sailotech.com.EzScheduler.NegativeTestImplementationClass.AdminLoginCredentials.Adminlogin(AdminLoginCredentials.java:135)&#13;
	at sailotech.com.EzScheduler.AdminCredentialspagenew.AdminLoginCredentialsTest.TC_02_adminlogin(AdminLoginCredentialsTest.java:71)&#13;
	at sun.reflect.NativeMethodAccessorImpl.invoke0(Native Method)&#13;
	at sun.reflect.NativeMethodAccessorImpl.invoke(NativeMethodAccessorImpl.java:62)&#13;
	at sun.reflect.DelegatingMethodAccessorImpl.invoke(DelegatingMethodAccessorImpl.java:43)&#13;
	at java.lang.reflect.Method.invoke(Method.java:498)&#13;
	at org.testng.internal.MethodInvocationHelper.invokeMethod(MethodInvocationHelper.java:124)&#13;
	at org.testng.internal.Invoker.invokeMethod(Invoker.java:583)&#13;
	at org.testng.internal.Invoker.invokeTestMethod(Invoker.java:719)&#13;
	at org.testng.internal.Invoker.invokeTestMethods(Invoker.java:989)&#13;
	at org.testng.internal.TestMethodWorker.invokeTestMethods(TestMethodWorker.java:125)&#13;
	at org.testng.internal.TestMethodWorker.run(TestMethodWorker.java:109)&#13;
	at org.testng.TestRunner.privateRun(TestRunner.java:648)&#13;
	at org.testng.TestRunner.run(TestRunner.java:505)&#13;
	at org.testng.SuiteRunner.runTest(SuiteRunner.java:455)&#13;
	at org.testng.SuiteRunner.runSequentially(SuiteRunner.java:450)&#13;
	at org.testng.SuiteRunner.privateRun(SuiteRunner.java:415)&#13;
	at org.testng.SuiteRunner.run(SuiteRunner.java:364)&#13;
	at org.testng.SuiteRunnerWorker.runSuite(SuiteRunnerWorker.java:52)&#13;
	at org.testng.SuiteRunnerWorker.run(SuiteRunnerWorker.java:84)&#13;
	at org.testng.TestNG.runSuitesSequentially(TestNG.java:1208)&#13;
	at org.testng.TestNG.runSuitesLocally(TestNG.java:1137)&#13;
	at org.testng.TestNG.runSuites(TestNG.java:1049)&#13;
	at org.testng.TestNG.run(TestNG.java:1017)&#13;
	at org.testng.remote.AbstractRemoteTestNG.run(AbstractRemoteTestNG.java:115)&#13;
	at org.testng.remote.RemoteTestNG.initAndRun(RemoteTestNG.java:251)&#13;
	at org.testng.remote.RemoteTestNG.main(RemoteTestNG.java:77)&#13;
</stack-trace>
            </failure>
            <steps/>
            <attachments/>
            <labels>
                <label name="testSuite" value="Default suite"/>
                <label name="testGroup" value="Default test"/>
                <label name="testClass" value="sailotech.com.EzScheduler.AdminCredentialspagenew.AdminLoginCredentialsTest"/>
                <label name="testMethod" value="TC_02_adminlogin"/>
                <label name="severity" value="normal"/>
                <label name="testId" value="TC_19"/>
                <label name="host" value="DESKTOP-A4GJKOM"/>
                <label name="thread" value="28276@DESKTOP-A4GJKOM.main(1)"/>
            </labels>
        </test-case>
    </test-cases>
    <labels>
        <label name="framework" value="TestNG"/>
        <label name="language" value="JAVA"/>
    </labels>
</ns2:test-suite>
