<?xml version="1.0" encoding="UTF-8" standalone="yes"?>
<ns2:test-suite start="1609940805446" stop="1609941586120" version="1.5.4" xmlns:ns2="urn:model.allure.qatools.yandex.ru">
    <name>SmokeTest : SmokeTest</name>
    <title>SmokeTest : SmokeTest</title>
    <test-cases>
        <test-case start="1609940834025" stop="1609940837901" status="passed">
            <name>TC_01_navigate_To_DoctorLoginRegister</name>
            <description type="text">Navigate_To_DoctorLoginRegister</description>
            <steps/>
            <attachments>
                <attachment title="EzHomePage" source="5435c81b-c5c8-40ca-9005-62033ffbdbb2-attachment.png" type="image/png"/>
            </attachments>
            <labels>
                <label name="testSuite" value="SmokeTest"/>
                <label name="testGroup" value="SmokeTest"/>
                <label name="testClass" value="com.sailotech.ezscheduler.testpages.Providerrregistrationtest"/>
                <label name="testMethod" value="TC_01_navigate_To_DoctorLoginRegister"/>
                <label name="severity" value="normal"/>
                <label name="testId" value="TC_01"/>
                <label name="host" value="DESKTOP-A4GJKOM"/>
                <label name="thread" value="10952@DESKTOP-A4GJKOM.main(1)"/>
            </labels>
        </test-case>
        <test-case start="1609940838329" stop="1609940886697" status="passed">
            <name>TC_02_DoctorRegistration</name>
            <description type="text">Navigate_DoctorRegister</description>
            <steps/>
            <attachments/>
            <labels>
                <label name="testSuite" value="SmokeTest"/>
                <label name="testGroup" value="SmokeTest"/>
                <label name="testClass" value="com.sailotech.ezscheduler.testpages.Providerrregistrationtest"/>
                <label name="testMethod" value="TC_02_DoctorRegistration"/>
                <label name="severity" value="normal"/>
                <label name="testId" value="TC_02"/>
                <label name="host" value="DESKTOP-A4GJKOM"/>
                <label name="thread" value="10952@DESKTOP-A4GJKOM.main(1)"/>
            </labels>
        </test-case>
        <test-case start="1609940982782" stop="1609940987935" status="passed">
            <name>TC_01_Navigate_to_AdminLoginRegister</name>
            <description type="text">Navigate_to_AdminloginRegister </description>
            <steps/>
            <attachments>
                <attachment title="EzHomePage" source="500aa813-98ec-4e00-bc51-9505cc32fa1a-attachment.png" type="image/png"/>
            </attachments>
            <labels>
                <label name="testSuite" value="SmokeTest"/>
                <label name="testGroup" value="SmokeTest"/>
                <label name="testClass" value="com.sailotech.ezscheduler.login_testpages.Adminlogintest"/>
                <label name="testMethod" value="TC_01_Navigate_to_AdminLoginRegister"/>
                <label name="severity" value="normal"/>
                <label name="testId" value="TC_03"/>
                <label name="host" value="DESKTOP-A4GJKOM"/>
                <label name="thread" value="10952@DESKTOP-A4GJKOM.main(1)"/>
            </labels>
        </test-case>
        <test-case start="1609940988000" stop="1609940995486" status="passed">
            <name>TC_02_Navigate_to_AdminLogin</name>
            <description type="text">Navigate_to_AdminLogin</description>
            <steps/>
            <attachments>
                <attachment title="NavigateAdminLogin" source="f4d7682f-616f-4d55-9372-45c1cb384f0f-attachment.png" type="image/png"/>
            </attachments>
            <labels>
                <label name="testSuite" value="SmokeTest"/>
                <label name="testGroup" value="SmokeTest"/>
                <label name="testClass" value="com.sailotech.ezscheduler.login_testpages.Adminlogintest"/>
                <label name="testMethod" value="TC_02_Navigate_to_AdminLogin"/>
                <label name="severity" value="normal"/>
                <label name="testId" value="TC_04"/>
                <label name="host" value="DESKTOP-A4GJKOM"/>
                <label name="thread" value="10952@DESKTOP-A4GJKOM.main(1)"/>
            </labels>
        </test-case>
        <test-case start="1609941117994" stop="1609941122768" status="broken">
            <name>TC_01_Navigate_to_AdminLoginRegister</name>
            <description type="text">Navigate_to_AdminloginRegister </description>
            <failure>
                <message>WebDriverException: unknown error: Element &lt;span class="app-notification-menu"&gt;...&lt;/span&gt; is not clickable at point (1443, 35). Other element would receive the click: &lt;div class="MuiBackdrop-root jss34" aria-hidden="true" style="opacity: 1; transition: opacity 225ms cubic-bezier(0.4, 0, 0.2, 1) 0ms;"&gt;...&lt;/div&gt;
  (Session info: chrome=87.0.4280.88)
  (Driver info: chromedriver=2.40.565498 (ea082db3280dd6843ebfb08a625e3eb905c4f5ab),platform=Windows NT 10.0.18363 x86_64) (WARNING: The server did not provide any stacktrace information)
Command duration or timeout: 0 milliseconds
Build info: version: '3.141.59', revision: 'e82be7d358', time: '2018-11-14T08:17:03'
System info: host: 'DESKTOP-A4GJKOM', ip: '192.168.1.98', os.name: 'Windows 10', os.arch: 'amd64', os.version: '10.0', java.version: '1.8.0_271'
Driver info: org.openqa.selenium.chrome.ChromeDriver
Capabilities {acceptInsecureCerts: false, acceptSslCerts: false, applicationCacheEnabled: false, browserConnectionEnabled: false, browserName: chrome, chrome: {chromedriverVersion: 2.40.565498 (ea082db3280dd6..., userDataDir: C:\Users\sukki\AppData\Loca...}, cssSelectorsEnabled: true, databaseEnabled: false, handlesAlerts: true, hasTouchScreen: false, javascriptEnabled: true, locationContextEnabled: true, mobileEmulationEnabled: false, nativeEvents: true, networkConnectionEnabled: false, pageLoadStrategy: normal, platform: XP, platformName: XP, rotatable: false, setWindowRect: true, takesHeapSnapshot: true, takesScreenshot: true, unexpectedAlertBehaviour: , unhandledPromptBehavior: , version: 87.0.4280.88, webStorageEnabled: true}
Session ID: d0708006c1741db03159182c7888fd25</message>
                <stack-trace>org.openqa.selenium.WebDriverException: unknown error: Element &lt;span class="app-notification-menu"&gt;...&lt;/span&gt; is not clickable at point (1443, 35). Other element would receive the click: &lt;div class="MuiBackdrop-root jss34" aria-hidden="true" style="opacity: 1; transition: opacity 225ms cubic-bezier(0.4, 0, 0.2, 1) 0ms;"&gt;...&lt;/div&gt;
  (Session info: chrome=87.0.4280.88)
  (Driver info: chromedriver=2.40.565498 (ea082db3280dd6843ebfb08a625e3eb905c4f5ab),platform=Windows NT 10.0.18363 x86_64) (WARNING: The server did not provide any stacktrace information)
Command duration or timeout: 0 milliseconds
Build info: version: '3.141.59', revision: 'e82be7d358', time: '2018-11-14T08:17:03'
System info: host: 'DESKTOP-A4GJKOM', ip: '192.168.1.98', os.name: 'Windows 10', os.arch: 'amd64', os.version: '10.0', java.version: '1.8.0_271'
Driver info: org.openqa.selenium.chrome.ChromeDriver
Capabilities {acceptInsecureCerts: false, acceptSslCerts: false, applicationCacheEnabled: false, browserConnectionEnabled: false, browserName: chrome, chrome: {chromedriverVersion: 2.40.565498 (ea082db3280dd6..., userDataDir: C:\Users\sukki\AppData\Loca...}, cssSelectorsEnabled: true, databaseEnabled: false, handlesAlerts: true, hasTouchScreen: false, javascriptEnabled: true, locationContextEnabled: true, mobileEmulationEnabled: false, nativeEvents: true, networkConnectionEnabled: false, pageLoadStrategy: normal, platform: XP, platformName: XP, rotatable: false, setWindowRect: true, takesHeapSnapshot: true, takesScreenshot: true, unexpectedAlertBehaviour: , unhandledPromptBehavior: , version: 87.0.4280.88, webStorageEnabled: true}
Session ID: d0708006c1741db03159182c7888fd25&#13;
	at sun.reflect.NativeConstructorAccessorImpl.newInstance0(Native Method)&#13;
	at sun.reflect.NativeConstructorAccessorImpl.newInstance(NativeConstructorAccessorImpl.java:62)&#13;
	at sun.reflect.DelegatingConstructorAccessorImpl.newInstance(DelegatingConstructorAccessorImpl.java:45)&#13;
	at java.lang.reflect.Constructor.newInstance(Constructor.java:423)&#13;
	at org.openqa.selenium.remote.ErrorHandler.createThrowable(ErrorHandler.java:214)&#13;
	at org.openqa.selenium.remote.ErrorHandler.throwIfResponseFailed(ErrorHandler.java:166)&#13;
	at org.openqa.selenium.remote.http.JsonHttpResponseCodec.reconstructValue(JsonHttpResponseCodec.java:40)&#13;
	at org.openqa.selenium.remote.http.AbstractHttpResponseCodec.decode(AbstractHttpResponseCodec.java:80)&#13;
	at org.openqa.selenium.remote.http.AbstractHttpResponseCodec.decode(AbstractHttpResponseCodec.java:44)&#13;
	at org.openqa.selenium.remote.HttpCommandExecutor.execute(HttpCommandExecutor.java:158)&#13;
	at org.openqa.selenium.remote.service.DriverCommandExecutor.execute(DriverCommandExecutor.java:83)&#13;
	at org.openqa.selenium.remote.RemoteWebDriver.execute(RemoteWebDriver.java:552)&#13;
	at org.openqa.selenium.remote.RemoteWebElement.execute(RemoteWebElement.java:285)&#13;
	at org.openqa.selenium.remote.RemoteWebElement.click(RemoteWebElement.java:84)&#13;
	at sun.reflect.NativeMethodAccessorImpl.invoke0(Native Method)&#13;
	at sun.reflect.NativeMethodAccessorImpl.invoke(NativeMethodAccessorImpl.java:62)&#13;
	at sun.reflect.DelegatingMethodAccessorImpl.invoke(DelegatingMethodAccessorImpl.java:43)&#13;
	at java.lang.reflect.Method.invoke(Method.java:498)&#13;
	at org.openqa.selenium.support.pagefactory.internal.LocatingElementHandler.invoke(LocatingElementHandler.java:51)&#13;
	at com.sun.proxy.$Proxy17.click(Unknown Source)&#13;
	at com.sailotech.ezscheduler.login_Implementationpages.Adminlogin.navigate_to_Admin_login(Adminlogin.java:35)&#13;
	at com.sailotech.ezscheduler.testpages.Adminverifydoctortest.TC_01_Navigate_to_AdminLoginRegister(Adminverifydoctortest.java:41)&#13;
	at sun.reflect.NativeMethodAccessorImpl.invoke0(Native Method)&#13;
	at sun.reflect.NativeMethodAccessorImpl.invoke(NativeMethodAccessorImpl.java:62)&#13;
	at sun.reflect.DelegatingMethodAccessorImpl.invoke(DelegatingMethodAccessorImpl.java:43)&#13;
	at java.lang.reflect.Method.invoke(Method.java:498)&#13;
	at org.testng.internal.MethodInvocationHelper.invokeMethod(MethodInvocationHelper.java:124)&#13;
	at org.testng.internal.Invoker.invokeMethod(Invoker.java:583)&#13;
	at org.testng.internal.Invoker.invokeTestMethod(Invoker.java:719)&#13;
	at org.testng.internal.Invoker.invokeTestMethods(Invoker.java:989)&#13;
	at org.testng.internal.TestMethodWorker.invokeTestMethods(TestMethodWorker.java:125)&#13;
	at org.testng.internal.TestMethodWorker.run(TestMethodWorker.java:109)&#13;
	at org.testng.TestRunner.privateRun(TestRunner.java:648)&#13;
	at org.testng.TestRunner.run(TestRunner.java:505)&#13;
	at org.testng.SuiteRunner.runTest(SuiteRunner.java:455)&#13;
	at org.testng.SuiteRunner.runSequentially(SuiteRunner.java:450)&#13;
	at org.testng.SuiteRunner.privateRun(SuiteRunner.java:415)&#13;
	at org.testng.SuiteRunner.run(SuiteRunner.java:364)&#13;
	at org.testng.SuiteRunnerWorker.runSuite(SuiteRunnerWorker.java:52)&#13;
	at org.testng.SuiteRunnerWorker.run(SuiteRunnerWorker.java:84)&#13;
	at org.testng.TestNG.runSuitesSequentially(TestNG.java:1208)&#13;
	at org.testng.TestNG.runSuitesLocally(TestNG.java:1137)&#13;
	at org.testng.TestNG.runSuites(TestNG.java:1049)&#13;
	at org.testng.TestNG.run(TestNG.java:1017)&#13;
	at org.testng.remote.AbstractRemoteTestNG.run(AbstractRemoteTestNG.java:115)&#13;
	at org.testng.remote.RemoteTestNG.initAndRun(RemoteTestNG.java:251)&#13;
	at org.testng.remote.RemoteTestNG.main(RemoteTestNG.java:77)&#13;
</stack-trace>
            </failure>
            <steps/>
            <attachments/>
            <labels>
                <label name="testSuite" value="SmokeTest"/>
                <label name="testGroup" value="SmokeTest"/>
                <label name="testClass" value="com.sailotech.ezscheduler.testpages.Adminverifydoctortest"/>
                <label name="testMethod" value="TC_01_Navigate_to_AdminLoginRegister"/>
                <label name="severity" value="normal"/>
                <label name="testId" value="TC_03"/>
                <label name="host" value="DESKTOP-A4GJKOM"/>
                <label name="thread" value="10952@DESKTOP-A4GJKOM.main(1)"/>
            </labels>
        </test-case>
        <test-case start="1609941124958" stop="1609941124960" status="canceled">
            <name>TC_03_AdminVerifyDoctor</name>
            <description type="text">Admin_VerifyDoctor</description>
            <failure>
                <message>: Skipped due to dependency on other skipped or failed test methods</message>
                <stack-trace>ru.yandex.qatools.allure.testng.AllureTestListener$1: Skipped due to dependency on other skipped or failed test methods&#13;
	at ru.yandex.qatools.allure.testng.AllureTestListener.fireTestCaseCancel(AllureTestListener.java:425)&#13;
	at ru.yandex.qatools.allure.testng.AllureTestListener.onTestSkipped(AllureTestListener.java:186)&#13;
	at org.testng.internal.TestListenerHelper.runTestListeners(TestListenerHelper.java:61)&#13;
	at org.testng.internal.Invoker.runTestListeners(Invoker.java:1389)&#13;
	at org.testng.internal.Invoker.registerSkippedTestResult(Invoker.java:1063)&#13;
	at org.testng.internal.Invoker.invokeTestMethods(Invoker.java:888)&#13;
	at org.testng.internal.TestMethodWorker.invokeTestMethods(TestMethodWorker.java:125)&#13;
	at org.testng.internal.TestMethodWorker.run(TestMethodWorker.java:109)&#13;
	at org.testng.TestRunner.privateRun(TestRunner.java:648)&#13;
	at org.testng.TestRunner.run(TestRunner.java:505)&#13;
	at org.testng.SuiteRunner.runTest(SuiteRunner.java:455)&#13;
	at org.testng.SuiteRunner.runSequentially(SuiteRunner.java:450)&#13;
	at org.testng.SuiteRunner.privateRun(SuiteRunner.java:415)&#13;
	at org.testng.SuiteRunner.run(SuiteRunner.java:364)&#13;
	at org.testng.SuiteRunnerWorker.runSuite(SuiteRunnerWorker.java:52)&#13;
	at org.testng.SuiteRunnerWorker.run(SuiteRunnerWorker.java:84)&#13;
	at org.testng.TestNG.runSuitesSequentially(TestNG.java:1208)&#13;
	at org.testng.TestNG.runSuitesLocally(TestNG.java:1137)&#13;
	at org.testng.TestNG.runSuites(TestNG.java:1049)&#13;
	at org.testng.TestNG.run(TestNG.java:1017)&#13;
	at org.testng.remote.AbstractRemoteTestNG.run(AbstractRemoteTestNG.java:115)&#13;
	at org.testng.remote.RemoteTestNG.initAndRun(RemoteTestNG.java:251)&#13;
	at org.testng.remote.RemoteTestNG.main(RemoteTestNG.java:77)&#13;
</stack-trace>
            </failure>
            <steps/>
            <attachments/>
            <labels>
                <label name="testSuite" value="SmokeTest"/>
                <label name="testGroup" value="SmokeTest"/>
                <label name="testClass" value="com.sailotech.ezscheduler.testpages.Adminverifydoctortest"/>
                <label name="testMethod" value="TC_03_AdminVerifyDoctor"/>
                <label name="severity" value="normal"/>
                <label name="testId" value="TC_05"/>
                <label name="host" value="DESKTOP-A4GJKOM"/>
                <label name="thread" value="10952@DESKTOP-A4GJKOM.main(1)"/>
            </labels>
        </test-case>
        <test-case start="1609941124973" stop="1609941124974" status="canceled">
            <name>TC_04_AdminLogout</name>
            <description type="text">To-Logout_from_Adminpage</description>
            <failure>
                <message>: Skipped due to dependency on other skipped or failed test methods</message>
                <stack-trace>ru.yandex.qatools.allure.testng.AllureTestListener$1: Skipped due to dependency on other skipped or failed test methods&#13;
	at ru.yandex.qatools.allure.testng.AllureTestListener.fireTestCaseCancel(AllureTestListener.java:425)&#13;
	at ru.yandex.qatools.allure.testng.AllureTestListener.onTestSkipped(AllureTestListener.java:186)&#13;
	at org.testng.internal.TestListenerHelper.runTestListeners(TestListenerHelper.java:61)&#13;
	at org.testng.internal.Invoker.runTestListeners(Invoker.java:1389)&#13;
	at org.testng.internal.Invoker.registerSkippedTestResult(Invoker.java:1063)&#13;
	at org.testng.internal.Invoker.invokeTestMethods(Invoker.java:888)&#13;
	at org.testng.internal.TestMethodWorker.invokeTestMethods(TestMethodWorker.java:125)&#13;
	at org.testng.internal.TestMethodWorker.run(TestMethodWorker.java:109)&#13;
	at org.testng.TestRunner.privateRun(TestRunner.java:648)&#13;
	at org.testng.TestRunner.run(TestRunner.java:505)&#13;
	at org.testng.SuiteRunner.runTest(SuiteRunner.java:455)&#13;
	at org.testng.SuiteRunner.runSequentially(SuiteRunner.java:450)&#13;
	at org.testng.SuiteRunner.privateRun(SuiteRunner.java:415)&#13;
	at org.testng.SuiteRunner.run(SuiteRunner.java:364)&#13;
	at org.testng.SuiteRunnerWorker.runSuite(SuiteRunnerWorker.java:52)&#13;
	at org.testng.SuiteRunnerWorker.run(SuiteRunnerWorker.java:84)&#13;
	at org.testng.TestNG.runSuitesSequentially(TestNG.java:1208)&#13;
	at org.testng.TestNG.runSuitesLocally(TestNG.java:1137)&#13;
	at org.testng.TestNG.runSuites(TestNG.java:1049)&#13;
	at org.testng.TestNG.run(TestNG.java:1017)&#13;
	at org.testng.remote.AbstractRemoteTestNG.run(AbstractRemoteTestNG.java:115)&#13;
	at org.testng.remote.RemoteTestNG.initAndRun(RemoteTestNG.java:251)&#13;
	at org.testng.remote.RemoteTestNG.main(RemoteTestNG.java:77)&#13;
</stack-trace>
            </failure>
            <steps/>
            <attachments/>
            <labels>
                <label name="testSuite" value="SmokeTest"/>
                <label name="testGroup" value="SmokeTest"/>
                <label name="testClass" value="com.sailotech.ezscheduler.testpages.Adminverifydoctortest"/>
                <label name="testMethod" value="TC_04_AdminLogout"/>
                <label name="severity" value="normal"/>
                <label name="testId" value="TC_06"/>
                <label name="host" value="DESKTOP-A4GJKOM"/>
                <label name="thread" value="10952@DESKTOP-A4GJKOM.main(1)"/>
            </labels>
        </test-case>
        <test-case start="1609941151208" stop="1609941153639" status="passed">
            <name>TC_01_Navigate_To_DoctorLoginRegister</name>
            <description type="text">Navigate_To_DoctorLoginRegister</description>
            <steps/>
            <attachments>
                <attachment title="EzHomePage" source="21985507-492f-46b2-bdb5-0a0043b3ac4b-attachment.png" type="image/png"/>
            </attachments>
            <labels>
                <label name="testSuite" value="SmokeTest"/>
                <label name="testGroup" value="SmokeTest"/>
                <label name="testClass" value="com.sailotech.ezscheduler.login_testpages.Providerlogintest"/>
                <label name="testMethod" value="TC_01_Navigate_To_DoctorLoginRegister"/>
                <label name="severity" value="normal"/>
                <label name="testId" value="TC_07"/>
                <label name="host" value="DESKTOP-A4GJKOM"/>
                <label name="thread" value="10952@DESKTOP-A4GJKOM.main(1)"/>
            </labels>
        </test-case>
        <test-case start="1609941153671" stop="1609941162313" status="passed">
            <name>TC_02_DoctorLogin</name>
            <description type="text">Navigate_To_DoctorLogin</description>
            <steps/>
            <attachments>
                <attachment title="NavigateDoctorLogin" source="8bfa4fdb-f1e0-493a-afe1-106885338002-attachment.png" type="image/png"/>
            </attachments>
            <labels>
                <label name="testSuite" value="SmokeTest"/>
                <label name="testGroup" value="SmokeTest"/>
                <label name="testClass" value="com.sailotech.ezscheduler.login_testpages.Providerlogintest"/>
                <label name="testMethod" value="TC_02_DoctorLogin"/>
                <label name="severity" value="normal"/>
                <label name="testId" value="TC_08"/>
                <label name="host" value="DESKTOP-A4GJKOM"/>
                <label name="thread" value="10952@DESKTOP-A4GJKOM.main(1)"/>
            </labels>
        </test-case>
        <test-case start="1609941192669" stop="1609941194571" status="passed">
            <name>TC_01_Navigate_To_DoctorLoginRegister</name>
            <description type="text">Navigate_To_DoctorLoginRegister</description>
            <steps/>
            <attachments>
                <attachment title="EzHomePage" source="9fe6b9ea-6201-462f-a657-498f93fa9e29-attachment.png" type="image/png"/>
            </attachments>
            <labels>
                <label name="testSuite" value="SmokeTest"/>
                <label name="testGroup" value="SmokeTest"/>
                <label name="testClass" value="com.sailotech.ezscheduler.testpages.Providergenerateslotstest"/>
                <label name="testMethod" value="TC_01_Navigate_To_DoctorLoginRegister"/>
                <label name="severity" value="normal"/>
                <label name="testId" value="TC_07"/>
                <label name="host" value="DESKTOP-A4GJKOM"/>
                <label name="thread" value="10952@DESKTOP-A4GJKOM.main(1)"/>
            </labels>
        </test-case>
        <test-case start="1609941194588" stop="1609941201585" status="passed">
            <name>TC_02_DoctorLogin</name>
            <description type="text">Navigate_To_DoctorLogin</description>
            <steps/>
            <attachments>
                <attachment title="NavigateDoctorLogin" source="34ce611e-2698-41cc-8c7e-404e9047c70a-attachment.png" type="image/png"/>
            </attachments>
            <labels>
                <label name="testSuite" value="SmokeTest"/>
                <label name="testGroup" value="SmokeTest"/>
                <label name="testClass" value="com.sailotech.ezscheduler.testpages.Providergenerateslotstest"/>
                <label name="testMethod" value="TC_02_DoctorLogin"/>
                <label name="severity" value="normal"/>
                <label name="testId" value="TC_08"/>
                <label name="host" value="DESKTOP-A4GJKOM"/>
                <label name="thread" value="10952@DESKTOP-A4GJKOM.main(1)"/>
            </labels>
        </test-case>
        <test-case start="1609941201601" stop="1609941285292" status="passed">
            <name>TC_03_To_GenerateSlots</name>
            <description type="text">To_GenerateSlots</description>
            <steps/>
            <attachments>
                <attachment title="ToGenerateSlots" source="f5f612dc-5cba-47aa-ab69-5318f9eeaf3c-attachment.png" type="image/png"/>
                <attachment title="ToGenerateSlots" source="e78625ad-94ee-4c51-9eb8-ca94904ef225-attachment.png" type="image/png"/>
            </attachments>
            <labels>
                <label name="testSuite" value="SmokeTest"/>
                <label name="testGroup" value="SmokeTest"/>
                <label name="testClass" value="com.sailotech.ezscheduler.testpages.Providergenerateslotstest"/>
                <label name="testMethod" value="TC_03_To_GenerateSlots"/>
                <label name="severity" value="normal"/>
                <label name="testId" value="TC_09"/>
                <label name="host" value="DESKTOP-A4GJKOM"/>
                <label name="thread" value="10952@DESKTOP-A4GJKOM.main(1)"/>
            </labels>
        </test-case>
        <test-case start="1609941285392" stop="1609941290755" status="passed">
            <name>TC_04_DoctorLogout</name>
            <description type="text">Navigate_homepage_to_DoctorLogout</description>
            <steps/>
            <attachments>
                <attachment title="EzHomePage" source="9dd0c763-764c-4b59-91df-82e21b1d0f8c-attachment.png" type="image/png"/>
            </attachments>
            <labels>
                <label name="testSuite" value="SmokeTest"/>
                <label name="testGroup" value="SmokeTest"/>
                <label name="testClass" value="com.sailotech.ezscheduler.testpages.Providergenerateslotstest"/>
                <label name="testMethod" value="TC_04_DoctorLogout"/>
                <label name="severity" value="normal"/>
                <label name="testId" value="TC_10"/>
                <label name="host" value="DESKTOP-A4GJKOM"/>
                <label name="thread" value="10952@DESKTOP-A4GJKOM.main(1)"/>
            </labels>
        </test-case>
        <test-case start="1609941375789" stop="1609941381188" status="passed">
            <name>TC_01_Navigate_To_PatientRegister</name>
            <description type="text">Navigate_To_PatientLoginRegister</description>
            <steps/>
            <attachments>
                <attachment title="EzHomePage" source="6cb8aded-9d3f-405a-9309-4a52a07468e8-attachment.png" type="image/png"/>
            </attachments>
            <labels>
                <label name="testSuite" value="SmokeTest"/>
                <label name="testGroup" value="SmokeTest"/>
                <label name="testClass" value="com.sailotech.ezscheduler.testpages.Consumerregistrationtest"/>
                <label name="testMethod" value="TC_01_Navigate_To_PatientRegister"/>
                <label name="severity" value="normal"/>
                <label name="testId" value="TC_11"/>
                <label name="host" value="DESKTOP-A4GJKOM"/>
                <label name="thread" value="10952@DESKTOP-A4GJKOM.main(1)"/>
            </labels>
        </test-case>
        <test-case start="1609941381308" stop="1609941412032" status="passed">
            <name>TC_02_PatientRegistration</name>
            <description type="text">Navigate_DoctorRegister</description>
            <steps/>
            <attachments>
                <attachment title="PatientRegister" source="f83f0789-eab4-4863-b4c5-df195cfb48c6-attachment.png" type="image/png"/>
            </attachments>
            <labels>
                <label name="testSuite" value="SmokeTest"/>
                <label name="testGroup" value="SmokeTest"/>
                <label name="testClass" value="com.sailotech.ezscheduler.testpages.Consumerregistrationtest"/>
                <label name="testMethod" value="TC_02_PatientRegistration"/>
                <label name="severity" value="normal"/>
                <label name="testId" value="TC_12"/>
                <label name="host" value="DESKTOP-A4GJKOM"/>
                <label name="thread" value="10952@DESKTOP-A4GJKOM.main(1)"/>
            </labels>
        </test-case>
        <test-case start="1609941455403" stop="1609941462564" status="passed">
            <name>TC_01_Navigate_To_Patient_LoginRegister</name>
            <description type="text">Navigate_To_Patient_LoginRegister </description>
            <steps/>
            <attachments>
                <attachment title="EzHomePage" source="a816c7d8-b103-4e0d-9ed3-4a5ce91a1594-attachment.png" type="image/png"/>
            </attachments>
            <labels>
                <label name="testSuite" value="SmokeTest"/>
                <label name="testGroup" value="SmokeTest"/>
                <label name="testClass" value="com.sailotech.ezscheduler.login_testpages.Consumerlogintest"/>
                <label name="testMethod" value="TC_01_Navigate_To_Patient_LoginRegister"/>
                <label name="severity" value="normal"/>
                <label name="testId" value="TC_13"/>
                <label name="host" value="DESKTOP-A4GJKOM"/>
                <label name="thread" value="10952@DESKTOP-A4GJKOM.main(1)"/>
            </labels>
        </test-case>
        <test-case start="1609941462583" stop="1609941478263" status="passed">
            <name>TC_02_PatientLogin</name>
            <description type="text">Navigate_To_PatientLogin</description>
            <steps/>
            <attachments>
                <attachment title="NavigatepatientLogin" source="71b0aeaf-703e-4acd-9985-4a3bf0bfda8b-attachment.png" type="image/png"/>
            </attachments>
            <labels>
                <label name="testSuite" value="SmokeTest"/>
                <label name="testGroup" value="SmokeTest"/>
                <label name="testClass" value="com.sailotech.ezscheduler.login_testpages.Consumerlogintest"/>
                <label name="testMethod" value="TC_02_PatientLogin"/>
                <label name="severity" value="normal"/>
                <label name="testId" value="TC_14"/>
                <label name="host" value="DESKTOP-A4GJKOM"/>
                <label name="thread" value="10952@DESKTOP-A4GJKOM.main(1)"/>
            </labels>
        </test-case>
        <test-case start="1609941528085" stop="1609941530237" status="passed">
            <name>TC_01_Navigate_To_Patient_LoginRegister</name>
            <description type="text">Navigate_To_Patient_LoginRegister </description>
            <steps/>
            <attachments>
                <attachment title="EzHomePage" source="f69cf53d-67e4-4048-a18a-32118ea61823-attachment.png" type="image/png"/>
            </attachments>
            <labels>
                <label name="testSuite" value="SmokeTest"/>
                <label name="testGroup" value="SmokeTest"/>
                <label name="testClass" value="com.sailotech.ezscheduler.testpages.Consumerscheduleanapptest"/>
                <label name="testMethod" value="TC_01_Navigate_To_Patient_LoginRegister"/>
                <label name="severity" value="normal"/>
                <label name="testId" value="TC_13"/>
                <label name="host" value="DESKTOP-A4GJKOM"/>
                <label name="thread" value="10952@DESKTOP-A4GJKOM.main(1)"/>
            </labels>
        </test-case>
        <test-case start="1609941530277" stop="1609941538333" status="passed">
            <name>TC_02_PatientLogin</name>
            <description type="text">Navigate_To_PatientLogin</description>
            <steps/>
            <attachments>
                <attachment title="NavigatepatientLogin" source="beb95567-5d9a-4f2c-bd3e-091778a26c13-attachment.png" type="image/png"/>
            </attachments>
            <labels>
                <label name="testSuite" value="SmokeTest"/>
                <label name="testGroup" value="SmokeTest"/>
                <label name="testClass" value="com.sailotech.ezscheduler.testpages.Consumerscheduleanapptest"/>
                <label name="testMethod" value="TC_02_PatientLogin"/>
                <label name="severity" value="normal"/>
                <label name="testId" value="TC_14"/>
                <label name="host" value="DESKTOP-A4GJKOM"/>
                <label name="thread" value="10952@DESKTOP-A4GJKOM.main(1)"/>
            </labels>
        </test-case>
        <test-case start="1609941538699" stop="1609941580142" status="broken">
            <name>TC_03_PatientScheduleAnAppointmant</name>
            <description type="text">patient_schedule_an_Appointment</description>
            <failure>
                <message>NoSuchElementException: no such element: Unable to locate element: {"method":"xpath","selector":"//*[@id="3"]/div/div[3]/div/span/div"}
  (Session info: chrome=87.0.4280.88)
  (Driver info: chromedriver=2.40.565498 (ea082db3280dd6843ebfb08a625e3eb905c4f5ab),platform=Windows NT 10.0.18363 x86_64) (WARNING: The server did not provide any stacktrace information)
Command duration or timeout: 0 milliseconds
For documentation on this error, please visit: https://www.seleniumhq.org/exceptions/no_such_element.html
Build info: version: '3.141.59', revision: 'e82be7d358', time: '2018-11-14T08:17:03'
System info: host: 'DESKTOP-A4GJKOM', ip: '192.168.1.98', os.name: 'Windows 10', os.arch: 'amd64', os.version: '10.0', java.version: '1.8.0_271'
Driver info: org.openqa.selenium.chrome.ChromeDriver
Capabilities {acceptInsecureCerts: false, acceptSslCerts: false, applicationCacheEnabled: false, browserConnectionEnabled: false, browserName: chrome, chrome: {chromedriverVersion: 2.40.565498 (ea082db3280dd6..., userDataDir: C:\Users\sukki\AppData\Loca...}, cssSelectorsEnabled: true, databaseEnabled: false, handlesAlerts: true, hasTouchScreen: false, javascriptEnabled: true, locationContextEnabled: true, mobileEmulationEnabled: false, nativeEvents: true, networkConnectionEnabled: false, pageLoadStrategy: normal, platform: XP, platformName: XP, rotatable: false, setWindowRect: true, takesHeapSnapshot: true, takesScreenshot: true, unexpectedAlertBehaviour: , unhandledPromptBehavior: , version: 87.0.4280.88, webStorageEnabled: true}
Session ID: f441dd10b85f3830568c97735d76bc0a
*** Element info: {Using=xpath, value=//*[@id="3"]/div/div[3]/div/span/div}</message>
                <stack-trace>org.openqa.selenium.NoSuchElementException: no such element: Unable to locate element: {"method":"xpath","selector":"//*[@id="3"]/div/div[3]/div/span/div"}
  (Session info: chrome=87.0.4280.88)
  (Driver info: chromedriver=2.40.565498 (ea082db3280dd6843ebfb08a625e3eb905c4f5ab),platform=Windows NT 10.0.18363 x86_64) (WARNING: The server did not provide any stacktrace information)
Command duration or timeout: 0 milliseconds
For documentation on this error, please visit: https://www.seleniumhq.org/exceptions/no_such_element.html
Build info: version: '3.141.59', revision: 'e82be7d358', time: '2018-11-14T08:17:03'
System info: host: 'DESKTOP-A4GJKOM', ip: '192.168.1.98', os.name: 'Windows 10', os.arch: 'amd64', os.version: '10.0', java.version: '1.8.0_271'
Driver info: org.openqa.selenium.chrome.ChromeDriver
Capabilities {acceptInsecureCerts: false, acceptSslCerts: false, applicationCacheEnabled: false, browserConnectionEnabled: false, browserName: chrome, chrome: {chromedriverVersion: 2.40.565498 (ea082db3280dd6..., userDataDir: C:\Users\sukki\AppData\Loca...}, cssSelectorsEnabled: true, databaseEnabled: false, handlesAlerts: true, hasTouchScreen: false, javascriptEnabled: true, locationContextEnabled: true, mobileEmulationEnabled: false, nativeEvents: true, networkConnectionEnabled: false, pageLoadStrategy: normal, platform: XP, platformName: XP, rotatable: false, setWindowRect: true, takesHeapSnapshot: true, takesScreenshot: true, unexpectedAlertBehaviour: , unhandledPromptBehavior: , version: 87.0.4280.88, webStorageEnabled: true}
Session ID: f441dd10b85f3830568c97735d76bc0a
*** Element info: {Using=xpath, value=//*[@id="3"]/div/div[3]/div/span/div}&#13;
	at sun.reflect.NativeConstructorAccessorImpl.newInstance0(Native Method)&#13;
	at sun.reflect.NativeConstructorAccessorImpl.newInstance(NativeConstructorAccessorImpl.java:62)&#13;
	at sun.reflect.DelegatingConstructorAccessorImpl.newInstance(DelegatingConstructorAccessorImpl.java:45)&#13;
	at java.lang.reflect.Constructor.newInstance(Constructor.java:423)&#13;
	at org.openqa.selenium.remote.ErrorHandler.createThrowable(ErrorHandler.java:214)&#13;
	at org.openqa.selenium.remote.ErrorHandler.throwIfResponseFailed(ErrorHandler.java:166)&#13;
	at org.openqa.selenium.remote.http.JsonHttpResponseCodec.reconstructValue(JsonHttpResponseCodec.java:40)&#13;
	at org.openqa.selenium.remote.http.AbstractHttpResponseCodec.decode(AbstractHttpResponseCodec.java:80)&#13;
	at org.openqa.selenium.remote.http.AbstractHttpResponseCodec.decode(AbstractHttpResponseCodec.java:44)&#13;
	at org.openqa.selenium.remote.HttpCommandExecutor.execute(HttpCommandExecutor.java:158)&#13;
	at org.openqa.selenium.remote.service.DriverCommandExecutor.execute(DriverCommandExecutor.java:83)&#13;
	at org.openqa.selenium.remote.RemoteWebDriver.execute(RemoteWebDriver.java:552)&#13;
	at org.openqa.selenium.remote.RemoteWebDriver.findElement(RemoteWebDriver.java:323)&#13;
	at org.openqa.selenium.remote.RemoteWebDriver.findElementByXPath(RemoteWebDriver.java:428)&#13;
	at org.openqa.selenium.By$ByXPath.findElement(By.java:353)&#13;
	at org.openqa.selenium.remote.RemoteWebDriver.findElement(RemoteWebDriver.java:315)&#13;
	at org.openqa.selenium.support.pagefactory.DefaultElementLocator.findElement(DefaultElementLocator.java:69)&#13;
	at org.openqa.selenium.support.pagefactory.internal.LocatingElementHandler.invoke(LocatingElementHandler.java:38)&#13;
	at com.sun.proxy.$Proxy17.getText(Unknown Source)&#13;
	at com.sailotech.ezscheduler.implementationpages.consumerscheduleanappointment.patient_schedule_an_appointment(consumerscheduleanappointment.java:275)&#13;
	at com.sailotech.ezscheduler.testpages.Consumerscheduleanapptest.TC_03_PatientScheduleAnAppointmant(Consumerscheduleanapptest.java:65)&#13;
	at sun.reflect.NativeMethodAccessorImpl.invoke0(Native Method)&#13;
	at sun.reflect.NativeMethodAccessorImpl.invoke(NativeMethodAccessorImpl.java:62)&#13;
	at sun.reflect.DelegatingMethodAccessorImpl.invoke(DelegatingMethodAccessorImpl.java:43)&#13;
	at java.lang.reflect.Method.invoke(Method.java:498)&#13;
	at org.testng.internal.MethodInvocationHelper.invokeMethod(MethodInvocationHelper.java:124)&#13;
	at org.testng.internal.Invoker.invokeMethod(Invoker.java:583)&#13;
	at org.testng.internal.Invoker.invokeTestMethod(Invoker.java:719)&#13;
	at org.testng.internal.Invoker.invokeTestMethods(Invoker.java:989)&#13;
	at org.testng.internal.TestMethodWorker.invokeTestMethods(TestMethodWorker.java:125)&#13;
	at org.testng.internal.TestMethodWorker.run(TestMethodWorker.java:109)&#13;
	at org.testng.TestRunner.privateRun(TestRunner.java:648)&#13;
	at org.testng.TestRunner.run(TestRunner.java:505)&#13;
	at org.testng.SuiteRunner.runTest(SuiteRunner.java:455)&#13;
	at org.testng.SuiteRunner.runSequentially(SuiteRunner.java:450)&#13;
	at org.testng.SuiteRunner.privateRun(SuiteRunner.java:415)&#13;
	at org.testng.SuiteRunner.run(SuiteRunner.java:364)&#13;
	at org.testng.SuiteRunnerWorker.runSuite(SuiteRunnerWorker.java:52)&#13;
	at org.testng.SuiteRunnerWorker.run(SuiteRunnerWorker.java:84)&#13;
	at org.testng.TestNG.runSuitesSequentially(TestNG.java:1208)&#13;
	at org.testng.TestNG.runSuitesLocally(TestNG.java:1137)&#13;
	at org.testng.TestNG.runSuites(TestNG.java:1049)&#13;
	at org.testng.TestNG.run(TestNG.java:1017)&#13;
	at org.testng.remote.AbstractRemoteTestNG.run(AbstractRemoteTestNG.java:115)&#13;
	at org.testng.remote.RemoteTestNG.initAndRun(RemoteTestNG.java:251)&#13;
	at org.testng.remote.RemoteTestNG.main(RemoteTestNG.java:77)&#13;
</stack-trace>
            </failure>
            <steps/>
            <attachments/>
            <labels>
                <label name="testSuite" value="SmokeTest"/>
                <label name="testGroup" value="SmokeTest"/>
                <label name="testClass" value="com.sailotech.ezscheduler.testpages.Consumerscheduleanapptest"/>
                <label name="testMethod" value="TC_03_PatientScheduleAnAppointmant"/>
                <label name="severity" value="normal"/>
                <label name="testId" value="TC_15"/>
                <label name="host" value="DESKTOP-A4GJKOM"/>
                <label name="thread" value="10952@DESKTOP-A4GJKOM.main(1)"/>
            </labels>
        </test-case>
        <test-case start="1609941581010" stop="1609941581011" status="canceled">
            <name>TC_03_PatientLogout</name>
            <description type="text">patientLogout</description>
            <failure>
                <message>: Skipped due to dependency on other skipped or failed test methods</message>
                <stack-trace>ru.yandex.qatools.allure.testng.AllureTestListener$1: Skipped due to dependency on other skipped or failed test methods&#13;
	at ru.yandex.qatools.allure.testng.AllureTestListener.fireTestCaseCancel(AllureTestListener.java:425)&#13;
	at ru.yandex.qatools.allure.testng.AllureTestListener.onTestSkipped(AllureTestListener.java:186)&#13;
	at org.testng.internal.TestListenerHelper.runTestListeners(TestListenerHelper.java:61)&#13;
	at org.testng.internal.Invoker.runTestListeners(Invoker.java:1389)&#13;
	at org.testng.internal.Invoker.registerSkippedTestResult(Invoker.java:1063)&#13;
	at org.testng.internal.Invoker.invokeTestMethods(Invoker.java:888)&#13;
	at org.testng.internal.TestMethodWorker.invokeTestMethods(TestMethodWorker.java:125)&#13;
	at org.testng.internal.TestMethodWorker.run(TestMethodWorker.java:109)&#13;
	at org.testng.TestRunner.privateRun(TestRunner.java:648)&#13;
	at org.testng.TestRunner.run(TestRunner.java:505)&#13;
	at org.testng.SuiteRunner.runTest(SuiteRunner.java:455)&#13;
	at org.testng.SuiteRunner.runSequentially(SuiteRunner.java:450)&#13;
	at org.testng.SuiteRunner.privateRun(SuiteRunner.java:415)&#13;
	at org.testng.SuiteRunner.run(SuiteRunner.java:364)&#13;
	at org.testng.SuiteRunnerWorker.runSuite(SuiteRunnerWorker.java:52)&#13;
	at org.testng.SuiteRunnerWorker.run(SuiteRunnerWorker.java:84)&#13;
	at org.testng.TestNG.runSuitesSequentially(TestNG.java:1208)&#13;
	at org.testng.TestNG.runSuitesLocally(TestNG.java:1137)&#13;
	at org.testng.TestNG.runSuites(TestNG.java:1049)&#13;
	at org.testng.TestNG.run(TestNG.java:1017)&#13;
	at org.testng.remote.AbstractRemoteTestNG.run(AbstractRemoteTestNG.java:115)&#13;
	at org.testng.remote.RemoteTestNG.initAndRun(RemoteTestNG.java:251)&#13;
	at org.testng.remote.RemoteTestNG.main(RemoteTestNG.java:77)&#13;
</stack-trace>
            </failure>
            <steps/>
            <attachments/>
            <labels>
                <label name="testSuite" value="SmokeTest"/>
                <label name="testGroup" value="SmokeTest"/>
                <label name="testClass" value="com.sailotech.ezscheduler.testpages.Consumerscheduleanapptest"/>
                <label name="testMethod" value="TC_03_PatientLogout"/>
                <label name="severity" value="normal"/>
                <label name="testId" value="TC_16"/>
                <label name="host" value="DESKTOP-A4GJKOM"/>
                <label name="thread" value="10952@DESKTOP-A4GJKOM.main(1)"/>
            </labels>
        </test-case>
        <test-case start="1609941585774" stop="1609941585775" status="broken">
            <name>stopRecording</name>
            <description>@AfterTest</description>
            <failure>
                <message>NoSuchSessionException: no such session
  (Driver info: chromedriver=2.40.565498 (ea082db3280dd6843ebfb08a625e3eb905c4f5ab),platform=Windows NT 10.0.18363 x86_64) (WARNING: The server did not provide any stacktrace information)
Command duration or timeout: 0 milliseconds
Build info: version: '3.141.59', revision: 'e82be7d358', time: '2018-11-14T08:17:03'
System info: host: 'DESKTOP-A4GJKOM', ip: '192.168.1.98', os.name: 'Windows 10', os.arch: 'amd64', os.version: '10.0', java.version: '1.8.0_271'
Driver info: org.openqa.selenium.chrome.ChromeDriver
Capabilities {acceptInsecureCerts: false, acceptSslCerts: false, applicationCacheEnabled: false, browserConnectionEnabled: false, browserName: chrome, chrome: {chromedriverVersion: 2.40.565498 (ea082db3280dd6..., userDataDir: C:\Users\sukki\AppData\Loca...}, cssSelectorsEnabled: true, databaseEnabled: false, handlesAlerts: true, hasTouchScreen: false, javascriptEnabled: true, locationContextEnabled: true, mobileEmulationEnabled: false, nativeEvents: true, networkConnectionEnabled: false, pageLoadStrategy: normal, platform: XP, platformName: XP, rotatable: false, setWindowRect: true, takesHeapSnapshot: true, takesScreenshot: true, unexpectedAlertBehaviour: , unhandledPromptBehavior: , version: 87.0.4280.88, webStorageEnabled: true}
Session ID: f441dd10b85f3830568c97735d76bc0a</message>
                <stack-trace>org.openqa.selenium.NoSuchSessionException: no such session
  (Driver info: chromedriver=2.40.565498 (ea082db3280dd6843ebfb08a625e3eb905c4f5ab),platform=Windows NT 10.0.18363 x86_64) (WARNING: The server did not provide any stacktrace information)
Command duration or timeout: 0 milliseconds
Build info: version: '3.141.59', revision: 'e82be7d358', time: '2018-11-14T08:17:03'
System info: host: 'DESKTOP-A4GJKOM', ip: '192.168.1.98', os.name: 'Windows 10', os.arch: 'amd64', os.version: '10.0', java.version: '1.8.0_271'
Driver info: org.openqa.selenium.chrome.ChromeDriver
Capabilities {acceptInsecureCerts: false, acceptSslCerts: false, applicationCacheEnabled: false, browserConnectionEnabled: false, browserName: chrome, chrome: {chromedriverVersion: 2.40.565498 (ea082db3280dd6..., userDataDir: C:\Users\sukki\AppData\Loca...}, cssSelectorsEnabled: true, databaseEnabled: false, handlesAlerts: true, hasTouchScreen: false, javascriptEnabled: true, locationContextEnabled: true, mobileEmulationEnabled: false, nativeEvents: true, networkConnectionEnabled: false, pageLoadStrategy: normal, platform: XP, platformName: XP, rotatable: false, setWindowRect: true, takesHeapSnapshot: true, takesScreenshot: true, unexpectedAlertBehaviour: , unhandledPromptBehavior: , version: 87.0.4280.88, webStorageEnabled: true}
Session ID: f441dd10b85f3830568c97735d76bc0a&#13;
	at sun.reflect.NativeConstructorAccessorImpl.newInstance0(Native Method)&#13;
	at sun.reflect.NativeConstructorAccessorImpl.newInstance(NativeConstructorAccessorImpl.java:62)&#13;
	at sun.reflect.DelegatingConstructorAccessorImpl.newInstance(DelegatingConstructorAccessorImpl.java:45)&#13;
	at java.lang.reflect.Constructor.newInstance(Constructor.java:423)&#13;
	at org.openqa.selenium.remote.ErrorHandler.createThrowable(ErrorHandler.java:214)&#13;
	at org.openqa.selenium.remote.ErrorHandler.throwIfResponseFailed(ErrorHandler.java:166)&#13;
	at org.openqa.selenium.remote.http.JsonHttpResponseCodec.reconstructValue(JsonHttpResponseCodec.java:40)&#13;
	at org.openqa.selenium.remote.http.AbstractHttpResponseCodec.decode(AbstractHttpResponseCodec.java:80)&#13;
	at org.openqa.selenium.remote.http.AbstractHttpResponseCodec.decode(AbstractHttpResponseCodec.java:44)&#13;
	at org.openqa.selenium.remote.HttpCommandExecutor.execute(HttpCommandExecutor.java:158)&#13;
	at org.openqa.selenium.remote.service.DriverCommandExecutor.execute(DriverCommandExecutor.java:83)&#13;
	at org.openqa.selenium.remote.RemoteWebDriver.execute(RemoteWebDriver.java:552)&#13;
	at org.openqa.selenium.remote.RemoteWebDriver.execute(RemoteWebDriver.java:609)&#13;
	at org.openqa.selenium.remote.RemoteWebDriver.close(RemoteWebDriver.java:442)&#13;
	at com.sailotech.ezscheduler.testpages.Adminverifydoctortest.stopRecording(Adminverifydoctortest.java:80)&#13;
	at sun.reflect.NativeMethodAccessorImpl.invoke0(Native Method)&#13;
	at sun.reflect.NativeMethodAccessorImpl.invoke(NativeMethodAccessorImpl.java:62)&#13;
	at sun.reflect.DelegatingMethodAccessorImpl.invoke(DelegatingMethodAccessorImpl.java:43)&#13;
	at java.lang.reflect.Method.invoke(Method.java:498)&#13;
	at org.testng.internal.MethodInvocationHelper.invokeMethod(MethodInvocationHelper.java:124)&#13;
	at org.testng.internal.MethodInvocationHelper.invokeMethodConsideringTimeout(MethodInvocationHelper.java:59)&#13;
	at org.testng.internal.Invoker.invokeConfigurationMethod(Invoker.java:458)&#13;
	at org.testng.internal.Invoker.invokeConfigurations(Invoker.java:222)&#13;
	at org.testng.internal.Invoker.invokeConfigurations(Invoker.java:142)&#13;
	at org.testng.TestRunner.afterRun(TestRunner.java:725)&#13;
	at org.testng.TestRunner.run(TestRunner.java:509)&#13;
	at org.testng.SuiteRunner.runTest(SuiteRunner.java:455)&#13;
	at org.testng.SuiteRunner.runSequentially(SuiteRunner.java:450)&#13;
	at org.testng.SuiteRunner.privateRun(SuiteRunner.java:415)&#13;
	at org.testng.SuiteRunner.run(SuiteRunner.java:364)&#13;
	at org.testng.SuiteRunnerWorker.runSuite(SuiteRunnerWorker.java:52)&#13;
	at org.testng.SuiteRunnerWorker.run(SuiteRunnerWorker.java:84)&#13;
	at org.testng.TestNG.runSuitesSequentially(TestNG.java:1208)&#13;
	at org.testng.TestNG.runSuitesLocally(TestNG.java:1137)&#13;
	at org.testng.TestNG.runSuites(TestNG.java:1049)&#13;
	at org.testng.TestNG.run(TestNG.java:1017)&#13;
	at org.testng.remote.AbstractRemoteTestNG.run(AbstractRemoteTestNG.java:115)&#13;
	at org.testng.remote.RemoteTestNG.initAndRun(RemoteTestNG.java:251)&#13;
	at org.testng.remote.RemoteTestNG.main(RemoteTestNG.java:77)&#13;
</stack-trace>
            </failure>
            <steps/>
            <attachments/>
            <labels>
                <label name="host" value="DESKTOP-A4GJKOM"/>
                <label name="thread" value="10952@DESKTOP-A4GJKOM.main(1)"/>
            </labels>
        </test-case>
    </test-cases>
    <labels>
        <label name="framework" value="TestNG"/>
        <label name="language" value="JAVA"/>
    </labels>
</ns2:test-suite>
