<?xml version="1.0" encoding="UTF-8"?>
<testng-results skipped="10" failed="0" ignored="0" total="22" passed="12">
  <reporter-output>
  </reporter-output>
  <suite name="DoctorSuite" duration-ms="681029" started-at="2021-01-08T00:26:09Z" finished-at="2021-01-08T00:37:30Z">
    <groups>
    </groups>
    <test name="DoctorSuite" duration-ms="681029" started-at="2021-01-08T00:26:09Z" finished-at="2021-01-08T00:37:30Z">
      <class name="com.sailotech.ezscheduler.testpages.Providerrregistrationtest">
        <test-method status="PASS" signature="beforeClass()[pri:0, instance:com.sailotech.ezscheduler.testpages.Providerrregistrationtest@22a22f1]" name="beforeClass" is-config="true" duration-ms="16702" started-at="2021-01-08T00:26:09Z" finished-at="2021-01-08T00:26:26Z">
          <reporter-output>
          </reporter-output>
        </test-method> <!-- beforeClass -->
        <test-method status="PASS" signature="startRecording()[pri:0, instance:com.sailotech.ezscheduler.testpages.Providerrregistrationtest@22a22f1]" name="startRecording" is-config="true" duration-ms="8" started-at="2021-01-08T00:26:26Z" finished-at="2021-01-08T00:26:26Z">
          <reporter-output>
          </reporter-output>
        </test-method> <!-- startRecording -->
        <test-method status="PASS" signature="TC_01_navigate_To_DoctorLoginRegister()[pri:0, instance:com.sailotech.ezscheduler.testpages.Providerrregistrationtest@22a22f1]" name="TC_01_navigate_To_DoctorLoginRegister" duration-ms="3036" started-at="2021-01-08T00:26:26Z" description="Navigate_To_DoctorLoginRegister" finished-at="2021-01-08T00:26:29Z">
          <reporter-output>
          </reporter-output>
        </test-method> <!-- TC_01_navigate_To_DoctorLoginRegister -->
        <test-method status="PASS" signature="appendFinalHTMLReport(org.testng.ITestResult)[pri:0, instance:com.sailotech.ezscheduler.testpages.Providerrregistrationtest@22a22f1]" name="appendFinalHTMLReport" is-config="true" duration-ms="0" started-at="2021-01-08T00:26:29Z" finished-at="2021-01-08T00:26:29Z">
          <params>
            <param index="0">
              <value>
                <![CDATA[[TestResult name=TC_01_navigate_To_DoctorLoginRegister status=SUCCESS method=Providerrregistrationtest.TC_01_navigate_To_DoctorLoginRegister()[pri:0, instance:com.sailotech.ezscheduler.testpages.Providerrregistrationtest@22a22f1] output={null}]]]>
              </value>
            </param>
          </params>
          <reporter-output>
          </reporter-output>
        </test-method> <!-- appendFinalHTMLReport -->
        <test-method status="PASS" signature="screenShot(org.testng.ITestResult)[pri:0, instance:com.sailotech.ezscheduler.testpages.Providerrregistrationtest@22a22f1]" name="screenShot" is-config="true" duration-ms="1" started-at="2021-01-08T00:26:29Z" finished-at="2021-01-08T00:26:29Z">
          <params>
            <param index="0">
              <value>
                <![CDATA[[TestResult name=TC_01_navigate_To_DoctorLoginRegister status=SUCCESS method=Providerrregistrationtest.TC_01_navigate_To_DoctorLoginRegister()[pri:0, instance:com.sailotech.ezscheduler.testpages.Providerrregistrationtest@22a22f1] output={null}]]]>
              </value>
            </param>
          </params>
          <reporter-output>
          </reporter-output>
        </test-method> <!-- screenShot -->
        <test-method status="PASS" signature="TC_02_DoctorRegistration()[pri:0, instance:com.sailotech.ezscheduler.testpages.Providerrregistrationtest@22a22f1]" name="TC_02_DoctorRegistration" duration-ms="25116" started-at="2021-01-08T00:26:29Z" description="DoctorRegistration" depends-on-methods="com.sailotech.ezscheduler.testpages.Providerrregistrationtest.TC_01_navigate_To_DoctorLoginRegister" finished-at="2021-01-08T00:26:54Z">
          <reporter-output>
          </reporter-output>
        </test-method> <!-- TC_02_DoctorRegistration -->
        <test-method status="PASS" signature="appendFinalHTMLReport(org.testng.ITestResult)[pri:0, instance:com.sailotech.ezscheduler.testpages.Providerrregistrationtest@22a22f1]" name="appendFinalHTMLReport" is-config="true" duration-ms="3" started-at="2021-01-08T00:26:54Z" finished-at="2021-01-08T00:26:54Z">
          <params>
            <param index="0">
              <value>
                <![CDATA[[TestResult name=TC_02_DoctorRegistration status=SUCCESS method=Providerrregistrationtest.TC_02_DoctorRegistration()[pri:0, instance:com.sailotech.ezscheduler.testpages.Providerrregistrationtest@22a22f1] output={null}]]]>
              </value>
            </param>
          </params>
          <reporter-output>
          </reporter-output>
        </test-method> <!-- appendFinalHTMLReport -->
        <test-method status="PASS" signature="screenShot(org.testng.ITestResult)[pri:0, instance:com.sailotech.ezscheduler.testpages.Providerrregistrationtest@22a22f1]" name="screenShot" is-config="true" duration-ms="0" started-at="2021-01-08T00:26:54Z" finished-at="2021-01-08T00:26:54Z">
          <params>
            <param index="0">
              <value>
                <![CDATA[[TestResult name=TC_02_DoctorRegistration status=SUCCESS method=Providerrregistrationtest.TC_02_DoctorRegistration()[pri:0, instance:com.sailotech.ezscheduler.testpages.Providerrregistrationtest@22a22f1] output={null}]]]>
              </value>
            </param>
          </params>
          <reporter-output>
          </reporter-output>
        </test-method> <!-- screenShot -->
        <test-method status="PASS" signature="afterClass()[pri:0, instance:com.sailotech.ezscheduler.testpages.Providerrregistrationtest@22a22f1]" name="afterClass" is-config="true" duration-ms="0" started-at="2021-01-08T00:26:54Z" finished-at="2021-01-08T00:26:54Z">
          <reporter-output>
          </reporter-output>
        </test-method> <!-- afterClass -->
      </class> <!-- com.sailotech.ezscheduler.testpages.Providerrregistrationtest -->
      <class name="com.sailotech.ezscheduler.testpages.Providergenerateslotstest">
        <test-method status="FAIL" signature="beforeClass()[pri:0, instance:com.sailotech.ezscheduler.testpages.Providergenerateslotstest@63c88994]" name="beforeClass" is-config="true" duration-ms="605112" started-at="2021-01-08T00:27:25Z" finished-at="2021-01-08T00:37:30Z">
          <exception class="org.openqa.selenium.SessionNotCreatedException">
            <message>
              <![CDATA[session not created exception
from timeout: Timed out receiving message from renderer: 600.000
  (Session info: chrome=87.0.4280.88)
  (Driver info: chromedriver=2.40.565498 (ea082db3280dd6843ebfb08a625e3eb905c4f5ab),platform=Windows NT 10.0.18363 x86_64) (WARNING: The server did not provide any stacktrace information)
Command duration or timeout: 604.59 seconds
Build info: version: '3.141.59', revision: 'e82be7d358', time: '2018-11-14T08:17:03'
System info: host: 'DESKTOP-A4GJKOM', ip: '192.168.1.98', os.name: 'Windows 10', os.arch: 'amd64', os.version: '10.0', java.version: '1.8.0_271'
Driver info: driver.version: ChromeDriver]]>
            </message>
            <full-stacktrace>
              <![CDATA[org.openqa.selenium.SessionNotCreatedException: session not created exception
from timeout: Timed out receiving message from renderer: 600.000
  (Session info: chrome=87.0.4280.88)
  (Driver info: chromedriver=2.40.565498 (ea082db3280dd6843ebfb08a625e3eb905c4f5ab),platform=Windows NT 10.0.18363 x86_64) (WARNING: The server did not provide any stacktrace information)
Command duration or timeout: 604.59 seconds
Build info: version: '3.141.59', revision: 'e82be7d358', time: '2018-11-14T08:17:03'
System info: host: 'DESKTOP-A4GJKOM', ip: '192.168.1.98', os.name: 'Windows 10', os.arch: 'amd64', os.version: '10.0', java.version: '1.8.0_271'
Driver info: driver.version: ChromeDriver
at sun.reflect.NativeConstructorAccessorImpl.newInstance0(Native Method)
at sun.reflect.NativeConstructorAccessorImpl.newInstance(NativeConstructorAccessorImpl.java:62)
at sun.reflect.DelegatingConstructorAccessorImpl.newInstance(DelegatingConstructorAccessorImpl.java:45)
at java.lang.reflect.Constructor.newInstance(Constructor.java:423)
at org.openqa.selenium.remote.ErrorHandler.createThrowable(ErrorHandler.java:214)
at org.openqa.selenium.remote.ErrorHandler.throwIfResponseFailed(ErrorHandler.java:166)
at org.openqa.selenium.remote.JsonWireProtocolResponse.lambda$errorHandler$0(JsonWireProtocolResponse.java:54)
at org.openqa.selenium.remote.HandshakeResponse.lambda$getResponseFunction$0(HandshakeResponse.java:30)
at org.openqa.selenium.remote.ProtocolHandshake.lambda$createSession$0(ProtocolHandshake.java:126)
at java.util.stream.ReferencePipeline$3$1.accept(ReferencePipeline.java:193)
at java.util.Spliterators$ArraySpliterator.tryAdvance(Spliterators.java:958)
at java.util.stream.ReferencePipeline.forEachWithCancel(ReferencePipeline.java:126)
at java.util.stream.AbstractPipeline.copyIntoWithCancel(AbstractPipeline.java:499)
at java.util.stream.AbstractPipeline.copyInto(AbstractPipeline.java:486)
at java.util.stream.AbstractPipeline.wrapAndCopyInto(AbstractPipeline.java:472)
at java.util.stream.FindOps$FindOp.evaluateSequential(FindOps.java:152)
at java.util.stream.AbstractPipeline.evaluate(AbstractPipeline.java:234)
at java.util.stream.ReferencePipeline.findFirst(ReferencePipeline.java:464)
at org.openqa.selenium.remote.ProtocolHandshake.createSession(ProtocolHandshake.java:128)
at org.openqa.selenium.remote.ProtocolHandshake.createSession(ProtocolHandshake.java:74)
at org.openqa.selenium.remote.HttpCommandExecutor.execute(HttpCommandExecutor.java:136)
at org.openqa.selenium.remote.service.DriverCommandExecutor.execute(DriverCommandExecutor.java:83)
at org.openqa.selenium.remote.RemoteWebDriver.execute(RemoteWebDriver.java:552)
at org.openqa.selenium.remote.RemoteWebDriver.startSession(RemoteWebDriver.java:213)
at org.openqa.selenium.remote.RemoteWebDriver.<init>(RemoteWebDriver.java:131)
at org.openqa.selenium.chrome.ChromeDriver.<init>(ChromeDriver.java:181)
at org.openqa.selenium.chrome.ChromeDriver.<init>(ChromeDriver.java:147)
at com.sailotech.ezscheduler.basepages.BaseTest.startSession(BaseTest.java:169)
at com.sailotech.ezscheduler.basepages.BaseTest.beforeClass(BaseTest.java:56)
at sun.reflect.NativeMethodAccessorImpl.invoke0(Native Method)
at sun.reflect.NativeMethodAccessorImpl.invoke(NativeMethodAccessorImpl.java:62)
at sun.reflect.DelegatingMethodAccessorImpl.invoke(DelegatingMethodAccessorImpl.java:43)
at java.lang.reflect.Method.invoke(Method.java:498)
at org.testng.internal.MethodInvocationHelper.invokeMethod(MethodInvocationHelper.java:124)
at org.testng.internal.MethodInvocationHelper.invokeMethodConsideringTimeout(MethodInvocationHelper.java:59)
at org.testng.internal.Invoker.invokeConfigurationMethod(Invoker.java:458)
at org.testng.internal.Invoker.invokeConfigurations(Invoker.java:222)
at org.testng.internal.Invoker.invokeConfigurations(Invoker.java:142)
at org.testng.internal.TestMethodWorker.invokeBeforeClassMethods(TestMethodWorker.java:168)
at org.testng.internal.TestMethodWorker.run(TestMethodWorker.java:105)
at org.testng.TestRunner.privateRun(TestRunner.java:648)
at org.testng.TestRunner.run(TestRunner.java:505)
at org.testng.SuiteRunner.runTest(SuiteRunner.java:455)
at org.testng.SuiteRunner.runSequentially(SuiteRunner.java:450)
at org.testng.SuiteRunner.privateRun(SuiteRunner.java:415)
at org.testng.SuiteRunner.run(SuiteRunner.java:364)
at org.testng.SuiteRunnerWorker.runSuite(SuiteRunnerWorker.java:52)
at org.testng.SuiteRunnerWorker.run(SuiteRunnerWorker.java:84)
at org.testng.TestNG.runSuitesSequentially(TestNG.java:1208)
at org.testng.TestNG.runSuitesLocally(TestNG.java:1137)
at org.testng.TestNG.runSuites(TestNG.java:1049)
at org.testng.TestNG.run(TestNG.java:1017)
at org.apache.maven.surefire.testng.TestNGExecutor.run(TestNGExecutor.java:283)
at org.apache.maven.surefire.testng.TestNGXmlTestSuite.execute(TestNGXmlTestSuite.java:75)
at org.apache.maven.surefire.testng.TestNGProvider.invoke(TestNGProvider.java:120)
at org.apache.maven.surefire.booter.ForkedBooter.invokeProviderInSameClassLoader(ForkedBooter.java:383)
at org.apache.maven.surefire.booter.ForkedBooter.runSuitesInProcess(ForkedBooter.java:344)
at org.apache.maven.surefire.booter.ForkedBooter.execute(ForkedBooter.java:125)
at org.apache.maven.surefire.booter.ForkedBooter.main(ForkedBooter.java:417)
]]>
            </full-stacktrace>
          </exception> <!-- org.openqa.selenium.SessionNotCreatedException -->
          <reporter-output>
          </reporter-output>
        </test-method> <!-- beforeClass -->
        <test-method status="SKIP" signature="TC_01_Navigate_To_DoctorLoginRegister()[pri:0, instance:com.sailotech.ezscheduler.testpages.Providergenerateslotstest@63c88994]" name="TC_01_Navigate_To_DoctorLoginRegister" duration-ms="0" started-at="2021-01-08T00:37:30Z" description="Navigate_To_DoctorLoginRegister" finished-at="2021-01-08T00:37:30Z">
          <exception class="org.openqa.selenium.SessionNotCreatedException">
            <message>
              <![CDATA[session not created exception
from timeout: Timed out receiving message from renderer: 600.000
  (Session info: chrome=87.0.4280.88)
  (Driver info: chromedriver=2.40.565498 (ea082db3280dd6843ebfb08a625e3eb905c4f5ab),platform=Windows NT 10.0.18363 x86_64) (WARNING: The server did not provide any stacktrace information)
Command duration or timeout: 604.59 seconds
Build info: version: '3.141.59', revision: 'e82be7d358', time: '2018-11-14T08:17:03'
System info: host: 'DESKTOP-A4GJKOM', ip: '192.168.1.98', os.name: 'Windows 10', os.arch: 'amd64', os.version: '10.0', java.version: '1.8.0_271'
Driver info: driver.version: ChromeDriver]]>
            </message>
            <full-stacktrace>
              <![CDATA[org.openqa.selenium.SessionNotCreatedException: session not created exception
from timeout: Timed out receiving message from renderer: 600.000
  (Session info: chrome=87.0.4280.88)
  (Driver info: chromedriver=2.40.565498 (ea082db3280dd6843ebfb08a625e3eb905c4f5ab),platform=Windows NT 10.0.18363 x86_64) (WARNING: The server did not provide any stacktrace information)
Command duration or timeout: 604.59 seconds
Build info: version: '3.141.59', revision: 'e82be7d358', time: '2018-11-14T08:17:03'
System info: host: 'DESKTOP-A4GJKOM', ip: '192.168.1.98', os.name: 'Windows 10', os.arch: 'amd64', os.version: '10.0', java.version: '1.8.0_271'
Driver info: driver.version: ChromeDriver
at sun.reflect.NativeConstructorAccessorImpl.newInstance0(Native Method)
at sun.reflect.NativeConstructorAccessorImpl.newInstance(NativeConstructorAccessorImpl.java:62)
at sun.reflect.DelegatingConstructorAccessorImpl.newInstance(DelegatingConstructorAccessorImpl.java:45)
at java.lang.reflect.Constructor.newInstance(Constructor.java:423)
at org.openqa.selenium.remote.ErrorHandler.createThrowable(ErrorHandler.java:214)
at org.openqa.selenium.remote.ErrorHandler.throwIfResponseFailed(ErrorHandler.java:166)
at org.openqa.selenium.remote.JsonWireProtocolResponse.lambda$errorHandler$0(JsonWireProtocolResponse.java:54)
at org.openqa.selenium.remote.HandshakeResponse.lambda$getResponseFunction$0(HandshakeResponse.java:30)
at org.openqa.selenium.remote.ProtocolHandshake.lambda$createSession$0(ProtocolHandshake.java:126)
at java.util.stream.ReferencePipeline$3$1.accept(ReferencePipeline.java:193)
at java.util.Spliterators$ArraySpliterator.tryAdvance(Spliterators.java:958)
at java.util.stream.ReferencePipeline.forEachWithCancel(ReferencePipeline.java:126)
at java.util.stream.AbstractPipeline.copyIntoWithCancel(AbstractPipeline.java:499)
at java.util.stream.AbstractPipeline.copyInto(AbstractPipeline.java:486)
at java.util.stream.AbstractPipeline.wrapAndCopyInto(AbstractPipeline.java:472)
at java.util.stream.FindOps$FindOp.evaluateSequential(FindOps.java:152)
at java.util.stream.AbstractPipeline.evaluate(AbstractPipeline.java:234)
at java.util.stream.ReferencePipeline.findFirst(ReferencePipeline.java:464)
at org.openqa.selenium.remote.ProtocolHandshake.createSession(ProtocolHandshake.java:128)
at org.openqa.selenium.remote.ProtocolHandshake.createSession(ProtocolHandshake.java:74)
at org.openqa.selenium.remote.HttpCommandExecutor.execute(HttpCommandExecutor.java:136)
at org.openqa.selenium.remote.service.DriverCommandExecutor.execute(DriverCommandExecutor.java:83)
at org.openqa.selenium.remote.RemoteWebDriver.execute(RemoteWebDriver.java:552)
at org.openqa.selenium.remote.RemoteWebDriver.startSession(RemoteWebDriver.java:213)
at org.openqa.selenium.remote.RemoteWebDriver.<init>(RemoteWebDriver.java:131)
at org.openqa.selenium.chrome.ChromeDriver.<init>(ChromeDriver.java:181)
at org.openqa.selenium.chrome.ChromeDriver.<init>(ChromeDriver.java:147)
at com.sailotech.ezscheduler.basepages.BaseTest.startSession(BaseTest.java:169)
at com.sailotech.ezscheduler.basepages.BaseTest.beforeClass(BaseTest.java:56)
at sun.reflect.NativeMethodAccessorImpl.invoke0(Native Method)
at sun.reflect.NativeMethodAccessorImpl.invoke(NativeMethodAccessorImpl.java:62)
at sun.reflect.DelegatingMethodAccessorImpl.invoke(DelegatingMethodAccessorImpl.java:43)
at java.lang.reflect.Method.invoke(Method.java:498)
at org.testng.internal.MethodInvocationHelper.invokeMethod(MethodInvocationHelper.java:124)
at org.testng.internal.MethodInvocationHelper.invokeMethodConsideringTimeout(MethodInvocationHelper.java:59)
at org.testng.internal.Invoker.invokeConfigurationMethod(Invoker.java:458)
at org.testng.internal.Invoker.invokeConfigurations(Invoker.java:222)
at org.testng.internal.Invoker.invokeConfigurations(Invoker.java:142)
at org.testng.internal.TestMethodWorker.invokeBeforeClassMethods(TestMethodWorker.java:168)
at org.testng.internal.TestMethodWorker.run(TestMethodWorker.java:105)
at org.testng.TestRunner.privateRun(TestRunner.java:648)
at org.testng.TestRunner.run(TestRunner.java:505)
at org.testng.SuiteRunner.runTest(SuiteRunner.java:455)
at org.testng.SuiteRunner.runSequentially(SuiteRunner.java:450)
at org.testng.SuiteRunner.privateRun(SuiteRunner.java:415)
at org.testng.SuiteRunner.run(SuiteRunner.java:364)
at org.testng.SuiteRunnerWorker.runSuite(SuiteRunnerWorker.java:52)
at org.testng.SuiteRunnerWorker.run(SuiteRunnerWorker.java:84)
at org.testng.TestNG.runSuitesSequentially(TestNG.java:1208)
at org.testng.TestNG.runSuitesLocally(TestNG.java:1137)
at org.testng.TestNG.runSuites(TestNG.java:1049)
at org.testng.TestNG.run(TestNG.java:1017)
at org.apache.maven.surefire.testng.TestNGExecutor.run(TestNGExecutor.java:283)
at org.apache.maven.surefire.testng.TestNGXmlTestSuite.execute(TestNGXmlTestSuite.java:75)
at org.apache.maven.surefire.testng.TestNGProvider.invoke(TestNGProvider.java:120)
at org.apache.maven.surefire.booter.ForkedBooter.invokeProviderInSameClassLoader(ForkedBooter.java:383)
at org.apache.maven.surefire.booter.ForkedBooter.runSuitesInProcess(ForkedBooter.java:344)
at org.apache.maven.surefire.booter.ForkedBooter.execute(ForkedBooter.java:125)
at org.apache.maven.surefire.booter.ForkedBooter.main(ForkedBooter.java:417)
]]>
            </full-stacktrace>
          </exception> <!-- org.openqa.selenium.SessionNotCreatedException -->
          <reporter-output>
          </reporter-output>
        </test-method> <!-- TC_01_Navigate_To_DoctorLoginRegister -->
        <test-method status="SKIP" signature="startRecording()[pri:0, instance:com.sailotech.ezscheduler.testpages.Providergenerateslotstest@63c88994]" name="startRecording" is-config="true" duration-ms="0" started-at="2021-01-08T00:37:30Z" finished-at="2021-01-08T00:37:30Z">
          <reporter-output>
          </reporter-output>
        </test-method> <!-- startRecording -->
        <test-method status="SKIP" signature="appendFinalHTMLReport(org.testng.ITestResult)[pri:0, instance:com.sailotech.ezscheduler.testpages.Providergenerateslotstest@63c88994]" name="appendFinalHTMLReport" is-config="true" duration-ms="0" started-at="2021-01-08T00:37:30Z" finished-at="2021-01-08T00:37:30Z">
          <reporter-output>
          </reporter-output>
        </test-method> <!-- appendFinalHTMLReport -->
        <test-method status="SKIP" signature="screenShot(org.testng.ITestResult)[pri:0, instance:com.sailotech.ezscheduler.testpages.Providergenerateslotstest@63c88994]" name="screenShot" is-config="true" duration-ms="0" started-at="2021-01-08T00:37:30Z" finished-at="2021-01-08T00:37:30Z">
          <reporter-output>
          </reporter-output>
        </test-method> <!-- screenShot -->
        <test-method status="SKIP" signature="TC_02_DoctorLogin()[pri:0, instance:com.sailotech.ezscheduler.testpages.Providergenerateslotstest@63c88994]" name="TC_02_DoctorLogin" duration-ms="0" started-at="2021-01-08T00:37:30Z" description="Navigate_To_DoctorLogin" depends-on-methods="com.sailotech.ezscheduler.testpages.Providergenerateslotstest.TC_01_Navigate_To_DoctorLoginRegister" finished-at="2021-01-08T00:37:30Z">
          <exception class="java.lang.Throwable">
            <message>
              <![CDATA[Method Providergenerateslotstest.TC_02_DoctorLogin()[pri:0, instance:com.sailotech.ezscheduler.testpages.Providergenerateslotstest@63c88994] depends on not successfully finished methods]]>
            </message>
            <full-stacktrace>
              <![CDATA[java.lang.Throwable: Method Providergenerateslotstest.TC_02_DoctorLogin()[pri:0, instance:com.sailotech.ezscheduler.testpages.Providergenerateslotstest@63c88994] depends on not successfully finished methods
at org.testng.internal.Invoker.invokeTestMethods(Invoker.java:888)
at org.testng.internal.TestMethodWorker.invokeTestMethods(TestMethodWorker.java:125)
at org.testng.internal.TestMethodWorker.run(TestMethodWorker.java:109)
at org.testng.TestRunner.privateRun(TestRunner.java:648)
at org.testng.TestRunner.run(TestRunner.java:505)
at org.testng.SuiteRunner.runTest(SuiteRunner.java:455)
at org.testng.SuiteRunner.runSequentially(SuiteRunner.java:450)
at org.testng.SuiteRunner.privateRun(SuiteRunner.java:415)
at org.testng.SuiteRunner.run(SuiteRunner.java:364)
at org.testng.SuiteRunnerWorker.runSuite(SuiteRunnerWorker.java:52)
at org.testng.SuiteRunnerWorker.run(SuiteRunnerWorker.java:84)
at org.testng.TestNG.runSuitesSequentially(TestNG.java:1208)
at org.testng.TestNG.runSuitesLocally(TestNG.java:1137)
at org.testng.TestNG.runSuites(TestNG.java:1049)
at org.testng.TestNG.run(TestNG.java:1017)
at org.apache.maven.surefire.testng.TestNGExecutor.run(TestNGExecutor.java:283)
at org.apache.maven.surefire.testng.TestNGXmlTestSuite.execute(TestNGXmlTestSuite.java:75)
at org.apache.maven.surefire.testng.TestNGProvider.invoke(TestNGProvider.java:120)
at org.apache.maven.surefire.booter.ForkedBooter.invokeProviderInSameClassLoader(ForkedBooter.java:383)
at org.apache.maven.surefire.booter.ForkedBooter.runSuitesInProcess(ForkedBooter.java:344)
at org.apache.maven.surefire.booter.ForkedBooter.execute(ForkedBooter.java:125)
at org.apache.maven.surefire.booter.ForkedBooter.main(ForkedBooter.java:417)
]]>
            </full-stacktrace>
          </exception> <!-- java.lang.Throwable -->
          <reporter-output>
          </reporter-output>
        </test-method> <!-- TC_02_DoctorLogin -->
        <test-method status="SKIP" signature="TC_03_To_GenerateSlots()[pri:0, instance:com.sailotech.ezscheduler.testpages.Providergenerateslotstest@63c88994]" name="TC_03_To_GenerateSlots" duration-ms="0" started-at="2021-01-08T00:37:30Z" description="To_GenerateSlots" depends-on-methods="com.sailotech.ezscheduler.testpages.Providergenerateslotstest.TC_02_DoctorLogin" finished-at="2021-01-08T00:37:30Z">
          <exception class="java.lang.Throwable">
            <message>
              <![CDATA[Method Providergenerateslotstest.TC_03_To_GenerateSlots()[pri:0, instance:com.sailotech.ezscheduler.testpages.Providergenerateslotstest@63c88994] depends on not successfully finished methods]]>
            </message>
            <full-stacktrace>
              <![CDATA[java.lang.Throwable: Method Providergenerateslotstest.TC_03_To_GenerateSlots()[pri:0, instance:com.sailotech.ezscheduler.testpages.Providergenerateslotstest@63c88994] depends on not successfully finished methods
at org.testng.internal.Invoker.invokeTestMethods(Invoker.java:888)
at org.testng.internal.TestMethodWorker.invokeTestMethods(TestMethodWorker.java:125)
at org.testng.internal.TestMethodWorker.run(TestMethodWorker.java:109)
at org.testng.TestRunner.privateRun(TestRunner.java:648)
at org.testng.TestRunner.run(TestRunner.java:505)
at org.testng.SuiteRunner.runTest(SuiteRunner.java:455)
at org.testng.SuiteRunner.runSequentially(SuiteRunner.java:450)
at org.testng.SuiteRunner.privateRun(SuiteRunner.java:415)
at org.testng.SuiteRunner.run(SuiteRunner.java:364)
at org.testng.SuiteRunnerWorker.runSuite(SuiteRunnerWorker.java:52)
at org.testng.SuiteRunnerWorker.run(SuiteRunnerWorker.java:84)
at org.testng.TestNG.runSuitesSequentially(TestNG.java:1208)
at org.testng.TestNG.runSuitesLocally(TestNG.java:1137)
at org.testng.TestNG.runSuites(TestNG.java:1049)
at org.testng.TestNG.run(TestNG.java:1017)
at org.apache.maven.surefire.testng.TestNGExecutor.run(TestNGExecutor.java:283)
at org.apache.maven.surefire.testng.TestNGXmlTestSuite.execute(TestNGXmlTestSuite.java:75)
at org.apache.maven.surefire.testng.TestNGProvider.invoke(TestNGProvider.java:120)
at org.apache.maven.surefire.booter.ForkedBooter.invokeProviderInSameClassLoader(ForkedBooter.java:383)
at org.apache.maven.surefire.booter.ForkedBooter.runSuitesInProcess(ForkedBooter.java:344)
at org.apache.maven.surefire.booter.ForkedBooter.execute(ForkedBooter.java:125)
at org.apache.maven.surefire.booter.ForkedBooter.main(ForkedBooter.java:417)
]]>
            </full-stacktrace>
          </exception> <!-- java.lang.Throwable -->
          <reporter-output>
          </reporter-output>
        </test-method> <!-- TC_03_To_GenerateSlots -->
        <test-method status="SKIP" signature="TC_04_DoctorLogout()[pri:0, instance:com.sailotech.ezscheduler.testpages.Providergenerateslotstest@63c88994]" name="TC_04_DoctorLogout" duration-ms="0" started-at="2021-01-08T00:37:30Z" description="To_Logout_from_DoctorPage" depends-on-methods="com.sailotech.ezscheduler.testpages.Providergenerateslotstest.TC_03_To_GenerateSlots" finished-at="2021-01-08T00:37:30Z">
          <exception class="java.lang.Throwable">
            <message>
              <![CDATA[Method Providergenerateslotstest.TC_04_DoctorLogout()[pri:0, instance:com.sailotech.ezscheduler.testpages.Providergenerateslotstest@63c88994] depends on not successfully finished methods]]>
            </message>
            <full-stacktrace>
              <![CDATA[java.lang.Throwable: Method Providergenerateslotstest.TC_04_DoctorLogout()[pri:0, instance:com.sailotech.ezscheduler.testpages.Providergenerateslotstest@63c88994] depends on not successfully finished methods
at org.testng.internal.Invoker.invokeTestMethods(Invoker.java:888)
at org.testng.internal.TestMethodWorker.invokeTestMethods(TestMethodWorker.java:125)
at org.testng.internal.TestMethodWorker.run(TestMethodWorker.java:109)
at org.testng.TestRunner.privateRun(TestRunner.java:648)
at org.testng.TestRunner.run(TestRunner.java:505)
at org.testng.SuiteRunner.runTest(SuiteRunner.java:455)
at org.testng.SuiteRunner.runSequentially(SuiteRunner.java:450)
at org.testng.SuiteRunner.privateRun(SuiteRunner.java:415)
at org.testng.SuiteRunner.run(SuiteRunner.java:364)
at org.testng.SuiteRunnerWorker.runSuite(SuiteRunnerWorker.java:52)
at org.testng.SuiteRunnerWorker.run(SuiteRunnerWorker.java:84)
at org.testng.TestNG.runSuitesSequentially(TestNG.java:1208)
at org.testng.TestNG.runSuitesLocally(TestNG.java:1137)
at org.testng.TestNG.runSuites(TestNG.java:1049)
at org.testng.TestNG.run(TestNG.java:1017)
at org.apache.maven.surefire.testng.TestNGExecutor.run(TestNGExecutor.java:283)
at org.apache.maven.surefire.testng.TestNGXmlTestSuite.execute(TestNGXmlTestSuite.java:75)
at org.apache.maven.surefire.testng.TestNGProvider.invoke(TestNGProvider.java:120)
at org.apache.maven.surefire.booter.ForkedBooter.invokeProviderInSameClassLoader(ForkedBooter.java:383)
at org.apache.maven.surefire.booter.ForkedBooter.runSuitesInProcess(ForkedBooter.java:344)
at org.apache.maven.surefire.booter.ForkedBooter.execute(ForkedBooter.java:125)
at org.apache.maven.surefire.booter.ForkedBooter.main(ForkedBooter.java:417)
]]>
            </full-stacktrace>
          </exception> <!-- java.lang.Throwable -->
          <reporter-output>
          </reporter-output>
        </test-method> <!-- TC_04_DoctorLogout -->
        <test-method status="SKIP" signature="afterClass()[pri:0, instance:com.sailotech.ezscheduler.testpages.Providergenerateslotstest@63c88994]" name="afterClass" is-config="true" duration-ms="0" started-at="2021-01-08T00:37:30Z" finished-at="2021-01-08T00:37:30Z">
          <reporter-output>
          </reporter-output>
        </test-method> <!-- afterClass -->
        <test-method status="SKIP" signature="stopRecording()[pri:0, instance:com.sailotech.ezscheduler.testpages.Providergenerateslotstest@63c88994]" name="stopRecording" is-config="true" duration-ms="0" started-at="2021-01-08T00:37:30Z" finished-at="2021-01-08T00:37:30Z">
          <reporter-output>
          </reporter-output>
        </test-method> <!-- stopRecording -->
        <test-method status="SKIP" signature="stopRecording()[pri:0, instance:com.sailotech.ezscheduler.testpages.Providerrregistrationtest@22a22f1]" name="stopRecording" is-config="true" duration-ms="0" started-at="2021-01-08T00:37:30Z" finished-at="2021-01-08T00:37:30Z">
          <reporter-output>
          </reporter-output>
        </test-method> <!-- stopRecording -->
        <test-method status="SKIP" signature="stopRecording()[pri:0, instance:com.sailotech.ezscheduler.login_testpages.Providerlogintest@2e76d0d3]" name="stopRecording" is-config="true" duration-ms="0" started-at="2021-01-08T00:37:30Z" finished-at="2021-01-08T00:37:30Z">
          <reporter-output>
          </reporter-output>
        </test-method> <!-- stopRecording -->
      </class> <!-- com.sailotech.ezscheduler.testpages.Providergenerateslotstest -->
      <class name="com.sailotech.ezscheduler.login_testpages.Providerlogintest">
        <test-method status="PASS" signature="beforeClass()[pri:0, instance:com.sailotech.ezscheduler.login_testpages.Providerlogintest@2e76d0d3]" name="beforeClass" is-config="true" duration-ms="16661" started-at="2021-01-08T00:26:54Z" finished-at="2021-01-08T00:27:11Z">
          <reporter-output>
          </reporter-output>
        </test-method> <!-- beforeClass -->
        <test-method status="PASS" signature="startRecording()[pri:0, instance:com.sailotech.ezscheduler.login_testpages.Providerlogintest@2e76d0d3]" name="startRecording" is-config="true" duration-ms="8" started-at="2021-01-08T00:27:11Z" finished-at="2021-01-08T00:27:11Z">
          <reporter-output>
          </reporter-output>
        </test-method> <!-- startRecording -->
        <test-method status="PASS" signature="TC_01_Navigate_To_DoctorLoginRegister()[pri:0, instance:com.sailotech.ezscheduler.login_testpages.Providerlogintest@2e76d0d3]" name="TC_01_Navigate_To_DoctorLoginRegister" duration-ms="5502" started-at="2021-01-08T00:27:11Z" description="Navigate_To_DoctorLoginRegister" finished-at="2021-01-08T00:27:17Z">
          <reporter-output>
          </reporter-output>
        </test-method> <!-- TC_01_Navigate_To_DoctorLoginRegister -->
        <test-method status="PASS" signature="appendFinalHTMLReport(org.testng.ITestResult)[pri:0, instance:com.sailotech.ezscheduler.login_testpages.Providerlogintest@2e76d0d3]" name="appendFinalHTMLReport" is-config="true" duration-ms="1" started-at="2021-01-08T00:27:17Z" finished-at="2021-01-08T00:27:17Z">
          <params>
            <param index="0">
              <value>
                <![CDATA[[TestResult name=TC_01_Navigate_To_DoctorLoginRegister status=SUCCESS method=Providerlogintest.TC_01_Navigate_To_DoctorLoginRegister()[pri:0, instance:com.sailotech.ezscheduler.login_testpages.Providerlogintest@2e76d0d3] output={null}]]]>
              </value>
            </param>
          </params>
          <reporter-output>
          </reporter-output>
        </test-method> <!-- appendFinalHTMLReport -->
        <test-method status="PASS" signature="screenShot(org.testng.ITestResult)[pri:0, instance:com.sailotech.ezscheduler.login_testpages.Providerlogintest@2e76d0d3]" name="screenShot" is-config="true" duration-ms="1" started-at="2021-01-08T00:27:17Z" finished-at="2021-01-08T00:27:17Z">
          <params>
            <param index="0">
              <value>
                <![CDATA[[TestResult name=TC_01_Navigate_To_DoctorLoginRegister status=SUCCESS method=Providerlogintest.TC_01_Navigate_To_DoctorLoginRegister()[pri:0, instance:com.sailotech.ezscheduler.login_testpages.Providerlogintest@2e76d0d3] output={null}]]]>
              </value>
            </param>
          </params>
          <reporter-output>
          </reporter-output>
        </test-method> <!-- screenShot -->
        <test-method status="PASS" signature="TC_02_DoctorLogin()[pri:0, instance:com.sailotech.ezscheduler.login_testpages.Providerlogintest@2e76d0d3]" name="TC_02_DoctorLogin" duration-ms="8802" started-at="2021-01-08T00:27:17Z" description="Navigate_To_DoctorLogin" depends-on-methods="com.sailotech.ezscheduler.login_testpages.Providerlogintest.TC_01_Navigate_To_DoctorLoginRegister" finished-at="2021-01-08T00:27:25Z">
          <reporter-output>
          </reporter-output>
        </test-method> <!-- TC_02_DoctorLogin -->
        <test-method status="PASS" signature="appendFinalHTMLReport(org.testng.ITestResult)[pri:0, instance:com.sailotech.ezscheduler.login_testpages.Providerlogintest@2e76d0d3]" name="appendFinalHTMLReport" is-config="true" duration-ms="0" started-at="2021-01-08T00:27:25Z" finished-at="2021-01-08T00:27:25Z">
          <params>
            <param index="0">
              <value>
                <![CDATA[[TestResult name=TC_02_DoctorLogin status=SUCCESS method=Providerlogintest.TC_02_DoctorLogin()[pri:0, instance:com.sailotech.ezscheduler.login_testpages.Providerlogintest@2e76d0d3] output={null}]]]>
              </value>
            </param>
          </params>
          <reporter-output>
          </reporter-output>
        </test-method> <!-- appendFinalHTMLReport -->
        <test-method status="PASS" signature="screenShot(org.testng.ITestResult)[pri:0, instance:com.sailotech.ezscheduler.login_testpages.Providerlogintest@2e76d0d3]" name="screenShot" is-config="true" duration-ms="1" started-at="2021-01-08T00:27:25Z" finished-at="2021-01-08T00:27:25Z">
          <params>
            <param index="0">
              <value>
                <![CDATA[[TestResult name=TC_02_DoctorLogin status=SUCCESS method=Providerlogintest.TC_02_DoctorLogin()[pri:0, instance:com.sailotech.ezscheduler.login_testpages.Providerlogintest@2e76d0d3] output={null}]]]>
              </value>
            </param>
          </params>
          <reporter-output>
          </reporter-output>
        </test-method> <!-- screenShot -->
        <test-method status="PASS" signature="afterClass()[pri:0, instance:com.sailotech.ezscheduler.login_testpages.Providerlogintest@2e76d0d3]" name="afterClass" is-config="true" duration-ms="0" started-at="2021-01-08T00:27:25Z" finished-at="2021-01-08T00:27:25Z">
          <reporter-output>
          </reporter-output>
        </test-method> <!-- afterClass -->
      </class> <!-- com.sailotech.ezscheduler.login_testpages.Providerlogintest -->
    </test> <!-- DoctorSuite -->
  </suite> <!-- DoctorSuite -->
  <suite name="AdminSuite" duration-ms="636738" started-at="2021-01-08T00:15:32Z" finished-at="2021-01-08T00:26:09Z">
    <groups>
    </groups>
    <test name="AdminSuite" duration-ms="636738" started-at="2021-01-08T00:15:32Z" finished-at="2021-01-08T00:26:09Z">
      <class name="com.sailotech.ezscheduler.testpages.Adminverifydoctortest">
        <test-method status="FAIL" signature="beforeClass()[pri:0, instance:com.sailotech.ezscheduler.testpages.Adminverifydoctortest@3cc817bd]" name="beforeClass" is-config="true" duration-ms="605122" started-at="2021-01-08T00:16:03Z" finished-at="2021-01-08T00:26:08Z">
          <exception class="org.openqa.selenium.SessionNotCreatedException">
            <message>
              <![CDATA[session not created exception
from timeout: Timed out receiving message from renderer: 600.000
  (Session info: chrome=87.0.4280.88)
  (Driver info: chromedriver=2.40.565498 (ea082db3280dd6843ebfb08a625e3eb905c4f5ab),platform=Windows NT 10.0.18363 x86_64) (WARNING: The server did not provide any stacktrace information)
Command duration or timeout: 604.59 seconds
Build info: version: '3.141.59', revision: 'e82be7d358', time: '2018-11-14T08:17:03'
System info: host: 'DESKTOP-A4GJKOM', ip: '192.168.1.98', os.name: 'Windows 10', os.arch: 'amd64', os.version: '10.0', java.version: '1.8.0_271'
Driver info: driver.version: ChromeDriver]]>
            </message>
            <full-stacktrace>
              <![CDATA[org.openqa.selenium.SessionNotCreatedException: session not created exception
from timeout: Timed out receiving message from renderer: 600.000
  (Session info: chrome=87.0.4280.88)
  (Driver info: chromedriver=2.40.565498 (ea082db3280dd6843ebfb08a625e3eb905c4f5ab),platform=Windows NT 10.0.18363 x86_64) (WARNING: The server did not provide any stacktrace information)
Command duration or timeout: 604.59 seconds
Build info: version: '3.141.59', revision: 'e82be7d358', time: '2018-11-14T08:17:03'
System info: host: 'DESKTOP-A4GJKOM', ip: '192.168.1.98', os.name: 'Windows 10', os.arch: 'amd64', os.version: '10.0', java.version: '1.8.0_271'
Driver info: driver.version: ChromeDriver
at sun.reflect.NativeConstructorAccessorImpl.newInstance0(Native Method)
at sun.reflect.NativeConstructorAccessorImpl.newInstance(NativeConstructorAccessorImpl.java:62)
at sun.reflect.DelegatingConstructorAccessorImpl.newInstance(DelegatingConstructorAccessorImpl.java:45)
at java.lang.reflect.Constructor.newInstance(Constructor.java:423)
at org.openqa.selenium.remote.ErrorHandler.createThrowable(ErrorHandler.java:214)
at org.openqa.selenium.remote.ErrorHandler.throwIfResponseFailed(ErrorHandler.java:166)
at org.openqa.selenium.remote.JsonWireProtocolResponse.lambda$errorHandler$0(JsonWireProtocolResponse.java:54)
at org.openqa.selenium.remote.HandshakeResponse.lambda$getResponseFunction$0(HandshakeResponse.java:30)
at org.openqa.selenium.remote.ProtocolHandshake.lambda$createSession$0(ProtocolHandshake.java:126)
at java.util.stream.ReferencePipeline$3$1.accept(ReferencePipeline.java:193)
at java.util.Spliterators$ArraySpliterator.tryAdvance(Spliterators.java:958)
at java.util.stream.ReferencePipeline.forEachWithCancel(ReferencePipeline.java:126)
at java.util.stream.AbstractPipeline.copyIntoWithCancel(AbstractPipeline.java:499)
at java.util.stream.AbstractPipeline.copyInto(AbstractPipeline.java:486)
at java.util.stream.AbstractPipeline.wrapAndCopyInto(AbstractPipeline.java:472)
at java.util.stream.FindOps$FindOp.evaluateSequential(FindOps.java:152)
at java.util.stream.AbstractPipeline.evaluate(AbstractPipeline.java:234)
at java.util.stream.ReferencePipeline.findFirst(ReferencePipeline.java:464)
at org.openqa.selenium.remote.ProtocolHandshake.createSession(ProtocolHandshake.java:128)
at org.openqa.selenium.remote.ProtocolHandshake.createSession(ProtocolHandshake.java:74)
at org.openqa.selenium.remote.HttpCommandExecutor.execute(HttpCommandExecutor.java:136)
at org.openqa.selenium.remote.service.DriverCommandExecutor.execute(DriverCommandExecutor.java:83)
at org.openqa.selenium.remote.RemoteWebDriver.execute(RemoteWebDriver.java:552)
at org.openqa.selenium.remote.RemoteWebDriver.startSession(RemoteWebDriver.java:213)
at org.openqa.selenium.remote.RemoteWebDriver.<init>(RemoteWebDriver.java:131)
at org.openqa.selenium.chrome.ChromeDriver.<init>(ChromeDriver.java:181)
at org.openqa.selenium.chrome.ChromeDriver.<init>(ChromeDriver.java:147)
at com.sailotech.ezscheduler.basepages.BaseTest.startSession(BaseTest.java:169)
at com.sailotech.ezscheduler.basepages.BaseTest.beforeClass(BaseTest.java:56)
at sun.reflect.NativeMethodAccessorImpl.invoke0(Native Method)
at sun.reflect.NativeMethodAccessorImpl.invoke(NativeMethodAccessorImpl.java:62)
at sun.reflect.DelegatingMethodAccessorImpl.invoke(DelegatingMethodAccessorImpl.java:43)
at java.lang.reflect.Method.invoke(Method.java:498)
at org.testng.internal.MethodInvocationHelper.invokeMethod(MethodInvocationHelper.java:124)
at org.testng.internal.MethodInvocationHelper.invokeMethodConsideringTimeout(MethodInvocationHelper.java:59)
at org.testng.internal.Invoker.invokeConfigurationMethod(Invoker.java:458)
at org.testng.internal.Invoker.invokeConfigurations(Invoker.java:222)
at org.testng.internal.Invoker.invokeConfigurations(Invoker.java:142)
at org.testng.internal.TestMethodWorker.invokeBeforeClassMethods(TestMethodWorker.java:168)
at org.testng.internal.TestMethodWorker.run(TestMethodWorker.java:105)
at org.testng.TestRunner.privateRun(TestRunner.java:648)
at org.testng.TestRunner.run(TestRunner.java:505)
at org.testng.SuiteRunner.runTest(SuiteRunner.java:455)
at org.testng.SuiteRunner.runSequentially(SuiteRunner.java:450)
at org.testng.SuiteRunner.privateRun(SuiteRunner.java:415)
at org.testng.SuiteRunner.run(SuiteRunner.java:364)
at org.testng.SuiteRunnerWorker.runSuite(SuiteRunnerWorker.java:52)
at org.testng.SuiteRunnerWorker.run(SuiteRunnerWorker.java:84)
at org.testng.TestNG.runSuitesSequentially(TestNG.java:1208)
at org.testng.TestNG.runSuitesLocally(TestNG.java:1137)
at org.testng.TestNG.runSuites(TestNG.java:1049)
at org.testng.TestNG.run(TestNG.java:1017)
at org.apache.maven.surefire.testng.TestNGExecutor.run(TestNGExecutor.java:283)
at org.apache.maven.surefire.testng.TestNGXmlTestSuite.execute(TestNGXmlTestSuite.java:75)
at org.apache.maven.surefire.testng.TestNGProvider.invoke(TestNGProvider.java:120)
at org.apache.maven.surefire.booter.ForkedBooter.invokeProviderInSameClassLoader(ForkedBooter.java:383)
at org.apache.maven.surefire.booter.ForkedBooter.runSuitesInProcess(ForkedBooter.java:344)
at org.apache.maven.surefire.booter.ForkedBooter.execute(ForkedBooter.java:125)
at org.apache.maven.surefire.booter.ForkedBooter.main(ForkedBooter.java:417)
]]>
            </full-stacktrace>
          </exception> <!-- org.openqa.selenium.SessionNotCreatedException -->
          <reporter-output>
          </reporter-output>
        </test-method> <!-- beforeClass -->
        <test-method status="SKIP" signature="startRecording()[pri:0, instance:com.sailotech.ezscheduler.testpages.Adminverifydoctortest@3cc817bd]" name="startRecording" is-config="true" duration-ms="0" started-at="2021-01-08T00:26:08Z" finished-at="2021-01-08T00:26:08Z">
          <reporter-output>
          </reporter-output>
        </test-method> <!-- startRecording -->
        <test-method status="SKIP" signature="TC_01_Navigate_to_AdminLoginRegister()[pri:0, instance:com.sailotech.ezscheduler.testpages.Adminverifydoctortest@3cc817bd]" name="TC_01_Navigate_to_AdminLoginRegister" duration-ms="0" started-at="2021-01-08T00:26:08Z" description="Navigate_to_AdminLoginRegister" finished-at="2021-01-08T00:26:08Z">
          <exception class="org.openqa.selenium.SessionNotCreatedException">
            <message>
              <![CDATA[session not created exception
from timeout: Timed out receiving message from renderer: 600.000
  (Session info: chrome=87.0.4280.88)
  (Driver info: chromedriver=2.40.565498 (ea082db3280dd6843ebfb08a625e3eb905c4f5ab),platform=Windows NT 10.0.18363 x86_64) (WARNING: The server did not provide any stacktrace information)
Command duration or timeout: 604.59 seconds
Build info: version: '3.141.59', revision: 'e82be7d358', time: '2018-11-14T08:17:03'
System info: host: 'DESKTOP-A4GJKOM', ip: '192.168.1.98', os.name: 'Windows 10', os.arch: 'amd64', os.version: '10.0', java.version: '1.8.0_271'
Driver info: driver.version: ChromeDriver]]>
            </message>
            <full-stacktrace>
              <![CDATA[org.openqa.selenium.SessionNotCreatedException: session not created exception
from timeout: Timed out receiving message from renderer: 600.000
  (Session info: chrome=87.0.4280.88)
  (Driver info: chromedriver=2.40.565498 (ea082db3280dd6843ebfb08a625e3eb905c4f5ab),platform=Windows NT 10.0.18363 x86_64) (WARNING: The server did not provide any stacktrace information)
Command duration or timeout: 604.59 seconds
Build info: version: '3.141.59', revision: 'e82be7d358', time: '2018-11-14T08:17:03'
System info: host: 'DESKTOP-A4GJKOM', ip: '192.168.1.98', os.name: 'Windows 10', os.arch: 'amd64', os.version: '10.0', java.version: '1.8.0_271'
Driver info: driver.version: ChromeDriver
at sun.reflect.NativeConstructorAccessorImpl.newInstance0(Native Method)
at sun.reflect.NativeConstructorAccessorImpl.newInstance(NativeConstructorAccessorImpl.java:62)
at sun.reflect.DelegatingConstructorAccessorImpl.newInstance(DelegatingConstructorAccessorImpl.java:45)
at java.lang.reflect.Constructor.newInstance(Constructor.java:423)
at org.openqa.selenium.remote.ErrorHandler.createThrowable(ErrorHandler.java:214)
at org.openqa.selenium.remote.ErrorHandler.throwIfResponseFailed(ErrorHandler.java:166)
at org.openqa.selenium.remote.JsonWireProtocolResponse.lambda$errorHandler$0(JsonWireProtocolResponse.java:54)
at org.openqa.selenium.remote.HandshakeResponse.lambda$getResponseFunction$0(HandshakeResponse.java:30)
at org.openqa.selenium.remote.ProtocolHandshake.lambda$createSession$0(ProtocolHandshake.java:126)
at java.util.stream.ReferencePipeline$3$1.accept(ReferencePipeline.java:193)
at java.util.Spliterators$ArraySpliterator.tryAdvance(Spliterators.java:958)
at java.util.stream.ReferencePipeline.forEachWithCancel(ReferencePipeline.java:126)
at java.util.stream.AbstractPipeline.copyIntoWithCancel(AbstractPipeline.java:499)
at java.util.stream.AbstractPipeline.copyInto(AbstractPipeline.java:486)
at java.util.stream.AbstractPipeline.wrapAndCopyInto(AbstractPipeline.java:472)
at java.util.stream.FindOps$FindOp.evaluateSequential(FindOps.java:152)
at java.util.stream.AbstractPipeline.evaluate(AbstractPipeline.java:234)
at java.util.stream.ReferencePipeline.findFirst(ReferencePipeline.java:464)
at org.openqa.selenium.remote.ProtocolHandshake.createSession(ProtocolHandshake.java:128)
at org.openqa.selenium.remote.ProtocolHandshake.createSession(ProtocolHandshake.java:74)
at org.openqa.selenium.remote.HttpCommandExecutor.execute(HttpCommandExecutor.java:136)
at org.openqa.selenium.remote.service.DriverCommandExecutor.execute(DriverCommandExecutor.java:83)
at org.openqa.selenium.remote.RemoteWebDriver.execute(RemoteWebDriver.java:552)
at org.openqa.selenium.remote.RemoteWebDriver.startSession(RemoteWebDriver.java:213)
at org.openqa.selenium.remote.RemoteWebDriver.<init>(RemoteWebDriver.java:131)
at org.openqa.selenium.chrome.ChromeDriver.<init>(ChromeDriver.java:181)
at org.openqa.selenium.chrome.ChromeDriver.<init>(ChromeDriver.java:147)
at com.sailotech.ezscheduler.basepages.BaseTest.startSession(BaseTest.java:169)
at com.sailotech.ezscheduler.basepages.BaseTest.beforeClass(BaseTest.java:56)
at sun.reflect.NativeMethodAccessorImpl.invoke0(Native Method)
at sun.reflect.NativeMethodAccessorImpl.invoke(NativeMethodAccessorImpl.java:62)
at sun.reflect.DelegatingMethodAccessorImpl.invoke(DelegatingMethodAccessorImpl.java:43)
at java.lang.reflect.Method.invoke(Method.java:498)
at org.testng.internal.MethodInvocationHelper.invokeMethod(MethodInvocationHelper.java:124)
at org.testng.internal.MethodInvocationHelper.invokeMethodConsideringTimeout(MethodInvocationHelper.java:59)
at org.testng.internal.Invoker.invokeConfigurationMethod(Invoker.java:458)
at org.testng.internal.Invoker.invokeConfigurations(Invoker.java:222)
at org.testng.internal.Invoker.invokeConfigurations(Invoker.java:142)
at org.testng.internal.TestMethodWorker.invokeBeforeClassMethods(TestMethodWorker.java:168)
at org.testng.internal.TestMethodWorker.run(TestMethodWorker.java:105)
at org.testng.TestRunner.privateRun(TestRunner.java:648)
at org.testng.TestRunner.run(TestRunner.java:505)
at org.testng.SuiteRunner.runTest(SuiteRunner.java:455)
at org.testng.SuiteRunner.runSequentially(SuiteRunner.java:450)
at org.testng.SuiteRunner.privateRun(SuiteRunner.java:415)
at org.testng.SuiteRunner.run(SuiteRunner.java:364)
at org.testng.SuiteRunnerWorker.runSuite(SuiteRunnerWorker.java:52)
at org.testng.SuiteRunnerWorker.run(SuiteRunnerWorker.java:84)
at org.testng.TestNG.runSuitesSequentially(TestNG.java:1208)
at org.testng.TestNG.runSuitesLocally(TestNG.java:1137)
at org.testng.TestNG.runSuites(TestNG.java:1049)
at org.testng.TestNG.run(TestNG.java:1017)
at org.apache.maven.surefire.testng.TestNGExecutor.run(TestNGExecutor.java:283)
at org.apache.maven.surefire.testng.TestNGXmlTestSuite.execute(TestNGXmlTestSuite.java:75)
at org.apache.maven.surefire.testng.TestNGProvider.invoke(TestNGProvider.java:120)
at org.apache.maven.surefire.booter.ForkedBooter.invokeProviderInSameClassLoader(ForkedBooter.java:383)
at org.apache.maven.surefire.booter.ForkedBooter.runSuitesInProcess(ForkedBooter.java:344)
at org.apache.maven.surefire.booter.ForkedBooter.execute(ForkedBooter.java:125)
at org.apache.maven.surefire.booter.ForkedBooter.main(ForkedBooter.java:417)
]]>
            </full-stacktrace>
          </exception> <!-- org.openqa.selenium.SessionNotCreatedException -->
          <reporter-output>
          </reporter-output>
        </test-method> <!-- TC_01_Navigate_to_AdminLoginRegister -->
        <test-method status="SKIP" signature="appendFinalHTMLReport(org.testng.ITestResult)[pri:0, instance:com.sailotech.ezscheduler.testpages.Adminverifydoctortest@3cc817bd]" name="appendFinalHTMLReport" is-config="true" duration-ms="0" started-at="2021-01-08T00:26:08Z" finished-at="2021-01-08T00:26:08Z">
          <reporter-output>
          </reporter-output>
        </test-method> <!-- appendFinalHTMLReport -->
        <test-method status="SKIP" signature="screenShot(org.testng.ITestResult)[pri:0, instance:com.sailotech.ezscheduler.testpages.Adminverifydoctortest@3cc817bd]" name="screenShot" is-config="true" duration-ms="0" started-at="2021-01-08T00:26:08Z" finished-at="2021-01-08T00:26:08Z">
          <reporter-output>
          </reporter-output>
        </test-method> <!-- screenShot -->
        <test-method status="SKIP" signature="TC_02_Navigate_to_AdminLogin()[pri:0, instance:com.sailotech.ezscheduler.testpages.Adminverifydoctortest@3cc817bd]" name="TC_02_Navigate_to_AdminLogin" duration-ms="0" started-at="2021-01-08T00:26:08Z" description="Navigate_to_AdminLogin" depends-on-methods="com.sailotech.ezscheduler.testpages.Adminverifydoctortest.TC_01_Navigate_to_AdminLoginRegister" finished-at="2021-01-08T00:26:08Z">
          <exception class="java.lang.Throwable">
            <message>
              <![CDATA[Method Adminverifydoctortest.TC_02_Navigate_to_AdminLogin()[pri:0, instance:com.sailotech.ezscheduler.testpages.Adminverifydoctortest@3cc817bd] depends on not successfully finished methods]]>
            </message>
            <full-stacktrace>
              <![CDATA[java.lang.Throwable: Method Adminverifydoctortest.TC_02_Navigate_to_AdminLogin()[pri:0, instance:com.sailotech.ezscheduler.testpages.Adminverifydoctortest@3cc817bd] depends on not successfully finished methods
at org.testng.internal.Invoker.invokeTestMethods(Invoker.java:888)
at org.testng.internal.TestMethodWorker.invokeTestMethods(TestMethodWorker.java:125)
at org.testng.internal.TestMethodWorker.run(TestMethodWorker.java:109)
at org.testng.TestRunner.privateRun(TestRunner.java:648)
at org.testng.TestRunner.run(TestRunner.java:505)
at org.testng.SuiteRunner.runTest(SuiteRunner.java:455)
at org.testng.SuiteRunner.runSequentially(SuiteRunner.java:450)
at org.testng.SuiteRunner.privateRun(SuiteRunner.java:415)
at org.testng.SuiteRunner.run(SuiteRunner.java:364)
at org.testng.SuiteRunnerWorker.runSuite(SuiteRunnerWorker.java:52)
at org.testng.SuiteRunnerWorker.run(SuiteRunnerWorker.java:84)
at org.testng.TestNG.runSuitesSequentially(TestNG.java:1208)
at org.testng.TestNG.runSuitesLocally(TestNG.java:1137)
at org.testng.TestNG.runSuites(TestNG.java:1049)
at org.testng.TestNG.run(TestNG.java:1017)
at org.apache.maven.surefire.testng.TestNGExecutor.run(TestNGExecutor.java:283)
at org.apache.maven.surefire.testng.TestNGXmlTestSuite.execute(TestNGXmlTestSuite.java:75)
at org.apache.maven.surefire.testng.TestNGProvider.invoke(TestNGProvider.java:120)
at org.apache.maven.surefire.booter.ForkedBooter.invokeProviderInSameClassLoader(ForkedBooter.java:383)
at org.apache.maven.surefire.booter.ForkedBooter.runSuitesInProcess(ForkedBooter.java:344)
at org.apache.maven.surefire.booter.ForkedBooter.execute(ForkedBooter.java:125)
at org.apache.maven.surefire.booter.ForkedBooter.main(ForkedBooter.java:417)
]]>
            </full-stacktrace>
          </exception> <!-- java.lang.Throwable -->
          <reporter-output>
          </reporter-output>
        </test-method> <!-- TC_02_Navigate_to_AdminLogin -->
        <test-method status="SKIP" signature="TC_03_AdminVerifyDoctor()[pri:0, instance:com.sailotech.ezscheduler.testpages.Adminverifydoctortest@3cc817bd]" name="TC_03_AdminVerifyDoctor" duration-ms="0" started-at="2021-01-08T00:26:08Z" description="Admin_VerifyDoctor" depends-on-methods="com.sailotech.ezscheduler.testpages.Adminverifydoctortest.TC_02_Navigate_to_AdminLogin" finished-at="2021-01-08T00:26:08Z">
          <exception class="java.lang.Throwable">
            <message>
              <![CDATA[Method Adminverifydoctortest.TC_03_AdminVerifyDoctor()[pri:0, instance:com.sailotech.ezscheduler.testpages.Adminverifydoctortest@3cc817bd] depends on not successfully finished methods]]>
            </message>
            <full-stacktrace>
              <![CDATA[java.lang.Throwable: Method Adminverifydoctortest.TC_03_AdminVerifyDoctor()[pri:0, instance:com.sailotech.ezscheduler.testpages.Adminverifydoctortest@3cc817bd] depends on not successfully finished methods
at org.testng.internal.Invoker.invokeTestMethods(Invoker.java:888)
at org.testng.internal.TestMethodWorker.invokeTestMethods(TestMethodWorker.java:125)
at org.testng.internal.TestMethodWorker.run(TestMethodWorker.java:109)
at org.testng.TestRunner.privateRun(TestRunner.java:648)
at org.testng.TestRunner.run(TestRunner.java:505)
at org.testng.SuiteRunner.runTest(SuiteRunner.java:455)
at org.testng.SuiteRunner.runSequentially(SuiteRunner.java:450)
at org.testng.SuiteRunner.privateRun(SuiteRunner.java:415)
at org.testng.SuiteRunner.run(SuiteRunner.java:364)
at org.testng.SuiteRunnerWorker.runSuite(SuiteRunnerWorker.java:52)
at org.testng.SuiteRunnerWorker.run(SuiteRunnerWorker.java:84)
at org.testng.TestNG.runSuitesSequentially(TestNG.java:1208)
at org.testng.TestNG.runSuitesLocally(TestNG.java:1137)
at org.testng.TestNG.runSuites(TestNG.java:1049)
at org.testng.TestNG.run(TestNG.java:1017)
at org.apache.maven.surefire.testng.TestNGExecutor.run(TestNGExecutor.java:283)
at org.apache.maven.surefire.testng.TestNGXmlTestSuite.execute(TestNGXmlTestSuite.java:75)
at org.apache.maven.surefire.testng.TestNGProvider.invoke(TestNGProvider.java:120)
at org.apache.maven.surefire.booter.ForkedBooter.invokeProviderInSameClassLoader(ForkedBooter.java:383)
at org.apache.maven.surefire.booter.ForkedBooter.runSuitesInProcess(ForkedBooter.java:344)
at org.apache.maven.surefire.booter.ForkedBooter.execute(ForkedBooter.java:125)
at org.apache.maven.surefire.booter.ForkedBooter.main(ForkedBooter.java:417)
]]>
            </full-stacktrace>
          </exception> <!-- java.lang.Throwable -->
          <reporter-output>
          </reporter-output>
        </test-method> <!-- TC_03_AdminVerifyDoctor -->
        <test-method status="SKIP" signature="TC_04_AdminLogout()[pri:0, instance:com.sailotech.ezscheduler.testpages.Adminverifydoctortest@3cc817bd]" name="TC_04_AdminLogout" duration-ms="0" started-at="2021-01-08T00:26:08Z" description="To-Logout_from_Adminpage" depends-on-methods="com.sailotech.ezscheduler.testpages.Adminverifydoctortest.TC_03_AdminVerifyDoctor" finished-at="2021-01-08T00:26:08Z">
          <exception class="java.lang.Throwable">
            <message>
              <![CDATA[Method Adminverifydoctortest.TC_04_AdminLogout()[pri:0, instance:com.sailotech.ezscheduler.testpages.Adminverifydoctortest@3cc817bd] depends on not successfully finished methods]]>
            </message>
            <full-stacktrace>
              <![CDATA[java.lang.Throwable: Method Adminverifydoctortest.TC_04_AdminLogout()[pri:0, instance:com.sailotech.ezscheduler.testpages.Adminverifydoctortest@3cc817bd] depends on not successfully finished methods
at org.testng.internal.Invoker.invokeTestMethods(Invoker.java:888)
at org.testng.internal.TestMethodWorker.invokeTestMethods(TestMethodWorker.java:125)
at org.testng.internal.TestMethodWorker.run(TestMethodWorker.java:109)
at org.testng.TestRunner.privateRun(TestRunner.java:648)
at org.testng.TestRunner.run(TestRunner.java:505)
at org.testng.SuiteRunner.runTest(SuiteRunner.java:455)
at org.testng.SuiteRunner.runSequentially(SuiteRunner.java:450)
at org.testng.SuiteRunner.privateRun(SuiteRunner.java:415)
at org.testng.SuiteRunner.run(SuiteRunner.java:364)
at org.testng.SuiteRunnerWorker.runSuite(SuiteRunnerWorker.java:52)
at org.testng.SuiteRunnerWorker.run(SuiteRunnerWorker.java:84)
at org.testng.TestNG.runSuitesSequentially(TestNG.java:1208)
at org.testng.TestNG.runSuitesLocally(TestNG.java:1137)
at org.testng.TestNG.runSuites(TestNG.java:1049)
at org.testng.TestNG.run(TestNG.java:1017)
at org.apache.maven.surefire.testng.TestNGExecutor.run(TestNGExecutor.java:283)
at org.apache.maven.surefire.testng.TestNGXmlTestSuite.execute(TestNGXmlTestSuite.java:75)
at org.apache.maven.surefire.testng.TestNGProvider.invoke(TestNGProvider.java:120)
at org.apache.maven.surefire.booter.ForkedBooter.invokeProviderInSameClassLoader(ForkedBooter.java:383)
at org.apache.maven.surefire.booter.ForkedBooter.runSuitesInProcess(ForkedBooter.java:344)
at org.apache.maven.surefire.booter.ForkedBooter.execute(ForkedBooter.java:125)
at org.apache.maven.surefire.booter.ForkedBooter.main(ForkedBooter.java:417)
]]>
            </full-stacktrace>
          </exception> <!-- java.lang.Throwable -->
          <reporter-output>
          </reporter-output>
        </test-method> <!-- TC_04_AdminLogout -->
        <test-method status="SKIP" signature="afterClass()[pri:0, instance:com.sailotech.ezscheduler.testpages.Adminverifydoctortest@3cc817bd]" name="afterClass" is-config="true" duration-ms="0" started-at="2021-01-08T00:26:08Z" finished-at="2021-01-08T00:26:08Z">
          <reporter-output>
          </reporter-output>
        </test-method> <!-- afterClass -->
      </class> <!-- com.sailotech.ezscheduler.testpages.Adminverifydoctortest -->
      <class name="com.sailotech.ezscheduler.login_testpages.Adminlogintest">
        <test-method status="PASS" signature="beforeClass()[pri:0, instance:com.sailotech.ezscheduler.login_testpages.Adminlogintest@70e54ec3]" name="beforeClass" is-config="true" duration-ms="18259" started-at="2021-01-08T00:15:32Z" finished-at="2021-01-08T00:15:51Z">
          <reporter-output>
          </reporter-output>
        </test-method> <!-- beforeClass -->
        <test-method status="PASS" signature="startRecording()[pri:0, instance:com.sailotech.ezscheduler.login_testpages.Adminlogintest@70e54ec3]" name="startRecording" is-config="true" duration-ms="141" started-at="2021-01-08T00:15:51Z" finished-at="2021-01-08T00:15:51Z">
          <reporter-output>
          </reporter-output>
        </test-method> <!-- startRecording -->
        <test-method status="PASS" signature="TC_01_Navigate_to_AdminLoginRegister()[pri:0, instance:com.sailotech.ezscheduler.login_testpages.Adminlogintest@70e54ec3]" name="TC_01_Navigate_to_AdminLoginRegister" duration-ms="4732" started-at="2021-01-08T00:15:51Z" description="Navigate_to_AdminLoginRegister" finished-at="2021-01-08T00:15:55Z">
          <reporter-output>
          </reporter-output>
        </test-method> <!-- TC_01_Navigate_to_AdminLoginRegister -->
        <test-method status="PASS" signature="appendFinalHTMLReport(org.testng.ITestResult)[pri:0, instance:com.sailotech.ezscheduler.login_testpages.Adminlogintest@70e54ec3]" name="appendFinalHTMLReport" is-config="true" duration-ms="3" started-at="2021-01-08T00:15:56Z" finished-at="2021-01-08T00:15:56Z">
          <params>
            <param index="0">
              <value>
                <![CDATA[[TestResult name=TC_01_Navigate_to_AdminLoginRegister status=SUCCESS method=Adminlogintest.TC_01_Navigate_to_AdminLoginRegister()[pri:0, instance:com.sailotech.ezscheduler.login_testpages.Adminlogintest@70e54ec3] output={null}]]]>
              </value>
            </param>
          </params>
          <reporter-output>
          </reporter-output>
        </test-method> <!-- appendFinalHTMLReport -->
        <test-method status="PASS" signature="screenShot(org.testng.ITestResult)[pri:0, instance:com.sailotech.ezscheduler.login_testpages.Adminlogintest@70e54ec3]" name="screenShot" is-config="true" duration-ms="1" started-at="2021-01-08T00:15:56Z" finished-at="2021-01-08T00:15:56Z">
          <params>
            <param index="0">
              <value>
                <![CDATA[[TestResult name=TC_01_Navigate_to_AdminLoginRegister status=SUCCESS method=Adminlogintest.TC_01_Navigate_to_AdminLoginRegister()[pri:0, instance:com.sailotech.ezscheduler.login_testpages.Adminlogintest@70e54ec3] output={null}]]]>
              </value>
            </param>
          </params>
          <reporter-output>
          </reporter-output>
        </test-method> <!-- screenShot -->
        <test-method status="PASS" signature="TC_02_Navigate_to_AdminLogin()[pri:0, instance:com.sailotech.ezscheduler.login_testpages.Adminlogintest@70e54ec3]" name="TC_02_Navigate_to_AdminLogin" duration-ms="7763" started-at="2021-01-08T00:15:56Z" description="Navigate_to_AdminLogin" depends-on-methods="com.sailotech.ezscheduler.login_testpages.Adminlogintest.TC_01_Navigate_to_AdminLoginRegister" finished-at="2021-01-08T00:16:03Z">
          <reporter-output>
          </reporter-output>
        </test-method> <!-- TC_02_Navigate_to_AdminLogin -->
        <test-method status="PASS" signature="appendFinalHTMLReport(org.testng.ITestResult)[pri:0, instance:com.sailotech.ezscheduler.login_testpages.Adminlogintest@70e54ec3]" name="appendFinalHTMLReport" is-config="true" duration-ms="0" started-at="2021-01-08T00:16:03Z" finished-at="2021-01-08T00:16:03Z">
          <params>
            <param index="0">
              <value>
                <![CDATA[[TestResult name=TC_02_Navigate_to_AdminLogin status=SUCCESS method=Adminlogintest.TC_02_Navigate_to_AdminLogin()[pri:0, instance:com.sailotech.ezscheduler.login_testpages.Adminlogintest@70e54ec3] output={null}]]]>
              </value>
            </param>
          </params>
          <reporter-output>
          </reporter-output>
        </test-method> <!-- appendFinalHTMLReport -->
        <test-method status="PASS" signature="screenShot(org.testng.ITestResult)[pri:0, instance:com.sailotech.ezscheduler.login_testpages.Adminlogintest@70e54ec3]" name="screenShot" is-config="true" duration-ms="0" started-at="2021-01-08T00:16:03Z" finished-at="2021-01-08T00:16:03Z">
          <params>
            <param index="0">
              <value>
                <![CDATA[[TestResult name=TC_02_Navigate_to_AdminLogin status=SUCCESS method=Adminlogintest.TC_02_Navigate_to_AdminLogin()[pri:0, instance:com.sailotech.ezscheduler.login_testpages.Adminlogintest@70e54ec3] output={null}]]]>
              </value>
            </param>
          </params>
          <reporter-output>
          </reporter-output>
        </test-method> <!-- screenShot -->
        <test-method status="PASS" signature="afterClass()[pri:0, instance:com.sailotech.ezscheduler.login_testpages.Adminlogintest@70e54ec3]" name="afterClass" is-config="true" duration-ms="1" started-at="2021-01-08T00:16:03Z" finished-at="2021-01-08T00:16:03Z">
          <reporter-output>
          </reporter-output>
        </test-method> <!-- afterClass -->
        <test-method status="PASS" signature="stopRecording()[pri:0, instance:com.sailotech.ezscheduler.login_testpages.Adminlogintest@70e54ec3]" name="stopRecording" is-config="true" duration-ms="452" started-at="2021-01-08T00:26:08Z" finished-at="2021-01-08T00:26:09Z">
          <reporter-output>
          </reporter-output>
        </test-method> <!-- stopRecording -->
      </class> <!-- com.sailotech.ezscheduler.login_testpages.Adminlogintest -->
    </test> <!-- AdminSuite -->
  </suite> <!-- AdminSuite -->
  <suite name="PatientLogin" duration-ms="719440" started-at="2021-01-08T02:04:34Z" finished-at="2021-01-08T02:16:34Z">
    <groups>
    </groups>
    <test name="PatientLogin" duration-ms="719440" started-at="2021-01-08T02:04:34Z" finished-at="2021-01-08T02:16:34Z">
      <class name="com.sailotech.ezscheduler.testpages.Consumerregistrationtest">
        <test-method status="PASS" signature="beforeClass()[pri:0, instance:com.sailotech.ezscheduler.testpages.Consumerregistrationtest@74fda9ed]" name="beforeClass" is-config="true" duration-ms="20444" started-at="2021-01-08T02:04:34Z" finished-at="2021-01-08T02:04:55Z">
          <reporter-output>
          </reporter-output>
        </test-method> <!-- beforeClass -->
        <test-method status="PASS" signature="startRecording()[pri:0, instance:com.sailotech.ezscheduler.testpages.Consumerregistrationtest@74fda9ed]" name="startRecording" is-config="true" duration-ms="44" started-at="2021-01-08T02:04:55Z" finished-at="2021-01-08T02:04:55Z">
          <reporter-output>
          </reporter-output>
        </test-method> <!-- startRecording -->
        <test-method status="PASS" signature="TC_01_Navigate_To_PatientRegister()[pri:0, instance:com.sailotech.ezscheduler.testpages.Consumerregistrationtest@74fda9ed]" name="TC_01_Navigate_To_PatientRegister" duration-ms="2578" started-at="2021-01-08T02:04:55Z" description="Navigate_To_PatientRegister" finished-at="2021-01-08T02:04:57Z">
          <reporter-output>
          </reporter-output>
        </test-method> <!-- TC_01_Navigate_To_PatientRegister -->
        <test-method status="PASS" signature="appendFinalHTMLReport(org.testng.ITestResult)[pri:0, instance:com.sailotech.ezscheduler.testpages.Consumerregistrationtest@74fda9ed]" name="appendFinalHTMLReport" is-config="true" duration-ms="0" started-at="2021-01-08T02:04:57Z" finished-at="2021-01-08T02:04:57Z">
          <params>
            <param index="0">
              <value>
                <![CDATA[[TestResult name=TC_01_Navigate_To_PatientRegister status=SUCCESS method=Consumerregistrationtest.TC_01_Navigate_To_PatientRegister()[pri:0, instance:com.sailotech.ezscheduler.testpages.Consumerregistrationtest@74fda9ed] output={null}]]]>
              </value>
            </param>
          </params>
          <reporter-output>
          </reporter-output>
        </test-method> <!-- appendFinalHTMLReport -->
        <test-method status="PASS" signature="screenShot(org.testng.ITestResult)[pri:0, instance:com.sailotech.ezscheduler.testpages.Consumerregistrationtest@74fda9ed]" name="screenShot" is-config="true" duration-ms="1" started-at="2021-01-08T02:04:57Z" finished-at="2021-01-08T02:04:57Z">
          <params>
            <param index="0">
              <value>
                <![CDATA[[TestResult name=TC_01_Navigate_To_PatientRegister status=SUCCESS method=Consumerregistrationtest.TC_01_Navigate_To_PatientRegister()[pri:0, instance:com.sailotech.ezscheduler.testpages.Consumerregistrationtest@74fda9ed] output={null}]]]>
              </value>
            </param>
          </params>
          <reporter-output>
          </reporter-output>
        </test-method> <!-- screenShot -->
        <test-method status="PASS" signature="TC_02_PatientRegistration()[pri:0, instance:com.sailotech.ezscheduler.testpages.Consumerregistrationtest@74fda9ed]" name="TC_02_PatientRegistration" duration-ms="9419" started-at="2021-01-08T02:04:57Z" description="PatientRegistration" depends-on-methods="com.sailotech.ezscheduler.testpages.Consumerregistrationtest.TC_01_Navigate_To_PatientRegister" finished-at="2021-01-08T02:05:07Z">
          <reporter-output>
          </reporter-output>
        </test-method> <!-- TC_02_PatientRegistration -->
        <test-method status="PASS" signature="appendFinalHTMLReport(org.testng.ITestResult)[pri:0, instance:com.sailotech.ezscheduler.testpages.Consumerregistrationtest@74fda9ed]" name="appendFinalHTMLReport" is-config="true" duration-ms="1" started-at="2021-01-08T02:05:07Z" finished-at="2021-01-08T02:05:07Z">
          <params>
            <param index="0">
              <value>
                <![CDATA[[TestResult name=TC_02_PatientRegistration status=SUCCESS method=Consumerregistrationtest.TC_02_PatientRegistration()[pri:0, instance:com.sailotech.ezscheduler.testpages.Consumerregistrationtest@74fda9ed] output={null}]]]>
              </value>
            </param>
          </params>
          <reporter-output>
          </reporter-output>
        </test-method> <!-- appendFinalHTMLReport -->
        <test-method status="PASS" signature="screenShot(org.testng.ITestResult)[pri:0, instance:com.sailotech.ezscheduler.testpages.Consumerregistrationtest@74fda9ed]" name="screenShot" is-config="true" duration-ms="1" started-at="2021-01-08T02:05:07Z" finished-at="2021-01-08T02:05:07Z">
          <params>
            <param index="0">
              <value>
                <![CDATA[[TestResult name=TC_02_PatientRegistration status=SUCCESS method=Consumerregistrationtest.TC_02_PatientRegistration()[pri:0, instance:com.sailotech.ezscheduler.testpages.Consumerregistrationtest@74fda9ed] output={null}]]]>
              </value>
            </param>
          </params>
          <reporter-output>
          </reporter-output>
        </test-method> <!-- screenShot -->
        <test-method status="PASS" signature="afterClass()[pri:0, instance:com.sailotech.ezscheduler.testpages.Consumerregistrationtest@74fda9ed]" name="afterClass" is-config="true" duration-ms="0" started-at="2021-01-08T02:05:07Z" finished-at="2021-01-08T02:05:07Z">
          <reporter-output>
          </reporter-output>
        </test-method> <!-- afterClass -->
      </class> <!-- com.sailotech.ezscheduler.testpages.Consumerregistrationtest -->
      <class name="com.sailotech.ezscheduler.login_testpages.Consumerlogintest">
        <test-method status="FAIL" signature="beforeClass()[pri:0, instance:com.sailotech.ezscheduler.login_testpages.Consumerlogintest@2a9fd482]" name="beforeClass" is-config="true" duration-ms="606308" started-at="2021-01-08T02:05:07Z" finished-at="2021-01-08T02:15:13Z">
          <exception class="org.openqa.selenium.SessionNotCreatedException">
            <message>
              <![CDATA[session not created exception
from timeout: Timed out receiving message from renderer: 600.000
  (Session info: chrome=87.0.4280.88)
  (Driver info: chromedriver=2.40.565498 (ea082db3280dd6843ebfb08a625e3eb905c4f5ab),platform=Windows NT 10.0.18363 x86_64) (WARNING: The server did not provide any stacktrace information)
Command duration or timeout: 605.77 seconds
Build info: version: '3.141.59', revision: 'e82be7d358', time: '2018-11-14T08:17:03'
System info: host: 'DESKTOP-A4GJKOM', ip: '192.168.1.98', os.name: 'Windows 10', os.arch: 'amd64', os.version: '10.0', java.version: '1.8.0_271'
Driver info: driver.version: ChromeDriver]]>
            </message>
            <full-stacktrace>
              <![CDATA[org.openqa.selenium.SessionNotCreatedException: session not created exception
from timeout: Timed out receiving message from renderer: 600.000
  (Session info: chrome=87.0.4280.88)
  (Driver info: chromedriver=2.40.565498 (ea082db3280dd6843ebfb08a625e3eb905c4f5ab),platform=Windows NT 10.0.18363 x86_64) (WARNING: The server did not provide any stacktrace information)
Command duration or timeout: 605.77 seconds
Build info: version: '3.141.59', revision: 'e82be7d358', time: '2018-11-14T08:17:03'
System info: host: 'DESKTOP-A4GJKOM', ip: '192.168.1.98', os.name: 'Windows 10', os.arch: 'amd64', os.version: '10.0', java.version: '1.8.0_271'
Driver info: driver.version: ChromeDriver
at sun.reflect.NativeConstructorAccessorImpl.newInstance0(Native Method)
at sun.reflect.NativeConstructorAccessorImpl.newInstance(NativeConstructorAccessorImpl.java:62)
at sun.reflect.DelegatingConstructorAccessorImpl.newInstance(DelegatingConstructorAccessorImpl.java:45)
at java.lang.reflect.Constructor.newInstance(Constructor.java:423)
at org.openqa.selenium.remote.ErrorHandler.createThrowable(ErrorHandler.java:214)
at org.openqa.selenium.remote.ErrorHandler.throwIfResponseFailed(ErrorHandler.java:166)
at org.openqa.selenium.remote.JsonWireProtocolResponse.lambda$errorHandler$0(JsonWireProtocolResponse.java:54)
at org.openqa.selenium.remote.HandshakeResponse.lambda$getResponseFunction$0(HandshakeResponse.java:30)
at org.openqa.selenium.remote.ProtocolHandshake.lambda$createSession$0(ProtocolHandshake.java:126)
at java.util.stream.ReferencePipeline$3$1.accept(ReferencePipeline.java:193)
at java.util.Spliterators$ArraySpliterator.tryAdvance(Spliterators.java:958)
at java.util.stream.ReferencePipeline.forEachWithCancel(ReferencePipeline.java:126)
at java.util.stream.AbstractPipeline.copyIntoWithCancel(AbstractPipeline.java:499)
at java.util.stream.AbstractPipeline.copyInto(AbstractPipeline.java:486)
at java.util.stream.AbstractPipeline.wrapAndCopyInto(AbstractPipeline.java:472)
at java.util.stream.FindOps$FindOp.evaluateSequential(FindOps.java:152)
at java.util.stream.AbstractPipeline.evaluate(AbstractPipeline.java:234)
at java.util.stream.ReferencePipeline.findFirst(ReferencePipeline.java:464)
at org.openqa.selenium.remote.ProtocolHandshake.createSession(ProtocolHandshake.java:128)
at org.openqa.selenium.remote.ProtocolHandshake.createSession(ProtocolHandshake.java:74)
at org.openqa.selenium.remote.HttpCommandExecutor.execute(HttpCommandExecutor.java:136)
at org.openqa.selenium.remote.service.DriverCommandExecutor.execute(DriverCommandExecutor.java:83)
at org.openqa.selenium.remote.RemoteWebDriver.execute(RemoteWebDriver.java:552)
at org.openqa.selenium.remote.RemoteWebDriver.startSession(RemoteWebDriver.java:213)
at org.openqa.selenium.remote.RemoteWebDriver.<init>(RemoteWebDriver.java:131)
at org.openqa.selenium.chrome.ChromeDriver.<init>(ChromeDriver.java:181)
at org.openqa.selenium.chrome.ChromeDriver.<init>(ChromeDriver.java:147)
at com.sailotech.ezscheduler.basepages.BaseTest.startSession(BaseTest.java:169)
at com.sailotech.ezscheduler.basepages.BaseTest.beforeClass(BaseTest.java:56)
at sun.reflect.NativeMethodAccessorImpl.invoke0(Native Method)
at sun.reflect.NativeMethodAccessorImpl.invoke(NativeMethodAccessorImpl.java:62)
at sun.reflect.DelegatingMethodAccessorImpl.invoke(DelegatingMethodAccessorImpl.java:43)
at java.lang.reflect.Method.invoke(Method.java:498)
at org.testng.internal.MethodInvocationHelper.invokeMethod(MethodInvocationHelper.java:124)
at org.testng.internal.MethodInvocationHelper.invokeMethodConsideringTimeout(MethodInvocationHelper.java:59)
at org.testng.internal.Invoker.invokeConfigurationMethod(Invoker.java:458)
at org.testng.internal.Invoker.invokeConfigurations(Invoker.java:222)
at org.testng.internal.Invoker.invokeConfigurations(Invoker.java:142)
at org.testng.internal.TestMethodWorker.invokeBeforeClassMethods(TestMethodWorker.java:168)
at org.testng.internal.TestMethodWorker.run(TestMethodWorker.java:105)
at org.testng.TestRunner.privateRun(TestRunner.java:648)
at org.testng.TestRunner.run(TestRunner.java:505)
at org.testng.SuiteRunner.runTest(SuiteRunner.java:455)
at org.testng.SuiteRunner.runSequentially(SuiteRunner.java:450)
at org.testng.SuiteRunner.privateRun(SuiteRunner.java:415)
at org.testng.SuiteRunner.run(SuiteRunner.java:364)
at org.testng.SuiteRunnerWorker.runSuite(SuiteRunnerWorker.java:52)
at org.testng.SuiteRunnerWorker.run(SuiteRunnerWorker.java:84)
at org.testng.TestNG.runSuitesSequentially(TestNG.java:1208)
at org.testng.TestNG.runSuitesLocally(TestNG.java:1137)
at org.testng.TestNG.runSuites(TestNG.java:1049)
at org.testng.TestNG.run(TestNG.java:1017)
at org.apache.maven.surefire.testng.TestNGExecutor.run(TestNGExecutor.java:283)
at org.apache.maven.surefire.testng.TestNGXmlTestSuite.execute(TestNGXmlTestSuite.java:75)
at org.apache.maven.surefire.testng.TestNGProvider.invoke(TestNGProvider.java:120)
at org.apache.maven.surefire.booter.ForkedBooter.invokeProviderInSameClassLoader(ForkedBooter.java:383)
at org.apache.maven.surefire.booter.ForkedBooter.runSuitesInProcess(ForkedBooter.java:344)
at org.apache.maven.surefire.booter.ForkedBooter.execute(ForkedBooter.java:125)
at org.apache.maven.surefire.booter.ForkedBooter.main(ForkedBooter.java:417)
]]>
            </full-stacktrace>
          </exception> <!-- org.openqa.selenium.SessionNotCreatedException -->
          <reporter-output>
          </reporter-output>
        </test-method> <!-- beforeClass -->
        <test-method status="SKIP" signature="startRecording()[pri:0, instance:com.sailotech.ezscheduler.login_testpages.Consumerlogintest@2a9fd482]" name="startRecording" is-config="true" duration-ms="0" started-at="2021-01-08T02:15:13Z" finished-at="2021-01-08T02:15:13Z">
          <reporter-output>
          </reporter-output>
        </test-method> <!-- startRecording -->
        <test-method status="SKIP" signature="TC_01_Navigate_To_Patient_LoginRegister()[pri:0, instance:com.sailotech.ezscheduler.login_testpages.Consumerlogintest@2a9fd482]" name="TC_01_Navigate_To_Patient_LoginRegister" duration-ms="0" started-at="2021-01-08T02:15:13Z" description="Navigate_To_Patient_LoginRegister" finished-at="2021-01-08T02:15:13Z">
          <exception class="org.openqa.selenium.SessionNotCreatedException">
            <message>
              <![CDATA[session not created exception
from timeout: Timed out receiving message from renderer: 600.000
  (Session info: chrome=87.0.4280.88)
  (Driver info: chromedriver=2.40.565498 (ea082db3280dd6843ebfb08a625e3eb905c4f5ab),platform=Windows NT 10.0.18363 x86_64) (WARNING: The server did not provide any stacktrace information)
Command duration or timeout: 605.77 seconds
Build info: version: '3.141.59', revision: 'e82be7d358', time: '2018-11-14T08:17:03'
System info: host: 'DESKTOP-A4GJKOM', ip: '192.168.1.98', os.name: 'Windows 10', os.arch: 'amd64', os.version: '10.0', java.version: '1.8.0_271'
Driver info: driver.version: ChromeDriver]]>
            </message>
            <full-stacktrace>
              <![CDATA[org.openqa.selenium.SessionNotCreatedException: session not created exception
from timeout: Timed out receiving message from renderer: 600.000
  (Session info: chrome=87.0.4280.88)
  (Driver info: chromedriver=2.40.565498 (ea082db3280dd6843ebfb08a625e3eb905c4f5ab),platform=Windows NT 10.0.18363 x86_64) (WARNING: The server did not provide any stacktrace information)
Command duration or timeout: 605.77 seconds
Build info: version: '3.141.59', revision: 'e82be7d358', time: '2018-11-14T08:17:03'
System info: host: 'DESKTOP-A4GJKOM', ip: '192.168.1.98', os.name: 'Windows 10', os.arch: 'amd64', os.version: '10.0', java.version: '1.8.0_271'
Driver info: driver.version: ChromeDriver
at sun.reflect.NativeConstructorAccessorImpl.newInstance0(Native Method)
at sun.reflect.NativeConstructorAccessorImpl.newInstance(NativeConstructorAccessorImpl.java:62)
at sun.reflect.DelegatingConstructorAccessorImpl.newInstance(DelegatingConstructorAccessorImpl.java:45)
at java.lang.reflect.Constructor.newInstance(Constructor.java:423)
at org.openqa.selenium.remote.ErrorHandler.createThrowable(ErrorHandler.java:214)
at org.openqa.selenium.remote.ErrorHandler.throwIfResponseFailed(ErrorHandler.java:166)
at org.openqa.selenium.remote.JsonWireProtocolResponse.lambda$errorHandler$0(JsonWireProtocolResponse.java:54)
at org.openqa.selenium.remote.HandshakeResponse.lambda$getResponseFunction$0(HandshakeResponse.java:30)
at org.openqa.selenium.remote.ProtocolHandshake.lambda$createSession$0(ProtocolHandshake.java:126)
at java.util.stream.ReferencePipeline$3$1.accept(ReferencePipeline.java:193)
at java.util.Spliterators$ArraySpliterator.tryAdvance(Spliterators.java:958)
at java.util.stream.ReferencePipeline.forEachWithCancel(ReferencePipeline.java:126)
at java.util.stream.AbstractPipeline.copyIntoWithCancel(AbstractPipeline.java:499)
at java.util.stream.AbstractPipeline.copyInto(AbstractPipeline.java:486)
at java.util.stream.AbstractPipeline.wrapAndCopyInto(AbstractPipeline.java:472)
at java.util.stream.FindOps$FindOp.evaluateSequential(FindOps.java:152)
at java.util.stream.AbstractPipeline.evaluate(AbstractPipeline.java:234)
at java.util.stream.ReferencePipeline.findFirst(ReferencePipeline.java:464)
at org.openqa.selenium.remote.ProtocolHandshake.createSession(ProtocolHandshake.java:128)
at org.openqa.selenium.remote.ProtocolHandshake.createSession(ProtocolHandshake.java:74)
at org.openqa.selenium.remote.HttpCommandExecutor.execute(HttpCommandExecutor.java:136)
at org.openqa.selenium.remote.service.DriverCommandExecutor.execute(DriverCommandExecutor.java:83)
at org.openqa.selenium.remote.RemoteWebDriver.execute(RemoteWebDriver.java:552)
at org.openqa.selenium.remote.RemoteWebDriver.startSession(RemoteWebDriver.java:213)
at org.openqa.selenium.remote.RemoteWebDriver.<init>(RemoteWebDriver.java:131)
at org.openqa.selenium.chrome.ChromeDriver.<init>(ChromeDriver.java:181)
at org.openqa.selenium.chrome.ChromeDriver.<init>(ChromeDriver.java:147)
at com.sailotech.ezscheduler.basepages.BaseTest.startSession(BaseTest.java:169)
at com.sailotech.ezscheduler.basepages.BaseTest.beforeClass(BaseTest.java:56)
at sun.reflect.NativeMethodAccessorImpl.invoke0(Native Method)
at sun.reflect.NativeMethodAccessorImpl.invoke(NativeMethodAccessorImpl.java:62)
at sun.reflect.DelegatingMethodAccessorImpl.invoke(DelegatingMethodAccessorImpl.java:43)
at java.lang.reflect.Method.invoke(Method.java:498)
at org.testng.internal.MethodInvocationHelper.invokeMethod(MethodInvocationHelper.java:124)
at org.testng.internal.MethodInvocationHelper.invokeMethodConsideringTimeout(MethodInvocationHelper.java:59)
at org.testng.internal.Invoker.invokeConfigurationMethod(Invoker.java:458)
at org.testng.internal.Invoker.invokeConfigurations(Invoker.java:222)
at org.testng.internal.Invoker.invokeConfigurations(Invoker.java:142)
at org.testng.internal.TestMethodWorker.invokeBeforeClassMethods(TestMethodWorker.java:168)
at org.testng.internal.TestMethodWorker.run(TestMethodWorker.java:105)
at org.testng.TestRunner.privateRun(TestRunner.java:648)
at org.testng.TestRunner.run(TestRunner.java:505)
at org.testng.SuiteRunner.runTest(SuiteRunner.java:455)
at org.testng.SuiteRunner.runSequentially(SuiteRunner.java:450)
at org.testng.SuiteRunner.privateRun(SuiteRunner.java:415)
at org.testng.SuiteRunner.run(SuiteRunner.java:364)
at org.testng.SuiteRunnerWorker.runSuite(SuiteRunnerWorker.java:52)
at org.testng.SuiteRunnerWorker.run(SuiteRunnerWorker.java:84)
at org.testng.TestNG.runSuitesSequentially(TestNG.java:1208)
at org.testng.TestNG.runSuitesLocally(TestNG.java:1137)
at org.testng.TestNG.runSuites(TestNG.java:1049)
at org.testng.TestNG.run(TestNG.java:1017)
at org.apache.maven.surefire.testng.TestNGExecutor.run(TestNGExecutor.java:283)
at org.apache.maven.surefire.testng.TestNGXmlTestSuite.execute(TestNGXmlTestSuite.java:75)
at org.apache.maven.surefire.testng.TestNGProvider.invoke(TestNGProvider.java:120)
at org.apache.maven.surefire.booter.ForkedBooter.invokeProviderInSameClassLoader(ForkedBooter.java:383)
at org.apache.maven.surefire.booter.ForkedBooter.runSuitesInProcess(ForkedBooter.java:344)
at org.apache.maven.surefire.booter.ForkedBooter.execute(ForkedBooter.java:125)
at org.apache.maven.surefire.booter.ForkedBooter.main(ForkedBooter.java:417)
]]>
            </full-stacktrace>
          </exception> <!-- org.openqa.selenium.SessionNotCreatedException -->
          <reporter-output>
          </reporter-output>
        </test-method> <!-- TC_01_Navigate_To_Patient_LoginRegister -->
        <test-method status="SKIP" signature="appendFinalHTMLReport(org.testng.ITestResult)[pri:0, instance:com.sailotech.ezscheduler.login_testpages.Consumerlogintest@2a9fd482]" name="appendFinalHTMLReport" is-config="true" duration-ms="0" started-at="2021-01-08T02:15:13Z" finished-at="2021-01-08T02:15:13Z">
          <reporter-output>
          </reporter-output>
        </test-method> <!-- appendFinalHTMLReport -->
        <test-method status="SKIP" signature="screenShot(org.testng.ITestResult)[pri:0, instance:com.sailotech.ezscheduler.login_testpages.Consumerlogintest@2a9fd482]" name="screenShot" is-config="true" duration-ms="0" started-at="2021-01-08T02:15:13Z" finished-at="2021-01-08T02:15:13Z">
          <reporter-output>
          </reporter-output>
        </test-method> <!-- screenShot -->
        <test-method status="SKIP" signature="TC_02_PatientLogin()[pri:0, instance:com.sailotech.ezscheduler.login_testpages.Consumerlogintest@2a9fd482]" name="TC_02_PatientLogin" duration-ms="0" started-at="2021-01-08T02:15:13Z" description="Navigate_To_PatientLogin" depends-on-methods="com.sailotech.ezscheduler.login_testpages.Consumerlogintest.TC_01_Navigate_To_Patient_LoginRegister" finished-at="2021-01-08T02:15:13Z">
          <exception class="java.lang.Throwable">
            <message>
              <![CDATA[Method Consumerlogintest.TC_02_PatientLogin()[pri:0, instance:com.sailotech.ezscheduler.login_testpages.Consumerlogintest@2a9fd482] depends on not successfully finished methods]]>
            </message>
            <full-stacktrace>
              <![CDATA[java.lang.Throwable: Method Consumerlogintest.TC_02_PatientLogin()[pri:0, instance:com.sailotech.ezscheduler.login_testpages.Consumerlogintest@2a9fd482] depends on not successfully finished methods
at org.testng.internal.Invoker.invokeTestMethods(Invoker.java:888)
at org.testng.internal.TestMethodWorker.invokeTestMethods(TestMethodWorker.java:125)
at org.testng.internal.TestMethodWorker.run(TestMethodWorker.java:109)
at org.testng.TestRunner.privateRun(TestRunner.java:648)
at org.testng.TestRunner.run(TestRunner.java:505)
at org.testng.SuiteRunner.runTest(SuiteRunner.java:455)
at org.testng.SuiteRunner.runSequentially(SuiteRunner.java:450)
at org.testng.SuiteRunner.privateRun(SuiteRunner.java:415)
at org.testng.SuiteRunner.run(SuiteRunner.java:364)
at org.testng.SuiteRunnerWorker.runSuite(SuiteRunnerWorker.java:52)
at org.testng.SuiteRunnerWorker.run(SuiteRunnerWorker.java:84)
at org.testng.TestNG.runSuitesSequentially(TestNG.java:1208)
at org.testng.TestNG.runSuitesLocally(TestNG.java:1137)
at org.testng.TestNG.runSuites(TestNG.java:1049)
at org.testng.TestNG.run(TestNG.java:1017)
at org.apache.maven.surefire.testng.TestNGExecutor.run(TestNGExecutor.java:283)
at org.apache.maven.surefire.testng.TestNGXmlTestSuite.execute(TestNGXmlTestSuite.java:75)
at org.apache.maven.surefire.testng.TestNGProvider.invoke(TestNGProvider.java:120)
at org.apache.maven.surefire.booter.ForkedBooter.invokeProviderInSameClassLoader(ForkedBooter.java:383)
at org.apache.maven.surefire.booter.ForkedBooter.runSuitesInProcess(ForkedBooter.java:344)
at org.apache.maven.surefire.booter.ForkedBooter.execute(ForkedBooter.java:125)
at org.apache.maven.surefire.booter.ForkedBooter.main(ForkedBooter.java:417)
]]>
            </full-stacktrace>
          </exception> <!-- java.lang.Throwable -->
          <reporter-output>
          </reporter-output>
        </test-method> <!-- TC_02_PatientLogin -->
        <test-method status="SKIP" signature="afterClass()[pri:0, instance:com.sailotech.ezscheduler.login_testpages.Consumerlogintest@2a9fd482]" name="afterClass" is-config="true" duration-ms="0" started-at="2021-01-08T02:15:13Z" finished-at="2021-01-08T02:15:13Z">
          <reporter-output>
          </reporter-output>
        </test-method> <!-- afterClass -->
        <test-method status="SKIP" signature="stopRecording()[pri:0, instance:com.sailotech.ezscheduler.login_testpages.Consumerlogintest@2a9fd482]" name="stopRecording" is-config="true" duration-ms="0" started-at="2021-01-08T02:16:34Z" finished-at="2021-01-08T02:16:34Z">
          <reporter-output>
          </reporter-output>
        </test-method> <!-- stopRecording -->
        <test-method status="SKIP" signature="stopRecording()[pri:0, instance:com.sailotech.ezscheduler.testpages.Consumerregistrationtest@74fda9ed]" name="stopRecording" is-config="true" duration-ms="0" started-at="2021-01-08T02:16:34Z" finished-at="2021-01-08T02:16:34Z">
          <reporter-output>
          </reporter-output>
        </test-method> <!-- stopRecording -->
      </class> <!-- com.sailotech.ezscheduler.login_testpages.Consumerlogintest -->
      <class name="com.sailotech.ezscheduler.testpages.Consumerscheduleanapptest">
        <test-method status="PASS" signature="beforeClass()[pri:0, instance:com.sailotech.ezscheduler.testpages.Consumerscheduleanapptest@7ca2319f]" name="beforeClass" is-config="true" duration-ms="18808" started-at="2021-01-08T02:15:13Z" finished-at="2021-01-08T02:15:32Z">
          <reporter-output>
          </reporter-output>
        </test-method> <!-- beforeClass -->
        <test-method status="PASS" signature="startRecording()[pri:0, instance:com.sailotech.ezscheduler.testpages.Consumerscheduleanapptest@7ca2319f]" name="startRecording" is-config="true" duration-ms="166" started-at="2021-01-08T02:15:32Z" finished-at="2021-01-08T02:15:32Z">
          <reporter-output>
          </reporter-output>
        </test-method> <!-- startRecording -->
        <test-method status="PASS" signature="TC_01_Navigate_To_Patient_LoginRegister()[pri:0, instance:com.sailotech.ezscheduler.testpages.Consumerscheduleanapptest@7ca2319f]" name="TC_01_Navigate_To_Patient_LoginRegister" duration-ms="4185" started-at="2021-01-08T02:15:32Z" description="Navigate_To_Patient_LoginRegister" finished-at="2021-01-08T02:15:36Z">
          <reporter-output>
          </reporter-output>
        </test-method> <!-- TC_01_Navigate_To_Patient_LoginRegister -->
        <test-method status="PASS" signature="appendFinalHTMLReport(org.testng.ITestResult)[pri:0, instance:com.sailotech.ezscheduler.testpages.Consumerscheduleanapptest@7ca2319f]" name="appendFinalHTMLReport" is-config="true" duration-ms="1" started-at="2021-01-08T02:15:36Z" finished-at="2021-01-08T02:15:36Z">
          <params>
            <param index="0">
              <value>
                <![CDATA[[TestResult name=TC_01_Navigate_To_Patient_LoginRegister status=SUCCESS method=Consumerscheduleanapptest.TC_01_Navigate_To_Patient_LoginRegister()[pri:0, instance:com.sailotech.ezscheduler.testpages.Consumerscheduleanapptest@7ca2319f] output={null}]]]>
              </value>
            </param>
          </params>
          <reporter-output>
          </reporter-output>
        </test-method> <!-- appendFinalHTMLReport -->
        <test-method status="PASS" signature="screenShot(org.testng.ITestResult)[pri:0, instance:com.sailotech.ezscheduler.testpages.Consumerscheduleanapptest@7ca2319f]" name="screenShot" is-config="true" duration-ms="1" started-at="2021-01-08T02:15:36Z" finished-at="2021-01-08T02:15:36Z">
          <params>
            <param index="0">
              <value>
                <![CDATA[[TestResult name=TC_01_Navigate_To_Patient_LoginRegister status=SUCCESS method=Consumerscheduleanapptest.TC_01_Navigate_To_Patient_LoginRegister()[pri:0, instance:com.sailotech.ezscheduler.testpages.Consumerscheduleanapptest@7ca2319f] output={null}]]]>
              </value>
            </param>
          </params>
          <reporter-output>
          </reporter-output>
        </test-method> <!-- screenShot -->
        <test-method status="PASS" signature="TC_02_PatientLogin()[pri:0, instance:com.sailotech.ezscheduler.testpages.Consumerscheduleanapptest@7ca2319f]" name="TC_02_PatientLogin" duration-ms="12137" started-at="2021-01-08T02:15:36Z" description="Navigate_To_PatientLogin" depends-on-methods="com.sailotech.ezscheduler.testpages.Consumerscheduleanapptest.TC_01_Navigate_To_Patient_LoginRegister" finished-at="2021-01-08T02:15:48Z">
          <reporter-output>
          </reporter-output>
        </test-method> <!-- TC_02_PatientLogin -->
        <test-method status="PASS" signature="appendFinalHTMLReport(org.testng.ITestResult)[pri:0, instance:com.sailotech.ezscheduler.testpages.Consumerscheduleanapptest@7ca2319f]" name="appendFinalHTMLReport" is-config="true" duration-ms="0" started-at="2021-01-08T02:15:48Z" finished-at="2021-01-08T02:15:48Z">
          <params>
            <param index="0">
              <value>
                <![CDATA[[TestResult name=TC_02_PatientLogin status=SUCCESS method=Consumerscheduleanapptest.TC_02_PatientLogin()[pri:0, instance:com.sailotech.ezscheduler.testpages.Consumerscheduleanapptest@7ca2319f] output={null}]]]>
              </value>
            </param>
          </params>
          <reporter-output>
          </reporter-output>
        </test-method> <!-- appendFinalHTMLReport -->
        <test-method status="PASS" signature="screenShot(org.testng.ITestResult)[pri:0, instance:com.sailotech.ezscheduler.testpages.Consumerscheduleanapptest@7ca2319f]" name="screenShot" is-config="true" duration-ms="1" started-at="2021-01-08T02:15:48Z" finished-at="2021-01-08T02:15:48Z">
          <params>
            <param index="0">
              <value>
                <![CDATA[[TestResult name=TC_02_PatientLogin status=SUCCESS method=Consumerscheduleanapptest.TC_02_PatientLogin()[pri:0, instance:com.sailotech.ezscheduler.testpages.Consumerscheduleanapptest@7ca2319f] output={null}]]]>
              </value>
            </param>
          </params>
          <reporter-output>
          </reporter-output>
        </test-method> <!-- screenShot -->
        <test-method status="PASS" signature="TC_03_PatientScheduleAnAppointmant()[pri:0, instance:com.sailotech.ezscheduler.testpages.Consumerscheduleanapptest@7ca2319f]" name="TC_03_PatientScheduleAnAppointmant" duration-ms="37415" started-at="2021-01-08T02:15:48Z" description="Patient_Schedule_An_Appointment" depends-on-methods="com.sailotech.ezscheduler.testpages.Consumerscheduleanapptest.TC_02_PatientLogin" finished-at="2021-01-08T02:16:26Z">
          <reporter-output>
          </reporter-output>
        </test-method> <!-- TC_03_PatientScheduleAnAppointmant -->
        <test-method status="PASS" signature="appendFinalHTMLReport(org.testng.ITestResult)[pri:0, instance:com.sailotech.ezscheduler.testpages.Consumerscheduleanapptest@7ca2319f]" name="appendFinalHTMLReport" is-config="true" duration-ms="0" started-at="2021-01-08T02:16:26Z" finished-at="2021-01-08T02:16:26Z">
          <params>
            <param index="0">
              <value>
                <![CDATA[[TestResult name=TC_03_PatientScheduleAnAppointmant status=SUCCESS method=Consumerscheduleanapptest.TC_03_PatientScheduleAnAppointmant()[pri:0, instance:com.sailotech.ezscheduler.testpages.Consumerscheduleanapptest@7ca2319f] output={null}]]]>
              </value>
            </param>
          </params>
          <reporter-output>
          </reporter-output>
        </test-method> <!-- appendFinalHTMLReport -->
        <test-method status="PASS" signature="screenShot(org.testng.ITestResult)[pri:0, instance:com.sailotech.ezscheduler.testpages.Consumerscheduleanapptest@7ca2319f]" name="screenShot" is-config="true" duration-ms="0" started-at="2021-01-08T02:16:26Z" finished-at="2021-01-08T02:16:26Z">
          <params>
            <param index="0">
              <value>
                <![CDATA[[TestResult name=TC_03_PatientScheduleAnAppointmant status=SUCCESS method=Consumerscheduleanapptest.TC_03_PatientScheduleAnAppointmant()[pri:0, instance:com.sailotech.ezscheduler.testpages.Consumerscheduleanapptest@7ca2319f] output={null}]]]>
              </value>
            </param>
          </params>
          <reporter-output>
          </reporter-output>
        </test-method> <!-- screenShot -->
        <test-method status="PASS" signature="TC_03_PatientLogout()[pri:0, instance:com.sailotech.ezscheduler.testpages.Consumerscheduleanapptest@7ca2319f]" name="TC_03_PatientLogout" duration-ms="7782" started-at="2021-01-08T02:16:26Z" description="patientLogout_from_patientpage" depends-on-methods="com.sailotech.ezscheduler.testpages.Consumerscheduleanapptest.TC_03_PatientScheduleAnAppointmant" finished-at="2021-01-08T02:16:34Z">
          <reporter-output>
          </reporter-output>
        </test-method> <!-- TC_03_PatientLogout -->
        <test-method status="PASS" signature="appendFinalHTMLReport(org.testng.ITestResult)[pri:0, instance:com.sailotech.ezscheduler.testpages.Consumerscheduleanapptest@7ca2319f]" name="appendFinalHTMLReport" is-config="true" duration-ms="1" started-at="2021-01-08T02:16:34Z" finished-at="2021-01-08T02:16:34Z">
          <params>
            <param index="0">
              <value>
                <![CDATA[[TestResult name=TC_03_PatientLogout status=SUCCESS method=Consumerscheduleanapptest.TC_03_PatientLogout()[pri:0, instance:com.sailotech.ezscheduler.testpages.Consumerscheduleanapptest@7ca2319f] output={null}]]]>
              </value>
            </param>
          </params>
          <reporter-output>
          </reporter-output>
        </test-method> <!-- appendFinalHTMLReport -->
        <test-method status="PASS" signature="screenShot(org.testng.ITestResult)[pri:0, instance:com.sailotech.ezscheduler.testpages.Consumerscheduleanapptest@7ca2319f]" name="screenShot" is-config="true" duration-ms="1" started-at="2021-01-08T02:16:34Z" finished-at="2021-01-08T02:16:34Z">
          <params>
            <param index="0">
              <value>
                <![CDATA[[TestResult name=TC_03_PatientLogout status=SUCCESS method=Consumerscheduleanapptest.TC_03_PatientLogout()[pri:0, instance:com.sailotech.ezscheduler.testpages.Consumerscheduleanapptest@7ca2319f] output={null}]]]>
              </value>
            </param>
          </params>
          <reporter-output>
          </reporter-output>
        </test-method> <!-- screenShot -->
        <test-method status="PASS" signature="afterClass()[pri:0, instance:com.sailotech.ezscheduler.testpages.Consumerscheduleanapptest@7ca2319f]" name="afterClass" is-config="true" duration-ms="0" started-at="2021-01-08T02:16:34Z" finished-at="2021-01-08T02:16:34Z">
          <reporter-output>
          </reporter-output>
        </test-method> <!-- afterClass -->
      </class> <!-- com.sailotech.ezscheduler.testpages.Consumerscheduleanapptest -->
    </test> <!-- PatientLogin -->
  </suite> <!-- PatientLogin -->
</testng-results>
