<?xml version="1.0" encoding="UTF-8"?>
<!-- Generated by org.testng.reporters.JUnitXMLReporter -->
<testsuite hostname="DESKTOP-A4GJKOM" ignored="0" name="SmokeTest" tests="22" failures="1" timestamp="11 Jan 2021 03:37:33 GMT" time="468.703" errors="0">
  <testcase name="TC_01_navigate_To_DoctorLoginRegister" time="3.06" classname="com.sailotech.ezscheduler.testpages.Providerrregistrationtest"/>
  <testcase name="TC_02_DoctorRegistration" time="31.642" classname="com.sailotech.ezscheduler.testpages.Providerrregistrationtest"/>
  <testcase name="TC_01_Navigate_to_AdminLoginRegister" time="4.727" classname="com.sailotech.ezscheduler.login_testpages.Adminlogintest"/>
  <testcase name="TC_02_Navigate_to_AdminLogin" time="6.89" classname="com.sailotech.ezscheduler.login_testpages.Adminlogintest"/>
  <testcase name="TC_01_Navigate_to_AdminLoginRegister" time="4.762" classname="com.sailotech.ezscheduler.testpages.Adminverifydoctortest"/>
  <testcase name="TC_02_Navigate_to_AdminLogin" time="7.184" classname="com.sailotech.ezscheduler.testpages.Adminverifydoctortest"/>
  <testcase name="TC_03_AdminVerifyDoctor" time="28.499" classname="com.sailotech.ezscheduler.testpages.Adminverifydoctortest"/>
  <testcase name="TC_06_AdminLogout" time="3.308" classname="com.sailotech.ezscheduler.testpages.Adminverifydoctortest"/>
  <testcase name="TC_01_Navigate_To_DoctorLoginRegister" time="5.907" classname="com.sailotech.ezscheduler.login_testpages.Providerlogintest"/>
  <testcase name="TC_02_DoctorLogin" time="9.768" classname="com.sailotech.ezscheduler.login_testpages.Providerlogintest"/>
  <testcase name="TC_01_Navigate_To_DoctorLoginRegister" time="6.122" classname="com.sailotech.ezscheduler.testpages.Providergenerateslotstest"/>
  <testcase name="TC_02_DoctorLogin" time="10.536" classname="com.sailotech.ezscheduler.testpages.Providergenerateslotstest"/>
  <testcase name="TC_03_To_GenerateSlots" time="65.001" classname="com.sailotech.ezscheduler.testpages.Providergenerateslotstest">
    <failure type="org.openqa.selenium.NoSuchElementException" message="no such element: Unable to locate element: {&amp;quot;method&amp;quot;:&amp;quot;xpath&amp;quot;,&amp;quot;selector&amp;quot;:&amp;quot;//*[@id=&amp;quot;app-site&amp;quot;]/div/div/div[3]/main/div/div/div[1]/div/div/div/div[2]/form/div[2]/div/div[2]/b&amp;quot;}
  (Session info: chrome=87.0.4280.88)
  (Driver info: chromedriver=2.40.565498 (ea082db3280dd6843ebfb08a625e3eb905c4f5ab),platform=Windows NT 10.0.18363 x86_64) (WARNING: The server did not provide any stacktrace information)
Command duration or timeout: 0 milliseconds
For documentation on this error, please visit: https://www.seleniumhq.org/exceptions/no_such_element.html
Build info: version: &amp;apos;3.141.59&amp;apos;, revision: &amp;apos;e82be7d358&amp;apos;, time: &amp;apos;2018-11-14T08:17:03&amp;apos;
System info: host: &amp;apos;DESKTOP-A4GJKOM&amp;apos;, ip: &amp;apos;192.168.1.98&amp;apos;, os.name: &amp;apos;Windows 10&amp;apos;, os.arch: &amp;apos;amd64&amp;apos;, os.version: &amp;apos;10.0&amp;apos;, java.version: &amp;apos;1.8.0_271&amp;apos;
Driver info: org.openqa.selenium.chrome.ChromeDriver
Capabilities {acceptInsecureCerts: false, acceptSslCerts: false, applicationCacheEnabled: false, browserConnectionEnabled: false, browserName: chrome, chrome: {chromedriverVersion: 2.40.565498 (ea082db3280dd6..., userDataDir: C:\Users\sukki\AppData\Loca...}, cssSelectorsEnabled: true, databaseEnabled: false, handlesAlerts: true, hasTouchScreen: false, javascriptEnabled: true, locationContextEnabled: true, mobileEmulationEnabled: false, nativeEvents: true, networkConnectionEnabled: false, pageLoadStrategy: normal, platform: XP, platformName: XP, rotatable: false, setWindowRect: true, takesHeapSnapshot: true, takesScreenshot: true, unexpectedAlertBehaviour: , unhandledPromptBehavior: , version: 87.0.4280.88, webStorageEnabled: true}
Session ID: 2d3ca01358b78f816d2b2f80e71b2fb0
*** Element info: {Using=xpath, value=//*[@id=&amp;quot;app-site&amp;quot;]/div/div/div[3]/main/div/div/div[1]/div/div/div/div[2]/form/div[2]/div/div[2]/b}">
      <![CDATA[org.openqa.selenium.NoSuchElementException: no such element: Unable to locate element: {"method":"xpath","selector":"//*[@id="app-site"]/div/div/div[3]/main/div/div/div[1]/div/div/div/div[2]/form/div[2]/div/div[2]/b"}
  (Session info: chrome=87.0.4280.88)
  (Driver info: chromedriver=2.40.565498 (ea082db3280dd6843ebfb08a625e3eb905c4f5ab),platform=Windows NT 10.0.18363 x86_64) (WARNING: The server did not provide any stacktrace information)
Command duration or timeout: 0 milliseconds
For documentation on this error, please visit: https://www.seleniumhq.org/exceptions/no_such_element.html
Build info: version: '3.141.59', revision: 'e82be7d358', time: '2018-11-14T08:17:03'
System info: host: 'DESKTOP-A4GJKOM', ip: '192.168.1.98', os.name: 'Windows 10', os.arch: 'amd64', os.version: '10.0', java.version: '1.8.0_271'
Driver info: org.openqa.selenium.chrome.ChromeDriver
Capabilities {acceptInsecureCerts: false, acceptSslCerts: false, applicationCacheEnabled: false, browserConnectionEnabled: false, browserName: chrome, chrome: {chromedriverVersion: 2.40.565498 (ea082db3280dd6..., userDataDir: C:\Users\sukki\AppData\Loca...}, cssSelectorsEnabled: true, databaseEnabled: false, handlesAlerts: true, hasTouchScreen: false, javascriptEnabled: true, locationContextEnabled: true, mobileEmulationEnabled: false, nativeEvents: true, networkConnectionEnabled: false, pageLoadStrategy: normal, platform: XP, platformName: XP, rotatable: false, setWindowRect: true, takesHeapSnapshot: true, takesScreenshot: true, unexpectedAlertBehaviour: , unhandledPromptBehavior: , version: 87.0.4280.88, webStorageEnabled: true}
Session ID: 2d3ca01358b78f816d2b2f80e71b2fb0
*** Element info: {Using=xpath, value=//*[@id="app-site"]/div/div/div[3]/main/div/div/div[1]/div/div/div/div[2]/form/div[2]/div/div[2]/b}
at sun.reflect.NativeConstructorAccessorImpl.newInstance0(Native Method)
at sun.reflect.NativeConstructorAccessorImpl.newInstance(NativeConstructorAccessorImpl.java:62)
at sun.reflect.DelegatingConstructorAccessorImpl.newInstance(DelegatingConstructorAccessorImpl.java:45)
at java.lang.reflect.Constructor.newInstance(Constructor.java:423)
at org.openqa.selenium.remote.ErrorHandler.createThrowable(ErrorHandler.java:214)
at org.openqa.selenium.remote.ErrorHandler.throwIfResponseFailed(ErrorHandler.java:166)
at org.openqa.selenium.remote.http.JsonHttpResponseCodec.reconstructValue(JsonHttpResponseCodec.java:40)
at org.openqa.selenium.remote.http.AbstractHttpResponseCodec.decode(AbstractHttpResponseCodec.java:80)
at org.openqa.selenium.remote.http.AbstractHttpResponseCodec.decode(AbstractHttpResponseCodec.java:44)
at org.openqa.selenium.remote.HttpCommandExecutor.execute(HttpCommandExecutor.java:158)
at org.openqa.selenium.remote.service.DriverCommandExecutor.execute(DriverCommandExecutor.java:83)
at org.openqa.selenium.remote.RemoteWebDriver.execute(RemoteWebDriver.java:552)
at org.openqa.selenium.remote.RemoteWebDriver.findElement(RemoteWebDriver.java:323)
at org.openqa.selenium.remote.RemoteWebDriver.findElementByXPath(RemoteWebDriver.java:428)
at org.openqa.selenium.By$ByXPath.findElement(By.java:353)
at org.openqa.selenium.remote.RemoteWebDriver.findElement(RemoteWebDriver.java:315)
at org.openqa.selenium.support.pagefactory.DefaultElementLocator.findElement(DefaultElementLocator.java:69)
at org.openqa.selenium.support.pagefactory.internal.LocatingElementHandler.invoke(LocatingElementHandler.java:38)
at com.sun.proxy.$Proxy17.getText(Unknown Source)
at com.sailotech.ezscheduler.implementationpages.Providergeneratingslots.GenerateSlots(Providergeneratingslots.java:176)
at com.sailotech.ezscheduler.testpages.Providergenerateslotstest.TC_03_To_GenerateSlots(Providergenerateslotstest.java:67)
at sun.reflect.NativeMethodAccessorImpl.invoke0(Native Method)
at sun.reflect.NativeMethodAccessorImpl.invoke(NativeMethodAccessorImpl.java:62)
at sun.reflect.DelegatingMethodAccessorImpl.invoke(DelegatingMethodAccessorImpl.java:43)
at java.lang.reflect.Method.invoke(Method.java:498)
at org.testng.internal.MethodInvocationHelper.invokeMethod(MethodInvocationHelper.java:124)
at org.testng.internal.Invoker.invokeMethod(Invoker.java:583)
at org.testng.internal.Invoker.invokeTestMethod(Invoker.java:719)
at org.testng.internal.Invoker.invokeTestMethods(Invoker.java:989)
at org.testng.internal.TestMethodWorker.invokeTestMethods(TestMethodWorker.java:125)
at org.testng.internal.TestMethodWorker.run(TestMethodWorker.java:109)
at org.testng.TestRunner.privateRun(TestRunner.java:648)
at org.testng.TestRunner.run(TestRunner.java:505)
at org.testng.SuiteRunner.runTest(SuiteRunner.java:455)
at org.testng.SuiteRunner.runSequentially(SuiteRunner.java:450)
at org.testng.SuiteRunner.privateRun(SuiteRunner.java:415)
at org.testng.SuiteRunner.run(SuiteRunner.java:364)
at org.testng.SuiteRunnerWorker.runSuite(SuiteRunnerWorker.java:52)
at org.testng.SuiteRunnerWorker.run(SuiteRunnerWorker.java:84)
at org.testng.TestNG.runSuitesSequentially(TestNG.java:1208)
at org.testng.TestNG.runSuitesLocally(TestNG.java:1137)
at org.testng.TestNG.runSuites(TestNG.java:1049)
at org.testng.TestNG.run(TestNG.java:1017)
at org.testng.remote.AbstractRemoteTestNG.run(AbstractRemoteTestNG.java:115)
at org.testng.remote.RemoteTestNG.initAndRun(RemoteTestNG.java:251)
at org.testng.remote.RemoteTestNG.main(RemoteTestNG.java:77)
]]>
    </failure>
  </testcase> <!-- TC_03_To_GenerateSlots -->
  <testcase name="TC_04_DoctorLogout" time="0.0" classname="com.sailotech.ezscheduler.testpages.Providergenerateslotstest">
    <skipped/>
  </testcase> <!-- TC_04_DoctorLogout -->
  <testcase name="TC_01_Navigate_To_PatientRegister" time="3.416" classname="com.sailotech.ezscheduler.testpages.Consumerregistrationtest"/>
  <testcase name="TC_02_PatientRegistration" time="12.305" classname="com.sailotech.ezscheduler.testpages.Consumerregistrationtest"/>
  <testcase name="TC_01_Navigate_To_Patient_LoginRegister" time="4.99" classname="com.sailotech.ezscheduler.login_testpages.Consumerlogintest"/>
  <testcase name="TC_02_PatientLogin" time="15.15" classname="com.sailotech.ezscheduler.login_testpages.Consumerlogintest"/>
  <testcase name="TC_01_Navigate_To_Patient_LoginRegister" time="4.299" classname="com.sailotech.ezscheduler.testpages.Consumerscheduleanapptest"/>
  <testcase name="TC_02_PatientLogin" time="9.498" classname="com.sailotech.ezscheduler.testpages.Consumerscheduleanapptest"/>
  <testcase name="TC_03_PatientScheduleAnAppointmant" time="36.476" classname="com.sailotech.ezscheduler.testpages.Consumerscheduleanapptest"/>
  <testcase name="TC_03_PatientLogout" time="6.659" classname="com.sailotech.ezscheduler.testpages.Consumerscheduleanapptest"/>
</testsuite> <!-- SmokeTest -->
