<?xml version="1.0" encoding="UTF-8"?>
<testng-results skipped="0" failed="1" ignored="0" total="2" passed="1">
  <reporter-output>
  </reporter-output>
  <suite name="Default suite" duration-ms="39562" started-at="2020-11-30T00:58:51Z" finished-at="2020-11-30T00:59:31Z">
    <groups>
    </groups>
    <test name="Default test" duration-ms="39562" started-at="2020-11-30T00:58:51Z" finished-at="2020-11-30T00:59:31Z">
      <class name="sailotech.com.EzScheduler.DoctorRegistration.DoctorRegistrationTest">
        <test-method status="PASS" signature="beforeClass()[pri:0, instance:sailotech.com.EzScheduler.DoctorRegistration.DoctorRegistrationTest@64502326]" name="beforeClass" is-config="true" duration-ms="14133" started-at="2020-11-30T00:58:52Z" finished-at="2020-11-30T00:59:06Z">
          <reporter-output>
          </reporter-output>
        </test-method> <!-- beforeClass -->
        <test-method status="PASS" signature="startRecording()[pri:0, instance:sailotech.com.EzScheduler.DoctorRegistration.DoctorRegistrationTest@64502326]" name="startRecording" is-config="true" duration-ms="266" started-at="2020-11-30T00:59:06Z" finished-at="2020-11-30T00:59:06Z">
          <reporter-output>
          </reporter-output>
        </test-method> <!-- startRecording -->
        <test-method status="PASS" signature="TC_01_navigate_homepage_to_DoctorRegister()[pri:0, instance:sailotech.com.EzScheduler.DoctorRegistration.DoctorRegistrationTest@64502326]" name="TC_01_navigate_homepage_to_DoctorRegister" duration-ms="3105" started-at="2020-11-30T00:59:06Z" description="Navigate_homepage_to_DoctorLoginRegister" finished-at="2020-11-30T00:59:09Z">
          <reporter-output>
          </reporter-output>
        </test-method> <!-- TC_01_navigate_homepage_to_DoctorRegister -->
        <test-method status="PASS" signature="screenShot(org.testng.ITestResult)[pri:0, instance:sailotech.com.EzScheduler.DoctorRegistration.DoctorRegistrationTest@64502326]" name="screenShot" is-config="true" duration-ms="3" started-at="2020-11-30T00:59:09Z" finished-at="2020-11-30T00:59:09Z">
          <params>
            <param index="0">
              <value>
                <![CDATA[[TestResult name=TC_01_navigate_homepage_to_DoctorRegister status=SUCCESS method=DoctorRegistrationTest.TC_01_navigate_homepage_to_DoctorRegister()[pri:0, instance:sailotech.com.EzScheduler.DoctorRegistration.DoctorRegistrationTest@64502326] output={null}]]]>
              </value>
            </param>
          </params>
          <reporter-output>
          </reporter-output>
        </test-method> <!-- screenShot -->
        <test-method status="FAIL" signature="TC_02_DoctorRegister()[pri:0, instance:sailotech.com.EzScheduler.DoctorRegistration.DoctorRegistrationTest@64502326]" name="TC_02_DoctorRegister" duration-ms="21298" started-at="2020-11-30T00:59:09Z" description="Navigate_DoctorRegister" depends-on-methods="sailotech.com.EzScheduler.DoctorRegistration.DoctorRegistrationTest.TC_01_navigate_homepage_to_DoctorRegister" finished-at="2020-11-30T00:59:30Z">
          <exception class="org.openqa.selenium.NoSuchElementException">
            <message>
              <![CDATA[no such element: Unable to locate element: {"method":"xpath","selector":"//div[starts-with(@class,'shadow-lg alert alert-danger fade show')]"}
  (Session info: chrome=86.0.4240.198)
  (Driver info: chromedriver=2.36.540470 (e522d04694c7ebea4ba8821272dbef4f9b818c91),platform=Windows NT 10.0.18363 x86_64) (WARNING: The server did not provide any stacktrace information)
Command duration or timeout: 0 milliseconds
For documentation on this error, please visit: http://seleniumhq.org/exceptions/no_such_element.html
Build info: version: '3.11.0', revision: 'e59cfb3', time: '2018-03-11T20:26:55.152Z'
System info: host: 'DESKTOP-A4GJKOM', ip: '192.168.1.98', os.name: 'Windows 10', os.arch: 'amd64', os.version: '10.0', java.version: '1.8.0_271'
Driver info: org.openqa.selenium.chrome.ChromeDriver
Capabilities {acceptInsecureCerts: false, acceptSslCerts: false, applicationCacheEnabled: false, browserConnectionEnabled: false, browserName: chrome, chrome: {chromedriverVersion: 2.36.540470 (e522d04694c7eb..., userDataDir: C:\Users\sukki\AppData\Loca...}, cssSelectorsEnabled: true, databaseEnabled: false, handlesAlerts: true, hasTouchScreen: false, javascriptEnabled: true, locationContextEnabled: true, mobileEmulationEnabled: false, nativeEvents: true, networkConnectionEnabled: false, pageLoadStrategy: normal, platform: XP, platformName: XP, rotatable: false, setWindowRect: true, takesHeapSnapshot: true, takesScreenshot: true, unexpectedAlertBehaviour: , unhandledPromptBehavior: , version: 86.0.4240.198, webStorageEnabled: true}
Session ID: 763c7b261b5b2c151ca639a62291df83
*** Element info: {Using=xpath, value=//div[starts-with(@class,'shadow-lg alert alert-danger fade show')]}]]>
            </message>
            <full-stacktrace>
              <![CDATA[org.openqa.selenium.NoSuchElementException: no such element: Unable to locate element: {"method":"xpath","selector":"//div[starts-with(@class,'shadow-lg alert alert-danger fade show')]"}
  (Session info: chrome=86.0.4240.198)
  (Driver info: chromedriver=2.36.540470 (e522d04694c7ebea4ba8821272dbef4f9b818c91),platform=Windows NT 10.0.18363 x86_64) (WARNING: The server did not provide any stacktrace information)
Command duration or timeout: 0 milliseconds
For documentation on this error, please visit: http://seleniumhq.org/exceptions/no_such_element.html
Build info: version: '3.11.0', revision: 'e59cfb3', time: '2018-03-11T20:26:55.152Z'
System info: host: 'DESKTOP-A4GJKOM', ip: '192.168.1.98', os.name: 'Windows 10', os.arch: 'amd64', os.version: '10.0', java.version: '1.8.0_271'
Driver info: org.openqa.selenium.chrome.ChromeDriver
Capabilities {acceptInsecureCerts: false, acceptSslCerts: false, applicationCacheEnabled: false, browserConnectionEnabled: false, browserName: chrome, chrome: {chromedriverVersion: 2.36.540470 (e522d04694c7eb..., userDataDir: C:\Users\sukki\AppData\Loca...}, cssSelectorsEnabled: true, databaseEnabled: false, handlesAlerts: true, hasTouchScreen: false, javascriptEnabled: true, locationContextEnabled: true, mobileEmulationEnabled: false, nativeEvents: true, networkConnectionEnabled: false, pageLoadStrategy: normal, platform: XP, platformName: XP, rotatable: false, setWindowRect: true, takesHeapSnapshot: true, takesScreenshot: true, unexpectedAlertBehaviour: , unhandledPromptBehavior: , version: 86.0.4240.198, webStorageEnabled: true}
Session ID: 763c7b261b5b2c151ca639a62291df83
*** Element info: {Using=xpath, value=//div[starts-with(@class,'shadow-lg alert alert-danger fade show')]}
at sun.reflect.NativeConstructorAccessorImpl.newInstance0(Native Method)
at sun.reflect.NativeConstructorAccessorImpl.newInstance(NativeConstructorAccessorImpl.java:62)
at sun.reflect.DelegatingConstructorAccessorImpl.newInstance(DelegatingConstructorAccessorImpl.java:45)
at java.lang.reflect.Constructor.newInstance(Constructor.java:423)
at org.openqa.selenium.remote.ErrorHandler.createThrowable(ErrorHandler.java:214)
at org.openqa.selenium.remote.ErrorHandler.throwIfResponseFailed(ErrorHandler.java:166)
at org.openqa.selenium.remote.http.JsonHttpResponseCodec.reconstructValue(JsonHttpResponseCodec.java:40)
at org.openqa.selenium.remote.http.AbstractHttpResponseCodec.decode(AbstractHttpResponseCodec.java:80)
at org.openqa.selenium.remote.http.AbstractHttpResponseCodec.decode(AbstractHttpResponseCodec.java:44)
at org.openqa.selenium.remote.HttpCommandExecutor.execute(HttpCommandExecutor.java:158)
at org.openqa.selenium.remote.service.DriverCommandExecutor.execute(DriverCommandExecutor.java:83)
at org.openqa.selenium.remote.RemoteWebDriver.execute(RemoteWebDriver.java:545)
at org.openqa.selenium.remote.RemoteWebDriver.findElement(RemoteWebDriver.java:319)
at org.openqa.selenium.remote.RemoteWebDriver.findElementByXPath(RemoteWebDriver.java:421)
at org.openqa.selenium.By$ByXPath.findElement(By.java:361)
at org.openqa.selenium.remote.RemoteWebDriver.findElement(RemoteWebDriver.java:311)
at org.openqa.selenium.support.pagefactory.DefaultElementLocator.findElement(DefaultElementLocator.java:69)
at org.openqa.selenium.support.pagefactory.internal.LocatingElementHandler.invoke(LocatingElementHandler.java:38)
at com.sun.proxy.$Proxy16.isDisplayed(Unknown Source)
at sailotech.com.EzScheduler.DoctorRegistration.DoctorRegistration.Doctor_Register(DoctorRegistration.java:184)
at sailotech.com.EzScheduler.DoctorRegistration.DoctorRegistrationTest.TC_02_DoctorRegister(DoctorRegistrationTest.java:69)
at sun.reflect.NativeMethodAccessorImpl.invoke0(Native Method)
at sun.reflect.NativeMethodAccessorImpl.invoke(NativeMethodAccessorImpl.java:62)
at sun.reflect.DelegatingMethodAccessorImpl.invoke(DelegatingMethodAccessorImpl.java:43)
at java.lang.reflect.Method.invoke(Method.java:498)
at org.testng.internal.MethodInvocationHelper.invokeMethod(MethodInvocationHelper.java:124)
at org.testng.internal.Invoker.invokeMethod(Invoker.java:583)
at org.testng.internal.Invoker.invokeTestMethod(Invoker.java:719)
at org.testng.internal.Invoker.invokeTestMethods(Invoker.java:989)
at org.testng.internal.TestMethodWorker.invokeTestMethods(TestMethodWorker.java:125)
at org.testng.internal.TestMethodWorker.run(TestMethodWorker.java:109)
at org.testng.TestRunner.privateRun(TestRunner.java:648)
at org.testng.TestRunner.run(TestRunner.java:505)
at org.testng.SuiteRunner.runTest(SuiteRunner.java:455)
at org.testng.SuiteRunner.runSequentially(SuiteRunner.java:450)
at org.testng.SuiteRunner.privateRun(SuiteRunner.java:415)
at org.testng.SuiteRunner.run(SuiteRunner.java:364)
at org.testng.SuiteRunnerWorker.runSuite(SuiteRunnerWorker.java:52)
at org.testng.SuiteRunnerWorker.run(SuiteRunnerWorker.java:84)
at org.testng.TestNG.runSuitesSequentially(TestNG.java:1208)
at org.testng.TestNG.runSuitesLocally(TestNG.java:1137)
at org.testng.TestNG.runSuites(TestNG.java:1049)
at org.testng.TestNG.run(TestNG.java:1017)
at org.testng.remote.AbstractRemoteTestNG.run(AbstractRemoteTestNG.java:115)
at org.testng.remote.RemoteTestNG.initAndRun(RemoteTestNG.java:251)
at org.testng.remote.RemoteTestNG.main(RemoteTestNG.java:77)
]]>
            </full-stacktrace>
          </exception> <!-- org.openqa.selenium.NoSuchElementException -->
          <reporter-output>
          </reporter-output>
        </test-method> <!-- TC_02_DoctorRegister -->
        <test-method status="PASS" signature="screenShot(org.testng.ITestResult)[pri:0, instance:sailotech.com.EzScheduler.DoctorRegistration.DoctorRegistrationTest@64502326]" name="screenShot" is-config="true" duration-ms="671" started-at="2020-11-30T00:59:30Z" finished-at="2020-11-30T00:59:31Z">
          <params>
            <param index="0">
              <value>
                <![CDATA[[TestResult name=TC_02_DoctorRegister status=FAILURE method=DoctorRegistrationTest.TC_02_DoctorRegister()[pri:0, instance:sailotech.com.EzScheduler.DoctorRegistration.DoctorRegistrationTest@64502326] output={null}]]]>
              </value>
            </param>
          </params>
          <reporter-output>
          </reporter-output>
        </test-method> <!-- screenShot -->
        <test-method status="PASS" signature="afterClass()[pri:0, instance:sailotech.com.EzScheduler.DoctorRegistration.DoctorRegistrationTest@64502326]" name="afterClass" is-config="true" duration-ms="0" started-at="2020-11-30T00:59:31Z" finished-at="2020-11-30T00:59:31Z">
          <reporter-output>
          </reporter-output>
        </test-method> <!-- afterClass -->
      </class> <!-- sailotech.com.EzScheduler.DoctorRegistration.DoctorRegistrationTest -->
    </test> <!-- Default test -->
  </suite> <!-- Default suite -->
</testng-results>
