{
  "uid" : "4bc994d31bcf598c",
  "name" : "Navigate_homepage_to_AdminLogin",
  "fullName" : "sailotech.com.EzScheduler.AdminVerifyDoctor.AdminVerifyTest.TC_02_adminlogin",
  "historyId" : "1ecc14e81362f8cb5a9f04fcccecc3e3",
  "time" : {
    "start" : 1607868966729,
    "stop" : 1607869000455,
    "duration" : 33726
  },
  "status" : "passed",
  "flaky" : false,
  "newFailed" : false,
  "beforeStages" : [ {
    "name" : "beforeClass",
    "time" : {
      "start" : 1607868947263,
      "stop" : 1607868964894,
      "duration" : 17631
    },
    "description" : "",
    "status" : "passed",
    "steps" : [ ],
    "attachments" : [ ],
    "parameters" : [ ],
    "hasContent" : false,
    "stepsCount" : 0,
    "shouldDisplayMessage" : false,
    "attachmentsCount" : 0
  }, {
    "name" : "startRecording",
    "time" : {
      "start" : 1607868964895,
      "stop" : 1607868964925,
      "duration" : 30
    },
    "description" : "",
    "status" : "passed",
    "steps" : [ ],
    "attachments" : [ ],
    "parameters" : [ ],
    "hasContent" : false,
    "stepsCount" : 0,
    "shouldDisplayMessage" : false,
    "attachmentsCount" : 0
  } ],
  "afterStages" : [ {
    "name" : "screenShot",
    "time" : {
      "start" : 1607869000466,
      "stop" : 1607869000466,
      "duration" : 0
    },
    "description" : "",
    "status" : "passed",
    "steps" : [ ],
    "attachments" : [ ],
    "parameters" : [ ],
    "hasContent" : false,
    "stepsCount" : 0,
    "shouldDisplayMessage" : false,
    "attachmentsCount" : 0
  }, {
    "name" : "stopRecording",
    "time" : {
      "start" : 1607870192912,
      "stop" : 1607870201419,
      "duration" : 8507
    },
    "description" : "",
    "status" : "passed",
    "steps" : [ ],
    "attachments" : [ ],
    "parameters" : [ ],
    "hasContent" : false,
    "stepsCount" : 0,
    "shouldDisplayMessage" : false,
    "attachmentsCount" : 0
  }, {
    "name" : "stopRecording",
    "time" : {
      "start" : 1607870201420,
      "stop" : 1607870207512,
      "duration" : 6092
    },
    "description" : "",
    "status" : "passed",
    "steps" : [ ],
    "attachments" : [ ],
    "parameters" : [ ],
    "hasContent" : false,
    "stepsCount" : 0,
    "shouldDisplayMessage" : false,
    "attachmentsCount" : 0
  }, {
    "name" : "stopRecording",
    "time" : {
      "start" : 1607870207513,
      "stop" : 1607870210001,
      "duration" : 2488
    },
    "description" : "",
    "status" : "passed",
    "steps" : [ ],
    "attachments" : [ ],
    "parameters" : [ ],
    "hasContent" : false,
    "stepsCount" : 0,
    "shouldDisplayMessage" : false,
    "attachmentsCount" : 0
  }, {
    "name" : "stopRecording",
    "time" : {
      "start" : 1607870210002,
      "stop" : 1607870216627,
      "duration" : 6625
    },
    "description" : "",
    "status" : "passed",
    "steps" : [ ],
    "attachments" : [ ],
    "parameters" : [ ],
    "hasContent" : false,
    "stepsCount" : 0,
    "shouldDisplayMessage" : false,
    "attachmentsCount" : 0
  }, {
    "name" : "stopRecording",
    "time" : {
      "start" : 1607870216628,
      "stop" : 1607870218464,
      "duration" : 1836
    },
    "description" : "",
    "status" : "passed",
    "steps" : [ ],
    "attachments" : [ ],
    "parameters" : [ ],
    "hasContent" : false,
    "stepsCount" : 0,
    "shouldDisplayMessage" : false,
    "attachmentsCount" : 0
  }, {
    "name" : "stopRecording",
    "time" : {
      "start" : 1607870218464,
      "stop" : 1607870219518,
      "duration" : 1054
    },
    "description" : "",
    "status" : "passed",
    "steps" : [ ],
    "attachments" : [ ],
    "parameters" : [ ],
    "hasContent" : false,
    "stepsCount" : 0,
    "shouldDisplayMessage" : false,
    "attachmentsCount" : 0
  }, {
    "name" : "stopRecording",
    "time" : {
      "start" : 1607870219518,
      "stop" : 1607870220444,
      "duration" : 926
    },
    "description" : "",
    "status" : "passed",
    "steps" : [ ],
    "attachments" : [ ],
    "parameters" : [ ],
    "hasContent" : false,
    "stepsCount" : 0,
    "shouldDisplayMessage" : false,
    "attachmentsCount" : 0
  }, {
    "name" : "afterClass",
    "time" : {
      "start" : 1607869000469,
      "stop" : 1607869000470,
      "duration" : 1
    },
    "description" : "",
    "status" : "passed",
    "steps" : [ ],
    "attachments" : [ ],
    "parameters" : [ ],
    "hasContent" : false,
    "stepsCount" : 0,
    "shouldDisplayMessage" : false,
    "attachmentsCount" : 0
  } ],
  "labels" : [ {
    "name" : "package",
    "value" : "sailotech.com.EzScheduler.AdminVerifyDoctor.AdminVerifyTest"
  }, {
    "name" : "testClass",
    "value" : "sailotech.com.EzScheduler.AdminVerifyDoctor.AdminVerifyTest"
  }, {
    "name" : "testMethod",
    "value" : "TC_02_adminlogin"
  }, {
    "name" : "parentSuite",
    "value" : "SmokeTest"
  }, {
    "name" : "suite",
    "value" : "SmokeTest"
  }, {
    "name" : "subSuite",
    "value" : "sailotech.com.EzScheduler.AdminVerifyDoctor.AdminVerifyTest"
  }, {
    "name" : "host",
    "value" : "DESKTOP-A4GJKOM"
  }, {
    "name" : "thread",
    "value" : "5488@DESKTOP-A4GJKOM.main(1)"
  }, {
    "name" : "framework",
    "value" : "testng"
  }, {
    "name" : "language",
    "value" : "java"
  }, {
    "name" : "resultFormat",
    "value" : "allure2"
  } ],
  "parameters" : [ ],
  "links" : [ ],
  "hidden" : false,
  "retry" : false,
  "extra" : {
    "severity" : "normal",
    "retries" : [ {
      "uid" : "604e3a49e5706658",
      "status" : "passed",
      "time" : {
        "start" : 1607867421818,
        "stop" : 1607868275864,
        "duration" : 854046
      }
    }, {
      "uid" : "3b63f20118cf165f",
      "status" : "skipped",
      "statusDetails" : "Method AdminVerifyTest.TC_02_adminlogin()[pri:0, instance:sailotech.com.EzScheduler.AdminVerifyDoctor.AdminVerifyTest@3c5d183] depends on not successfully finished methods",
      "time" : {
        "start" : 1607838119186,
        "stop" : 1607838119186,
        "duration" : 0
      }
    }, {
      "uid" : "43a723210cb70d04",
      "status" : "passed",
      "time" : {
        "start" : 1607806887848,
        "stop" : 1607806920841,
        "duration" : 32993
      }
    }, {
      "uid" : "9482b8c23b4e112e",
      "status" : "skipped",
      "statusDetails" : "Method AdminVerifyTest.TC_02_adminlogin()[pri:0, instance:sailotech.com.EzScheduler.AdminVerifyDoctor.AdminVerifyTest@fa689db] depends on not successfully finished methods",
      "time" : {
        "start" : 1607803771582,
        "stop" : 1607803771582,
        "duration" : 0
      }
    }, {
      "uid" : "e2332b644477dc99",
      "status" : "broken",
      "statusDetails" : "no such element: Unable to locate element: {\"method\":\"xpath\",\"selector\":\"//b[contains (text(),'Physician Saved')]\"}\n  (Session info: chrome=87.0.4280.88)\n  (Driver info: chromedriver=2.40.565498 (ea082db3280dd6843ebfb08a625e3eb905c4f5ab),platform=Windows NT 10.0.18363 x86_64) (WARNING: The server did not provide any stacktrace information)\nCommand duration or timeout: 0 milliseconds\nFor documentation on this error, please visit: https://www.seleniumhq.org/exceptions/no_such_element.html\nBuild info: version: '3.141.59', revision: 'e82be7d358', time: '2018-11-14T08:17:03'\nSystem info: host: 'DESKTOP-A4GJKOM', ip: '192.168.1.176', os.name: 'Windows 10', os.arch: 'amd64', os.version: '10.0', java.version: '1.8.0_271'\nDriver info: org.openqa.selenium.chrome.ChromeDriver\nCapabilities {acceptInsecureCerts: false, acceptSslCerts: false, applicationCacheEnabled: false, browserConnectionEnabled: false, browserName: chrome, chrome: {chromedriverVersion: 2.40.565498 (ea082db3280dd6..., userDataDir: C:\\Users\\sukki\\AppData\\Loca...}, cssSelectorsEnabled: true, databaseEnabled: false, handlesAlerts: true, hasTouchScreen: false, javascriptEnabled: true, locationContextEnabled: true, mobileEmulationEnabled: false, nativeEvents: true, networkConnectionEnabled: false, pageLoadStrategy: normal, platform: XP, platformName: XP, rotatable: false, setWindowRect: true, takesHeapSnapshot: true, takesScreenshot: true, unexpectedAlertBehaviour: , unhandledPromptBehavior: , version: 87.0.4280.88, webStorageEnabled: true}\nSession ID: 5396dd7bc745a45b1bf91220ae40e22f\n*** Element info: {Using=xpath, value=//b[contains (text(),'Physician Saved')]}",
      "time" : {
        "start" : 1607792260054,
        "stop" : 1607792280955,
        "duration" : 20901
      }
    }, {
      "uid" : "42ec7d2e6b766c5c",
      "status" : "passed",
      "time" : {
        "start" : 1607788195309,
        "stop" : 1607788234196,
        "duration" : 38887
      }
    }, {
      "uid" : "18984a600f88b612",
      "status" : "passed",
      "time" : {
        "start" : 1607729024835,
        "stop" : 1607729060644,
        "duration" : 35809
      }
    }, {
      "uid" : "d424c41b20a09473",
      "status" : "broken",
      "statusDetails" : "no such element: Unable to locate element: {\"method\":\"xpath\",\"selector\":\"//*[@id=\"app-site\"]/div/div/div[3]/main/div/div/div/div/div/div[2]/div/div/div[2]/div/div/table/tbody/tr[13]/td[3]\"}\n  (Session info: chrome=87.0.4280.88)\n  (Driver info: chromedriver=2.40.565498 (ea082db3280dd6843ebfb08a625e3eb905c4f5ab),platform=Windows NT 10.0.18363 x86_64) (WARNING: The server did not provide any stacktrace information)\nCommand duration or timeout: 0 milliseconds\nFor documentation on this error, please visit: https://www.seleniumhq.org/exceptions/no_such_element.html\nBuild info: version: '3.141.59', revision: 'e82be7d358', time: '2018-11-14T08:17:03'\nSystem info: host: 'DESKTOP-A4GJKOM', ip: '192.168.1.176', os.name: 'Windows 10', os.arch: 'amd64', os.version: '10.0', java.version: '1.8.0_271'\nDriver info: org.openqa.selenium.chrome.ChromeDriver\nCapabilities {acceptInsecureCerts: false, acceptSslCerts: false, applicationCacheEnabled: false, browserConnectionEnabled: false, browserName: chrome, chrome: {chromedriverVersion: 2.40.565498 (ea082db3280dd6..., userDataDir: C:\\Users\\sukki\\AppData\\Loca...}, cssSelectorsEnabled: true, databaseEnabled: false, handlesAlerts: true, hasTouchScreen: false, javascriptEnabled: true, locationContextEnabled: true, mobileEmulationEnabled: false, nativeEvents: true, networkConnectionEnabled: false, pageLoadStrategy: normal, platform: XP, platformName: XP, rotatable: false, setWindowRect: true, takesHeapSnapshot: true, takesScreenshot: true, unexpectedAlertBehaviour: , unhandledPromptBehavior: , version: 87.0.4280.88, webStorageEnabled: true}\nSession ID: 5a63e95c9d92ff58c93b8a4186eed2ff\n*** Element info: {Using=xpath, value=//*[@id=\"app-site\"]/div/div/div[3]/main/div/div/div/div/div/div[2]/div/div/div[2]/div/div/table/tbody/tr[13]/td[3]}",
      "time" : {
        "start" : 1607715568156,
        "stop" : 1607715581178,
        "duration" : 13022
      }
    }, {
      "uid" : "a0e935224f6a6883",
      "status" : "broken",
      "statusDetails" : "no such element: Unable to locate element: {\"method\":\"xpath\",\"selector\":\"//*[@id=\"app-site\"]/div/div/div[3]/main/div/div/div/div/div/div[2]/div/div/div[2]/div/div/table/tbody/tr[13]/td[3]\"}\n  (Session info: chrome=87.0.4280.88)\n  (Driver info: chromedriver=2.40.565498 (ea082db3280dd6843ebfb08a625e3eb905c4f5ab),platform=Windows NT 10.0.18363 x86_64) (WARNING: The server did not provide any stacktrace information)\nCommand duration or timeout: 0 milliseconds\nFor documentation on this error, please visit: https://www.seleniumhq.org/exceptions/no_such_element.html\nBuild info: version: '3.141.59', revision: 'e82be7d358', time: '2018-11-14T08:17:03'\nSystem info: host: 'DESKTOP-A4GJKOM', ip: '192.168.1.176', os.name: 'Windows 10', os.arch: 'amd64', os.version: '10.0', java.version: '1.8.0_271'\nDriver info: org.openqa.selenium.chrome.ChromeDriver\nCapabilities {acceptInsecureCerts: false, acceptSslCerts: false, applicationCacheEnabled: false, browserConnectionEnabled: false, browserName: chrome, chrome: {chromedriverVersion: 2.40.565498 (ea082db3280dd6..., userDataDir: C:\\WINDOWS\\TEMP\\scoped_dir2...}, cssSelectorsEnabled: true, databaseEnabled: false, handlesAlerts: true, hasTouchScreen: false, javascriptEnabled: true, locationContextEnabled: true, mobileEmulationEnabled: false, nativeEvents: true, networkConnectionEnabled: false, pageLoadStrategy: normal, platform: XP, platformName: XP, rotatable: false, setWindowRect: true, takesHeapSnapshot: true, takesScreenshot: true, unexpectedAlertBehaviour: , unhandledPromptBehavior: , version: 87.0.4280.88, webStorageEnabled: true}\nSession ID: 46c9ada39633076eaa5483f1e1b25a7d\n*** Element info: {Using=xpath, value=//*[@id=\"app-site\"]/div/div/div[3]/main/div/div/div/div/div/div[2]/div/div/div[2]/div/div/table/tbody/tr[13]/td[3]}",
      "time" : {
        "start" : 1607710678976,
        "stop" : 1607710689783,
        "duration" : 10807
      }
    }, {
      "uid" : "44f0e3116c27bd9d",
      "status" : "broken",
      "statusDetails" : "no such element: Unable to locate element: {\"method\":\"xpath\",\"selector\":\"//b[contains (text(),'Physician Saved')]\"}\n  (Session info: chrome=87.0.4280.88)\n  (Driver info: chromedriver=2.40.565498 (ea082db3280dd6843ebfb08a625e3eb905c4f5ab),platform=Windows NT 10.0.18363 x86_64) (WARNING: The server did not provide any stacktrace information)\nCommand duration or timeout: 0 milliseconds\nFor documentation on this error, please visit: https://www.seleniumhq.org/exceptions/no_such_element.html\nBuild info: version: '3.141.59', revision: 'e82be7d358', time: '2018-11-14T08:17:03'\nSystem info: host: 'DESKTOP-A4GJKOM', ip: '192.168.1.176', os.name: 'Windows 10', os.arch: 'amd64', os.version: '10.0', java.version: '1.8.0_271'\nDriver info: org.openqa.selenium.chrome.ChromeDriver\nCapabilities {acceptInsecureCerts: false, acceptSslCerts: false, applicationCacheEnabled: false, browserConnectionEnabled: false, browserName: chrome, chrome: {chromedriverVersion: 2.40.565498 (ea082db3280dd6..., userDataDir: C:\\Users\\sukki\\AppData\\Loca...}, cssSelectorsEnabled: true, databaseEnabled: false, handlesAlerts: true, hasTouchScreen: false, javascriptEnabled: true, locationContextEnabled: true, mobileEmulationEnabled: false, nativeEvents: true, networkConnectionEnabled: false, pageLoadStrategy: normal, platform: XP, platformName: XP, rotatable: false, setWindowRect: true, takesHeapSnapshot: true, takesScreenshot: true, unexpectedAlertBehaviour: , unhandledPromptBehavior: , version: 87.0.4280.88, webStorageEnabled: true}\nSession ID: c712b7b0b600f64ef81535ca791b84dc\n*** Element info: {Using=xpath, value=//b[contains (text(),'Physician Saved')]}",
      "time" : {
        "start" : 1607704480612,
        "stop" : 1607704582780,
        "duration" : 102168
      }
    }, {
      "uid" : "d6a432ec731bdc02",
      "status" : "passed",
      "time" : {
        "start" : 1607634054990,
        "stop" : 1607634088578,
        "duration" : 33588
      }
    }, {
      "uid" : "2fa9aabb9d936f0b",
      "status" : "broken",
      "statusDetails" : "C:\\Users\\sukki\\OneDrive\\EzSchedulerscratch\\EzScheduler\\xls.files\\AdminverifyDoctors.xlsx (The process cannot access the file because it is being used by another process)",
      "time" : {
        "start" : 1607633797899,
        "stop" : 1607633797919,
        "duration" : 20
      }
    }, {
      "uid" : "802d05259aae386",
      "status" : "passed",
      "time" : {
        "start" : 1607633460347,
        "stop" : 1607633506772,
        "duration" : 46425
      }
    }, {
      "uid" : "1951246952882515",
      "status" : "broken",
      "statusDetails" : "no such element: Unable to locate element: {\"method\":\"xpath\",\"selector\":\"//*[@id=\"app-site\"]/div/div/div[3]/main/div/div/div/div/div/div[2]/div/div/div[1]/div/div/table/tbody/tr[1]/td[3]\"}\n  (Session info: chrome=87.0.4280.88)\n  (Driver info: chromedriver=2.40.565498 (ea082db3280dd6843ebfb08a625e3eb905c4f5ab),platform=Windows NT 10.0.18363 x86_64) (WARNING: The server did not provide any stacktrace information)\nCommand duration or timeout: 0 milliseconds\nFor documentation on this error, please visit: https://www.seleniumhq.org/exceptions/no_such_element.html\nBuild info: version: '3.141.59', revision: 'e82be7d358', time: '2018-11-14T08:17:03'\nSystem info: host: 'DESKTOP-A4GJKOM', ip: '192.168.1.176', os.name: 'Windows 10', os.arch: 'amd64', os.version: '10.0', java.version: '1.8.0_271'\nDriver info: org.openqa.selenium.chrome.ChromeDriver\nCapabilities {acceptInsecureCerts: false, acceptSslCerts: false, applicationCacheEnabled: false, browserConnectionEnabled: false, browserName: chrome, chrome: {chromedriverVersion: 2.40.565498 (ea082db3280dd6..., userDataDir: C:\\Users\\sukki\\AppData\\Loca...}, cssSelectorsEnabled: true, databaseEnabled: false, handlesAlerts: true, hasTouchScreen: false, javascriptEnabled: true, locationContextEnabled: true, mobileEmulationEnabled: false, nativeEvents: true, networkConnectionEnabled: false, pageLoadStrategy: normal, platform: XP, platformName: XP, rotatable: false, setWindowRect: true, takesHeapSnapshot: true, takesScreenshot: true, unexpectedAlertBehaviour: , unhandledPromptBehavior: , version: 87.0.4280.88, webStorageEnabled: true}\nSession ID: d2221bb4a3d82354342c0902c9e4090a\n*** Element info: {Using=xpath, value=//*[@id=\"app-site\"]/div/div/div[3]/main/div/div/div/div/div/div[2]/div/div/div[1]/div/div/table/tbody/tr[1]/td[3]}",
      "time" : {
        "start" : 1607633277046,
        "stop" : 1607633307792,
        "duration" : 30746
      }
    }, {
      "uid" : "7b388db654bd24be",
      "status" : "passed",
      "time" : {
        "start" : 1607633135822,
        "stop" : 1607633175690,
        "duration" : 39868
      }
    }, {
      "uid" : "5b4eb912da3b3c95",
      "status" : "passed",
      "time" : {
        "start" : 1607632896637,
        "stop" : 1607632925731,
        "duration" : 29094
      }
    }, {
      "uid" : "59d55cf5680a5be9",
      "status" : "passed",
      "time" : {
        "start" : 1607632825996,
        "stop" : 1607632857929,
        "duration" : 31933
      }
    }, {
      "uid" : "6a9ffbc69b3b2d25",
      "status" : "broken",
      "statusDetails" : "C:\\Users\\sukki\\OneDrive\\EzSchedulerscratch\\EzScheduler\\xls.files\\AdminverifyDoctors.xlsx (The process cannot access the file because it is being used by another process)",
      "time" : {
        "start" : 1607632762262,
        "stop" : 1607632762284,
        "duration" : 22
      }
    }, {
      "uid" : "d657bcedbab7e77b",
      "status" : "passed",
      "time" : {
        "start" : 1607632526273,
        "stop" : 1607632558231,
        "duration" : 31958
      }
    }, {
      "uid" : "f6e5592586260bef",
      "status" : "passed",
      "time" : {
        "start" : 1607632191012,
        "stop" : 1607632244333,
        "duration" : 53321
      }
    }, {
      "uid" : "109a22a1adab1a4c",
      "status" : "broken",
      "statusDetails" : "no such element: Unable to locate element: {\"method\":\"xpath\",\"selector\":\"//*[@id=\"app-site\"]/div/div/div[3]/main/div/div/div/div/div/div[2]/div/div/div[2]/div/div/table/tbody/tr[15]/td[3]\"}\n  (Session info: chrome=87.0.4280.88)\n  (Driver info: chromedriver=2.40.565498 (ea082db3280dd6843ebfb08a625e3eb905c4f5ab),platform=Windows NT 10.0.18363 x86_64) (WARNING: The server did not provide any stacktrace information)\nCommand duration or timeout: 0 milliseconds\nFor documentation on this error, please visit: https://www.seleniumhq.org/exceptions/no_such_element.html\nBuild info: version: '3.141.59', revision: 'e82be7d358', time: '2018-11-14T08:17:03'\nSystem info: host: 'DESKTOP-A4GJKOM', ip: '192.168.1.176', os.name: 'Windows 10', os.arch: 'amd64', os.version: '10.0', java.version: '1.8.0_271'\nDriver info: org.openqa.selenium.chrome.ChromeDriver\nCapabilities {acceptInsecureCerts: false, acceptSslCerts: false, applicationCacheEnabled: false, browserConnectionEnabled: false, browserName: chrome, chrome: {chromedriverVersion: 2.40.565498 (ea082db3280dd6..., userDataDir: C:\\Users\\sukki\\AppData\\Loca...}, cssSelectorsEnabled: true, databaseEnabled: false, handlesAlerts: true, hasTouchScreen: false, javascriptEnabled: true, locationContextEnabled: true, mobileEmulationEnabled: false, nativeEvents: true, networkConnectionEnabled: false, pageLoadStrategy: normal, platform: XP, platformName: XP, rotatable: false, setWindowRect: true, takesHeapSnapshot: true, takesScreenshot: true, unexpectedAlertBehaviour: , unhandledPromptBehavior: , version: 87.0.4280.88, webStorageEnabled: true}\nSession ID: 283d933e25f3dcc193c5181755f0c68d\n*** Element info: {Using=xpath, value=//*[@id=\"app-site\"]/div/div/div[3]/main/div/div/div/div/div/div[2]/div/div/div[2]/div/div/table/tbody/tr[15]/td[3]}",
      "time" : {
        "start" : 1607632098775,
        "stop" : 1607632112531,
        "duration" : 13756
      }
    }, {
      "uid" : "475cbb1d1bb98b8c",
      "status" : "passed",
      "time" : {
        "start" : 1607631875793,
        "stop" : 1607631915404,
        "duration" : 39611
      }
    }, {
      "uid" : "cf2adeefee996642",
      "status" : "broken",
      "statusDetails" : "no such element: Unable to locate element: {\"method\":\"xpath\",\"selector\":\"//*[@id=\"app-site\"]/div/div/div[3]/main/div/div/div/div/div/div[2]/div/div/div[2]/div/div/table/tbody/tr[16]/td[3]\"}\n  (Session info: chrome=87.0.4280.88)\n  (Driver info: chromedriver=2.40.565498 (ea082db3280dd6843ebfb08a625e3eb905c4f5ab),platform=Windows NT 10.0.18363 x86_64) (WARNING: The server did not provide any stacktrace information)\nCommand duration or timeout: 0 milliseconds\nFor documentation on this error, please visit: https://www.seleniumhq.org/exceptions/no_such_element.html\nBuild info: version: '3.141.59', revision: 'e82be7d358', time: '2018-11-14T08:17:03'\nSystem info: host: 'DESKTOP-A4GJKOM', ip: '192.168.1.176', os.name: 'Windows 10', os.arch: 'amd64', os.version: '10.0', java.version: '1.8.0_271'\nDriver info: org.openqa.selenium.chrome.ChromeDriver\nCapabilities {acceptInsecureCerts: false, acceptSslCerts: false, applicationCacheEnabled: false, browserConnectionEnabled: false, browserName: chrome, chrome: {chromedriverVersion: 2.40.565498 (ea082db3280dd6..., userDataDir: C:\\Users\\sukki\\AppData\\Loca...}, cssSelectorsEnabled: true, databaseEnabled: false, handlesAlerts: true, hasTouchScreen: false, javascriptEnabled: true, locationContextEnabled: true, mobileEmulationEnabled: false, nativeEvents: true, networkConnectionEnabled: false, pageLoadStrategy: normal, platform: XP, platformName: XP, rotatable: false, setWindowRect: true, takesHeapSnapshot: true, takesScreenshot: true, unexpectedAlertBehaviour: , unhandledPromptBehavior: , version: 87.0.4280.88, webStorageEnabled: true}\nSession ID: ea0cc11e7bf5d372f9ccf770a98c474a\n*** Element info: {Using=xpath, value=//*[@id=\"app-site\"]/div/div/div[3]/main/div/div/div/div/div/div[2]/div/div/div[2]/div/div/table/tbody/tr[16]/td[3]}",
      "time" : {
        "start" : 1607631680033,
        "stop" : 1607631692420,
        "duration" : 12387
      }
    }, {
      "uid" : "91cc20d6280fe426",
      "status" : "skipped",
      "statusDetails" : "Method AdminVerifyTest.TC_02_adminlogin()[pri:0, instance:sailotech.com.EzScheduler.AdminVerifyDoctor.AdminVerifyTest@75312c94] depends on not successfully finished methods",
      "time" : {
        "start" : 1607631567141,
        "stop" : 1607631567141,
        "duration" : 0
      }
    }, {
      "uid" : "70da9ed71dc02c2e",
      "status" : "broken",
      "statusDetails" : "no such element: Unable to locate element: {\"method\":\"xpath\",\"selector\":\"//*[@id=\"app-site\"]/div/div/div[3]/main/div/div/div/div/div/div[2]/div/div/div[2]/div/div/table/tbody/tr[16]/td[3]\"}\n  (Session info: chrome=87.0.4280.88)\n  (Driver info: chromedriver=2.40.565498 (ea082db3280dd6843ebfb08a625e3eb905c4f5ab),platform=Windows NT 10.0.18363 x86_64) (WARNING: The server did not provide any stacktrace information)\nCommand duration or timeout: 0 milliseconds\nFor documentation on this error, please visit: https://www.seleniumhq.org/exceptions/no_such_element.html\nBuild info: version: '3.141.59', revision: 'e82be7d358', time: '2018-11-14T08:17:03'\nSystem info: host: 'DESKTOP-A4GJKOM', ip: '192.168.1.176', os.name: 'Windows 10', os.arch: 'amd64', os.version: '10.0', java.version: '1.8.0_271'\nDriver info: org.openqa.selenium.chrome.ChromeDriver\nCapabilities {acceptInsecureCerts: false, acceptSslCerts: false, applicationCacheEnabled: false, browserConnectionEnabled: false, browserName: chrome, chrome: {chromedriverVersion: 2.40.565498 (ea082db3280dd6..., userDataDir: C:\\Users\\sukki\\AppData\\Loca...}, cssSelectorsEnabled: true, databaseEnabled: false, handlesAlerts: true, hasTouchScreen: false, javascriptEnabled: true, locationContextEnabled: true, mobileEmulationEnabled: false, nativeEvents: true, networkConnectionEnabled: false, pageLoadStrategy: normal, platform: XP, platformName: XP, rotatable: false, setWindowRect: true, takesHeapSnapshot: true, takesScreenshot: true, unexpectedAlertBehaviour: , unhandledPromptBehavior: , version: 87.0.4280.88, webStorageEnabled: true}\nSession ID: d9896dd792b34ffd3f3ab8d810065d87\n*** Element info: {Using=xpath, value=//*[@id=\"app-site\"]/div/div/div[3]/main/div/div/div/div/div/div[2]/div/div/div[2]/div/div/table/tbody/tr[16]/td[3]}",
      "time" : {
        "start" : 1607628163785,
        "stop" : 1607628177841,
        "duration" : 14056
      }
    }, {
      "uid" : "7ec47976a0256b8b",
      "status" : "skipped",
      "statusDetails" : "Method AdminVerifyTest.TC_02_adminlogin()[pri:0, instance:sailotech.com.EzScheduler.AdminVerifyDoctor.AdminVerifyTest@75312c94] depends on not successfully finished methods",
      "time" : {
        "start" : 1607627606429,
        "stop" : 1607627606429,
        "duration" : 0
      }
    }, {
      "uid" : "5f096b8f2b332f97",
      "status" : "passed",
      "time" : {
        "start" : 1607626631787,
        "stop" : 1607626671500,
        "duration" : 39713
      }
    }, {
      "uid" : "57a3b7e754f8b0b9",
      "status" : "skipped",
      "statusDetails" : "Method AdminVerifyTest.TC_02_adminlogin()[pri:0, instance:sailotech.com.EzScheduler.AdminVerifyDoctor.AdminVerifyTest@6b063695] depends on not successfully finished methods",
      "time" : {
        "start" : 1607626561982,
        "stop" : 1607626561982,
        "duration" : 0
      }
    }, {
      "uid" : "f35cca40f10e84c0",
      "status" : "broken",
      "statusDetails" : "no such element: Unable to locate element: {\"method\":\"xpath\",\"selector\":\"//td[contains(text(),'thomase@gmail.com')]\"}\n  (Session info: chrome=87.0.4280.88)\n  (Driver info: chromedriver=2.40.565498 (ea082db3280dd6843ebfb08a625e3eb905c4f5ab),platform=Windows NT 10.0.18363 x86_64) (WARNING: The server did not provide any stacktrace information)\nCommand duration or timeout: 0 milliseconds\nFor documentation on this error, please visit: https://www.seleniumhq.org/exceptions/no_such_element.html\nBuild info: version: '3.141.59', revision: 'e82be7d358', time: '2018-11-14T08:17:03'\nSystem info: host: 'DESKTOP-A4GJKOM', ip: '192.168.1.176', os.name: 'Windows 10', os.arch: 'amd64', os.version: '10.0', java.version: '1.8.0_271'\nDriver info: org.openqa.selenium.chrome.ChromeDriver\nCapabilities {acceptInsecureCerts: false, acceptSslCerts: false, applicationCacheEnabled: false, browserConnectionEnabled: false, browserName: chrome, chrome: {chromedriverVersion: 2.40.565498 (ea082db3280dd6..., userDataDir: C:\\Users\\sukki\\AppData\\Loca...}, cssSelectorsEnabled: true, databaseEnabled: false, handlesAlerts: true, hasTouchScreen: false, javascriptEnabled: true, locationContextEnabled: true, mobileEmulationEnabled: false, nativeEvents: true, networkConnectionEnabled: false, pageLoadStrategy: normal, platform: XP, platformName: XP, rotatable: false, setWindowRect: true, takesHeapSnapshot: true, takesScreenshot: true, unexpectedAlertBehaviour: , unhandledPromptBehavior: , version: 87.0.4280.88, webStorageEnabled: true}\nSession ID: 8d93d034493726fca86dc3b9123f3cd9\n*** Element info: {Using=xpath, value=//td[contains(text(),'thomase@gmail.com')]}",
      "time" : {
        "start" : 1607623757441,
        "stop" : 1607623795705,
        "duration" : 38264
      }
    }, {
      "uid" : "2168aa7be02cd443",
      "status" : "passed",
      "time" : {
        "start" : 1607623586264,
        "stop" : 1607623626787,
        "duration" : 40523
      }
    }, {
      "uid" : "2b630a346111d566",
      "status" : "broken",
      "statusDetails" : "no such element: Unable to locate element: {\"method\":\"xpath\",\"selector\":\"//td[contains(text(),'thomase@gmail.com')]\"}\n  (Session info: chrome=87.0.4280.88)\n  (Driver info: chromedriver=2.40.565498 (ea082db3280dd6843ebfb08a625e3eb905c4f5ab),platform=Windows NT 10.0.18363 x86_64) (WARNING: The server did not provide any stacktrace information)\nCommand duration or timeout: 0 milliseconds\nFor documentation on this error, please visit: https://www.seleniumhq.org/exceptions/no_such_element.html\nBuild info: version: '3.141.59', revision: 'e82be7d358', time: '2018-11-14T08:17:03'\nSystem info: host: 'DESKTOP-A4GJKOM', ip: '192.168.1.176', os.name: 'Windows 10', os.arch: 'amd64', os.version: '10.0', java.version: '1.8.0_271'\nDriver info: org.openqa.selenium.chrome.ChromeDriver\nCapabilities {acceptInsecureCerts: false, acceptSslCerts: false, applicationCacheEnabled: false, browserConnectionEnabled: false, browserName: chrome, chrome: {chromedriverVersion: 2.40.565498 (ea082db3280dd6..., userDataDir: C:\\Users\\sukki\\AppData\\Loca...}, cssSelectorsEnabled: true, databaseEnabled: false, handlesAlerts: true, hasTouchScreen: false, javascriptEnabled: true, locationContextEnabled: true, mobileEmulationEnabled: false, nativeEvents: true, networkConnectionEnabled: false, pageLoadStrategy: normal, platform: XP, platformName: XP, rotatable: false, setWindowRect: true, takesHeapSnapshot: true, takesScreenshot: true, unexpectedAlertBehaviour: , unhandledPromptBehavior: , version: 87.0.4280.88, webStorageEnabled: true}\nSession ID: 04eaa44ae916b03f0e196fe6c1991180\n*** Element info: {Using=xpath, value=//td[contains(text(),'thomase@gmail.com')]}",
      "time" : {
        "start" : 1607623451775,
        "stop" : 1607623489080,
        "duration" : 37305
      }
    }, {
      "uid" : "d8c0edc7e0549eb2",
      "status" : "broken",
      "statusDetails" : "no such element: Unable to locate element: {\"method\":\"xpath\",\"selector\":\"/span[starts-with(@class,'MuiTypography-root MuiFormControlLabel-label MuiTypography-body1') and contains(text(),'Yes')]\"}\n  (Session info: chrome=87.0.4280.88)\n  (Driver info: chromedriver=2.40.565498 (ea082db3280dd6843ebfb08a625e3eb905c4f5ab),platform=Windows NT 10.0.18363 x86_64) (WARNING: The server did not provide any stacktrace information)\nCommand duration or timeout: 0 milliseconds\nFor documentation on this error, please visit: https://www.seleniumhq.org/exceptions/no_such_element.html\nBuild info: version: '3.141.59', revision: 'e82be7d358', time: '2018-11-14T08:17:03'\nSystem info: host: 'DESKTOP-A4GJKOM', ip: '192.168.1.176', os.name: 'Windows 10', os.arch: 'amd64', os.version: '10.0', java.version: '1.8.0_271'\nDriver info: org.openqa.selenium.chrome.ChromeDriver\nCapabilities {acceptInsecureCerts: false, acceptSslCerts: false, applicationCacheEnabled: false, browserConnectionEnabled: false, browserName: chrome, chrome: {chromedriverVersion: 2.40.565498 (ea082db3280dd6..., userDataDir: C:\\Users\\sukki\\AppData\\Loca...}, cssSelectorsEnabled: true, databaseEnabled: false, handlesAlerts: true, hasTouchScreen: false, javascriptEnabled: true, locationContextEnabled: true, mobileEmulationEnabled: false, nativeEvents: true, networkConnectionEnabled: false, pageLoadStrategy: normal, platform: XP, platformName: XP, rotatable: false, setWindowRect: true, takesHeapSnapshot: true, takesScreenshot: true, unexpectedAlertBehaviour: , unhandledPromptBehavior: , version: 87.0.4280.88, webStorageEnabled: true}\nSession ID: 82134b4a242033129735d352a8177c8e\n*** Element info: {Using=xpath, value=/span[starts-with(@class,'MuiTypography-root MuiFormControlLabel-label MuiTypography-body1') and contains(text(),'Yes')]}",
      "time" : {
        "start" : 1607623329938,
        "stop" : 1607623348431,
        "duration" : 18493
      }
    }, {
      "uid" : "c9116d55663ef818",
      "status" : "broken",
      "statusDetails" : "no such element: Unable to locate element: {\"method\":\"xpath\",\"selector\":\"/span[starts-with(@class,'MuiTypography-root MuiFormControlLabel-label MuiTypography-body1') and contains(text(),'Yes')]\"}\n  (Session info: chrome=87.0.4280.88)\n  (Driver info: chromedriver=2.40.565498 (ea082db3280dd6843ebfb08a625e3eb905c4f5ab),platform=Windows NT 10.0.18363 x86_64) (WARNING: The server did not provide any stacktrace information)\nCommand duration or timeout: 0 milliseconds\nFor documentation on this error, please visit: https://www.seleniumhq.org/exceptions/no_such_element.html\nBuild info: version: '3.141.59', revision: 'e82be7d358', time: '2018-11-14T08:17:03'\nSystem info: host: 'DESKTOP-A4GJKOM', ip: '192.168.1.176', os.name: 'Windows 10', os.arch: 'amd64', os.version: '10.0', java.version: '1.8.0_271'\nDriver info: org.openqa.selenium.chrome.ChromeDriver\nCapabilities {acceptInsecureCerts: false, acceptSslCerts: false, applicationCacheEnabled: false, browserConnectionEnabled: false, browserName: chrome, chrome: {chromedriverVersion: 2.40.565498 (ea082db3280dd6..., userDataDir: C:\\Users\\sukki\\AppData\\Loca...}, cssSelectorsEnabled: true, databaseEnabled: false, handlesAlerts: true, hasTouchScreen: false, javascriptEnabled: true, locationContextEnabled: true, mobileEmulationEnabled: false, nativeEvents: true, networkConnectionEnabled: false, pageLoadStrategy: normal, platform: XP, platformName: XP, rotatable: false, setWindowRect: true, takesHeapSnapshot: true, takesScreenshot: true, unexpectedAlertBehaviour: , unhandledPromptBehavior: , version: 87.0.4280.88, webStorageEnabled: true}\nSession ID: 1da32be2a4b0d2492ebbf75440cf6d75\n*** Element info: {Using=xpath, value=/span[starts-with(@class,'MuiTypography-root MuiFormControlLabel-label MuiTypography-body1') and contains(text(),'Yes')]}",
      "time" : {
        "start" : 1607622882273,
        "stop" : 1607623008660,
        "duration" : 126387
      }
    }, {
      "uid" : "1eb2966d8bd28f95",
      "status" : "broken",
      "statusDetails" : "no such element: Unable to locate element: {\"method\":\"xpath\",\"selector\":\"/span[starts-with(@class,'MuiTypography-root MuiFormControlLabel-label MuiTypography-body1') and contains(text(),'Yes')]\"}\n  (Session info: chrome=87.0.4280.88)\n  (Driver info: chromedriver=2.40.565498 (ea082db3280dd6843ebfb08a625e3eb905c4f5ab),platform=Windows NT 10.0.18363 x86_64) (WARNING: The server did not provide any stacktrace information)\nCommand duration or timeout: 0 milliseconds\nFor documentation on this error, please visit: https://www.seleniumhq.org/exceptions/no_such_element.html\nBuild info: version: '3.141.59', revision: 'e82be7d358', time: '2018-11-14T08:17:03'\nSystem info: host: 'DESKTOP-A4GJKOM', ip: '192.168.1.176', os.name: 'Windows 10', os.arch: 'amd64', os.version: '10.0', java.version: '1.8.0_271'\nDriver info: org.openqa.selenium.chrome.ChromeDriver\nCapabilities {acceptInsecureCerts: false, acceptSslCerts: false, applicationCacheEnabled: false, browserConnectionEnabled: false, browserName: chrome, chrome: {chromedriverVersion: 2.40.565498 (ea082db3280dd6..., userDataDir: C:\\Users\\sukki\\AppData\\Loca...}, cssSelectorsEnabled: true, databaseEnabled: false, handlesAlerts: true, hasTouchScreen: false, javascriptEnabled: true, locationContextEnabled: true, mobileEmulationEnabled: false, nativeEvents: true, networkConnectionEnabled: false, pageLoadStrategy: normal, platform: XP, platformName: XP, rotatable: false, setWindowRect: true, takesHeapSnapshot: true, takesScreenshot: true, unexpectedAlertBehaviour: , unhandledPromptBehavior: , version: 87.0.4280.88, webStorageEnabled: true}\nSession ID: 0592ef1e789659d978ff43b1cbd7527b\n*** Element info: {Using=xpath, value=/span[starts-with(@class,'MuiTypography-root MuiFormControlLabel-label MuiTypography-body1') and contains(text(),'Yes')]}",
      "time" : {
        "start" : 1607622793088,
        "stop" : 1607622811287,
        "duration" : 18199
      }
    }, {
      "uid" : "cac8cdb84bb0ef25",
      "status" : "broken",
      "statusDetails" : "no such element: Unable to locate element: {\"method\":\"xpath\",\"selector\":\"/span[starts-with(@class,'MuiTypography-root MuiFormControlLabel-label MuiTypography-body1') and contains(text(),'Yes')]\"}\n  (Session info: chrome=87.0.4280.88)\n  (Driver info: chromedriver=2.40.565498 (ea082db3280dd6843ebfb08a625e3eb905c4f5ab),platform=Windows NT 10.0.18363 x86_64) (WARNING: The server did not provide any stacktrace information)\nCommand duration or timeout: 0 milliseconds\nFor documentation on this error, please visit: https://www.seleniumhq.org/exceptions/no_such_element.html\nBuild info: version: '3.141.59', revision: 'e82be7d358', time: '2018-11-14T08:17:03'\nSystem info: host: 'DESKTOP-A4GJKOM', ip: '192.168.1.176', os.name: 'Windows 10', os.arch: 'amd64', os.version: '10.0', java.version: '1.8.0_271'\nDriver info: org.openqa.selenium.chrome.ChromeDriver\nCapabilities {acceptInsecureCerts: false, acceptSslCerts: false, applicationCacheEnabled: false, browserConnectionEnabled: false, browserName: chrome, chrome: {chromedriverVersion: 2.40.565498 (ea082db3280dd6..., userDataDir: C:\\Users\\sukki\\AppData\\Loca...}, cssSelectorsEnabled: true, databaseEnabled: false, handlesAlerts: true, hasTouchScreen: false, javascriptEnabled: true, locationContextEnabled: true, mobileEmulationEnabled: false, nativeEvents: true, networkConnectionEnabled: false, pageLoadStrategy: normal, platform: XP, platformName: XP, rotatable: false, setWindowRect: true, takesHeapSnapshot: true, takesScreenshot: true, unexpectedAlertBehaviour: , unhandledPromptBehavior: , version: 87.0.4280.88, webStorageEnabled: true}\nSession ID: 3c5676b1c19b55e9c580b43289b511c9\n*** Element info: {Using=xpath, value=/span[starts-with(@class,'MuiTypography-root MuiFormControlLabel-label MuiTypography-body1') and contains(text(),'Yes')]}",
      "time" : {
        "start" : 1607622645041,
        "stop" : 1607622662945,
        "duration" : 17904
      }
    }, {
      "uid" : "3444512fe1467f2d",
      "status" : "broken",
      "statusDetails" : "no such element: Unable to locate element: {\"method\":\"xpath\",\"selector\":\"span[starts-with(@class,'MuiTypography-root MuiFormControlLabel-label MuiTypography-body1') and contains(text(),'Yes')]\"}\n  (Session info: chrome=87.0.4280.88)\n  (Driver info: chromedriver=2.40.565498 (ea082db3280dd6843ebfb08a625e3eb905c4f5ab),platform=Windows NT 10.0.18363 x86_64) (WARNING: The server did not provide any stacktrace information)\nCommand duration or timeout: 0 milliseconds\nFor documentation on this error, please visit: https://www.seleniumhq.org/exceptions/no_such_element.html\nBuild info: version: '3.141.59', revision: 'e82be7d358', time: '2018-11-14T08:17:03'\nSystem info: host: 'DESKTOP-A4GJKOM', ip: '192.168.1.176', os.name: 'Windows 10', os.arch: 'amd64', os.version: '10.0', java.version: '1.8.0_271'\nDriver info: org.openqa.selenium.chrome.ChromeDriver\nCapabilities {acceptInsecureCerts: false, acceptSslCerts: false, applicationCacheEnabled: false, browserConnectionEnabled: false, browserName: chrome, chrome: {chromedriverVersion: 2.40.565498 (ea082db3280dd6..., userDataDir: C:\\Users\\sukki\\AppData\\Loca...}, cssSelectorsEnabled: true, databaseEnabled: false, handlesAlerts: true, hasTouchScreen: false, javascriptEnabled: true, locationContextEnabled: true, mobileEmulationEnabled: false, nativeEvents: true, networkConnectionEnabled: false, pageLoadStrategy: normal, platform: XP, platformName: XP, rotatable: false, setWindowRect: true, takesHeapSnapshot: true, takesScreenshot: true, unexpectedAlertBehaviour: , unhandledPromptBehavior: , version: 87.0.4280.88, webStorageEnabled: true}\nSession ID: b097e525b941ce02e7f12c0eb3512d6c\n*** Element info: {Using=xpath, value=span[starts-with(@class,'MuiTypography-root MuiFormControlLabel-label MuiTypography-body1') and contains(text(),'Yes')]}",
      "time" : {
        "start" : 1607622516703,
        "stop" : 1607622534654,
        "duration" : 17951
      }
    }, {
      "uid" : "2cb189f1fca85be0",
      "status" : "skipped",
      "statusDetails" : "Method AdminVerifyTest.TC_02_adminlogin()[pri:0, instance:sailotech.com.EzScheduler.AdminVerifyDoctor.AdminVerifyTest@270ab7bc] depends on not successfully finished methods",
      "time" : {
        "start" : 1607622381442,
        "stop" : 1607622381443,
        "duration" : 1
      }
    }, {
      "uid" : "3bb24f2d2a932b73",
      "status" : "skipped",
      "statusDetails" : "Method AdminVerifyTest.TC_02_adminlogin()[pri:0, instance:sailotech.com.EzScheduler.AdminVerifyDoctor.AdminVerifyTest@1631dbbc] depends on not successfully finished methods",
      "time" : {
        "start" : 1607622330903,
        "stop" : 1607622330903,
        "duration" : 0
      }
    }, {
      "uid" : "c2976241b6f80a87",
      "status" : "broken",
      "statusDetails" : "no such element: Unable to locate element: {\"method\":\"xpath\",\"selector\":\"span[starts-with(@class,'MuiTypography-root MuiFormControlLabel-label MuiTypography-body1') and contains(text(),'Yes')]\"}\n  (Session info: chrome=87.0.4280.88)\n  (Driver info: chromedriver=2.40.565498 (ea082db3280dd6843ebfb08a625e3eb905c4f5ab),platform=Windows NT 10.0.18363 x86_64) (WARNING: The server did not provide any stacktrace information)\nCommand duration or timeout: 0 milliseconds\nFor documentation on this error, please visit: https://www.seleniumhq.org/exceptions/no_such_element.html\nBuild info: version: '3.141.59', revision: 'e82be7d358', time: '2018-11-14T08:17:03'\nSystem info: host: 'DESKTOP-A4GJKOM', ip: '192.168.1.176', os.name: 'Windows 10', os.arch: 'amd64', os.version: '10.0', java.version: '1.8.0_271'\nDriver info: org.openqa.selenium.chrome.ChromeDriver\nCapabilities {acceptInsecureCerts: false, acceptSslCerts: false, applicationCacheEnabled: false, browserConnectionEnabled: false, browserName: chrome, chrome: {chromedriverVersion: 2.40.565498 (ea082db3280dd6..., userDataDir: C:\\Users\\sukki\\AppData\\Loca...}, cssSelectorsEnabled: true, databaseEnabled: false, handlesAlerts: true, hasTouchScreen: false, javascriptEnabled: true, locationContextEnabled: true, mobileEmulationEnabled: false, nativeEvents: true, networkConnectionEnabled: false, pageLoadStrategy: normal, platform: XP, platformName: XP, rotatable: false, setWindowRect: true, takesHeapSnapshot: true, takesScreenshot: true, unexpectedAlertBehaviour: , unhandledPromptBehavior: , version: 87.0.4280.88, webStorageEnabled: true}\nSession ID: dfcef55e29811bca5c42a4596f814052\n*** Element info: {Using=xpath, value=span[starts-with(@class,'MuiTypography-root MuiFormControlLabel-label MuiTypography-body1') and contains(text(),'Yes')]}",
      "time" : {
        "start" : 1607622125332,
        "stop" : 1607622143329,
        "duration" : 17997
      }
    }, {
      "uid" : "dcb298e151291583",
      "status" : "broken",
      "statusDetails" : "no such element: Unable to locate element: {\"method\":\"xpath\",\"selector\":\"span[starts-with(@class,'MuiTypography-root MuiFormControlLabel-label MuiTypography-body1') and contains(text(),'Yes')]\"}\n  (Session info: chrome=87.0.4280.88)\n  (Driver info: chromedriver=2.40.565498 (ea082db3280dd6843ebfb08a625e3eb905c4f5ab),platform=Windows NT 10.0.18363 x86_64) (WARNING: The server did not provide any stacktrace information)\nCommand duration or timeout: 0 milliseconds\nFor documentation on this error, please visit: https://www.seleniumhq.org/exceptions/no_such_element.html\nBuild info: version: '3.141.59', revision: 'e82be7d358', time: '2018-11-14T08:17:03'\nSystem info: host: 'DESKTOP-A4GJKOM', ip: '192.168.1.176', os.name: 'Windows 10', os.arch: 'amd64', os.version: '10.0', java.version: '1.8.0_271'\nDriver info: org.openqa.selenium.chrome.ChromeDriver\nCapabilities {acceptInsecureCerts: false, acceptSslCerts: false, applicationCacheEnabled: false, browserConnectionEnabled: false, browserName: chrome, chrome: {chromedriverVersion: 2.40.565498 (ea082db3280dd6..., userDataDir: C:\\Users\\sukki\\AppData\\Loca...}, cssSelectorsEnabled: true, databaseEnabled: false, handlesAlerts: true, hasTouchScreen: false, javascriptEnabled: true, locationContextEnabled: true, mobileEmulationEnabled: false, nativeEvents: true, networkConnectionEnabled: false, pageLoadStrategy: normal, platform: XP, platformName: XP, rotatable: false, setWindowRect: true, takesHeapSnapshot: true, takesScreenshot: true, unexpectedAlertBehaviour: , unhandledPromptBehavior: , version: 87.0.4280.88, webStorageEnabled: true}\nSession ID: 4f67260b37f1f7561a14e5fcd742902a\n*** Element info: {Using=xpath, value=span[starts-with(@class,'MuiTypography-root MuiFormControlLabel-label MuiTypography-body1') and contains(text(),'Yes')]}",
      "time" : {
        "start" : 1607622038855,
        "stop" : 1607622056889,
        "duration" : 18034
      }
    }, {
      "uid" : "9938d23c5f0416e3",
      "status" : "broken",
      "statusDetails" : "no such element: Unable to locate element: {\"method\":\"xpath\",\"selector\":\"span[starts-with(@class,'MuiTypography-root MuiFormControlLabel-label MuiTypography-body1') and contains(text(),'Yes')]\"}\n  (Session info: chrome=87.0.4280.88)\n  (Driver info: chromedriver=2.40.565498 (ea082db3280dd6843ebfb08a625e3eb905c4f5ab),platform=Windows NT 10.0.18363 x86_64) (WARNING: The server did not provide any stacktrace information)\nCommand duration or timeout: 0 milliseconds\nFor documentation on this error, please visit: https://www.seleniumhq.org/exceptions/no_such_element.html\nBuild info: version: '3.141.59', revision: 'e82be7d358', time: '2018-11-14T08:17:03'\nSystem info: host: 'DESKTOP-A4GJKOM', ip: '192.168.1.176', os.name: 'Windows 10', os.arch: 'amd64', os.version: '10.0', java.version: '1.8.0_271'\nDriver info: org.openqa.selenium.chrome.ChromeDriver\nCapabilities {acceptInsecureCerts: false, acceptSslCerts: false, applicationCacheEnabled: false, browserConnectionEnabled: false, browserName: chrome, chrome: {chromedriverVersion: 2.40.565498 (ea082db3280dd6..., userDataDir: C:\\Users\\sukki\\AppData\\Loca...}, cssSelectorsEnabled: true, databaseEnabled: false, handlesAlerts: true, hasTouchScreen: false, javascriptEnabled: true, locationContextEnabled: true, mobileEmulationEnabled: false, nativeEvents: true, networkConnectionEnabled: false, pageLoadStrategy: normal, platform: XP, platformName: XP, rotatable: false, setWindowRect: true, takesHeapSnapshot: true, takesScreenshot: true, unexpectedAlertBehaviour: , unhandledPromptBehavior: , version: 87.0.4280.88, webStorageEnabled: true}\nSession ID: b49c1d083d7d146e3f8798a0d75cbed7\n*** Element info: {Using=xpath, value=span[starts-with(@class,'MuiTypography-root MuiFormControlLabel-label MuiTypography-body1') and contains(text(),'Yes')]}",
      "time" : {
        "start" : 1607621905048,
        "stop" : 1607621924839,
        "duration" : 19791
      }
    }, {
      "uid" : "eaf3eb3d0fdcf79c",
      "status" : "skipped",
      "statusDetails" : "Method AdminVerifyTest.TC_02_adminlogin()[pri:0, instance:sailotech.com.EzScheduler.AdminVerifyDoctor.AdminVerifyTest@6b063695] depends on not successfully finished methods",
      "time" : {
        "start" : 1607621841362,
        "stop" : 1607621841363,
        "duration" : 1
      }
    }, {
      "uid" : "1a39e6e87b30d9dd",
      "status" : "broken",
      "statusDetails" : "invalid selector: Unable to locate an element with the xpath expression span[starts-with[@class,'MuiTypography-root MuiFormControlLabel-label MuiTypography-body1') and contains(text(),'Yes')] because of the following error:\nSyntaxError: Failed to execute 'evaluate' on 'Document': The string 'span[starts-with[@class,'MuiTypography-root MuiFormControlLabel-label MuiTypography-body1') and contains(text(),'Yes')]' is not a valid XPath expression.\n  (Session info: chrome=87.0.4280.88)\n  (Driver info: chromedriver=2.40.565498 (ea082db3280dd6843ebfb08a625e3eb905c4f5ab),platform=Windows NT 10.0.18363 x86_64) (WARNING: The server did not provide any stacktrace information)\nCommand duration or timeout: 0 milliseconds\nFor documentation on this error, please visit: https://www.seleniumhq.org/exceptions/invalid_selector_exception.html\nBuild info: version: '3.141.59', revision: 'e82be7d358', time: '2018-11-14T08:17:03'\nSystem info: host: 'DESKTOP-A4GJKOM', ip: '192.168.1.176', os.name: 'Windows 10', os.arch: 'amd64', os.version: '10.0', java.version: '1.8.0_271'\nDriver info: org.openqa.selenium.chrome.ChromeDriver\nCapabilities {acceptInsecureCerts: false, acceptSslCerts: false, applicationCacheEnabled: false, browserConnectionEnabled: false, browserName: chrome, chrome: {chromedriverVersion: 2.40.565498 (ea082db3280dd6..., userDataDir: C:\\Users\\sukki\\AppData\\Loca...}, cssSelectorsEnabled: true, databaseEnabled: false, handlesAlerts: true, hasTouchScreen: false, javascriptEnabled: true, locationContextEnabled: true, mobileEmulationEnabled: false, nativeEvents: true, networkConnectionEnabled: false, pageLoadStrategy: normal, platform: XP, platformName: XP, rotatable: false, setWindowRect: true, takesHeapSnapshot: true, takesScreenshot: true, unexpectedAlertBehaviour: , unhandledPromptBehavior: , version: 87.0.4280.88, webStorageEnabled: true}\nSession ID: 03b22186698737fdb9de0d24d9f457c3\n*** Element info: {Using=xpath, value=span[starts-with[@class,'MuiTypography-root MuiFormControlLabel-label MuiTypography-body1') and contains(text(),'Yes')]}",
      "time" : {
        "start" : 1607621765278,
        "stop" : 1607621780418,
        "duration" : 15140
      }
    }, {
      "uid" : "158c1150413767f9",
      "status" : "passed",
      "time" : {
        "start" : 1607621538982,
        "stop" : 1607621584142,
        "duration" : 45160
      }
    }, {
      "uid" : "feeb4155c62ad6af",
      "status" : "broken",
      "statusDetails" : "no such element: Unable to locate element: {\"method\":\"xpath\",\"selector\":\"//b[contains (text(),'Physician Saved')]\"}\n  (Session info: chrome=87.0.4280.88)\n  (Driver info: chromedriver=2.40.565498 (ea082db3280dd6843ebfb08a625e3eb905c4f5ab),platform=Windows NT 10.0.18363 x86_64) (WARNING: The server did not provide any stacktrace information)\nCommand duration or timeout: 0 milliseconds\nFor documentation on this error, please visit: https://www.seleniumhq.org/exceptions/no_such_element.html\nBuild info: version: '3.141.59', revision: 'e82be7d358', time: '2018-11-14T08:17:03'\nSystem info: host: 'DESKTOP-A4GJKOM', ip: '192.168.1.176', os.name: 'Windows 10', os.arch: 'amd64', os.version: '10.0', java.version: '1.8.0_271'\nDriver info: org.openqa.selenium.chrome.ChromeDriver\nCapabilities {acceptInsecureCerts: false, acceptSslCerts: false, applicationCacheEnabled: false, browserConnectionEnabled: false, browserName: chrome, chrome: {chromedriverVersion: 2.40.565498 (ea082db3280dd6..., userDataDir: C:\\Users\\sukki\\AppData\\Loca...}, cssSelectorsEnabled: true, databaseEnabled: false, handlesAlerts: true, hasTouchScreen: false, javascriptEnabled: true, locationContextEnabled: true, mobileEmulationEnabled: false, nativeEvents: true, networkConnectionEnabled: false, pageLoadStrategy: normal, platform: XP, platformName: XP, rotatable: false, setWindowRect: true, takesHeapSnapshot: true, takesScreenshot: true, unexpectedAlertBehaviour: , unhandledPromptBehavior: , version: 87.0.4280.88, webStorageEnabled: true}\nSession ID: 213d5b8f185acb09ea482b43b39409ef\n*** Element info: {Using=xpath, value=//b[contains (text(),'Physician Saved')]}",
      "time" : {
        "start" : 1607621394843,
        "stop" : 1607621426367,
        "duration" : 31524
      }
    }, {
      "uid" : "50e0ca46e1996895",
      "status" : "skipped",
      "statusDetails" : "Method AdminVerifyTest.TC_02_adminlogin()[pri:0, instance:sailotech.com.EzScheduler.AdminVerifyDoctor.AdminVerifyTest@3fc4038f] depends on not successfully finished methods",
      "time" : {
        "start" : 1607621295585,
        "stop" : 1607621295586,
        "duration" : 1
      }
    }, {
      "uid" : "4e0857268c7e99e3",
      "status" : "skipped",
      "statusDetails" : "Method AdminVerifyTest.TC_02_adminlogin()[pri:0, instance:sailotech.com.EzScheduler.AdminVerifyDoctor.AdminVerifyTest@6b063695] depends on not successfully finished methods",
      "time" : {
        "start" : 1607621205328,
        "stop" : 1607621205328,
        "duration" : 0
      }
    }, {
      "uid" : "91b10cd64609acb8",
      "status" : "broken",
      "statusDetails" : "no such element: Unable to locate element: {\"method\":\"xpath\",\"selector\":\"//td[contains(text(),'thomase@gmail.com')]\"}\n  (Session info: chrome=87.0.4280.88)\n  (Driver info: chromedriver=2.40.565498 (ea082db3280dd6843ebfb08a625e3eb905c4f5ab),platform=Windows NT 10.0.18363 x86_64) (WARNING: The server did not provide any stacktrace information)\nCommand duration or timeout: 0 milliseconds\nFor documentation on this error, please visit: https://www.seleniumhq.org/exceptions/no_such_element.html\nBuild info: version: '3.141.59', revision: 'e82be7d358', time: '2018-11-14T08:17:03'\nSystem info: host: 'DESKTOP-A4GJKOM', ip: '192.168.1.176', os.name: 'Windows 10', os.arch: 'amd64', os.version: '10.0', java.version: '1.8.0_271'\nDriver info: org.openqa.selenium.chrome.ChromeDriver\nCapabilities {acceptInsecureCerts: false, acceptSslCerts: false, applicationCacheEnabled: false, browserConnectionEnabled: false, browserName: chrome, chrome: {chromedriverVersion: 2.40.565498 (ea082db3280dd6..., userDataDir: C:\\Users\\sukki\\AppData\\Loca...}, cssSelectorsEnabled: true, databaseEnabled: false, handlesAlerts: true, hasTouchScreen: false, javascriptEnabled: true, locationContextEnabled: true, mobileEmulationEnabled: false, nativeEvents: true, networkConnectionEnabled: false, pageLoadStrategy: normal, platform: XP, platformName: XP, rotatable: false, setWindowRect: true, takesHeapSnapshot: true, takesScreenshot: true, unexpectedAlertBehaviour: , unhandledPromptBehavior: , version: 87.0.4280.88, webStorageEnabled: true}\nSession ID: 6342a1262f6d13e3710a632812cabc7b\n*** Element info: {Using=xpath, value=//td[contains(text(),'thomase@gmail.com')]}",
      "time" : {
        "start" : 1607621072390,
        "stop" : 1607621125508,
        "duration" : 53118
      }
    }, {
      "uid" : "6268efdfa604fe93",
      "status" : "broken",
      "statusDetails" : "no such element: Unable to locate element: {\"method\":\"xpath\",\"selector\":\"//td[contains(text(),'thomase@gmail.com')]\"}\n  (Session info: chrome=87.0.4280.88)\n  (Driver info: chromedriver=2.40.565498 (ea082db3280dd6843ebfb08a625e3eb905c4f5ab),platform=Windows NT 10.0.18363 x86_64) (WARNING: The server did not provide any stacktrace information)\nCommand duration or timeout: 0 milliseconds\nFor documentation on this error, please visit: https://www.seleniumhq.org/exceptions/no_such_element.html\nBuild info: version: '3.141.59', revision: 'e82be7d358', time: '2018-11-14T08:17:03'\nSystem info: host: 'DESKTOP-A4GJKOM', ip: '192.168.1.176', os.name: 'Windows 10', os.arch: 'amd64', os.version: '10.0', java.version: '1.8.0_271'\nDriver info: org.openqa.selenium.chrome.ChromeDriver\nCapabilities {acceptInsecureCerts: false, acceptSslCerts: false, applicationCacheEnabled: false, browserConnectionEnabled: false, browserName: chrome, chrome: {chromedriverVersion: 2.40.565498 (ea082db3280dd6..., userDataDir: C:\\Users\\sukki\\AppData\\Loca...}, cssSelectorsEnabled: true, databaseEnabled: false, handlesAlerts: true, hasTouchScreen: false, javascriptEnabled: true, locationContextEnabled: true, mobileEmulationEnabled: false, nativeEvents: true, networkConnectionEnabled: false, pageLoadStrategy: normal, platform: XP, platformName: XP, rotatable: false, setWindowRect: true, takesHeapSnapshot: true, takesScreenshot: true, unexpectedAlertBehaviour: , unhandledPromptBehavior: , version: 87.0.4280.88, webStorageEnabled: true}\nSession ID: 1d13a7fe8362a1829833f5eb79b2dfdb\n*** Element info: {Using=xpath, value=//td[contains(text(),'thomase@gmail.com')]}",
      "time" : {
        "start" : 1607620982912,
        "stop" : 1607621019528,
        "duration" : 36616
      }
    }, {
      "uid" : "2b6d03dde75f5b6d",
      "status" : "skipped",
      "statusDetails" : "Method AdminVerifyTest.TC_02_adminlogin()[pri:0, instance:sailotech.com.EzScheduler.AdminVerifyDoctor.AdminVerifyTest@3b663112] depends on not successfully finished methods",
      "time" : {
        "start" : 1607620891742,
        "stop" : 1607620891742,
        "duration" : 0
      }
    }, {
      "uid" : "de13ba43bda6d6bb",
      "status" : "broken",
      "statusDetails" : "no such element: Unable to locate element: {\"method\":\"xpath\",\"selector\":\"//td[contains(text(),'thomase@gmail.com')]\"}\n  (Session info: chrome=87.0.4280.88)\n  (Driver info: chromedriver=2.40.565498 (ea082db3280dd6843ebfb08a625e3eb905c4f5ab),platform=Windows NT 10.0.18363 x86_64) (WARNING: The server did not provide any stacktrace information)\nCommand duration or timeout: 0 milliseconds\nFor documentation on this error, please visit: https://www.seleniumhq.org/exceptions/no_such_element.html\nBuild info: version: '3.141.59', revision: 'e82be7d358', time: '2018-11-14T08:17:03'\nSystem info: host: 'DESKTOP-A4GJKOM', ip: '192.168.1.176', os.name: 'Windows 10', os.arch: 'amd64', os.version: '10.0', java.version: '1.8.0_271'\nDriver info: org.openqa.selenium.chrome.ChromeDriver\nCapabilities {acceptInsecureCerts: false, acceptSslCerts: false, applicationCacheEnabled: false, browserConnectionEnabled: false, browserName: chrome, chrome: {chromedriverVersion: 2.40.565498 (ea082db3280dd6..., userDataDir: C:\\Users\\sukki\\AppData\\Loca...}, cssSelectorsEnabled: true, databaseEnabled: false, handlesAlerts: true, hasTouchScreen: false, javascriptEnabled: true, locationContextEnabled: true, mobileEmulationEnabled: false, nativeEvents: true, networkConnectionEnabled: false, pageLoadStrategy: normal, platform: XP, platformName: XP, rotatable: false, setWindowRect: true, takesHeapSnapshot: true, takesScreenshot: true, unexpectedAlertBehaviour: , unhandledPromptBehavior: , version: 87.0.4280.88, webStorageEnabled: true}\nSession ID: 72ee867fdb93b4621b2844ceff27b2ee\n*** Element info: {Using=xpath, value=//td[contains(text(),'thomase@gmail.com')]}",
      "time" : {
        "start" : 1607620652309,
        "stop" : 1607620688915,
        "duration" : 36606
      }
    }, {
      "uid" : "733f1378e8e8f17d",
      "status" : "passed",
      "time" : {
        "start" : 1607620506928,
        "stop" : 1607620543638,
        "duration" : 36710
      }
    }, {
      "uid" : "c25c2c663d478553",
      "status" : "broken",
      "statusDetails" : "no such element: Unable to locate element: {\"method\":\"xpath\",\"selector\":\"//td[contains(text(),'thomase@gmail.com')]\"}\n  (Session info: chrome=87.0.4280.88)\n  (Driver info: chromedriver=2.40.565498 (ea082db3280dd6843ebfb08a625e3eb905c4f5ab),platform=Windows NT 10.0.18363 x86_64) (WARNING: The server did not provide any stacktrace information)\nCommand duration or timeout: 0 milliseconds\nFor documentation on this error, please visit: https://www.seleniumhq.org/exceptions/no_such_element.html\nBuild info: version: '3.141.59', revision: 'e82be7d358', time: '2018-11-14T08:17:03'\nSystem info: host: 'DESKTOP-A4GJKOM', ip: '192.168.1.176', os.name: 'Windows 10', os.arch: 'amd64', os.version: '10.0', java.version: '1.8.0_271'\nDriver info: org.openqa.selenium.chrome.ChromeDriver\nCapabilities {acceptInsecureCerts: false, acceptSslCerts: false, applicationCacheEnabled: false, browserConnectionEnabled: false, browserName: chrome, chrome: {chromedriverVersion: 2.40.565498 (ea082db3280dd6..., userDataDir: C:\\Users\\sukki\\AppData\\Loca...}, cssSelectorsEnabled: true, databaseEnabled: false, handlesAlerts: true, hasTouchScreen: false, javascriptEnabled: true, locationContextEnabled: true, mobileEmulationEnabled: false, nativeEvents: true, networkConnectionEnabled: false, pageLoadStrategy: normal, platform: XP, platformName: XP, rotatable: false, setWindowRect: true, takesHeapSnapshot: true, takesScreenshot: true, unexpectedAlertBehaviour: , unhandledPromptBehavior: , version: 87.0.4280.88, webStorageEnabled: true}\nSession ID: 84b5770d87c1fd139af3933dc5c29242\n*** Element info: {Using=xpath, value=//td[contains(text(),'thomase@gmail.com')]}",
      "time" : {
        "start" : 1607620355391,
        "stop" : 1607620390987,
        "duration" : 35596
      }
    }, {
      "uid" : "a11076e82e2015cc",
      "status" : "skipped",
      "statusDetails" : "Method AdminVerifyTest.TC_02_adminlogin()[pri:0, instance:sailotech.com.EzScheduler.AdminVerifyDoctor.AdminVerifyTest@6f651ac] depends on not successfully finished methods",
      "time" : {
        "start" : 1607620287722,
        "stop" : 1607620287723,
        "duration" : 1
      }
    }, {
      "uid" : "113eee3f480bc072",
      "status" : "skipped",
      "statusDetails" : "Method AdminVerifyTest.TC_02_adminlogin()[pri:0, instance:sailotech.com.EzScheduler.AdminVerifyDoctor.AdminVerifyTest@75312c94] depends on not successfully finished methods",
      "time" : {
        "start" : 1607620195501,
        "stop" : 1607620195501,
        "duration" : 0
      }
    }, {
      "uid" : "c42f2b2fcc59ae7d",
      "status" : "broken",
      "statusDetails" : "no such element: Unable to locate element: {\"method\":\"xpath\",\"selector\":\"//td[contains(text(),'thomase@gmail.com')]\"}\n  (Session info: chrome=87.0.4280.88)\n  (Driver info: chromedriver=2.40.565498 (ea082db3280dd6843ebfb08a625e3eb905c4f5ab),platform=Windows NT 10.0.18363 x86_64) (WARNING: The server did not provide any stacktrace information)\nCommand duration or timeout: 0 milliseconds\nFor documentation on this error, please visit: https://www.seleniumhq.org/exceptions/no_such_element.html\nBuild info: version: '3.141.59', revision: 'e82be7d358', time: '2018-11-14T08:17:03'\nSystem info: host: 'DESKTOP-A4GJKOM', ip: '192.168.1.176', os.name: 'Windows 10', os.arch: 'amd64', os.version: '10.0', java.version: '1.8.0_271'\nDriver info: org.openqa.selenium.chrome.ChromeDriver\nCapabilities {acceptInsecureCerts: false, acceptSslCerts: false, applicationCacheEnabled: false, browserConnectionEnabled: false, browserName: chrome, chrome: {chromedriverVersion: 2.40.565498 (ea082db3280dd6..., userDataDir: C:\\Users\\sukki\\AppData\\Loca...}, cssSelectorsEnabled: true, databaseEnabled: false, handlesAlerts: true, hasTouchScreen: false, javascriptEnabled: true, locationContextEnabled: true, mobileEmulationEnabled: false, nativeEvents: true, networkConnectionEnabled: false, pageLoadStrategy: normal, platform: XP, platformName: XP, rotatable: false, setWindowRect: true, takesHeapSnapshot: true, takesScreenshot: true, unexpectedAlertBehaviour: , unhandledPromptBehavior: , version: 87.0.4280.88, webStorageEnabled: true}\nSession ID: 9ba4cdabf7ccc4d94208941cc329b960\n*** Element info: {Using=xpath, value=//td[contains(text(),'thomase@gmail.com')]}",
      "time" : {
        "start" : 1607619819918,
        "stop" : 1607619855198,
        "duration" : 35280
      }
    }, {
      "uid" : "d78d470686604e72",
      "status" : "skipped",
      "statusDetails" : "Method AdminVerifyTest.TC_02_adminlogin()[pri:0, instance:sailotech.com.EzScheduler.AdminVerifyDoctor.AdminVerifyTest@3b663112] depends on not successfully finished methods",
      "time" : {
        "start" : 1607619759942,
        "stop" : 1607619759942,
        "duration" : 0
      }
    }, {
      "uid" : "a55299c119ab4cd",
      "status" : "passed",
      "time" : {
        "start" : 1607558788445,
        "stop" : 1607558822663,
        "duration" : 34218
      }
    }, {
      "uid" : "3b629ddf23f94cff",
      "status" : "passed",
      "time" : {
        "start" : 1607557949705,
        "stop" : 1607557984673,
        "duration" : 34968
      }
    }, {
      "uid" : "6306091c24ca75ad",
      "status" : "passed",
      "time" : {
        "start" : 1607557351086,
        "stop" : 1607557386212,
        "duration" : 35126
      }
    }, {
      "uid" : "37138b3b62c34f6e",
      "status" : "skipped",
      "statusDetails" : "Method AdminVerifyTest.TC_02_adminlogin()[pri:0, instance:sailotech.com.EzScheduler.AdminVerifyDoctor.AdminVerifyTest@3cd28235] depends on not successfully finished methods",
      "time" : {
        "start" : 1607556354900,
        "stop" : 1607556354900,
        "duration" : 0
      }
    }, {
      "uid" : "73d900fd647db61f",
      "status" : "broken",
      "statusDetails" : "no such element: Unable to locate element: {\"method\":\"xpath\",\"selector\":\"//*[@id=\"app-site\"]/div/div/div[3]/main/div/div/div/div/div/div[2]/div/div/div[1]/div/div/table/tbody/tr[1]/td[3]\"}\n  (Session info: chrome=87.0.4280.88)\n  (Driver info: chromedriver=2.40.565498 (ea082db3280dd6843ebfb08a625e3eb905c4f5ab),platform=Windows NT 10.0.18363 x86_64) (WARNING: The server did not provide any stacktrace information)\nCommand duration or timeout: 0 milliseconds\nFor documentation on this error, please visit: https://www.seleniumhq.org/exceptions/no_such_element.html\nBuild info: version: '3.141.59', revision: 'e82be7d358', time: '2018-11-14T08:17:03'\nSystem info: host: 'DESKTOP-A4GJKOM', ip: '192.168.1.176', os.name: 'Windows 10', os.arch: 'amd64', os.version: '10.0', java.version: '1.8.0_271'\nDriver info: org.openqa.selenium.chrome.ChromeDriver\nCapabilities {acceptInsecureCerts: false, acceptSslCerts: false, applicationCacheEnabled: false, browserConnectionEnabled: false, browserName: chrome, chrome: {chromedriverVersion: 2.40.565498 (ea082db3280dd6..., userDataDir: C:\\Users\\sukki\\AppData\\Loca...}, cssSelectorsEnabled: true, databaseEnabled: false, handlesAlerts: true, hasTouchScreen: false, javascriptEnabled: true, locationContextEnabled: true, mobileEmulationEnabled: false, nativeEvents: true, networkConnectionEnabled: false, pageLoadStrategy: normal, platform: XP, platformName: XP, rotatable: false, setWindowRect: true, takesHeapSnapshot: true, takesScreenshot: true, unexpectedAlertBehaviour: , unhandledPromptBehavior: , version: 87.0.4280.88, webStorageEnabled: true}\nSession ID: ca112c9043d07d1e0473936e938dbc1b\n*** Element info: {Using=xpath, value=//*[@id=\"app-site\"]/div/div/div[3]/main/div/div/div/div/div/div[2]/div/div/div[1]/div/div/table/tbody/tr[1]/td[3]}",
      "time" : {
        "start" : 1607556009903,
        "stop" : 1607556045733,
        "duration" : 35830
      }
    }, {
      "uid" : "3caf040a6685c7bc",
      "status" : "broken",
      "statusDetails" : "no such element: Unable to locate element: {\"method\":\"xpath\",\"selector\":\"//b[contains (text(),'Physician Saved')]\"}\n  (Session info: chrome=87.0.4280.88)\n  (Driver info: chromedriver=2.40.565498 (ea082db3280dd6843ebfb08a625e3eb905c4f5ab),platform=Windows NT 10.0.18363 x86_64) (WARNING: The server did not provide any stacktrace information)\nCommand duration or timeout: 0 milliseconds\nFor documentation on this error, please visit: https://www.seleniumhq.org/exceptions/no_such_element.html\nBuild info: version: '3.141.59', revision: 'e82be7d358', time: '2018-11-14T08:17:03'\nSystem info: host: 'DESKTOP-A4GJKOM', ip: '192.168.1.176', os.name: 'Windows 10', os.arch: 'amd64', os.version: '10.0', java.version: '1.8.0_271'\nDriver info: org.openqa.selenium.chrome.ChromeDriver\nCapabilities {acceptInsecureCerts: false, acceptSslCerts: false, applicationCacheEnabled: false, browserConnectionEnabled: false, browserName: chrome, chrome: {chromedriverVersion: 2.40.565498 (ea082db3280dd6..., userDataDir: C:\\Users\\sukki\\AppData\\Loca...}, cssSelectorsEnabled: true, databaseEnabled: false, handlesAlerts: true, hasTouchScreen: false, javascriptEnabled: true, locationContextEnabled: true, mobileEmulationEnabled: false, nativeEvents: true, networkConnectionEnabled: false, pageLoadStrategy: normal, platform: XP, platformName: XP, rotatable: false, setWindowRect: true, takesHeapSnapshot: true, takesScreenshot: true, unexpectedAlertBehaviour: , unhandledPromptBehavior: , version: 87.0.4280.88, webStorageEnabled: true}\nSession ID: 4300e547269f980dcb2e92f897717c2c\n*** Element info: {Using=xpath, value=//b[contains (text(),'Physician Saved')]}",
      "time" : {
        "start" : 1607555713969,
        "stop" : 1607555737608,
        "duration" : 23639
      }
    }, {
      "uid" : "e9312574adab74ec",
      "status" : "skipped",
      "statusDetails" : "Method AdminVerifyTest.TC_02_adminlogin()[pri:0, instance:sailotech.com.EzScheduler.AdminVerifyDoctor.AdminVerifyTest@28dd8786] depends on not successfully finished methods",
      "time" : {
        "start" : 1607555658920,
        "stop" : 1607555658920,
        "duration" : 0
      }
    }, {
      "uid" : "8c2674b3a2c6ef3c",
      "status" : "broken",
      "statusDetails" : "no such element: Unable to locate element: {\"method\":\"xpath\",\"selector\":\"//*[@id=\"app-site\"]/div/div/div[3]/main/div/div/div/div/div/div[2]/div/div/div[1]/div/div/table/tbody/tr[1]/td[3]\"}\n  (Session info: chrome=87.0.4280.88)\n  (Driver info: chromedriver=2.40.565498 (ea082db3280dd6843ebfb08a625e3eb905c4f5ab),platform=Windows NT 10.0.18363 x86_64) (WARNING: The server did not provide any stacktrace information)\nCommand duration or timeout: 0 milliseconds\nFor documentation on this error, please visit: https://www.seleniumhq.org/exceptions/no_such_element.html\nBuild info: version: '3.141.59', revision: 'e82be7d358', time: '2018-11-14T08:17:03'\nSystem info: host: 'DESKTOP-A4GJKOM', ip: '192.168.1.176', os.name: 'Windows 10', os.arch: 'amd64', os.version: '10.0', java.version: '1.8.0_271'\nDriver info: org.openqa.selenium.chrome.ChromeDriver\nCapabilities {acceptInsecureCerts: false, acceptSslCerts: false, applicationCacheEnabled: false, browserConnectionEnabled: false, browserName: chrome, chrome: {chromedriverVersion: 2.40.565498 (ea082db3280dd6..., userDataDir: C:\\Users\\sukki\\AppData\\Loca...}, cssSelectorsEnabled: true, databaseEnabled: false, handlesAlerts: true, hasTouchScreen: false, javascriptEnabled: true, locationContextEnabled: true, mobileEmulationEnabled: false, nativeEvents: true, networkConnectionEnabled: false, pageLoadStrategy: normal, platform: XP, platformName: XP, rotatable: false, setWindowRect: true, takesHeapSnapshot: true, takesScreenshot: true, unexpectedAlertBehaviour: , unhandledPromptBehavior: , version: 87.0.4280.88, webStorageEnabled: true}\nSession ID: 732545cace1b24ae4a39e88d38be1f38\n*** Element info: {Using=xpath, value=//*[@id=\"app-site\"]/div/div/div[3]/main/div/div/div/div/div/div[2]/div/div/div[1]/div/div/table/tbody/tr[1]/td[3]}",
      "time" : {
        "start" : 1607555278399,
        "stop" : 1607555311111,
        "duration" : 32712
      }
    }, {
      "uid" : "e9e52f2236dd719f",
      "status" : "broken",
      "statusDetails" : "no such element: Unable to locate element: {\"method\":\"xpath\",\"selector\":\"//*[@id=\"app-site\"]/div/div/div[3]/main/div/div/div/div/div/div[2]/div/div/div[1]/div/div/table/tbody/tr[1]/td[3]\"}\n  (Session info: chrome=87.0.4280.88)\n  (Driver info: chromedriver=2.40.565498 (ea082db3280dd6843ebfb08a625e3eb905c4f5ab),platform=Windows NT 10.0.18363 x86_64) (WARNING: The server did not provide any stacktrace information)\nCommand duration or timeout: 0 milliseconds\nFor documentation on this error, please visit: https://www.seleniumhq.org/exceptions/no_such_element.html\nBuild info: version: '3.141.59', revision: 'e82be7d358', time: '2018-11-14T08:17:03'\nSystem info: host: 'DESKTOP-A4GJKOM', ip: '192.168.1.176', os.name: 'Windows 10', os.arch: 'amd64', os.version: '10.0', java.version: '1.8.0_271'\nDriver info: org.openqa.selenium.chrome.ChromeDriver\nCapabilities {acceptInsecureCerts: false, acceptSslCerts: false, applicationCacheEnabled: false, browserConnectionEnabled: false, browserName: chrome, chrome: {chromedriverVersion: 2.40.565498 (ea082db3280dd6..., userDataDir: C:\\Users\\sukki\\AppData\\Loca...}, cssSelectorsEnabled: true, databaseEnabled: false, handlesAlerts: true, hasTouchScreen: false, javascriptEnabled: true, locationContextEnabled: true, mobileEmulationEnabled: false, nativeEvents: true, networkConnectionEnabled: false, pageLoadStrategy: normal, platform: XP, platformName: XP, rotatable: false, setWindowRect: true, takesHeapSnapshot: true, takesScreenshot: true, unexpectedAlertBehaviour: , unhandledPromptBehavior: , version: 87.0.4280.88, webStorageEnabled: true}\nSession ID: c1898e0650a119d990975e5abb0053bb\n*** Element info: {Using=xpath, value=//*[@id=\"app-site\"]/div/div/div[3]/main/div/div/div/div/div/div[2]/div/div/div[1]/div/div/table/tbody/tr[1]/td[3]}",
      "time" : {
        "start" : 1607555139082,
        "stop" : 1607555172183,
        "duration" : 33101
      }
    }, {
      "uid" : "ba9f9cdd13c0de92",
      "status" : "skipped",
      "statusDetails" : "Method AdminVerifyTest.TC_02_adminlogin()[pri:0, instance:sailotech.com.EzScheduler.AdminVerifyDoctor.AdminVerifyTest@140cfc5f] depends on not successfully finished methods",
      "time" : {
        "start" : 1607555058415,
        "stop" : 1607555058415,
        "duration" : 0
      }
    }, {
      "uid" : "128d37d64951bb71",
      "status" : "skipped",
      "statusDetails" : "Method AdminVerifyTest.TC_02_adminlogin()[pri:0, instance:sailotech.com.EzScheduler.AdminVerifyDoctor.AdminVerifyTest@f1e1d66] depends on not successfully finished methods",
      "time" : {
        "start" : 1607554907551,
        "stop" : 1607554907551,
        "duration" : 0
      }
    }, {
      "uid" : "364b67192b5d4dae",
      "status" : "passed",
      "time" : {
        "start" : 1607554622757,
        "stop" : 1607554658624,
        "duration" : 35867
      }
    }, {
      "uid" : "6a8d7e008a99ed8f",
      "status" : "broken",
      "statusDetails" : "no such element: Unable to locate element: {\"method\":\"xpath\",\"selector\":\"//*[@id=\"app-site\"]/div/div/div[3]/main/div/div/div/div/div/div[2]/div/div/div[1]/div/div/table/tbody/tr[1]/td[3]\"}\n  (Session info: chrome=87.0.4280.88)\n  (Driver info: chromedriver=2.40.565498 (ea082db3280dd6843ebfb08a625e3eb905c4f5ab),platform=Windows NT 10.0.18363 x86_64) (WARNING: The server did not provide any stacktrace information)\nCommand duration or timeout: 0 milliseconds\nFor documentation on this error, please visit: https://www.seleniumhq.org/exceptions/no_such_element.html\nBuild info: version: '3.141.59', revision: 'e82be7d358', time: '2018-11-14T08:17:03'\nSystem info: host: 'DESKTOP-A4GJKOM', ip: '192.168.1.176', os.name: 'Windows 10', os.arch: 'amd64', os.version: '10.0', java.version: '1.8.0_271'\nDriver info: org.openqa.selenium.chrome.ChromeDriver\nCapabilities {acceptInsecureCerts: false, acceptSslCerts: false, applicationCacheEnabled: false, browserConnectionEnabled: false, browserName: chrome, chrome: {chromedriverVersion: 2.40.565498 (ea082db3280dd6..., userDataDir: C:\\Users\\sukki\\AppData\\Loca...}, cssSelectorsEnabled: true, databaseEnabled: false, handlesAlerts: true, hasTouchScreen: false, javascriptEnabled: true, locationContextEnabled: true, mobileEmulationEnabled: false, nativeEvents: true, networkConnectionEnabled: false, pageLoadStrategy: normal, platform: XP, platformName: XP, rotatable: false, setWindowRect: true, takesHeapSnapshot: true, takesScreenshot: true, unexpectedAlertBehaviour: , unhandledPromptBehavior: , version: 87.0.4280.88, webStorageEnabled: true}\nSession ID: e991602fdffb5962c19ec6d329fefafb\n*** Element info: {Using=xpath, value=//*[@id=\"app-site\"]/div/div/div[3]/main/div/div/div/div/div/div[2]/div/div/div[1]/div/div/table/tbody/tr[1]/td[3]}",
      "time" : {
        "start" : 1607554414325,
        "stop" : 1607554448907,
        "duration" : 34582
      }
    }, {
      "uid" : "14d8d96b1c3047b6",
      "status" : "broken",
      "statusDetails" : "no such element: Unable to locate element: {\"method\":\"xpath\",\"selector\":\"//body/div/div/div[3]/main/div/div/div/div/div/div[2]/div/div/div[1]/div/div/table/tbody/tr[2]/td[7]/a[1]/button[1]\"}\n  (Session info: chrome=87.0.4280.88)\n  (Driver info: chromedriver=2.40.565498 (ea082db3280dd6843ebfb08a625e3eb905c4f5ab),platform=Windows NT 10.0.18363 x86_64) (WARNING: The server did not provide any stacktrace information)\nCommand duration or timeout: 0 milliseconds\nFor documentation on this error, please visit: https://www.seleniumhq.org/exceptions/no_such_element.html\nBuild info: version: '3.141.59', revision: 'e82be7d358', time: '2018-11-14T08:17:03'\nSystem info: host: 'DESKTOP-A4GJKOM', ip: '192.168.1.176', os.name: 'Windows 10', os.arch: 'amd64', os.version: '10.0', java.version: '1.8.0_271'\nDriver info: org.openqa.selenium.chrome.ChromeDriver\nCapabilities {acceptInsecureCerts: false, acceptSslCerts: false, applicationCacheEnabled: false, browserConnectionEnabled: false, browserName: chrome, chrome: {chromedriverVersion: 2.40.565498 (ea082db3280dd6..., userDataDir: C:\\Users\\sukki\\AppData\\Loca...}, cssSelectorsEnabled: true, databaseEnabled: false, handlesAlerts: true, hasTouchScreen: false, javascriptEnabled: true, locationContextEnabled: true, mobileEmulationEnabled: false, nativeEvents: true, networkConnectionEnabled: false, pageLoadStrategy: normal, platform: XP, platformName: XP, rotatable: false, setWindowRect: true, takesHeapSnapshot: true, takesScreenshot: true, unexpectedAlertBehaviour: , unhandledPromptBehavior: , version: 87.0.4280.88, webStorageEnabled: true}\nSession ID: 43bddeb93f546ea3a397ef02b5fd45a6\n*** Element info: {Using=xpath, value=//body/div/div/div[3]/main/div/div/div/div/div/div[2]/div/div/div[1]/div/div/table/tbody/tr[2]/td[7]/a[1]/button[1]}",
      "time" : {
        "start" : 1607554191790,
        "stop" : 1607554225299,
        "duration" : 33509
      }
    }, {
      "uid" : "c5afe4738c2ec9b9",
      "status" : "passed",
      "time" : {
        "start" : 1607553443591,
        "stop" : 1607553465449,
        "duration" : 21858
      }
    }, {
      "uid" : "1f6a22df91ddf250",
      "status" : "broken",
      "statusDetails" : "C:\\Users\\sukki\\OneDrive\\EzSchedulerscratch\\EzScheduler\\xls.files\\AdminverifyDoctors.xlsx (The process cannot access the file because it is being used by another process)",
      "time" : {
        "start" : 1607553381569,
        "stop" : 1607553381589,
        "duration" : 20
      }
    }, {
      "uid" : "8d446149400b00c9",
      "status" : "passed",
      "time" : {
        "start" : 1607553190793,
        "stop" : 1607553211766,
        "duration" : 20973
      }
    }, {
      "uid" : "59d675f193e9d7fc",
      "status" : "skipped",
      "statusDetails" : "Method AdminVerifyTest.TC_02_adminlogin()[pri:0, instance:sailotech.com.EzScheduler.AdminVerifyDoctor.AdminVerifyTest@3d1c8f35] depends on not successfully finished methods",
      "time" : {
        "start" : 1607553161271,
        "stop" : 1607553161271,
        "duration" : 0
      }
    }, {
      "uid" : "644dc5fcc0043e1b",
      "status" : "broken",
      "statusDetails" : "no such element: Unable to locate element: {\"method\":\"xpath\",\"selector\":\"//*[@id=\"app-site\"]/div/div/div[3]/main/div/div/div/div/div/div[2]/div/div/div[2]/div/div/table/tbody/tr[17]/td[3]\"}\n  (Session info: chrome=87.0.4280.88)\n  (Driver info: chromedriver=2.40.565498 (ea082db3280dd6843ebfb08a625e3eb905c4f5ab),platform=Windows NT 10.0.18363 x86_64) (WARNING: The server did not provide any stacktrace information)\nCommand duration or timeout: 0 milliseconds\nFor documentation on this error, please visit: https://www.seleniumhq.org/exceptions/no_such_element.html\nBuild info: version: '3.141.59', revision: 'e82be7d358', time: '2018-11-14T08:17:03'\nSystem info: host: 'DESKTOP-A4GJKOM', ip: '192.168.1.176', os.name: 'Windows 10', os.arch: 'amd64', os.version: '10.0', java.version: '1.8.0_271'\nDriver info: org.openqa.selenium.chrome.ChromeDriver\nCapabilities {acceptInsecureCerts: false, acceptSslCerts: false, applicationCacheEnabled: false, browserConnectionEnabled: false, browserName: chrome, chrome: {chromedriverVersion: 2.40.565498 (ea082db3280dd6..., userDataDir: C:\\Users\\sukki\\AppData\\Loca...}, cssSelectorsEnabled: true, databaseEnabled: false, handlesAlerts: true, hasTouchScreen: false, javascriptEnabled: true, locationContextEnabled: true, mobileEmulationEnabled: false, nativeEvents: true, networkConnectionEnabled: false, pageLoadStrategy: normal, platform: XP, platformName: XP, rotatable: false, setWindowRect: true, takesHeapSnapshot: true, takesScreenshot: true, unexpectedAlertBehaviour: , unhandledPromptBehavior: , version: 87.0.4280.88, webStorageEnabled: true}\nSession ID: d0756c3e40115ca03660036b8c915a76\n*** Element info: {Using=xpath, value=//*[@id=\"app-site\"]/div/div/div[3]/main/div/div/div/div/div/div[2]/div/div/div[2]/div/div/table/tbody/tr[17]/td[3]}",
      "time" : {
        "start" : 1607552953494,
        "stop" : 1607552965697,
        "duration" : 12203
      }
    }, {
      "uid" : "f2bad48f6001fc72",
      "status" : "skipped",
      "statusDetails" : "Method AdminVerifyTest.TC_02_adminlogin()[pri:0, instance:sailotech.com.EzScheduler.AdminVerifyDoctor.AdminVerifyTest@3d605657] depends on not successfully finished methods",
      "time" : {
        "start" : 1607552901608,
        "stop" : 1607552901608,
        "duration" : 0
      }
    }, {
      "uid" : "29bdfb211c391512",
      "status" : "skipped",
      "statusDetails" : "Method AdminVerifyTest.TC_02_adminlogin()[pri:0, instance:sailotech.com.EzScheduler.AdminVerifyDoctor.AdminVerifyTest@43b3b1b0] depends on not successfully finished methods",
      "time" : {
        "start" : 1607552463240,
        "stop" : 1607552463240,
        "duration" : 0
      }
    }, {
      "uid" : "6625fbc75b425cbe",
      "status" : "skipped",
      "statusDetails" : "Method AdminVerifyTest.TC_02_adminlogin()[pri:0, instance:sailotech.com.EzScheduler.AdminVerifyDoctor.AdminVerifyTest@796e2187] depends on not successfully finished methods",
      "time" : {
        "start" : 1607552316669,
        "stop" : 1607552316669,
        "duration" : 0
      }
    }, {
      "uid" : "2fc5ee1488046954",
      "status" : "broken",
      "statusDetails" : "java.lang.NullPointerException",
      "time" : {
        "start" : 1607552128317,
        "stop" : 1607552153873,
        "duration" : 25556
      }
    }, {
      "uid" : "15b7b0f5d3fbec5d",
      "status" : "broken",
      "statusDetails" : "java.lang.NullPointerException",
      "time" : {
        "start" : 1607551905416,
        "stop" : 1607551926151,
        "duration" : 20735
      }
    }, {
      "uid" : "e067ad7b9ce595ff",
      "status" : "skipped",
      "statusDetails" : "Method AdminVerifyTest.TC_02_adminlogin()[pri:0, instance:sailotech.com.EzScheduler.AdminVerifyDoctor.AdminVerifyTest@6ae6a77b] depends on not successfully finished methods",
      "time" : {
        "start" : 1607551894526,
        "stop" : 1607551894526,
        "duration" : 0
      }
    }, {
      "uid" : "6c1dedd6d14847ae",
      "status" : "broken",
      "statusDetails" : "java.lang.NullPointerException",
      "time" : {
        "start" : 1607551792210,
        "stop" : 1607551815764,
        "duration" : 23554
      }
    }, {
      "uid" : "157561932ca732be",
      "status" : "passed",
      "time" : {
        "start" : 1607551568145,
        "stop" : 1607551592513,
        "duration" : 24368
      }
    }, {
      "uid" : "467738b420b57102",
      "status" : "skipped",
      "statusDetails" : "Method AdminVerifyTest.TC_02_adminlogin()[pri:0, instance:sailotech.com.EzScheduler.AdminVerifyDoctor.AdminVerifyTest@475eb4fd] depends on not successfully finished methods",
      "time" : {
        "start" : 1607551524407,
        "stop" : 1607551524407,
        "duration" : 0
      }
    }, {
      "uid" : "8a1d31e3a372834a",
      "status" : "broken",
      "statusDetails" : "no such element: Unable to locate element: {\"method\":\"xpath\",\"selector\":\"//*[@id=\"app-site\"]/div/div/div[3]/main/div/div/div/div/div/div[2]/div/div/div[2]/div/div/table/tbody/tr[19]/td[3]\"}\n  (Session info: chrome=87.0.4280.88)\n  (Driver info: chromedriver=2.40.565498 (ea082db3280dd6843ebfb08a625e3eb905c4f5ab),platform=Windows NT 10.0.18363 x86_64) (WARNING: The server did not provide any stacktrace information)\nCommand duration or timeout: 0 milliseconds\nFor documentation on this error, please visit: https://www.seleniumhq.org/exceptions/no_such_element.html\nBuild info: version: '3.141.59', revision: 'e82be7d358', time: '2018-11-14T08:17:03'\nSystem info: host: 'DESKTOP-A4GJKOM', ip: '192.168.1.176', os.name: 'Windows 10', os.arch: 'amd64', os.version: '10.0', java.version: '1.8.0_271'\nDriver info: org.openqa.selenium.chrome.ChromeDriver\nCapabilities {acceptInsecureCerts: false, acceptSslCerts: false, applicationCacheEnabled: false, browserConnectionEnabled: false, browserName: chrome, chrome: {chromedriverVersion: 2.40.565498 (ea082db3280dd6..., userDataDir: C:\\Users\\sukki\\AppData\\Loca...}, cssSelectorsEnabled: true, databaseEnabled: false, handlesAlerts: true, hasTouchScreen: false, javascriptEnabled: true, locationContextEnabled: true, mobileEmulationEnabled: false, nativeEvents: true, networkConnectionEnabled: false, pageLoadStrategy: normal, platform: XP, platformName: XP, rotatable: false, setWindowRect: true, takesHeapSnapshot: true, takesScreenshot: true, unexpectedAlertBehaviour: , unhandledPromptBehavior: , version: 87.0.4280.88, webStorageEnabled: true}\nSession ID: 28a488b48d515045f56f9be6c49bbd1d\n*** Element info: {Using=xpath, value=//*[@id=\"app-site\"]/div/div/div[3]/main/div/div/div/div/div/div[2]/div/div/div[2]/div/div/table/tbody/tr[19]/td[3]}",
      "time" : {
        "start" : 1607551408867,
        "stop" : 1607551423592,
        "duration" : 14725
      }
    }, {
      "uid" : "bed560f4d53dc339",
      "status" : "broken",
      "statusDetails" : "no such element: Unable to locate element: {\"method\":\"xpath\",\"selector\":\"//*[@id=\"app-site\"]/div/div/div[3]/main/div/div/div/fieldset/div[1]/div/div/div/form/div[6]/div[1]/div/label[2]\"}\n  (Session info: chrome=87.0.4280.88)\n  (Driver info: chromedriver=2.40.565498 (ea082db3280dd6843ebfb08a625e3eb905c4f5ab),platform=Windows NT 10.0.18363 x86_64) (WARNING: The server did not provide any stacktrace information)\nCommand duration or timeout: 0 milliseconds\nFor documentation on this error, please visit: https://www.seleniumhq.org/exceptions/no_such_element.html\nBuild info: version: '3.141.59', revision: 'e82be7d358', time: '2018-11-14T08:17:03'\nSystem info: host: 'DESKTOP-A4GJKOM', ip: '192.168.1.176', os.name: 'Windows 10', os.arch: 'amd64', os.version: '10.0', java.version: '1.8.0_271'\nDriver info: org.openqa.selenium.chrome.ChromeDriver\nCapabilities {acceptInsecureCerts: false, acceptSslCerts: false, applicationCacheEnabled: false, browserConnectionEnabled: false, browserName: chrome, chrome: {chromedriverVersion: 2.40.565498 (ea082db3280dd6..., userDataDir: C:\\Users\\sukki\\AppData\\Loca...}, cssSelectorsEnabled: true, databaseEnabled: false, handlesAlerts: true, hasTouchScreen: false, javascriptEnabled: true, locationContextEnabled: true, mobileEmulationEnabled: false, nativeEvents: true, networkConnectionEnabled: false, pageLoadStrategy: normal, platform: XP, platformName: XP, rotatable: false, setWindowRect: true, takesHeapSnapshot: true, takesScreenshot: true, unexpectedAlertBehaviour: , unhandledPromptBehavior: , version: 87.0.4280.88, webStorageEnabled: true}\nSession ID: 59d8a508fc18e68c74c1a86924047011\n*** Element info: {Using=xpath, value=//*[@id=\"app-site\"]/div/div/div[3]/main/div/div/div/fieldset/div[1]/div/div/div/form/div[6]/div[1]/div/label[2]}",
      "time" : {
        "start" : 1607551174712,
        "stop" : 1607551192114,
        "duration" : 17402
      }
    }, {
      "uid" : "b091c7c2737a2e9c",
      "status" : "broken",
      "statusDetails" : "no such element: Unable to locate element: {\"method\":\"xpath\",\"selector\":\"//*[@id=\"app-site\"]/div/div/div[3]/main/div/div/div/fieldset/div[1]/div/div/div/form/div[6]/div[1]/div/label[2]\"}\n  (Session info: chrome=87.0.4280.88)\n  (Driver info: chromedriver=2.40.565498 (ea082db3280dd6843ebfb08a625e3eb905c4f5ab),platform=Windows NT 10.0.18363 x86_64) (WARNING: The server did not provide any stacktrace information)\nCommand duration or timeout: 0 milliseconds\nFor documentation on this error, please visit: https://www.seleniumhq.org/exceptions/no_such_element.html\nBuild info: version: '3.141.59', revision: 'e82be7d358', time: '2018-11-14T08:17:03'\nSystem info: host: 'DESKTOP-A4GJKOM', ip: '192.168.1.176', os.name: 'Windows 10', os.arch: 'amd64', os.version: '10.0', java.version: '1.8.0_271'\nDriver info: org.openqa.selenium.chrome.ChromeDriver\nCapabilities {acceptInsecureCerts: false, acceptSslCerts: false, applicationCacheEnabled: false, browserConnectionEnabled: false, browserName: chrome, chrome: {chromedriverVersion: 2.40.565498 (ea082db3280dd6..., userDataDir: C:\\Users\\sukki\\AppData\\Loca...}, cssSelectorsEnabled: true, databaseEnabled: false, handlesAlerts: true, hasTouchScreen: false, javascriptEnabled: true, locationContextEnabled: true, mobileEmulationEnabled: false, nativeEvents: true, networkConnectionEnabled: false, pageLoadStrategy: normal, platform: XP, platformName: XP, rotatable: false, setWindowRect: true, takesHeapSnapshot: true, takesScreenshot: true, unexpectedAlertBehaviour: , unhandledPromptBehavior: , version: 87.0.4280.88, webStorageEnabled: true}\nSession ID: 07287f26c70289d7fd2439e4eaacb450\n*** Element info: {Using=xpath, value=//*[@id=\"app-site\"]/div/div/div[3]/main/div/div/div/fieldset/div[1]/div/div/div/form/div[6]/div[1]/div/label[2]}",
      "time" : {
        "start" : 1607550998434,
        "stop" : 1607551012339,
        "duration" : 13905
      }
    }, {
      "uid" : "e17f7119ac5c0223",
      "status" : "skipped",
      "statusDetails" : "Method AdminVerifyTest.TC_02_adminlogin()[pri:0, instance:sailotech.com.EzScheduler.AdminVerifyDoctor.AdminVerifyTest@3c2fa57a] depends on not successfully finished methods",
      "time" : {
        "start" : 1607550830267,
        "stop" : 1607550830267,
        "duration" : 0
      }
    }, {
      "uid" : "2d8a82a4352849d7",
      "status" : "broken",
      "statusDetails" : "no such element: Unable to locate element: {\"method\":\"xpath\",\"selector\":\"//*[@id=\"app-site\"]/div/div/div[3]/main/div/div/div/fieldset/div[1]/div/div/div/form/div[6]/div[1]/div/label[2]\"}\n  (Session info: chrome=87.0.4280.88)\n  (Driver info: chromedriver=2.40.565498 (ea082db3280dd6843ebfb08a625e3eb905c4f5ab),platform=Windows NT 10.0.18363 x86_64) (WARNING: The server did not provide any stacktrace information)\nCommand duration or timeout: 0 milliseconds\nFor documentation on this error, please visit: https://www.seleniumhq.org/exceptions/no_such_element.html\nBuild info: version: '3.141.59', revision: 'e82be7d358', time: '2018-11-14T08:17:03'\nSystem info: host: 'DESKTOP-A4GJKOM', ip: '192.168.1.176', os.name: 'Windows 10', os.arch: 'amd64', os.version: '10.0', java.version: '1.8.0_271'\nDriver info: org.openqa.selenium.chrome.ChromeDriver\nCapabilities {acceptInsecureCerts: false, acceptSslCerts: false, applicationCacheEnabled: false, browserConnectionEnabled: false, browserName: chrome, chrome: {chromedriverVersion: 2.40.565498 (ea082db3280dd6..., userDataDir: C:\\Users\\sukki\\AppData\\Loca...}, cssSelectorsEnabled: true, databaseEnabled: false, handlesAlerts: true, hasTouchScreen: false, javascriptEnabled: true, locationContextEnabled: true, mobileEmulationEnabled: false, nativeEvents: true, networkConnectionEnabled: false, pageLoadStrategy: normal, platform: XP, platformName: XP, rotatable: false, setWindowRect: true, takesHeapSnapshot: true, takesScreenshot: true, unexpectedAlertBehaviour: , unhandledPromptBehavior: , version: 87.0.4280.88, webStorageEnabled: true}\nSession ID: b0f52f4985d5db78498b402837f95862\n*** Element info: {Using=xpath, value=//*[@id=\"app-site\"]/div/div/div[3]/main/div/div/div/fieldset/div[1]/div/div/div/form/div[6]/div[1]/div/label[2]}",
      "time" : {
        "start" : 1607545697793,
        "stop" : 1607545707579,
        "duration" : 9786
      }
    }, {
      "uid" : "b2ac800cb6e4443b",
      "status" : "broken",
      "statusDetails" : "no such element: Unable to locate element: {\"method\":\"xpath\",\"selector\":\"//body/div/div/div[3]/main/div/div/div/div/div/div[2]/div/div/div[1]/div/div/table/tbody/tr[2]/td[7]/a[1]/button[1]\"}\n  (Session info: chrome=87.0.4280.88)\n  (Driver info: chromedriver=2.40.565498 (ea082db3280dd6843ebfb08a625e3eb905c4f5ab),platform=Windows NT 10.0.18363 x86_64) (WARNING: The server did not provide any stacktrace information)\nCommand duration or timeout: 0 milliseconds\nFor documentation on this error, please visit: https://www.seleniumhq.org/exceptions/no_such_element.html\nBuild info: version: '3.141.59', revision: 'e82be7d358', time: '2018-11-14T08:17:03'\nSystem info: host: 'DESKTOP-A4GJKOM', ip: '192.168.1.176', os.name: 'Windows 10', os.arch: 'amd64', os.version: '10.0', java.version: '1.8.0_271'\nDriver info: org.openqa.selenium.chrome.ChromeDriver\nCapabilities {acceptInsecureCerts: false, acceptSslCerts: false, applicationCacheEnabled: false, browserConnectionEnabled: false, browserName: chrome, chrome: {chromedriverVersion: 2.40.565498 (ea082db3280dd6..., userDataDir: C:\\Users\\sukki\\AppData\\Loca...}, cssSelectorsEnabled: true, databaseEnabled: false, handlesAlerts: true, hasTouchScreen: false, javascriptEnabled: true, locationContextEnabled: true, mobileEmulationEnabled: false, nativeEvents: true, networkConnectionEnabled: false, pageLoadStrategy: normal, platform: XP, platformName: XP, rotatable: false, setWindowRect: true, takesHeapSnapshot: true, takesScreenshot: true, unexpectedAlertBehaviour: , unhandledPromptBehavior: , version: 87.0.4280.88, webStorageEnabled: true}\nSession ID: 557c9ad80f59638aa437c0c907f18ee6\n*** Element info: {Using=xpath, value=//body/div/div/div[3]/main/div/div/div/div/div/div[2]/div/div/div[1]/div/div/table/tbody/tr[2]/td[7]/a[1]/button[1]}",
      "time" : {
        "start" : 1607545386343,
        "stop" : 1607545424513,
        "duration" : 38170
      }
    }, {
      "uid" : "d962e954868071bb",
      "status" : "broken",
      "statusDetails" : "no such element: Unable to locate element: {\"method\":\"xpath\",\"selector\":\"//b[contains (text(),'Physician Saved')]\"}\n  (Session info: chrome=87.0.4280.88)\n  (Driver info: chromedriver=2.40.565498 (ea082db3280dd6843ebfb08a625e3eb905c4f5ab),platform=Windows NT 10.0.18363 x86_64) (WARNING: The server did not provide any stacktrace information)\nCommand duration or timeout: 0 milliseconds\nFor documentation on this error, please visit: https://www.seleniumhq.org/exceptions/no_such_element.html\nBuild info: version: '3.141.59', revision: 'e82be7d358', time: '2018-11-14T08:17:03'\nSystem info: host: 'DESKTOP-A4GJKOM', ip: '192.168.1.176', os.name: 'Windows 10', os.arch: 'amd64', os.version: '10.0', java.version: '1.8.0_271'\nDriver info: org.openqa.selenium.chrome.ChromeDriver\nCapabilities {acceptInsecureCerts: false, acceptSslCerts: false, applicationCacheEnabled: false, browserConnectionEnabled: false, browserName: chrome, chrome: {chromedriverVersion: 2.40.565498 (ea082db3280dd6..., userDataDir: C:\\WINDOWS\\TEMP\\scoped_dir6...}, cssSelectorsEnabled: true, databaseEnabled: false, handlesAlerts: true, hasTouchScreen: false, javascriptEnabled: true, locationContextEnabled: true, mobileEmulationEnabled: false, nativeEvents: true, networkConnectionEnabled: false, pageLoadStrategy: normal, platform: XP, platformName: XP, rotatable: false, setWindowRect: true, takesHeapSnapshot: true, takesScreenshot: true, unexpectedAlertBehaviour: , unhandledPromptBehavior: , version: 87.0.4280.88, webStorageEnabled: true}\nSession ID: 2667ee481242b044506e31b222ac0193\n*** Element info: {Using=xpath, value=//b[contains (text(),'Physician Saved')]}",
      "time" : {
        "start" : 1607544162586,
        "stop" : 1607544184787,
        "duration" : 22201
      }
    }, {
      "uid" : "3bdb0177a9014110",
      "status" : "skipped",
      "statusDetails" : "Method AdminVerifyTest.TC_02_adminlogin()[pri:0, instance:sailotech.com.EzScheduler.AdminVerifyDoctor.AdminVerifyTest@3d1c8f35] depends on not successfully finished methods",
      "time" : {
        "start" : 1607543595000,
        "stop" : 1607543595000,
        "duration" : 0
      }
    }, {
      "uid" : "6feb4ffd07614f04",
      "status" : "broken",
      "statusDetails" : "no such element: Unable to locate element: {\"method\":\"xpath\",\"selector\":\"//*[@id=\"app-site\"]/div/div/div[3]/main/div/div/div/div/div/div[2]/div/div/div[1]/div/div/table/tbody/tr[1]/td[3]\"}\n  (Session info: chrome=87.0.4280.88)\n  (Driver info: chromedriver=2.40.565498 (ea082db3280dd6843ebfb08a625e3eb905c4f5ab),platform=Windows NT 10.0.18363 x86_64) (WARNING: The server did not provide any stacktrace information)\nCommand duration or timeout: 0 milliseconds\nFor documentation on this error, please visit: https://www.seleniumhq.org/exceptions/no_such_element.html\nBuild info: version: '3.141.59', revision: 'e82be7d358', time: '2018-11-14T08:17:03'\nSystem info: host: 'DESKTOP-A4GJKOM', ip: '192.168.1.176', os.name: 'Windows 10', os.arch: 'amd64', os.version: '10.0', java.version: '1.8.0_271'\nDriver info: org.openqa.selenium.chrome.ChromeDriver\nCapabilities {acceptInsecureCerts: false, acceptSslCerts: false, applicationCacheEnabled: false, browserConnectionEnabled: false, browserName: chrome, chrome: {chromedriverVersion: 2.40.565498 (ea082db3280dd6..., userDataDir: C:\\WINDOWS\\TEMP\\scoped_dir4...}, cssSelectorsEnabled: true, databaseEnabled: false, handlesAlerts: true, hasTouchScreen: false, javascriptEnabled: true, locationContextEnabled: true, mobileEmulationEnabled: false, nativeEvents: true, networkConnectionEnabled: false, pageLoadStrategy: normal, platform: XP, platformName: XP, rotatable: false, setWindowRect: true, takesHeapSnapshot: true, takesScreenshot: true, unexpectedAlertBehaviour: , unhandledPromptBehavior: , version: 87.0.4280.88, webStorageEnabled: true}\nSession ID: 500d53ddb3381e25232d2b1f97cce958\n*** Element info: {Using=xpath, value=//*[@id=\"app-site\"]/div/div/div[3]/main/div/div/div/div/div/div[2]/div/div/div[1]/div/div/table/tbody/tr[1]/td[3]}",
      "time" : {
        "start" : 1607532642012,
        "stop" : 1607532673791,
        "duration" : 31779
      }
    }, {
      "uid" : "b94f92d7456fea57",
      "status" : "skipped",
      "statusDetails" : "Method AdminVerifyTest.TC_02_adminlogin()[pri:0, instance:sailotech.com.EzScheduler.AdminVerifyDoctor.AdminVerifyTest@2dd46693] depends on not successfully finished methods",
      "time" : {
        "start" : 1607529359581,
        "stop" : 1607529359581,
        "duration" : 0
      }
    }, {
      "uid" : "c6e62ad6086cef7",
      "status" : "skipped",
      "statusDetails" : "Method AdminVerifyTest.TC_02_adminlogin()[pri:0, instance:sailotech.com.EzScheduler.AdminVerifyDoctor.AdminVerifyTest@498f5728] depends on not successfully finished methods",
      "time" : {
        "start" : 1607529048669,
        "stop" : 1607529048669,
        "duration" : 0
      }
    }, {
      "uid" : "8c814f4c751037f3",
      "status" : "broken",
      "statusDetails" : "no such element: Unable to locate element: {\"method\":\"xpath\",\"selector\":\"//*[@id=\"app-site\"]/div/div/div[3]/main/div/div/div/div/div/div[2]/div/div/div[2]/div/div/table/tbody/tr[19]/td[3]\"}\n  (Session info: chrome=87.0.4280.88)\n  (Driver info: chromedriver=2.40.565498 (ea082db3280dd6843ebfb08a625e3eb905c4f5ab),platform=Windows NT 10.0.18363 x86_64) (WARNING: The server did not provide any stacktrace information)\nCommand duration or timeout: 0 milliseconds\nFor documentation on this error, please visit: https://www.seleniumhq.org/exceptions/no_such_element.html\nBuild info: version: '3.141.59', revision: 'e82be7d358', time: '2018-11-14T08:17:03'\nSystem info: host: 'DESKTOP-A4GJKOM', ip: '192.168.1.176', os.name: 'Windows 10', os.arch: 'amd64', os.version: '10.0', java.version: '1.8.0_271'\nDriver info: org.openqa.selenium.chrome.ChromeDriver\nCapabilities {acceptInsecureCerts: false, acceptSslCerts: false, applicationCacheEnabled: false, browserConnectionEnabled: false, browserName: chrome, chrome: {chromedriverVersion: 2.40.565498 (ea082db3280dd6..., userDataDir: C:\\Users\\sukki\\AppData\\Loca...}, cssSelectorsEnabled: true, databaseEnabled: false, handlesAlerts: true, hasTouchScreen: false, javascriptEnabled: true, locationContextEnabled: true, mobileEmulationEnabled: false, nativeEvents: true, networkConnectionEnabled: false, pageLoadStrategy: normal, platform: XP, platformName: XP, rotatable: false, setWindowRect: true, takesHeapSnapshot: true, takesScreenshot: true, unexpectedAlertBehaviour: , unhandledPromptBehavior: , version: 87.0.4280.88, webStorageEnabled: true}\nSession ID: ce0c3e04d994e57a0481da5310f05b5c\n*** Element info: {Using=xpath, value=//*[@id=\"app-site\"]/div/div/div[3]/main/div/div/div/div/div/div[2]/div/div/div[2]/div/div/table/tbody/tr[19]/td[3]}",
      "time" : {
        "start" : 1607528717608,
        "stop" : 1607528729753,
        "duration" : 12145
      }
    }, {
      "uid" : "119396b6b0f9cb47",
      "status" : "skipped",
      "statusDetails" : "Method AdminVerifyTest.TC_02_adminlogin()[pri:0, instance:sailotech.com.EzScheduler.AdminVerifyDoctor.AdminVerifyTest@71a7cf7c] depends on not successfully finished methods",
      "time" : {
        "start" : 1607528386945,
        "stop" : 1607528386945,
        "duration" : 0
      }
    }, {
      "uid" : "20135337cd083052",
      "status" : "skipped",
      "statusDetails" : "Method AdminVerifyTest.TC_02_adminlogin()[pri:0, instance:sailotech.com.EzScheduler.AdminVerifyDoctor.AdminVerifyTest@75d95b67] depends on not successfully finished methods",
      "time" : {
        "start" : 1607527160000,
        "stop" : 1607527160000,
        "duration" : 0
      }
    }, {
      "uid" : "1903d26db87daedf",
      "status" : "skipped",
      "statusDetails" : "Method AdminVerifyTest.TC_02_adminlogin()[pri:0, instance:sailotech.com.EzScheduler.AdminVerifyDoctor.AdminVerifyTest@3b590f6a] depends on not successfully finished methods",
      "time" : {
        "start" : 1607526455724,
        "stop" : 1607526455724,
        "duration" : 0
      }
    }, {
      "uid" : "c7efc337773da46f",
      "status" : "skipped",
      "statusDetails" : "Method AdminVerifyTest.TC_02_adminlogin()[pri:0, instance:sailotech.com.EzScheduler.AdminVerifyDoctor.AdminVerifyTest@384b718c] depends on not successfully finished methods",
      "time" : {
        "start" : 1607525825994,
        "stop" : 1607525825994,
        "duration" : 0
      }
    }, {
      "uid" : "7b287a4cb1d0981b",
      "status" : "skipped",
      "statusDetails" : "Method AdminVerifyTest.TC_02_adminlogin()[pri:0, instance:sailotech.com.EzScheduler.AdminVerifyDoctor.AdminVerifyTest@282240] depends on not successfully finished methods",
      "time" : {
        "start" : 1607524084063,
        "stop" : 1607524084063,
        "duration" : 0
      }
    }, {
      "uid" : "d370b062cc998100",
      "status" : "skipped",
      "statusDetails" : "Method AdminVerifyTest.TC_02_adminlogin()[pri:0, instance:sailotech.com.EzScheduler.AdminVerifyDoctor.AdminVerifyTest@4d793390] depends on not successfully finished methods",
      "time" : {
        "start" : 1607486687269,
        "stop" : 1607486687269,
        "duration" : 0
      }
    }, {
      "uid" : "86d47675127914a1",
      "status" : "skipped",
      "statusDetails" : "Method AdminVerifyTest.TC_02_adminlogin()[pri:0, instance:sailotech.com.EzScheduler.AdminVerifyDoctor.AdminVerifyTest@737445ab] depends on not successfully finished methods",
      "time" : {
        "start" : 1607486340277,
        "stop" : 1607486340277,
        "duration" : 0
      }
    }, {
      "uid" : "1c6e58f396d9b81c",
      "status" : "broken",
      "statusDetails" : "no such element: Unable to locate element: {\"method\":\"xpath\",\"selector\":\"//body/div/div/div[3]/main/div/div/div/div/div/div[2]/div/div/div[1]/div/div/table/tbody/tr[2]/td[7]/a[1]/button[1]\"}\n  (Session info: chrome=87.0.4280.88)\n  (Driver info: chromedriver=2.40.565498 (ea082db3280dd6843ebfb08a625e3eb905c4f5ab),platform=Windows NT 10.0.18363 x86_64) (WARNING: The server did not provide any stacktrace information)\nCommand duration or timeout: 0 milliseconds\nFor documentation on this error, please visit: https://www.seleniumhq.org/exceptions/no_such_element.html\nBuild info: version: '3.141.59', revision: 'e82be7d358', time: '2018-11-14T08:17:03'\nSystem info: host: 'DESKTOP-A4GJKOM', ip: '192.168.1.176', os.name: 'Windows 10', os.arch: 'amd64', os.version: '10.0', java.version: '1.8.0_271'\nDriver info: org.openqa.selenium.chrome.ChromeDriver\nCapabilities {acceptInsecureCerts: false, acceptSslCerts: false, applicationCacheEnabled: false, browserConnectionEnabled: false, browserName: chrome, chrome: {chromedriverVersion: 2.40.565498 (ea082db3280dd6..., userDataDir: C:\\Users\\sukki\\AppData\\Loca...}, cssSelectorsEnabled: true, databaseEnabled: false, handlesAlerts: true, hasTouchScreen: false, javascriptEnabled: true, locationContextEnabled: true, mobileEmulationEnabled: false, nativeEvents: true, networkConnectionEnabled: false, pageLoadStrategy: normal, platform: XP, platformName: XP, rotatable: false, setWindowRect: true, takesHeapSnapshot: true, takesScreenshot: true, unexpectedAlertBehaviour: , unhandledPromptBehavior: , version: 87.0.4280.88, webStorageEnabled: true}\nSession ID: 0f14e05ed211c85c1a374744747389e8\n*** Element info: {Using=xpath, value=//body/div/div/div[3]/main/div/div/div/div/div/div[2]/div/div/div[1]/div/div/table/tbody/tr[2]/td[7]/a[1]/button[1]}",
      "time" : {
        "start" : 1607476398698,
        "stop" : 1607476435344,
        "duration" : 36646
      }
    }, {
      "uid" : "3ee16bb8b4c46a8e",
      "status" : "skipped",
      "statusDetails" : "Method AdminVerifyTest.TC_02_adminlogin()[pri:0, instance:sailotech.com.EzScheduler.AdminVerifyDoctor.AdminVerifyTest@240fa4ad] depends on not successfully finished methods",
      "time" : {
        "start" : 1607476324676,
        "stop" : 1607476324676,
        "duration" : 0
      }
    }, {
      "uid" : "239dd5def7473168",
      "status" : "skipped",
      "statusDetails" : "Method AdminVerifyTest.TC_02_adminlogin()[pri:0, instance:sailotech.com.EzScheduler.AdminVerifyDoctor.AdminVerifyTest@1fc4483f] depends on not successfully finished methods",
      "time" : {
        "start" : 1607474656635,
        "stop" : 1607474656635,
        "duration" : 0
      }
    }, {
      "uid" : "b1ceeebfe19d1825",
      "status" : "skipped",
      "statusDetails" : "Method AdminVerifyTest.TC_02_adminlogin()[pri:0, instance:sailotech.com.EzScheduler.AdminVerifyDoctor.AdminVerifyTest@153d14e3] depends on not successfully finished methods",
      "time" : {
        "start" : 1607474380688,
        "stop" : 1607474380688,
        "duration" : 0
      }
    }, {
      "uid" : "a912157a7d404766",
      "status" : "broken",
      "statusDetails" : "no such element: Unable to locate element: {\"method\":\"xpath\",\"selector\":\"//*[@id=\"app-site\"]/div/div/div[3]/main/div/div/div/div/div/div[2]/div/div/div[1]/div/div/table/tbody/tr[1]/td[3]\"}\n  (Session info: chrome=87.0.4280.88)\n  (Driver info: chromedriver=2.40.565498 (ea082db3280dd6843ebfb08a625e3eb905c4f5ab),platform=Windows NT 10.0.18363 x86_64) (WARNING: The server did not provide any stacktrace information)\nCommand duration or timeout: 0 milliseconds\nFor documentation on this error, please visit: https://www.seleniumhq.org/exceptions/no_such_element.html\nBuild info: version: '3.141.59', revision: 'e82be7d358', time: '2018-11-14T08:17:03'\nSystem info: host: 'DESKTOP-A4GJKOM', ip: '192.168.1.176', os.name: 'Windows 10', os.arch: 'amd64', os.version: '10.0', java.version: '1.8.0_271'\nDriver info: org.openqa.selenium.chrome.ChromeDriver\nCapabilities {acceptInsecureCerts: false, acceptSslCerts: false, applicationCacheEnabled: false, browserConnectionEnabled: false, browserName: chrome, chrome: {chromedriverVersion: 2.40.565498 (ea082db3280dd6..., userDataDir: C:\\Users\\sukki\\AppData\\Loca...}, cssSelectorsEnabled: true, databaseEnabled: false, handlesAlerts: true, hasTouchScreen: false, javascriptEnabled: true, locationContextEnabled: true, mobileEmulationEnabled: false, nativeEvents: true, networkConnectionEnabled: false, pageLoadStrategy: normal, platform: XP, platformName: XP, rotatable: false, setWindowRect: true, takesHeapSnapshot: true, takesScreenshot: true, unexpectedAlertBehaviour: , unhandledPromptBehavior: , version: 87.0.4280.88, webStorageEnabled: true}\nSession ID: e2aedf38c560a94fac93330eb9e0ad5c\n*** Element info: {Using=xpath, value=//*[@id=\"app-site\"]/div/div/div[3]/main/div/div/div/div/div/div[2]/div/div/div[1]/div/div/table/tbody/tr[1]/td[3]}",
      "time" : {
        "start" : 1607474168229,
        "stop" : 1607474203754,
        "duration" : 35525
      }
    }, {
      "uid" : "9cf112cef751fb58",
      "status" : "skipped",
      "statusDetails" : "Method AdminVerifyTest.TC_02_adminlogin()[pri:0, instance:sailotech.com.EzScheduler.AdminVerifyDoctor.AdminVerifyTest@15c96f24] depends on not successfully finished methods",
      "time" : {
        "start" : 1607473869225,
        "stop" : 1607473869225,
        "duration" : 0
      }
    }, {
      "uid" : "9e1d114195f2d928",
      "status" : "broken",
      "statusDetails" : "C:\\Users\\sukki\\OneDrive\\EzSchedulerscratch\\EzScheduler\\xls.files\\AdminverifyDoctor.xlsx (The process cannot access the file because it is being used by another process)",
      "time" : {
        "start" : 1607473058749,
        "stop" : 1607473058792,
        "duration" : 43
      }
    }, {
      "uid" : "6399841f0dfe6597",
      "status" : "broken",
      "statusDetails" : "no such element: Unable to locate element: {\"method\":\"xpath\",\"selector\":\"//*[@id=\"app-site\"]/div/div/div[3]/main/div/div/div/div/div/div[2]/div/div/div[1]/div/div/table/tbody/tr[1]/td[3]\"}\n  (Session info: chrome=87.0.4280.88)\n  (Driver info: chromedriver=2.40.565498 (ea082db3280dd6843ebfb08a625e3eb905c4f5ab),platform=Windows NT 10.0.18363 x86_64) (WARNING: The server did not provide any stacktrace information)\nCommand duration or timeout: 0 milliseconds\nFor documentation on this error, please visit: https://www.seleniumhq.org/exceptions/no_such_element.html\nBuild info: version: '3.141.59', revision: 'e82be7d358', time: '2018-11-14T08:17:03'\nSystem info: host: 'DESKTOP-A4GJKOM', ip: '192.168.1.176', os.name: 'Windows 10', os.arch: 'amd64', os.version: '10.0', java.version: '1.8.0_271'\nDriver info: org.openqa.selenium.chrome.ChromeDriver\nCapabilities {acceptInsecureCerts: false, acceptSslCerts: false, applicationCacheEnabled: false, browserConnectionEnabled: false, browserName: chrome, chrome: {chromedriverVersion: 2.40.565498 (ea082db3280dd6..., userDataDir: C:\\Users\\sukki\\AppData\\Loca...}, cssSelectorsEnabled: true, databaseEnabled: false, handlesAlerts: true, hasTouchScreen: false, javascriptEnabled: true, locationContextEnabled: true, mobileEmulationEnabled: false, nativeEvents: true, networkConnectionEnabled: false, pageLoadStrategy: normal, platform: XP, platformName: XP, rotatable: false, setWindowRect: true, takesHeapSnapshot: true, takesScreenshot: true, unexpectedAlertBehaviour: , unhandledPromptBehavior: , version: 87.0.4280.88, webStorageEnabled: true}\nSession ID: 684027dcfd387864361f2954f332b755\n*** Element info: {Using=xpath, value=//*[@id=\"app-site\"]/div/div/div[3]/main/div/div/div/div/div/div[2]/div/div/div[1]/div/div/table/tbody/tr[1]/td[3]}",
      "time" : {
        "start" : 1607472394569,
        "stop" : 1607472423828,
        "duration" : 29259
      }
    }, {
      "uid" : "e5a2028c198be29d",
      "status" : "broken",
      "statusDetails" : "no such element: Unable to locate element: {\"method\":\"xpath\",\"selector\":\"//*[@id=\"app-site\"]/div/div/div[3]/main/div/div/div/div/div/div[2]/div/div/div[1]/div/div/table/tbody/tr[1]/td[3]\"}\n  (Session info: chrome=87.0.4280.88)\n  (Driver info: chromedriver=2.40.565498 (ea082db3280dd6843ebfb08a625e3eb905c4f5ab),platform=Windows NT 10.0.18363 x86_64) (WARNING: The server did not provide any stacktrace information)\nCommand duration or timeout: 0 milliseconds\nFor documentation on this error, please visit: https://www.seleniumhq.org/exceptions/no_such_element.html\nBuild info: version: '3.141.59', revision: 'e82be7d358', time: '2018-11-14T08:17:03'\nSystem info: host: 'DESKTOP-A4GJKOM', ip: '192.168.1.176', os.name: 'Windows 10', os.arch: 'amd64', os.version: '10.0', java.version: '1.8.0_271'\nDriver info: org.openqa.selenium.chrome.ChromeDriver\nCapabilities {acceptInsecureCerts: false, acceptSslCerts: false, applicationCacheEnabled: false, browserConnectionEnabled: false, browserName: chrome, chrome: {chromedriverVersion: 2.40.565498 (ea082db3280dd6..., userDataDir: C:\\Users\\sukki\\AppData\\Loca...}, cssSelectorsEnabled: true, databaseEnabled: false, handlesAlerts: true, hasTouchScreen: false, javascriptEnabled: true, locationContextEnabled: true, mobileEmulationEnabled: false, nativeEvents: true, networkConnectionEnabled: false, pageLoadStrategy: normal, platform: XP, platformName: XP, rotatable: false, setWindowRect: true, takesHeapSnapshot: true, takesScreenshot: true, unexpectedAlertBehaviour: , unhandledPromptBehavior: , version: 87.0.4280.88, webStorageEnabled: true}\nSession ID: 2621dc731ce2cd7711941f0b9eed7dae\n*** Element info: {Using=xpath, value=//*[@id=\"app-site\"]/div/div/div[3]/main/div/div/div/div/div/div[2]/div/div/div[1]/div/div/table/tbody/tr[1]/td[3]}",
      "time" : {
        "start" : 1607472218342,
        "stop" : 1607472246465,
        "duration" : 28123
      }
    }, {
      "uid" : "ffaf15649a52379f",
      "status" : "broken",
      "statusDetails" : "no such element: Unable to locate element: {\"method\":\"xpath\",\"selector\":\"//*[@id=\"app-site\"]/div/div/div[3]/main/div/div/div/div/div/div[2]/div/div/div[1]/div/div/table/tbody/tr[1]/td[3]\"}\n  (Session info: chrome=87.0.4280.88)\n  (Driver info: chromedriver=2.40.565498 (ea082db3280dd6843ebfb08a625e3eb905c4f5ab),platform=Windows NT 10.0.18363 x86_64) (WARNING: The server did not provide any stacktrace information)\nCommand duration or timeout: 0 milliseconds\nFor documentation on this error, please visit: https://www.seleniumhq.org/exceptions/no_such_element.html\nBuild info: version: '3.141.59', revision: 'e82be7d358', time: '2018-11-14T08:17:03'\nSystem info: host: 'DESKTOP-A4GJKOM', ip: '192.168.1.176', os.name: 'Windows 10', os.arch: 'amd64', os.version: '10.0', java.version: '1.8.0_271'\nDriver info: org.openqa.selenium.chrome.ChromeDriver\nCapabilities {acceptInsecureCerts: false, acceptSslCerts: false, applicationCacheEnabled: false, browserConnectionEnabled: false, browserName: chrome, chrome: {chromedriverVersion: 2.40.565498 (ea082db3280dd6..., userDataDir: C:\\Users\\sukki\\AppData\\Loca...}, cssSelectorsEnabled: true, databaseEnabled: false, handlesAlerts: true, hasTouchScreen: false, javascriptEnabled: true, locationContextEnabled: true, mobileEmulationEnabled: false, nativeEvents: true, networkConnectionEnabled: false, pageLoadStrategy: normal, platform: XP, platformName: XP, rotatable: false, setWindowRect: true, takesHeapSnapshot: true, takesScreenshot: true, unexpectedAlertBehaviour: , unhandledPromptBehavior: , version: 87.0.4280.88, webStorageEnabled: true}\nSession ID: 2d94a34d4a047eec8a3342e325f976be\n*** Element info: {Using=xpath, value=//*[@id=\"app-site\"]/div/div/div[3]/main/div/div/div/div/div/div[2]/div/div/div[1]/div/div/table/tbody/tr[1]/td[3]}",
      "time" : {
        "start" : 1607469203163,
        "stop" : 1607469231918,
        "duration" : 28755
      }
    }, {
      "uid" : "a2423eabd03d3ffa",
      "status" : "broken",
      "statusDetails" : "no such element: Unable to locate element: {\"method\":\"xpath\",\"selector\":\"//*[@id=\"app-site\"]/div/div/div[3]/main/div/div/div/div/div/div[2]/div/div/div[1]/div/div/table/tbody/tr[1]/td[3]\"}\n  (Session info: chrome=87.0.4280.88)\n  (Driver info: chromedriver=2.40.565498 (ea082db3280dd6843ebfb08a625e3eb905c4f5ab),platform=Windows NT 10.0.18363 x86_64) (WARNING: The server did not provide any stacktrace information)\nCommand duration or timeout: 0 milliseconds\nFor documentation on this error, please visit: https://www.seleniumhq.org/exceptions/no_such_element.html\nBuild info: version: '3.141.59', revision: 'e82be7d358', time: '2018-11-14T08:17:03'\nSystem info: host: 'DESKTOP-A4GJKOM', ip: '192.168.1.176', os.name: 'Windows 10', os.arch: 'amd64', os.version: '10.0', java.version: '1.8.0_271'\nDriver info: org.openqa.selenium.chrome.ChromeDriver\nCapabilities {acceptInsecureCerts: false, acceptSslCerts: false, applicationCacheEnabled: false, browserConnectionEnabled: false, browserName: chrome, chrome: {chromedriverVersion: 2.40.565498 (ea082db3280dd6..., userDataDir: C:\\Users\\sukki\\AppData\\Loca...}, cssSelectorsEnabled: true, databaseEnabled: false, handlesAlerts: true, hasTouchScreen: false, javascriptEnabled: true, locationContextEnabled: true, mobileEmulationEnabled: false, nativeEvents: true, networkConnectionEnabled: false, pageLoadStrategy: normal, platform: XP, platformName: XP, rotatable: false, setWindowRect: true, takesHeapSnapshot: true, takesScreenshot: true, unexpectedAlertBehaviour: , unhandledPromptBehavior: , version: 87.0.4280.88, webStorageEnabled: true}\nSession ID: 97858978cd9e3db40efb425248734935\n*** Element info: {Using=xpath, value=//*[@id=\"app-site\"]/div/div/div[3]/main/div/div/div/div/div/div[2]/div/div/div[1]/div/div/table/tbody/tr[1]/td[3]}",
      "time" : {
        "start" : 1607468844577,
        "stop" : 1607468874353,
        "duration" : 29776
      }
    }, {
      "uid" : "71312538eb9dc885",
      "status" : "skipped",
      "statusDetails" : "Method AdminVerifyTest.TC_02_adminlogin()[pri:0, instance:sailotech.com.EzScheduler.AdminVerifyDoctor.AdminVerifyTest@5a5a973c] depends on not successfully finished methods",
      "time" : {
        "start" : 1607468593475,
        "stop" : 1607468593475,
        "duration" : 0
      }
    }, {
      "uid" : "62e2763b76fc9134",
      "status" : "skipped",
      "statusDetails" : "Method AdminVerifyTest.TC_02_adminlogin()[pri:0, instance:sailotech.com.EzScheduler.AdminVerifyDoctor.AdminVerifyTest@eb1e868] depends on not successfully finished methods",
      "time" : {
        "start" : 1607467177885,
        "stop" : 1607467177887,
        "duration" : 2
      }
    }, {
      "uid" : "dba44abbdb924a9b",
      "status" : "skipped",
      "statusDetails" : "Method AdminVerifyTest.TC_02_adminlogin()[pri:0, instance:sailotech.com.EzScheduler.AdminVerifyDoctor.AdminVerifyTest@71a7cf7c] depends on not successfully finished methods",
      "time" : {
        "start" : 1607467037624,
        "stop" : 1607467037624,
        "duration" : 0
      }
    }, {
      "uid" : "6e0f1ebffd7d4b2e",
      "status" : "skipped",
      "statusDetails" : "Method AdminVerifyTest.TC_02_adminlogin()[pri:0, instance:sailotech.com.EzScheduler.AdminVerifyDoctor.AdminVerifyTest@3140ad41] depends on not successfully finished methods",
      "time" : {
        "start" : 1607466922187,
        "stop" : 1607466922187,
        "duration" : 0
      }
    }, {
      "uid" : "7b9a4965bc315c49",
      "status" : "skipped",
      "statusDetails" : "Method AdminVerifyTest.TC_02_adminlogin()[pri:0, instance:sailotech.com.EzScheduler.AdminVerifyDoctor.AdminVerifyTest@15c96f24] depends on not successfully finished methods",
      "time" : {
        "start" : 1607466820500,
        "stop" : 1607466820501,
        "duration" : 1
      }
    }, {
      "uid" : "3155c3257a594fe6",
      "status" : "broken",
      "statusDetails" : "no such element: Unable to locate element: {\"method\":\"xpath\",\"selector\":\"//*[@id=\"app-site\"]/div/div/div[3]/main/div/div/div/div/div/div[2]/div/div/div[1]/div/div/table/tbody/tr[1]/td[3]\"}\n  (Session info: chrome=87.0.4280.88)\n  (Driver info: chromedriver=2.40.565498 (ea082db3280dd6843ebfb08a625e3eb905c4f5ab),platform=Windows NT 10.0.18363 x86_64) (WARNING: The server did not provide any stacktrace information)\nCommand duration or timeout: 0 milliseconds\nFor documentation on this error, please visit: https://www.seleniumhq.org/exceptions/no_such_element.html\nBuild info: version: '3.141.59', revision: 'e82be7d358', time: '2018-11-14T08:17:03'\nSystem info: host: 'DESKTOP-A4GJKOM', ip: '192.168.1.176', os.name: 'Windows 10', os.arch: 'amd64', os.version: '10.0', java.version: '1.8.0_271'\nDriver info: org.openqa.selenium.chrome.ChromeDriver\nCapabilities {acceptInsecureCerts: false, acceptSslCerts: false, applicationCacheEnabled: false, browserConnectionEnabled: false, browserName: chrome, chrome: {chromedriverVersion: 2.40.565498 (ea082db3280dd6..., userDataDir: C:\\Users\\sukki\\AppData\\Loca...}, cssSelectorsEnabled: true, databaseEnabled: false, handlesAlerts: true, hasTouchScreen: false, javascriptEnabled: true, locationContextEnabled: true, mobileEmulationEnabled: false, nativeEvents: true, networkConnectionEnabled: false, pageLoadStrategy: normal, platform: XP, platformName: XP, rotatable: false, setWindowRect: true, takesHeapSnapshot: true, takesScreenshot: true, unexpectedAlertBehaviour: , unhandledPromptBehavior: , version: 87.0.4280.88, webStorageEnabled: true}\nSession ID: 57fbca3bc246c6226a4db4a9904dad06\n*** Element info: {Using=xpath, value=//*[@id=\"app-site\"]/div/div/div[3]/main/div/div/div/div/div/div[2]/div/div/div[1]/div/div/table/tbody/tr[1]/td[3]}",
      "time" : {
        "start" : 1607466339602,
        "stop" : 1607466368098,
        "duration" : 28496
      }
    }, {
      "uid" : "344584f5a66e5481",
      "status" : "skipped",
      "statusDetails" : "Method AdminVerifyTest.TC_02_adminlogin()[pri:0, instance:sailotech.com.EzScheduler.AdminVerifyDoctor.AdminVerifyTest@2dd46693] depends on not successfully finished methods",
      "time" : {
        "start" : 1607466096531,
        "stop" : 1607466096531,
        "duration" : 0
      }
    }, {
      "uid" : "76b73d49e1174d2d",
      "status" : "broken",
      "statusDetails" : "no such element: Unable to locate element: {\"method\":\"xpath\",\"selector\":\"//*[@id=\"app-site\"]/div/div/div[3]/main/div/div/div/div/div/div[2]/div/div/div[1]/div/div/table/tbody/tr[1]/td[3]\"}\n  (Session info: chrome=87.0.4280.88)\n  (Driver info: chromedriver=2.40.565498 (ea082db3280dd6843ebfb08a625e3eb905c4f5ab),platform=Windows NT 10.0.18363 x86_64) (WARNING: The server did not provide any stacktrace information)\nCommand duration or timeout: 0 milliseconds\nFor documentation on this error, please visit: https://www.seleniumhq.org/exceptions/no_such_element.html\nBuild info: version: '3.141.59', revision: 'e82be7d358', time: '2018-11-14T08:17:03'\nSystem info: host: 'DESKTOP-A4GJKOM', ip: '192.168.1.176', os.name: 'Windows 10', os.arch: 'amd64', os.version: '10.0', java.version: '1.8.0_271'\nDriver info: org.openqa.selenium.chrome.ChromeDriver\nCapabilities {acceptInsecureCerts: false, acceptSslCerts: false, applicationCacheEnabled: false, browserConnectionEnabled: false, browserName: chrome, chrome: {chromedriverVersion: 2.40.565498 (ea082db3280dd6..., userDataDir: C:\\Users\\sukki\\AppData\\Loca...}, cssSelectorsEnabled: true, databaseEnabled: false, handlesAlerts: true, hasTouchScreen: false, javascriptEnabled: true, locationContextEnabled: true, mobileEmulationEnabled: false, nativeEvents: true, networkConnectionEnabled: false, pageLoadStrategy: normal, platform: XP, platformName: XP, rotatable: false, setWindowRect: true, takesHeapSnapshot: true, takesScreenshot: true, unexpectedAlertBehaviour: , unhandledPromptBehavior: , version: 87.0.4280.88, webStorageEnabled: true}\nSession ID: 79cfb5797e7c3a1a1157bec9a657e2ef\n*** Element info: {Using=xpath, value=//*[@id=\"app-site\"]/div/div/div[3]/main/div/div/div/div/div/div[2]/div/div/div[1]/div/div/table/tbody/tr[1]/td[3]}",
      "time" : {
        "start" : 1607464435742,
        "stop" : 1607464463886,
        "duration" : 28144
      }
    }, {
      "uid" : "d8343601f2a25831",
      "status" : "broken",
      "statusDetails" : "no such element: Unable to locate element: {\"method\":\"xpath\",\"selector\":\"//*[@id=\"app-site\"]/div/div/div[3]/main/div/div/div/div/div/div[2]/div/div/div[1]/div/div/table/tbody/tr[1]/td[3]\"}\n  (Session info: chrome=87.0.4280.88)\n  (Driver info: chromedriver=2.40.565498 (ea082db3280dd6843ebfb08a625e3eb905c4f5ab),platform=Windows NT 10.0.18363 x86_64) (WARNING: The server did not provide any stacktrace information)\nCommand duration or timeout: 0 milliseconds\nFor documentation on this error, please visit: https://www.seleniumhq.org/exceptions/no_such_element.html\nBuild info: version: '3.141.59', revision: 'e82be7d358', time: '2018-11-14T08:17:03'\nSystem info: host: 'DESKTOP-A4GJKOM', ip: '192.168.1.176', os.name: 'Windows 10', os.arch: 'amd64', os.version: '10.0', java.version: '1.8.0_271'\nDriver info: org.openqa.selenium.chrome.ChromeDriver\nCapabilities {acceptInsecureCerts: false, acceptSslCerts: false, applicationCacheEnabled: false, browserConnectionEnabled: false, browserName: chrome, chrome: {chromedriverVersion: 2.40.565498 (ea082db3280dd6..., userDataDir: C:\\Users\\sukki\\AppData\\Loca...}, cssSelectorsEnabled: true, databaseEnabled: false, handlesAlerts: true, hasTouchScreen: false, javascriptEnabled: true, locationContextEnabled: true, mobileEmulationEnabled: false, nativeEvents: true, networkConnectionEnabled: false, pageLoadStrategy: normal, platform: XP, platformName: XP, rotatable: false, setWindowRect: true, takesHeapSnapshot: true, takesScreenshot: true, unexpectedAlertBehaviour: , unhandledPromptBehavior: , version: 87.0.4280.88, webStorageEnabled: true}\nSession ID: 36bd32f635fc2fa1587605f573a2c82f\n*** Element info: {Using=xpath, value=//*[@id=\"app-site\"]/div/div/div[3]/main/div/div/div/div/div/div[2]/div/div/div[1]/div/div/table/tbody/tr[1]/td[3]}",
      "time" : {
        "start" : 1607464164423,
        "stop" : 1607464191811,
        "duration" : 27388
      }
    }, {
      "uid" : "43d002c0f09120d5",
      "status" : "skipped",
      "statusDetails" : "Method AdminVerifyTest.TC_02_adminlogin()[pri:0, instance:sailotech.com.EzScheduler.AdminVerifyDoctor.AdminVerifyTest@6318ff9] depends on not successfully finished methods",
      "time" : {
        "start" : 1607464112805,
        "stop" : 1607464112805,
        "duration" : 0
      }
    }, {
      "uid" : "fd1f834d7fb3af3b",
      "status" : "broken",
      "statusDetails" : "no such element: Unable to locate element: {\"method\":\"xpath\",\"selector\":\"//*[@id=\"app-site\"]/div/div/div[3]/main/div/div/div/div/div/div[2]/div/div/div[1]/div/div/table/tbody/tr[1]/td[3]\"}\n  (Session info: chrome=87.0.4280.88)\n  (Driver info: chromedriver=2.40.565498 (ea082db3280dd6843ebfb08a625e3eb905c4f5ab),platform=Windows NT 10.0.18363 x86_64) (WARNING: The server did not provide any stacktrace information)\nCommand duration or timeout: 0 milliseconds\nFor documentation on this error, please visit: https://www.seleniumhq.org/exceptions/no_such_element.html\nBuild info: version: '3.141.59', revision: 'e82be7d358', time: '2018-11-14T08:17:03'\nSystem info: host: 'DESKTOP-A4GJKOM', ip: '192.168.1.176', os.name: 'Windows 10', os.arch: 'amd64', os.version: '10.0', java.version: '1.8.0_271'\nDriver info: org.openqa.selenium.chrome.ChromeDriver\nCapabilities {acceptInsecureCerts: false, acceptSslCerts: false, applicationCacheEnabled: false, browserConnectionEnabled: false, browserName: chrome, chrome: {chromedriverVersion: 2.40.565498 (ea082db3280dd6..., userDataDir: C:\\Users\\sukki\\AppData\\Loca...}, cssSelectorsEnabled: true, databaseEnabled: false, handlesAlerts: true, hasTouchScreen: false, javascriptEnabled: true, locationContextEnabled: true, mobileEmulationEnabled: false, nativeEvents: true, networkConnectionEnabled: false, pageLoadStrategy: normal, platform: XP, platformName: XP, rotatable: false, setWindowRect: true, takesHeapSnapshot: true, takesScreenshot: true, unexpectedAlertBehaviour: , unhandledPromptBehavior: , version: 87.0.4280.88, webStorageEnabled: true}\nSession ID: 10aee24479a8a29aa2b2fc1c30841ea7\n*** Element info: {Using=xpath, value=//*[@id=\"app-site\"]/div/div/div[3]/main/div/div/div/div/div/div[2]/div/div/div[1]/div/div/table/tbody/tr[1]/td[3]}",
      "time" : {
        "start" : 1607463375658,
        "stop" : 1607463406278,
        "duration" : 30620
      }
    }, {
      "uid" : "4038c770eae8024e",
      "status" : "skipped",
      "statusDetails" : "Method AdminVerifyTest.TC_02_adminlogin()[pri:0, instance:sailotech.com.EzScheduler.AdminVerifyDoctor.AdminVerifyTest@46610fc9] depends on not successfully finished methods",
      "time" : {
        "start" : 1607463319109,
        "stop" : 1607463319109,
        "duration" : 0
      }
    }, {
      "uid" : "58fa564d0c272d6f",
      "status" : "broken",
      "statusDetails" : "no such element: Unable to locate element: {\"method\":\"xpath\",\"selector\":\"//*[@id=\"app-site\"]/div/div/div[3]/main/div/div/div/div/div/div[2]/div/div/div[2]/div/div/table/tbody/tr[20]/td[3]\"}\n  (Session info: chrome=87.0.4280.88)\n  (Driver info: chromedriver=2.40.565498 (ea082db3280dd6843ebfb08a625e3eb905c4f5ab),platform=Windows NT 10.0.18363 x86_64) (WARNING: The server did not provide any stacktrace information)\nCommand duration or timeout: 0 milliseconds\nFor documentation on this error, please visit: https://www.seleniumhq.org/exceptions/no_such_element.html\nBuild info: version: '3.141.59', revision: 'e82be7d358', time: '2018-11-14T08:17:03'\nSystem info: host: 'DESKTOP-A4GJKOM', ip: '192.168.1.176', os.name: 'Windows 10', os.arch: 'amd64', os.version: '10.0', java.version: '1.8.0_271'\nDriver info: org.openqa.selenium.chrome.ChromeDriver\nCapabilities {acceptInsecureCerts: false, acceptSslCerts: false, applicationCacheEnabled: false, browserConnectionEnabled: false, browserName: chrome, chrome: {chromedriverVersion: 2.40.565498 (ea082db3280dd6..., userDataDir: C:\\Users\\sukki\\AppData\\Loca...}, cssSelectorsEnabled: true, databaseEnabled: false, handlesAlerts: true, hasTouchScreen: false, javascriptEnabled: true, locationContextEnabled: true, mobileEmulationEnabled: false, nativeEvents: true, networkConnectionEnabled: false, pageLoadStrategy: normal, platform: XP, platformName: XP, rotatable: false, setWindowRect: true, takesHeapSnapshot: true, takesScreenshot: true, unexpectedAlertBehaviour: , unhandledPromptBehavior: , version: 87.0.4280.88, webStorageEnabled: true}\nSession ID: 9a30bad4d44cd4b2a82e14a6933f5a26\n*** Element info: {Using=xpath, value=//*[@id=\"app-site\"]/div/div/div[3]/main/div/div/div/div/div/div[2]/div/div/div[2]/div/div/table/tbody/tr[20]/td[3]}",
      "time" : {
        "start" : 1607463173610,
        "stop" : 1607463186666,
        "duration" : 13056
      }
    }, {
      "uid" : "4c473e49f13862fc",
      "status" : "broken",
      "statusDetails" : "java.lang.NullPointerException",
      "time" : {
        "start" : 1607462745104,
        "stop" : 1607462772270,
        "duration" : 27166
      }
    }, {
      "uid" : "2dc54205a714bf26",
      "status" : "broken",
      "statusDetails" : "java.lang.NullPointerException",
      "time" : {
        "start" : 1607462560529,
        "stop" : 1607462583729,
        "duration" : 23200
      }
    }, {
      "uid" : "fa66a3d3f2f0193",
      "status" : "broken",
      "statusDetails" : "java.lang.NullPointerException",
      "time" : {
        "start" : 1607462407458,
        "stop" : 1607462430425,
        "duration" : 22967
      }
    }, {
      "uid" : "cb8bcebe2c8e9c7f",
      "status" : "skipped",
      "statusDetails" : "Method AdminVerifyTest.TC_02_adminlogin()[pri:0, instance:sailotech.com.EzScheduler.AdminVerifyDoctor.AdminVerifyTest@3d42b756] depends on not successfully finished methods",
      "time" : {
        "start" : 1607462375052,
        "stop" : 1607462375052,
        "duration" : 0
      }
    }, {
      "uid" : "cc54653d3ced37f1",
      "status" : "skipped",
      "statusDetails" : "Method AdminVerifyTest.TC_02_adminlogin()[pri:0, instance:sailotech.com.EzScheduler.AdminVerifyDoctor.AdminVerifyTest@70f8d217] depends on not successfully finished methods",
      "time" : {
        "start" : 1607462314893,
        "stop" : 1607462314893,
        "duration" : 0
      }
    }, {
      "uid" : "cccbaf10e5ae3c29",
      "status" : "broken",
      "statusDetails" : "java.lang.NullPointerException",
      "time" : {
        "start" : 1607462125892,
        "stop" : 1607462144326,
        "duration" : 18434
      }
    }, {
      "uid" : "952d411fcb218a9f",
      "status" : "broken",
      "statusDetails" : "java.lang.NullPointerException",
      "time" : {
        "start" : 1607462045006,
        "stop" : 1607462063882,
        "duration" : 18876
      }
    }, {
      "uid" : "427dc29d63ca1022",
      "status" : "broken",
      "statusDetails" : "C:\\Users\\sukki\\OneDrive\\EzSchedulerscratch\\EzScheduler\\xls.files\\AdminverifyDoctor.xlsx (The process cannot access the file because it is being used by another process)",
      "time" : {
        "start" : 1607461950529,
        "stop" : 1607461950548,
        "duration" : 19
      }
    }, {
      "uid" : "cdc6350c8f9481f0",
      "status" : "broken",
      "statusDetails" : "java.lang.NullPointerException",
      "time" : {
        "start" : 1607461833690,
        "stop" : 1607461857381,
        "duration" : 23691
      }
    }, {
      "uid" : "904cc489331a72d1",
      "status" : "broken",
      "statusDetails" : "no such element: Unable to locate element: {\"method\":\"xpath\",\"selector\":\"//*[@id=\"app-site\"]/div/div/div[3]/main/div/div/div/div/div/div[2]/div/div/div[2]/div/div/table/tbody/tr[22]/td[3]\"}\n  (Session info: chrome=87.0.4280.88)\n  (Driver info: chromedriver=2.40.565498 (ea082db3280dd6843ebfb08a625e3eb905c4f5ab),platform=Windows NT 10.0.18363 x86_64) (WARNING: The server did not provide any stacktrace information)\nCommand duration or timeout: 0 milliseconds\nFor documentation on this error, please visit: https://www.seleniumhq.org/exceptions/no_such_element.html\nBuild info: version: '3.141.59', revision: 'e82be7d358', time: '2018-11-14T08:17:03'\nSystem info: host: 'DESKTOP-A4GJKOM', ip: '192.168.1.176', os.name: 'Windows 10', os.arch: 'amd64', os.version: '10.0', java.version: '1.8.0_271'\nDriver info: org.openqa.selenium.chrome.ChromeDriver\nCapabilities {acceptInsecureCerts: false, acceptSslCerts: false, applicationCacheEnabled: false, browserConnectionEnabled: false, browserName: chrome, chrome: {chromedriverVersion: 2.40.565498 (ea082db3280dd6..., userDataDir: C:\\Users\\sukki\\AppData\\Loca...}, cssSelectorsEnabled: true, databaseEnabled: false, handlesAlerts: true, hasTouchScreen: false, javascriptEnabled: true, locationContextEnabled: true, mobileEmulationEnabled: false, nativeEvents: true, networkConnectionEnabled: false, pageLoadStrategy: normal, platform: XP, platformName: XP, rotatable: false, setWindowRect: true, takesHeapSnapshot: true, takesScreenshot: true, unexpectedAlertBehaviour: , unhandledPromptBehavior: , version: 87.0.4280.88, webStorageEnabled: true}\nSession ID: 5258bd11d69650583175520557b5bcf0\n*** Element info: {Using=xpath, value=//*[@id=\"app-site\"]/div/div/div[3]/main/div/div/div/div/div/div[2]/div/div/div[2]/div/div/table/tbody/tr[22]/td[3]}",
      "time" : {
        "start" : 1607461352904,
        "stop" : 1607461364899,
        "duration" : 11995
      }
    }, {
      "uid" : "2cb10374d9e3275e",
      "status" : "passed",
      "time" : {
        "start" : 1607461251306,
        "stop" : 1607461271452,
        "duration" : 20146
      }
    }, {
      "uid" : "716d3b9c9dffea40",
      "status" : "skipped",
      "statusDetails" : "Method AdminVerifyTest.TC_02_adminlogin()[pri:0, instance:sailotech.com.EzScheduler.AdminVerifyDoctor.AdminVerifyTest@49222187] depends on not successfully finished methods",
      "time" : {
        "start" : 1607461211996,
        "stop" : 1607461211996,
        "duration" : 0
      }
    }, {
      "uid" : "4672cb4a8dfdd817",
      "status" : "passed",
      "time" : {
        "start" : 1607461028557,
        "stop" : 1607461048311,
        "duration" : 19754
      }
    }, {
      "uid" : "a775ec27640df986",
      "status" : "skipped",
      "statusDetails" : "Method AdminVerifyTest.TC_02_adminlogin()[pri:0, instance:sailotech.com.EzScheduler.AdminVerifyDoctor.AdminVerifyTest@2665a2e7] depends on not successfully finished methods",
      "time" : {
        "start" : 1607460929011,
        "stop" : 1607460929012,
        "duration" : 1
      }
    }, {
      "uid" : "eadd4b28d3cabec5",
      "status" : "broken",
      "statusDetails" : "invalid selector: Unable to locate an element with the xpath expression //*[@id=\"app-site\"]/div/div/div[3]/main/div/div/div/fieldset/div[1]/div/div/div/form/div[6]/div[1]/div/label[2]) because of the following error:\nSyntaxError: Failed to execute 'evaluate' on 'Document': The string '//*[@id=\"app-site\"]/div/div/div[3]/main/div/div/div/fieldset/div[1]/div/div/div/form/div[6]/div[1]/div/label[2])' is not a valid XPath expression.\n  (Session info: chrome=87.0.4280.88)\n  (Driver info: chromedriver=2.40.565498 (ea082db3280dd6843ebfb08a625e3eb905c4f5ab),platform=Windows NT 10.0.18363 x86_64) (WARNING: The server did not provide any stacktrace information)\nCommand duration or timeout: 0 milliseconds\nFor documentation on this error, please visit: https://www.seleniumhq.org/exceptions/invalid_selector_exception.html\nBuild info: version: '3.141.59', revision: 'e82be7d358', time: '2018-11-14T08:17:03'\nSystem info: host: 'DESKTOP-A4GJKOM', ip: '192.168.1.176', os.name: 'Windows 10', os.arch: 'amd64', os.version: '10.0', java.version: '1.8.0_271'\nDriver info: org.openqa.selenium.chrome.ChromeDriver\nCapabilities {acceptInsecureCerts: false, acceptSslCerts: false, applicationCacheEnabled: false, browserConnectionEnabled: false, browserName: chrome, chrome: {chromedriverVersion: 2.40.565498 (ea082db3280dd6..., userDataDir: C:\\Users\\sukki\\AppData\\Loca...}, cssSelectorsEnabled: true, databaseEnabled: false, handlesAlerts: true, hasTouchScreen: false, javascriptEnabled: true, locationContextEnabled: true, mobileEmulationEnabled: false, nativeEvents: true, networkConnectionEnabled: false, pageLoadStrategy: normal, platform: XP, platformName: XP, rotatable: false, setWindowRect: true, takesHeapSnapshot: true, takesScreenshot: true, unexpectedAlertBehaviour: , unhandledPromptBehavior: , version: 87.0.4280.88, webStorageEnabled: true}\nSession ID: 7e5ee6b835fd6ff3b788c0844a5ac55f\n*** Element info: {Using=xpath, value=//*[@id=\"app-site\"]/div/div/div[3]/main/div/div/div/fieldset/div[1]/div/div/div/form/div[6]/div[1]/div/label[2])}",
      "time" : {
        "start" : 1607460789359,
        "stop" : 1607460799649,
        "duration" : 10290
      }
    }, {
      "uid" : "d6a7ac6de3402fc9",
      "status" : "skipped",
      "statusDetails" : "Method AdminVerifyTest.TC_02_adminlogin()[pri:0, instance:sailotech.com.EzScheduler.AdminVerifyDoctor.AdminVerifyTest@49222187] depends on not successfully finished methods",
      "time" : {
        "start" : 1607460751091,
        "stop" : 1607460751091,
        "duration" : 0
      }
    }, {
      "uid" : "a3b57fd125f873d6",
      "status" : "skipped",
      "statusDetails" : "Method AdminVerifyTest.TC_02_adminlogin()[pri:0, instance:sailotech.com.EzScheduler.AdminVerifyDoctor.AdminVerifyTest@688efeb2] depends on not successfully finished methods",
      "time" : {
        "start" : 1607460676706,
        "stop" : 1607460676706,
        "duration" : 0
      }
    }, {
      "uid" : "51f9d51e25dc4dd3",
      "status" : "passed",
      "time" : {
        "start" : 1607458544689,
        "stop" : 1607458564199,
        "duration" : 19510
      }
    }, {
      "uid" : "74dee8f741ee9d73",
      "status" : "broken",
      "statusDetails" : "stale element reference: element is not attached to the page document\n  (Session info: chrome=87.0.4280.88)\n  (Driver info: chromedriver=2.40.565498 (ea082db3280dd6843ebfb08a625e3eb905c4f5ab),platform=Windows NT 10.0.18363 x86_64) (WARNING: The server did not provide any stacktrace information)\nCommand duration or timeout: 0 milliseconds\nFor documentation on this error, please visit: https://www.seleniumhq.org/exceptions/stale_element_reference.html\nBuild info: version: '3.141.59', revision: 'e82be7d358', time: '2018-11-14T08:17:03'\nSystem info: host: 'DESKTOP-A4GJKOM', ip: '192.168.1.176', os.name: 'Windows 10', os.arch: 'amd64', os.version: '10.0', java.version: '1.8.0_271'\nDriver info: org.openqa.selenium.chrome.ChromeDriver\nCapabilities {acceptInsecureCerts: false, acceptSslCerts: false, applicationCacheEnabled: false, browserConnectionEnabled: false, browserName: chrome, chrome: {chromedriverVersion: 2.40.565498 (ea082db3280dd6..., userDataDir: C:\\Users\\sukki\\AppData\\Loca...}, cssSelectorsEnabled: true, databaseEnabled: false, handlesAlerts: true, hasTouchScreen: false, javascriptEnabled: true, locationContextEnabled: true, mobileEmulationEnabled: false, nativeEvents: true, networkConnectionEnabled: false, pageLoadStrategy: normal, platform: XP, platformName: XP, rotatable: false, setWindowRect: true, takesHeapSnapshot: true, takesScreenshot: true, unexpectedAlertBehaviour: , unhandledPromptBehavior: , version: 87.0.4280.88, webStorageEnabled: true}\nSession ID: 1dcd9db2ad47b9c788c73970e7258466",
      "time" : {
        "start" : 1607458368454,
        "stop" : 1607458394016,
        "duration" : 25562
      }
    }, {
      "uid" : "20e375457c8c35f8",
      "status" : "broken",
      "statusDetails" : "no such element: Unable to locate element: {\"method\":\"xpath\",\"selector\":\"//*[@id=\"app-site\"]/div/div/div[3]/main/div/div/div/div/div/div[2]/div/div/div[2]/div/div/table/tbody/tr[24]/td[3]\"}\n  (Session info: chrome=87.0.4280.88)\n  (Driver info: chromedriver=2.40.565498 (ea082db3280dd6843ebfb08a625e3eb905c4f5ab),platform=Windows NT 10.0.18363 x86_64) (WARNING: The server did not provide any stacktrace information)\nCommand duration or timeout: 0 milliseconds\nFor documentation on this error, please visit: https://www.seleniumhq.org/exceptions/no_such_element.html\nBuild info: version: '3.141.59', revision: 'e82be7d358', time: '2018-11-14T08:17:03'\nSystem info: host: 'DESKTOP-A4GJKOM', ip: '192.168.1.176', os.name: 'Windows 10', os.arch: 'amd64', os.version: '10.0', java.version: '1.8.0_271'\nDriver info: org.openqa.selenium.chrome.ChromeDriver\nCapabilities {acceptInsecureCerts: false, acceptSslCerts: false, applicationCacheEnabled: false, browserConnectionEnabled: false, browserName: chrome, chrome: {chromedriverVersion: 2.40.565498 (ea082db3280dd6..., userDataDir: C:\\Users\\sukki\\AppData\\Loca...}, cssSelectorsEnabled: true, databaseEnabled: false, handlesAlerts: true, hasTouchScreen: false, javascriptEnabled: true, locationContextEnabled: true, mobileEmulationEnabled: false, nativeEvents: true, networkConnectionEnabled: false, pageLoadStrategy: normal, platform: XP, platformName: XP, rotatable: false, setWindowRect: true, takesHeapSnapshot: true, takesScreenshot: true, unexpectedAlertBehaviour: , unhandledPromptBehavior: , version: 87.0.4280.88, webStorageEnabled: true}\nSession ID: 1d85327245c2fca78f2bdc914a465303\n*** Element info: {Using=xpath, value=//*[@id=\"app-site\"]/div/div/div[3]/main/div/div/div/div/div/div[2]/div/div/div[2]/div/div/table/tbody/tr[24]/td[3]}",
      "time" : {
        "start" : 1607458073842,
        "stop" : 1607458087314,
        "duration" : 13472
      }
    }, {
      "uid" : "2225f59febb494b2",
      "status" : "skipped",
      "statusDetails" : "Method AdminVerifyTest.TC_02_adminlogin()[pri:0, instance:sailotech.com.EzScheduler.AdminVerifyDoctor.AdminVerifyTest@4cb87009] depends on not successfully finished methods",
      "time" : {
        "start" : 1607283717642,
        "stop" : 1607283717642,
        "duration" : 0
      }
    }, {
      "uid" : "f8d7284a8ec7ef17",
      "status" : "passed",
      "time" : {
        "start" : 1607265468430,
        "stop" : 1607265487951,
        "duration" : 19521
      }
    }, {
      "uid" : "93f8dc30814a7ca1",
      "status" : "skipped",
      "statusDetails" : "Method AdminVerifyTest.TC_02_adminlogin()[pri:0, instance:sailotech.com.EzScheduler.AdminVerifyDoctor.AdminVerifyTest@2b30b627] depends on not successfully finished methods",
      "time" : {
        "start" : 1607263885240,
        "stop" : 1607263885240,
        "duration" : 0
      }
    }, {
      "uid" : "4c98656e967c645a",
      "status" : "skipped",
      "statusDetails" : "Method AdminVerifyTest.TC_02_adminlogin()[pri:0, instance:sailotech.com.EzScheduler.AdminVerifyDoctor.AdminVerifyTest@3a00237d] depends on not successfully finished methods",
      "time" : {
        "start" : 1607263342885,
        "stop" : 1607263342885,
        "duration" : 0
      }
    }, {
      "uid" : "b81d791d21037e4a",
      "status" : "broken",
      "statusDetails" : "stale element reference: element is not attached to the page document\n  (Session info: chrome=87.0.4280.88)\n  (Driver info: chromedriver=2.40.565498 (ea082db3280dd6843ebfb08a625e3eb905c4f5ab),platform=Windows NT 10.0.18363 x86_64) (WARNING: The server did not provide any stacktrace information)\nCommand duration or timeout: 0 milliseconds\nFor documentation on this error, please visit: https://www.seleniumhq.org/exceptions/stale_element_reference.html\nBuild info: version: '3.141.59', revision: 'e82be7d358', time: '2018-11-14T08:17:03'\nSystem info: host: 'DESKTOP-A4GJKOM', ip: '192.168.1.176', os.name: 'Windows 10', os.arch: 'amd64', os.version: '10.0', java.version: '1.8.0_271'\nDriver info: org.openqa.selenium.chrome.ChromeDriver\nCapabilities {acceptInsecureCerts: false, acceptSslCerts: false, applicationCacheEnabled: false, browserConnectionEnabled: false, browserName: chrome, chrome: {chromedriverVersion: 2.40.565498 (ea082db3280dd6..., userDataDir: C:\\Users\\sukki\\AppData\\Loca...}, cssSelectorsEnabled: true, databaseEnabled: false, handlesAlerts: true, hasTouchScreen: false, javascriptEnabled: true, locationContextEnabled: true, mobileEmulationEnabled: false, nativeEvents: true, networkConnectionEnabled: false, pageLoadStrategy: normal, platform: XP, platformName: XP, rotatable: false, setWindowRect: true, takesHeapSnapshot: true, takesScreenshot: true, unexpectedAlertBehaviour: , unhandledPromptBehavior: , version: 87.0.4280.88, webStorageEnabled: true}\nSession ID: 806b37626623104777e28a103db580c5",
      "time" : {
        "start" : 1607263065072,
        "stop" : 1607263093749,
        "duration" : 28677
      }
    }, {
      "uid" : "ae1a0afef5bac551",
      "status" : "broken",
      "statusDetails" : "no such element: Unable to locate element: {\"method\":\"xpath\",\"selector\":\"//*[@id=\"body\"]/div[3]/div[3]/div/div[1]/div/div[2]/div[2]/div/div[4]/div[1]/button/span[1]/p\"}\n  (Session info: chrome=87.0.4280.88)\n  (Driver info: chromedriver=2.40.565498 (ea082db3280dd6843ebfb08a625e3eb905c4f5ab),platform=Windows NT 10.0.18363 x86_64) (WARNING: The server did not provide any stacktrace information)\nCommand duration or timeout: 0 milliseconds\nFor documentation on this error, please visit: https://www.seleniumhq.org/exceptions/no_such_element.html\nBuild info: version: '3.141.59', revision: 'e82be7d358', time: '2018-11-14T08:17:03'\nSystem info: host: 'DESKTOP-A4GJKOM', ip: '192.168.1.176', os.name: 'Windows 10', os.arch: 'amd64', os.version: '10.0', java.version: '1.8.0_271'\nDriver info: org.openqa.selenium.chrome.ChromeDriver\nCapabilities {acceptInsecureCerts: false, acceptSslCerts: false, applicationCacheEnabled: false, browserConnectionEnabled: false, browserName: chrome, chrome: {chromedriverVersion: 2.40.565498 (ea082db3280dd6..., userDataDir: C:\\Users\\sukki\\AppData\\Loca...}, cssSelectorsEnabled: true, databaseEnabled: false, handlesAlerts: true, hasTouchScreen: false, javascriptEnabled: true, locationContextEnabled: true, mobileEmulationEnabled: false, nativeEvents: true, networkConnectionEnabled: false, pageLoadStrategy: normal, platform: XP, platformName: XP, rotatable: false, setWindowRect: true, takesHeapSnapshot: true, takesScreenshot: true, unexpectedAlertBehaviour: , unhandledPromptBehavior: , version: 87.0.4280.88, webStorageEnabled: true}\nSession ID: eaad90075081dbca3b7e9111ac4a0343\n*** Element info: {Using=xpath, value=//*[@id=\"body\"]/div[3]/div[3]/div/div[1]/div/div[2]/div[2]/div/div[4]/div[1]/button/span[1]/p}",
      "time" : {
        "start" : 1607262965114,
        "stop" : 1607262998931,
        "duration" : 33817
      }
    }, {
      "uid" : "383c1e078dfa567a",
      "status" : "skipped",
      "statusDetails" : "Method AdminVerifyTest.TC_02_adminlogin()[pri:0, instance:sailotech.com.EzScheduler.AdminVerifyDoctor.AdminVerifyTest@fe38d1e] depends on not successfully finished methods",
      "time" : {
        "start" : 1607261888522,
        "stop" : 1607261888522,
        "duration" : 0
      }
    }, {
      "uid" : "e691d6d59d26f607",
      "status" : "passed",
      "time" : {
        "start" : 1607260861334,
        "stop" : 1607260880895,
        "duration" : 19561
      }
    }, {
      "uid" : "acb63e4143a11219",
      "status" : "skipped",
      "statusDetails" : "Method AdminVerifyTest.TC_02_adminlogin()[pri:0, instance:sailotech.com.EzScheduler.AdminVerifyDoctor.AdminVerifyTest@5c552f08] depends on not successfully finished methods",
      "time" : {
        "start" : 1607260822470,
        "stop" : 1607260822470,
        "duration" : 0
      }
    }, {
      "uid" : "5ee0fde47da7f5c0",
      "status" : "skipped",
      "statusDetails" : "Method AdminVerifyTest.TC_02_adminlogin()[pri:0, instance:sailotech.com.EzScheduler.AdminVerifyDoctor.AdminVerifyTest@5c552f08] depends on not successfully finished methods",
      "time" : {
        "start" : 1607260734788,
        "stop" : 1607260734788,
        "duration" : 0
      }
    }, {
      "uid" : "121c033a7668b932",
      "status" : "skipped",
      "statusDetails" : "Method AdminVerifyTest.TC_02_adminlogin()[pri:0, instance:sailotech.com.EzScheduler.AdminVerifyDoctor.AdminVerifyTest@556944cd] depends on not successfully finished methods",
      "time" : {
        "start" : 1607259301907,
        "stop" : 1607259301908,
        "duration" : 1
      }
    }, {
      "uid" : "6cc99d9fed8922f2",
      "status" : "passed",
      "time" : {
        "start" : 1607259023483,
        "stop" : 1607259048484,
        "duration" : 25001
      }
    }, {
      "uid" : "506a79ef2cb1ec66",
      "status" : "skipped",
      "statusDetails" : "Method AdminVerifyTest.TC_02_adminlogin()[pri:0, instance:sailotech.com.EzScheduler.AdminVerifyDoctor.AdminVerifyTest@370a935f] depends on not successfully finished methods",
      "time" : {
        "start" : 1607258689089,
        "stop" : 1607258689089,
        "duration" : 0
      }
    }, {
      "uid" : "348adc5fb7b6ad2e",
      "status" : "passed",
      "time" : {
        "start" : 1607233508933,
        "stop" : 1607233530941,
        "duration" : 22008
      }
    }, {
      "uid" : "7a439656e3059a31",
      "status" : "passed",
      "time" : {
        "start" : 1607233235755,
        "stop" : 1607233256707,
        "duration" : 20952
      }
    }, {
      "uid" : "32027335e9679eaf",
      "status" : "skipped",
      "statusDetails" : "Method AdminVerifyTest.TC_02_adminlogin()[pri:0, instance:sailotech.com.EzScheduler.AdminVerifyDoctor.AdminVerifyTest@2e1c5d1f] depends on not successfully finished methods",
      "time" : {
        "start" : 1607233178318,
        "stop" : 1607233178318,
        "duration" : 0
      }
    }, {
      "uid" : "ec9415af67f847d3",
      "status" : "broken",
      "statusDetails" : "no such element: Unable to locate element: {\"method\":\"xpath\",\"selector\":\"//*[@id=\"body\"]/div[3]/div[3]/div/div[1]/div/div[2]/div[2]/div/div[4]/div[6]/button/span[1]/p\"}\n  (Session info: chrome=87.0.4280.88)\n  (Driver info: chromedriver=2.40.565498 (ea082db3280dd6843ebfb08a625e3eb905c4f5ab),platform=Windows NT 10.0.18363 x86_64) (WARNING: The server did not provide any stacktrace information)\nCommand duration or timeout: 0 milliseconds\nFor documentation on this error, please visit: https://www.seleniumhq.org/exceptions/no_such_element.html\nBuild info: version: '3.141.59', revision: 'e82be7d358', time: '2018-11-14T08:17:03'\nSystem info: host: 'DESKTOP-A4GJKOM', ip: '192.168.1.176', os.name: 'Windows 10', os.arch: 'amd64', os.version: '10.0', java.version: '1.8.0_271'\nDriver info: org.openqa.selenium.chrome.ChromeDriver\nCapabilities {acceptInsecureCerts: false, acceptSslCerts: false, applicationCacheEnabled: false, browserConnectionEnabled: false, browserName: chrome, chrome: {chromedriverVersion: 2.40.565498 (ea082db3280dd6..., userDataDir: C:\\Users\\sukki\\AppData\\Loca...}, cssSelectorsEnabled: true, databaseEnabled: false, handlesAlerts: true, hasTouchScreen: false, javascriptEnabled: true, locationContextEnabled: true, mobileEmulationEnabled: false, nativeEvents: true, networkConnectionEnabled: false, pageLoadStrategy: normal, platform: XP, platformName: XP, rotatable: false, setWindowRect: true, takesHeapSnapshot: true, takesScreenshot: true, unexpectedAlertBehaviour: , unhandledPromptBehavior: , version: 87.0.4280.88, webStorageEnabled: true}\nSession ID: 2de7c636277889b31d9b8f20b3a91afe\n*** Element info: {Using=xpath, value=//*[@id=\"body\"]/div[3]/div[3]/div/div[1]/div/div[2]/div[2]/div/div[4]/div[6]/button/span[1]/p}",
      "time" : {
        "start" : 1607232970069,
        "stop" : 1607232991062,
        "duration" : 20993
      }
    }, {
      "uid" : "dd866da570ed55f9",
      "status" : "skipped",
      "statusDetails" : "Method AdminVerifyTest.TC_02_adminlogin()[pri:0, instance:sailotech.com.EzScheduler.AdminVerifyDoctor.AdminVerifyTest@6a7ab205] depends on not successfully finished methods",
      "time" : {
        "start" : 1607232871193,
        "stop" : 1607232871193,
        "duration" : 0
      }
    }, {
      "uid" : "f89c577f84d2b414",
      "status" : "broken",
      "statusDetails" : "stale element reference: element is not attached to the page document\n  (Session info: chrome=87.0.4280.88)\n  (Driver info: chromedriver=2.40.565498 (ea082db3280dd6843ebfb08a625e3eb905c4f5ab),platform=Windows NT 10.0.18363 x86_64) (WARNING: The server did not provide any stacktrace information)\nCommand duration or timeout: 0 milliseconds\nFor documentation on this error, please visit: https://www.seleniumhq.org/exceptions/stale_element_reference.html\nBuild info: version: '3.141.59', revision: 'e82be7d358', time: '2018-11-14T08:17:03'\nSystem info: host: 'DESKTOP-A4GJKOM', ip: '192.168.1.176', os.name: 'Windows 10', os.arch: 'amd64', os.version: '10.0', java.version: '1.8.0_271'\nDriver info: org.openqa.selenium.chrome.ChromeDriver\nCapabilities {acceptInsecureCerts: false, acceptSslCerts: false, applicationCacheEnabled: false, browserConnectionEnabled: false, browserName: chrome, chrome: {chromedriverVersion: 2.40.565498 (ea082db3280dd6..., userDataDir: C:\\Users\\sukki\\AppData\\Loca...}, cssSelectorsEnabled: true, databaseEnabled: false, handlesAlerts: true, hasTouchScreen: false, javascriptEnabled: true, locationContextEnabled: true, mobileEmulationEnabled: false, nativeEvents: true, networkConnectionEnabled: false, pageLoadStrategy: normal, platform: XP, platformName: XP, rotatable: false, setWindowRect: true, takesHeapSnapshot: true, takesScreenshot: true, unexpectedAlertBehaviour: , unhandledPromptBehavior: , version: 87.0.4280.88, webStorageEnabled: true}\nSession ID: ac9500addfd2d3e0e50d326eaffbc291",
      "time" : {
        "start" : 1607232721613,
        "stop" : 1607232736457,
        "duration" : 14844
      }
    }, {
      "uid" : "95a148132fdbd4e0",
      "status" : "broken",
      "statusDetails" : "chrome not reachable\n  (Session info: chrome=87.0.4280.88)\n  (Driver info: chromedriver=2.40.565498 (ea082db3280dd6843ebfb08a625e3eb905c4f5ab),platform=Windows NT 10.0.18363 x86_64) (WARNING: The server did not provide any stacktrace information)\nCommand duration or timeout: 0 milliseconds\nBuild info: version: '3.141.59', revision: 'e82be7d358', time: '2018-11-14T08:17:03'\nSystem info: host: 'DESKTOP-A4GJKOM', ip: '192.168.1.176', os.name: 'Windows 10', os.arch: 'amd64', os.version: '10.0', java.version: '1.8.0_271'\nDriver info: org.openqa.selenium.chrome.ChromeDriver\nCapabilities {acceptInsecureCerts: false, acceptSslCerts: false, applicationCacheEnabled: false, browserConnectionEnabled: false, browserName: chrome, chrome: {chromedriverVersion: 2.40.565498 (ea082db3280dd6..., userDataDir: C:\\Users\\sukki\\AppData\\Loca...}, cssSelectorsEnabled: true, databaseEnabled: false, handlesAlerts: true, hasTouchScreen: false, javascriptEnabled: true, locationContextEnabled: true, mobileEmulationEnabled: false, nativeEvents: true, networkConnectionEnabled: false, pageLoadStrategy: normal, platform: XP, platformName: XP, rotatable: false, setWindowRect: true, takesHeapSnapshot: true, takesScreenshot: true, unexpectedAlertBehaviour: , unhandledPromptBehavior: , version: 87.0.4280.88, webStorageEnabled: true}\nSession ID: 4ccdae528603efeb3d5bd436e4124f95\n*** Element info: {Using=xpath, value=//input[@placeholder='Username']}",
      "time" : {
        "start" : 1607232662657,
        "stop" : 1607232679700,
        "duration" : 17043
      }
    }, {
      "uid" : "4c5d3637092c7f7f",
      "status" : "broken",
      "statusDetails" : "no such element: Unable to locate element: {\"method\":\"xpath\",\"selector\":\"//*[@id=\"body\"]/div[3]/div[3]/div/div[1]/div/div[2]/div[2]/div/div[5]/div[1]/button/span[1]/p\"}\n  (Session info: chrome=87.0.4280.88)\n  (Driver info: chromedriver=2.40.565498 (ea082db3280dd6843ebfb08a625e3eb905c4f5ab),platform=Windows NT 10.0.18363 x86_64) (WARNING: The server did not provide any stacktrace information)\nCommand duration or timeout: 0 milliseconds\nFor documentation on this error, please visit: https://www.seleniumhq.org/exceptions/no_such_element.html\nBuild info: version: '3.141.59', revision: 'e82be7d358', time: '2018-11-14T08:17:03'\nSystem info: host: 'DESKTOP-A4GJKOM', ip: '192.168.1.176', os.name: 'Windows 10', os.arch: 'amd64', os.version: '10.0', java.version: '1.8.0_271'\nDriver info: org.openqa.selenium.chrome.ChromeDriver\nCapabilities {acceptInsecureCerts: false, acceptSslCerts: false, applicationCacheEnabled: false, browserConnectionEnabled: false, browserName: chrome, chrome: {chromedriverVersion: 2.40.565498 (ea082db3280dd6..., userDataDir: C:\\Users\\sukki\\AppData\\Loca...}, cssSelectorsEnabled: true, databaseEnabled: false, handlesAlerts: true, hasTouchScreen: false, javascriptEnabled: true, locationContextEnabled: true, mobileEmulationEnabled: false, nativeEvents: true, networkConnectionEnabled: false, pageLoadStrategy: normal, platform: XP, platformName: XP, rotatable: false, setWindowRect: true, takesHeapSnapshot: true, takesScreenshot: true, unexpectedAlertBehaviour: , unhandledPromptBehavior: , version: 87.0.4280.88, webStorageEnabled: true}\nSession ID: e25e15157bcdd08051cb70c514e0226e\n*** Element info: {Using=xpath, value=//*[@id=\"body\"]/div[3]/div[3]/div/div[1]/div/div[2]/div[2]/div/div[5]/div[1]/button/span[1]/p}",
      "time" : {
        "start" : 1607232107895,
        "stop" : 1607232124589,
        "duration" : 16694
      }
    }, {
      "uid" : "db8c27f724328bf9",
      "status" : "skipped",
      "statusDetails" : "Method AdminVerifyTest.TC_02_adminlogin()[pri:0, instance:sailotech.com.EzScheduler.AdminVerifyDoctor.AdminVerifyTest@e2498a3] depends on not successfully finished methods",
      "time" : {
        "start" : 1607232050856,
        "stop" : 1607232050856,
        "duration" : 0
      }
    }, {
      "uid" : "9b369aff764d485",
      "status" : "broken",
      "statusDetails" : "stale element reference: element is not attached to the page document\n  (Session info: chrome=87.0.4280.88)\n  (Driver info: chromedriver=2.40.565498 (ea082db3280dd6843ebfb08a625e3eb905c4f5ab),platform=Windows NT 10.0.18363 x86_64) (WARNING: The server did not provide any stacktrace information)\nCommand duration or timeout: 0 milliseconds\nFor documentation on this error, please visit: https://www.seleniumhq.org/exceptions/stale_element_reference.html\nBuild info: version: '3.141.59', revision: 'e82be7d358', time: '2018-11-14T08:17:03'\nSystem info: host: 'DESKTOP-A4GJKOM', ip: '192.168.1.176', os.name: 'Windows 10', os.arch: 'amd64', os.version: '10.0', java.version: '1.8.0_271'\nDriver info: org.openqa.selenium.chrome.ChromeDriver\nCapabilities {acceptInsecureCerts: false, acceptSslCerts: false, applicationCacheEnabled: false, browserConnectionEnabled: false, browserName: chrome, chrome: {chromedriverVersion: 2.40.565498 (ea082db3280dd6..., userDataDir: C:\\Users\\sukki\\AppData\\Loca...}, cssSelectorsEnabled: true, databaseEnabled: false, handlesAlerts: true, hasTouchScreen: false, javascriptEnabled: true, locationContextEnabled: true, mobileEmulationEnabled: false, nativeEvents: true, networkConnectionEnabled: false, pageLoadStrategy: normal, platform: XP, platformName: XP, rotatable: false, setWindowRect: true, takesHeapSnapshot: true, takesScreenshot: true, unexpectedAlertBehaviour: , unhandledPromptBehavior: , version: 87.0.4280.88, webStorageEnabled: true}\nSession ID: a39d15bdcdd17bf49cf56d03befa22ab",
      "time" : {
        "start" : 1607231779335,
        "stop" : 1607231794318,
        "duration" : 14983
      }
    }, {
      "uid" : "eeba452a33dbbf31",
      "status" : "broken",
      "statusDetails" : "stale element reference: element is not attached to the page document\n  (Session info: chrome=87.0.4280.88)\n  (Driver info: chromedriver=2.40.565498 (ea082db3280dd6843ebfb08a625e3eb905c4f5ab),platform=Windows NT 10.0.18363 x86_64) (WARNING: The server did not provide any stacktrace information)\nCommand duration or timeout: 0 milliseconds\nFor documentation on this error, please visit: https://www.seleniumhq.org/exceptions/stale_element_reference.html\nBuild info: version: '3.141.59', revision: 'e82be7d358', time: '2018-11-14T08:17:03'\nSystem info: host: 'DESKTOP-A4GJKOM', ip: '192.168.1.176', os.name: 'Windows 10', os.arch: 'amd64', os.version: '10.0', java.version: '1.8.0_271'\nDriver info: org.openqa.selenium.chrome.ChromeDriver\nCapabilities {acceptInsecureCerts: false, acceptSslCerts: false, applicationCacheEnabled: false, browserConnectionEnabled: false, browserName: chrome, chrome: {chromedriverVersion: 2.40.565498 (ea082db3280dd6..., userDataDir: C:\\Users\\sukki\\AppData\\Loca...}, cssSelectorsEnabled: true, databaseEnabled: false, handlesAlerts: true, hasTouchScreen: false, javascriptEnabled: true, locationContextEnabled: true, mobileEmulationEnabled: false, nativeEvents: true, networkConnectionEnabled: false, pageLoadStrategy: normal, platform: XP, platformName: XP, rotatable: false, setWindowRect: true, takesHeapSnapshot: true, takesScreenshot: true, unexpectedAlertBehaviour: , unhandledPromptBehavior: , version: 87.0.4280.88, webStorageEnabled: true}\nSession ID: ded4efba32bd4099fcbe2b7808b9fe94",
      "time" : {
        "start" : 1607231289936,
        "stop" : 1607231304912,
        "duration" : 14976
      }
    }, {
      "uid" : "70f35bbf05544487",
      "status" : "broken",
      "statusDetails" : "stale element reference: element is not attached to the page document\n  (Session info: chrome=87.0.4280.88)\n  (Driver info: chromedriver=2.40.565498 (ea082db3280dd6843ebfb08a625e3eb905c4f5ab),platform=Windows NT 10.0.18363 x86_64) (WARNING: The server did not provide any stacktrace information)\nCommand duration or timeout: 0 milliseconds\nFor documentation on this error, please visit: https://www.seleniumhq.org/exceptions/stale_element_reference.html\nBuild info: version: '3.141.59', revision: 'e82be7d358', time: '2018-11-14T08:17:03'\nSystem info: host: 'DESKTOP-A4GJKOM', ip: '192.168.1.176', os.name: 'Windows 10', os.arch: 'amd64', os.version: '10.0', java.version: '1.8.0_271'\nDriver info: org.openqa.selenium.chrome.ChromeDriver\nCapabilities {acceptInsecureCerts: false, acceptSslCerts: false, applicationCacheEnabled: false, browserConnectionEnabled: false, browserName: chrome, chrome: {chromedriverVersion: 2.40.565498 (ea082db3280dd6..., userDataDir: C:\\Users\\sukki\\AppData\\Loca...}, cssSelectorsEnabled: true, databaseEnabled: false, handlesAlerts: true, hasTouchScreen: false, javascriptEnabled: true, locationContextEnabled: true, mobileEmulationEnabled: false, nativeEvents: true, networkConnectionEnabled: false, pageLoadStrategy: normal, platform: XP, platformName: XP, rotatable: false, setWindowRect: true, takesHeapSnapshot: true, takesScreenshot: true, unexpectedAlertBehaviour: , unhandledPromptBehavior: , version: 87.0.4280.88, webStorageEnabled: true}\nSession ID: e5ba377732619f832e4e59495df1abc6",
      "time" : {
        "start" : 1607230672250,
        "stop" : 1607230687333,
        "duration" : 15083
      }
    }, {
      "uid" : "c9844cfc814122d7",
      "status" : "skipped",
      "statusDetails" : "Method AdminVerifyTest.TC_02_adminlogin()[pri:0, instance:sailotech.com.EzScheduler.AdminVerifyDoctor.AdminVerifyTest@e47637c] depends on not successfully finished methods",
      "time" : {
        "start" : 1607230565180,
        "stop" : 1607230565181,
        "duration" : 1
      }
    }, {
      "uid" : "2135fa1077727bf1",
      "status" : "skipped",
      "statusDetails" : "Method AdminVerifyTest.TC_02_adminlogin()[pri:0, instance:sailotech.com.EzScheduler.AdminVerifyDoctor.AdminVerifyTest@4c51fc9a] depends on not successfully finished methods",
      "time" : {
        "start" : 1607230288890,
        "stop" : 1607230288890,
        "duration" : 0
      }
    }, {
      "uid" : "51cab8a1c4b6b3e8",
      "status" : "broken",
      "statusDetails" : "no such element: Unable to locate element: {\"method\":\"xpath\",\"selector\":\"//*[@id=\"body\"]/div[3]/div[3]/div/div[1]/div/div[2]/div[2]/div/div[4]/div[6]/button/span[1]/p\"}\n  (Session info: chrome=87.0.4280.88)\n  (Driver info: chromedriver=2.40.565498 (ea082db3280dd6843ebfb08a625e3eb905c4f5ab),platform=Windows NT 10.0.18363 x86_64) (WARNING: The server did not provide any stacktrace information)\nCommand duration or timeout: 0 milliseconds\nFor documentation on this error, please visit: https://www.seleniumhq.org/exceptions/no_such_element.html\nBuild info: version: '3.141.59', revision: 'e82be7d358', time: '2018-11-14T08:17:03'\nSystem info: host: 'DESKTOP-A4GJKOM', ip: '192.168.1.176', os.name: 'Windows 10', os.arch: 'amd64', os.version: '10.0', java.version: '1.8.0_271'\nDriver info: org.openqa.selenium.chrome.ChromeDriver\nCapabilities {acceptInsecureCerts: false, acceptSslCerts: false, applicationCacheEnabled: false, browserConnectionEnabled: false, browserName: chrome, chrome: {chromedriverVersion: 2.40.565498 (ea082db3280dd6..., userDataDir: C:\\Users\\sukki\\AppData\\Loca...}, cssSelectorsEnabled: true, databaseEnabled: false, handlesAlerts: true, hasTouchScreen: false, javascriptEnabled: true, locationContextEnabled: true, mobileEmulationEnabled: false, nativeEvents: true, networkConnectionEnabled: false, pageLoadStrategy: normal, platform: XP, platformName: XP, rotatable: false, setWindowRect: true, takesHeapSnapshot: true, takesScreenshot: true, unexpectedAlertBehaviour: , unhandledPromptBehavior: , version: 87.0.4280.88, webStorageEnabled: true}\nSession ID: aa606b688db0c4c9622052e1fff34d74\n*** Element info: {Using=xpath, value=//*[@id=\"body\"]/div[3]/div[3]/div/div[1]/div/div[2]/div[2]/div/div[4]/div[6]/button/span[1]/p}",
      "time" : {
        "start" : 1607230079497,
        "stop" : 1607230096720,
        "duration" : 17223
      }
    }, {
      "uid" : "5791dfbd40da9341",
      "status" : "broken",
      "statusDetails" : "stale element reference: element is not attached to the page document\n  (Session info: chrome=87.0.4280.88)\n  (Driver info: chromedriver=2.40.565498 (ea082db3280dd6843ebfb08a625e3eb905c4f5ab),platform=Windows NT 10.0.18363 x86_64) (WARNING: The server did not provide any stacktrace information)\nCommand duration or timeout: 0 milliseconds\nFor documentation on this error, please visit: https://www.seleniumhq.org/exceptions/stale_element_reference.html\nBuild info: version: '3.141.59', revision: 'e82be7d358', time: '2018-11-14T08:17:03'\nSystem info: host: 'DESKTOP-A4GJKOM', ip: '192.168.1.176', os.name: 'Windows 10', os.arch: 'amd64', os.version: '10.0', java.version: '1.8.0_271'\nDriver info: org.openqa.selenium.chrome.ChromeDriver\nCapabilities {acceptInsecureCerts: false, acceptSslCerts: false, applicationCacheEnabled: false, browserConnectionEnabled: false, browserName: chrome, chrome: {chromedriverVersion: 2.40.565498 (ea082db3280dd6..., userDataDir: C:\\Users\\sukki\\AppData\\Loca...}, cssSelectorsEnabled: true, databaseEnabled: false, handlesAlerts: true, hasTouchScreen: false, javascriptEnabled: true, locationContextEnabled: true, mobileEmulationEnabled: false, nativeEvents: true, networkConnectionEnabled: false, pageLoadStrategy: normal, platform: XP, platformName: XP, rotatable: false, setWindowRect: true, takesHeapSnapshot: true, takesScreenshot: true, unexpectedAlertBehaviour: , unhandledPromptBehavior: , version: 87.0.4280.88, webStorageEnabled: true}\nSession ID: 03884a71aea177157e76720289c30c55",
      "time" : {
        "start" : 1607229943843,
        "stop" : 1607229959164,
        "duration" : 15321
      }
    }, {
      "uid" : "401980bb28050207",
      "status" : "skipped",
      "statusDetails" : "Method AdminVerifyTest.TC_02_adminlogin()[pri:0, instance:sailotech.com.EzScheduler.AdminVerifyDoctor.AdminVerifyTest@bc88295] depends on not successfully finished methods",
      "time" : {
        "start" : 1607229853665,
        "stop" : 1607229853665,
        "duration" : 0
      }
    }, {
      "uid" : "209c2dc6a37613d9",
      "status" : "skipped",
      "statusDetails" : "Method AdminVerifyTest.TC_02_adminlogin()[pri:0, instance:sailotech.com.EzScheduler.AdminVerifyDoctor.AdminVerifyTest@1eb207c3] depends on not successfully finished methods",
      "time" : {
        "start" : 1607229813728,
        "stop" : 1607229813729,
        "duration" : 1
      }
    }, {
      "uid" : "be81347dbfd78237",
      "status" : "broken",
      "statusDetails" : "stale element reference: element is not attached to the page document\n  (Session info: chrome=87.0.4280.88)\n  (Driver info: chromedriver=2.40.565498 (ea082db3280dd6843ebfb08a625e3eb905c4f5ab),platform=Windows NT 10.0.18363 x86_64) (WARNING: The server did not provide any stacktrace information)\nCommand duration or timeout: 0 milliseconds\nFor documentation on this error, please visit: https://www.seleniumhq.org/exceptions/stale_element_reference.html\nBuild info: version: '3.141.59', revision: 'e82be7d358', time: '2018-11-14T08:17:03'\nSystem info: host: 'DESKTOP-A4GJKOM', ip: '192.168.1.176', os.name: 'Windows 10', os.arch: 'amd64', os.version: '10.0', java.version: '1.8.0_271'\nDriver info: org.openqa.selenium.chrome.ChromeDriver\nCapabilities {acceptInsecureCerts: false, acceptSslCerts: false, applicationCacheEnabled: false, browserConnectionEnabled: false, browserName: chrome, chrome: {chromedriverVersion: 2.40.565498 (ea082db3280dd6..., userDataDir: C:\\Users\\sukki\\AppData\\Loca...}, cssSelectorsEnabled: true, databaseEnabled: false, handlesAlerts: true, hasTouchScreen: false, javascriptEnabled: true, locationContextEnabled: true, mobileEmulationEnabled: false, nativeEvents: true, networkConnectionEnabled: false, pageLoadStrategy: normal, platform: XP, platformName: XP, rotatable: false, setWindowRect: true, takesHeapSnapshot: true, takesScreenshot: true, unexpectedAlertBehaviour: , unhandledPromptBehavior: , version: 87.0.4280.88, webStorageEnabled: true}\nSession ID: ae379038a57683a24624d1c87cdb3f73",
      "time" : {
        "start" : 1607229631525,
        "stop" : 1607229646823,
        "duration" : 15298
      }
    }, {
      "uid" : "2bd523f9bcb726a5",
      "status" : "broken",
      "statusDetails" : "no such element: Unable to locate element: {\"method\":\"xpath\",\"selector\":\"//*[@id=\"body\"]/div[3]/div[3]/div/div[1]/div/div[2]/div[2]/div/div[4]/div[6]/button/span[1]/p\"}\n  (Session info: chrome=87.0.4280.88)\n  (Driver info: chromedriver=2.40.565498 (ea082db3280dd6843ebfb08a625e3eb905c4f5ab),platform=Windows NT 10.0.18363 x86_64) (WARNING: The server did not provide any stacktrace information)\nCommand duration or timeout: 0 milliseconds\nFor documentation on this error, please visit: https://www.seleniumhq.org/exceptions/no_such_element.html\nBuild info: version: '3.141.59', revision: 'e82be7d358', time: '2018-11-14T08:17:03'\nSystem info: host: 'DESKTOP-A4GJKOM', ip: '192.168.1.176', os.name: 'Windows 10', os.arch: 'amd64', os.version: '10.0', java.version: '1.8.0_271'\nDriver info: org.openqa.selenium.chrome.ChromeDriver\nCapabilities {acceptInsecureCerts: false, acceptSslCerts: false, applicationCacheEnabled: false, browserConnectionEnabled: false, browserName: chrome, chrome: {chromedriverVersion: 2.40.565498 (ea082db3280dd6..., userDataDir: C:\\Users\\sukki\\AppData\\Loca...}, cssSelectorsEnabled: true, databaseEnabled: false, handlesAlerts: true, hasTouchScreen: false, javascriptEnabled: true, locationContextEnabled: true, mobileEmulationEnabled: false, nativeEvents: true, networkConnectionEnabled: false, pageLoadStrategy: normal, platform: XP, platformName: XP, rotatable: false, setWindowRect: true, takesHeapSnapshot: true, takesScreenshot: true, unexpectedAlertBehaviour: , unhandledPromptBehavior: , version: 87.0.4280.88, webStorageEnabled: true}\nSession ID: d1fa7f6f9aad6a381be33f2234243ac9\n*** Element info: {Using=xpath, value=//*[@id=\"body\"]/div[3]/div[3]/div/div[1]/div/div[2]/div[2]/div/div[4]/div[6]/button/span[1]/p}",
      "time" : {
        "start" : 1607229443822,
        "stop" : 1607229461161,
        "duration" : 17339
      }
    }, {
      "uid" : "752ddf679b90e197",
      "status" : "passed",
      "time" : {
        "start" : 1607208359590,
        "stop" : 1607208378507,
        "duration" : 18917
      }
    }, {
      "uid" : "59f109fc7b939613",
      "status" : "passed",
      "time" : {
        "start" : 1607208128799,
        "stop" : 1607208147950,
        "duration" : 19151
      }
    }, {
      "uid" : "8d05ecddbb8dfbfd",
      "status" : "broken",
      "statusDetails" : "no such element: Unable to locate element: {\"method\":\"xpath\",\"selector\":\"//*[@id=\"body\"]/div[3]/div[3]/div/div[1]/div/div[2]/div[2]/div/div[3]/div[8]/button/span[1]/p\"}\n  (Session info: chrome=87.0.4280.88)\n  (Driver info: chromedriver=2.40.565498 (ea082db3280dd6843ebfb08a625e3eb905c4f5ab),platform=Windows NT 10.0.18363 x86_64) (WARNING: The server did not provide any stacktrace information)\nCommand duration or timeout: 0 milliseconds\nFor documentation on this error, please visit: https://www.seleniumhq.org/exceptions/no_such_element.html\nBuild info: version: '3.141.59', revision: 'e82be7d358', time: '2018-11-14T08:17:03'\nSystem info: host: 'DESKTOP-A4GJKOM', ip: '192.168.1.176', os.name: 'Windows 10', os.arch: 'amd64', os.version: '10.0', java.version: '1.8.0_271'\nDriver info: org.openqa.selenium.chrome.ChromeDriver\nCapabilities {acceptInsecureCerts: false, acceptSslCerts: false, applicationCacheEnabled: false, browserConnectionEnabled: false, browserName: chrome, chrome: {chromedriverVersion: 2.40.565498 (ea082db3280dd6..., userDataDir: C:\\Users\\sukki\\AppData\\Loca...}, cssSelectorsEnabled: true, databaseEnabled: false, handlesAlerts: true, hasTouchScreen: false, javascriptEnabled: true, locationContextEnabled: true, mobileEmulationEnabled: false, nativeEvents: true, networkConnectionEnabled: false, pageLoadStrategy: normal, platform: XP, platformName: XP, rotatable: false, setWindowRect: true, takesHeapSnapshot: true, takesScreenshot: true, unexpectedAlertBehaviour: , unhandledPromptBehavior: , version: 87.0.4280.88, webStorageEnabled: true}\nSession ID: 54f62eb231ff1358aa9414907055db29\n*** Element info: {Using=xpath, value=//*[@id=\"body\"]/div[3]/div[3]/div/div[1]/div/div[2]/div[2]/div/div[3]/div[8]/button/span[1]/p}",
      "time" : {
        "start" : 1607207276435,
        "stop" : 1607207298741,
        "duration" : 22306
      }
    }, {
      "uid" : "4054a17a4188bf1c",
      "status" : "broken",
      "statusDetails" : "no such element: Unable to locate element: {\"method\":\"xpath\",\"selector\":\"//*[@id=\"body\"]/div[3]/div[3]/div/div[1]/div/div[2]/div[2]/div/div[3]/div[8]/button/span[1]/p\"}\n  (Session info: chrome=87.0.4280.88)\n  (Driver info: chromedriver=2.40.565498 (ea082db3280dd6843ebfb08a625e3eb905c4f5ab),platform=Windows NT 10.0.18363 x86_64) (WARNING: The server did not provide any stacktrace information)\nCommand duration or timeout: 0 milliseconds\nFor documentation on this error, please visit: https://www.seleniumhq.org/exceptions/no_such_element.html\nBuild info: version: '3.141.59', revision: 'e82be7d358', time: '2018-11-14T08:17:03'\nSystem info: host: 'DESKTOP-A4GJKOM', ip: '192.168.1.176', os.name: 'Windows 10', os.arch: 'amd64', os.version: '10.0', java.version: '1.8.0_271'\nDriver info: org.openqa.selenium.chrome.ChromeDriver\nCapabilities {acceptInsecureCerts: false, acceptSslCerts: false, applicationCacheEnabled: false, browserConnectionEnabled: false, browserName: chrome, chrome: {chromedriverVersion: 2.40.565498 (ea082db3280dd6..., userDataDir: C:\\Users\\sukki\\AppData\\Loca...}, cssSelectorsEnabled: true, databaseEnabled: false, handlesAlerts: true, hasTouchScreen: false, javascriptEnabled: true, locationContextEnabled: true, mobileEmulationEnabled: false, nativeEvents: true, networkConnectionEnabled: false, pageLoadStrategy: normal, platform: XP, platformName: XP, rotatable: false, setWindowRect: true, takesHeapSnapshot: true, takesScreenshot: true, unexpectedAlertBehaviour: , unhandledPromptBehavior: , version: 87.0.4280.88, webStorageEnabled: true}\nSession ID: 2d531e19387ede594fd02c02cf858ed3\n*** Element info: {Using=xpath, value=//*[@id=\"body\"]/div[3]/div[3]/div/div[1]/div/div[2]/div[2]/div/div[3]/div[8]/button/span[1]/p}",
      "time" : {
        "start" : 1607206780102,
        "stop" : 1607206799346,
        "duration" : 19244
      }
    }, {
      "uid" : "67960abf7de83fe3",
      "status" : "skipped",
      "statusDetails" : "Method AdminVerifyTest.TC_02_adminlogin()[pri:0, instance:sailotech.com.EzScheduler.AdminVerifyDoctor.AdminVerifyTest@6173863f] depends on not successfully finished methods",
      "time" : {
        "start" : 1607206772072,
        "stop" : 1607206772072,
        "duration" : 0
      }
    }, {
      "uid" : "ba4e574a77a282f5",
      "status" : "skipped",
      "statusDetails" : "Method AdminVerifyTest.TC_02_adminlogin()[pri:0, instance:sailotech.com.EzScheduler.AdminVerifyDoctor.AdminVerifyTest@4ebb7bab] depends on not successfully finished methods",
      "time" : {
        "start" : 1607206721937,
        "stop" : 1607206721938,
        "duration" : 1
      }
    }, {
      "uid" : "e229712413650d55",
      "status" : "broken",
      "statusDetails" : "org.apache.xmlbeans.XmlException: error: Unexpected end of file after null",
      "time" : {
        "start" : 1607206458859,
        "stop" : 1607206459934,
        "duration" : 1075
      }
    }, {
      "uid" : "2c559a5e99490f4",
      "status" : "broken",
      "statusDetails" : "org.apache.xmlbeans.XmlException: error: Unexpected end of file after null",
      "time" : {
        "start" : 1607206382643,
        "stop" : 1607206383880,
        "duration" : 1237
      }
    }, {
      "uid" : "868bb6e5f24f5207",
      "status" : "broken",
      "statusDetails" : "org.apache.xmlbeans.XmlException: error: Unexpected end of file after null",
      "time" : {
        "start" : 1607206275709,
        "stop" : 1607206276647,
        "duration" : 938
      }
    }, {
      "uid" : "f214a7364f709fa2",
      "status" : "broken",
      "statusDetails" : "org.apache.xmlbeans.XmlException: error: Unexpected end of file after null",
      "time" : {
        "start" : 1607206135130,
        "stop" : 1607206136220,
        "duration" : 1090
      }
    }, {
      "uid" : "2be16683ea432407",
      "status" : "broken",
      "statusDetails" : "no such element: Unable to locate element: {\"method\":\"xpath\",\"selector\":\"//*[@id=\"body\"]/div[3]/div[3]/div/div[1]/div/div[2]/div[2]/div/div[3]/div[8]/button/span[1]/p\"}\n  (Session info: chrome=87.0.4280.88)\n  (Driver info: chromedriver=2.40.565498 (ea082db3280dd6843ebfb08a625e3eb905c4f5ab),platform=Windows NT 10.0.18363 x86_64) (WARNING: The server did not provide any stacktrace information)\nCommand duration or timeout: 0 milliseconds\nFor documentation on this error, please visit: https://www.seleniumhq.org/exceptions/no_such_element.html\nBuild info: version: '3.141.59', revision: 'e82be7d358', time: '2018-11-14T08:17:03'\nSystem info: host: 'DESKTOP-A4GJKOM', ip: '192.168.1.176', os.name: 'Windows 10', os.arch: 'amd64', os.version: '10.0', java.version: '1.8.0_271'\nDriver info: org.openqa.selenium.chrome.ChromeDriver\nCapabilities {acceptInsecureCerts: false, acceptSslCerts: false, applicationCacheEnabled: false, browserConnectionEnabled: false, browserName: chrome, chrome: {chromedriverVersion: 2.40.565498 (ea082db3280dd6..., userDataDir: C:\\Users\\sukki\\AppData\\Loca...}, cssSelectorsEnabled: true, databaseEnabled: false, handlesAlerts: true, hasTouchScreen: false, javascriptEnabled: true, locationContextEnabled: true, mobileEmulationEnabled: false, nativeEvents: true, networkConnectionEnabled: false, pageLoadStrategy: normal, platform: XP, platformName: XP, rotatable: false, setWindowRect: true, takesHeapSnapshot: true, takesScreenshot: true, unexpectedAlertBehaviour: , unhandledPromptBehavior: , version: 87.0.4280.88, webStorageEnabled: true}\nSession ID: dc6028ba6e189f7b33bbe70fddcd9903\n*** Element info: {Using=xpath, value=//*[@id=\"body\"]/div[3]/div[3]/div/div[1]/div/div[2]/div[2]/div/div[3]/div[8]/button/span[1]/p}",
      "time" : {
        "start" : 1607206013441,
        "stop" : 1607206033560,
        "duration" : 20119
      }
    }, {
      "uid" : "944df534d13be8a6",
      "status" : "skipped",
      "statusDetails" : "Method AdminVerifyTest.TC_02_adminlogin()[pri:0, instance:sailotech.com.EzScheduler.AdminVerifyDoctor.AdminVerifyTest@65cc3902] depends on not successfully finished methods",
      "time" : {
        "start" : 1607205931527,
        "stop" : 1607205931527,
        "duration" : 0
      }
    }, {
      "uid" : "e06b93c4f798d2a7",
      "status" : "passed",
      "time" : {
        "start" : 1607205720404,
        "stop" : 1607205740765,
        "duration" : 20361
      }
    }, {
      "uid" : "31e0db3cae38ac3f",
      "status" : "broken",
      "statusDetails" : "unknown error: Element <span class=\"MuiTab-wrapper\">...</span> is not clickable at point (1136, 147). Other element would receive the click: <div class=\"MuiBackdrop-root MuiBackdrop-invisible\" aria-hidden=\"true\" style=\"opacity: 0; transition: opacity 195ms cubic-bezier(0.4, 0, 0.2, 1) 0ms;\"></div>\n  (Session info: chrome=87.0.4280.88)\n  (Driver info: chromedriver=2.40.565498 (ea082db3280dd6843ebfb08a625e3eb905c4f5ab),platform=Windows NT 10.0.18363 x86_64) (WARNING: The server did not provide any stacktrace information)\nCommand duration or timeout: 0 milliseconds\nBuild info: version: '3.141.59', revision: 'e82be7d358', time: '2018-11-14T08:17:03'\nSystem info: host: 'DESKTOP-A4GJKOM', ip: '192.168.1.176', os.name: 'Windows 10', os.arch: 'amd64', os.version: '10.0', java.version: '1.8.0_271'\nDriver info: org.openqa.selenium.chrome.ChromeDriver\nCapabilities {acceptInsecureCerts: false, acceptSslCerts: false, applicationCacheEnabled: false, browserConnectionEnabled: false, browserName: chrome, chrome: {chromedriverVersion: 2.40.565498 (ea082db3280dd6..., userDataDir: C:\\Users\\sukki\\AppData\\Loca...}, cssSelectorsEnabled: true, databaseEnabled: false, handlesAlerts: true, hasTouchScreen: false, javascriptEnabled: true, locationContextEnabled: true, mobileEmulationEnabled: false, nativeEvents: true, networkConnectionEnabled: false, pageLoadStrategy: normal, platform: XP, platformName: XP, rotatable: false, setWindowRect: true, takesHeapSnapshot: true, takesScreenshot: true, unexpectedAlertBehaviour: , unhandledPromptBehavior: , version: 87.0.4280.88, webStorageEnabled: true}\nSession ID: 8606218126ba9024e1e2a71b7aae10a4",
      "time" : {
        "start" : 1607205559317,
        "stop" : 1607205581618,
        "duration" : 22301
      }
    }, {
      "uid" : "e1fea8ec61b5444e",
      "status" : "passed",
      "time" : {
        "start" : 1607204026813,
        "stop" : 1607204047081,
        "duration" : 20268
      }
    }, {
      "uid" : "13dbde4359d98191",
      "status" : "passed",
      "time" : {
        "start" : 1607191546968,
        "stop" : 1607191575001,
        "duration" : 28033
      }
    }, {
      "uid" : "2b2fb889cde48ee3",
      "status" : "skipped",
      "statusDetails" : "Method AdminVerifyTest.TC_02_adminlogin()[pri:0, instance:sailotech.com.EzScheduler.AdminVerifyDoctor.AdminVerifyTest@5169db2f] depends on not successfully finished methods",
      "time" : {
        "start" : 1607191391466,
        "stop" : 1607191391466,
        "duration" : 0
      }
    }, {
      "uid" : "dec015821f607c10",
      "status" : "passed",
      "time" : {
        "start" : 1607191062712,
        "stop" : 1607191082926,
        "duration" : 20214
      }
    }, {
      "uid" : "4c3939a5a627a32d",
      "status" : "passed",
      "time" : {
        "start" : 1607190454527,
        "stop" : 1607190474400,
        "duration" : 19873
      }
    }, {
      "uid" : "aea9228e81c0e0fc",
      "status" : "skipped",
      "statusDetails" : "Method AdminVerifyTest.TC_02_adminlogin()[pri:0, instance:sailotech.com.EzScheduler.AdminVerifyDoctor.AdminVerifyTest@c79915a] depends on not successfully finished methods",
      "time" : {
        "start" : 1607189892412,
        "stop" : 1607189892412,
        "duration" : 0
      }
    }, {
      "uid" : "13049f86e7df27ab",
      "status" : "skipped",
      "statusDetails" : "Method AdminVerifyTest.TC_02_adminlogin()[pri:0, instance:sailotech.com.EzScheduler.AdminVerifyDoctor.AdminVerifyTest@66851aa5] depends on not successfully finished methods",
      "time" : {
        "start" : 1607189728731,
        "stop" : 1607189728731,
        "duration" : 0
      }
    }, {
      "uid" : "afcc0da699b9f2a2",
      "status" : "skipped",
      "statusDetails" : "Method AdminVerifyTest.TC_02_adminlogin()[pri:0, instance:sailotech.com.EzScheduler.AdminVerifyDoctor.AdminVerifyTest@6173863f] depends on not successfully finished methods",
      "time" : {
        "start" : 1607189483671,
        "stop" : 1607189483672,
        "duration" : 1
      }
    }, {
      "uid" : "9dda9ce6f1438049",
      "status" : "broken",
      "statusDetails" : "Expected condition failed: waiting for element to be clickable: Proxy element for: DefaultElementLocator 'By.xpath: //input[@placeholder='Username']' (tried for 5 second(s) with 500 milliseconds interval)",
      "time" : {
        "start" : 1607127729726,
        "stop" : 1607127739907,
        "duration" : 10181
      }
    }, {
      "uid" : "1c127dbc301fd2d3",
      "status" : "skipped",
      "statusDetails" : "Method AdminVerifyTest.TC_02_adminlogin()[pri:0, instance:sailotech.com.EzScheduler.AdminVerifyDoctor.AdminVerifyTest@41962299] depends on not successfully finished methods",
      "time" : {
        "start" : 1607119372732,
        "stop" : 1607119372732,
        "duration" : 0
      }
    }, {
      "uid" : "bb58ed0531c8e560",
      "status" : "passed",
      "time" : {
        "start" : 1607118415426,
        "stop" : 1607118434552,
        "duration" : 19126
      }
    }, {
      "uid" : "99b977d6f95aec38",
      "status" : "broken",
      "statusDetails" : "no such element: Unable to locate element: {\"method\":\"xpath\",\"selector\":\"//*[@id=\"body\"]/div[3]/div[3]/div/div[1]/div/div[2]/div[2]/div/div[3]/div[8]/button/span[1]/p\"}\n  (Session info: chrome=87.0.4280.88)\n  (Driver info: chromedriver=2.40.565498 (ea082db3280dd6843ebfb08a625e3eb905c4f5ab),platform=Windows NT 10.0.18363 x86_64) (WARNING: The server did not provide any stacktrace information)\nCommand duration or timeout: 0 milliseconds\nFor documentation on this error, please visit: http://seleniumhq.org/exceptions/no_such_element.html\nBuild info: version: '3.11.0', revision: 'e59cfb3', time: '2018-03-11T20:26:55.152Z'\nSystem info: host: 'DESKTOP-A4GJKOM', ip: '192.168.1.98', os.name: 'Windows 10', os.arch: 'amd64', os.version: '10.0', java.version: '1.8.0_271'\nDriver info: org.openqa.selenium.chrome.ChromeDriver\nCapabilities {acceptInsecureCerts: false, acceptSslCerts: false, applicationCacheEnabled: false, browserConnectionEnabled: false, browserName: chrome, chrome: {chromedriverVersion: 2.40.565498 (ea082db3280dd6..., userDataDir: C:\\Users\\sukki\\AppData\\Loca...}, cssSelectorsEnabled: true, databaseEnabled: false, handlesAlerts: true, hasTouchScreen: false, javascriptEnabled: true, locationContextEnabled: true, mobileEmulationEnabled: false, nativeEvents: true, networkConnectionEnabled: false, pageLoadStrategy: normal, platform: XP, platformName: XP, rotatable: false, setWindowRect: true, takesHeapSnapshot: true, takesScreenshot: true, unexpectedAlertBehaviour: , unhandledPromptBehavior: , version: 87.0.4280.88, webStorageEnabled: true}\nSession ID: 78ded29b6535fe85574cf1f0653386fe\n*** Element info: {Using=xpath, value=//*[@id=\"body\"]/div[3]/div[3]/div/div[1]/div/div[2]/div[2]/div/div[3]/div[8]/button/span[1]/p}",
      "time" : {
        "start" : 1607118194303,
        "stop" : 1607118213673,
        "duration" : 19370
      }
    }, {
      "uid" : "23f4730a64e1c461",
      "status" : "broken",
      "statusDetails" : "Expected condition failed: waiting for element to be clickable: Proxy element for: DefaultElementLocator 'By.xpath: //input[@placeholder='Username']' (tried for 5 second(s) with 500 milliseconds interval)",
      "time" : {
        "start" : 1607115932821,
        "stop" : 1607115943030,
        "duration" : 10209
      }
    }, {
      "uid" : "ca11ea6c4adb4c5a",
      "status" : "skipped",
      "statusDetails" : "Method AdminVerifyTest.TC_02_adminlogin()[pri:0, instance:sailotech.com.EzScheduler.AdminVerifyDoctor.AdminVerifyTest@62aefc75] depends on not successfully finished methods",
      "time" : {
        "start" : 1607028270114,
        "stop" : 1607028270114,
        "duration" : 0
      }
    }, {
      "uid" : "e147f7dd8804a81c",
      "status" : "skipped",
      "statusDetails" : "Method AdminVerifyTest.TC_02_adminlogin()[pri:0, instance:sailotech.com.EzScheduler.AdminVerifyDoctor.AdminVerifyTest@dffcf1] depends on not successfully finished methods",
      "time" : {
        "start" : 1607028148470,
        "stop" : 1607028148470,
        "duration" : 0
      }
    }, {
      "uid" : "1c786152611284b2",
      "status" : "skipped",
      "statusDetails" : "Method AdminVerifyTest.TC_02_adminlogin()[pri:0, instance:sailotech.com.EzScheduler.AdminVerifyDoctor.AdminVerifyTest@1a23136f] depends on not successfully finished methods",
      "time" : {
        "start" : 1607028117373,
        "stop" : 1607028117373,
        "duration" : 0
      }
    }, {
      "uid" : "be139d033f79437b",
      "status" : "broken",
      "statusDetails" : "Expected condition failed: waiting for element to be clickable: Proxy element for: DefaultElementLocator 'By.xpath: //input[@placeholder='Username']' (tried for 5 second(s) with 500 milliseconds interval)",
      "time" : {
        "start" : 1606924118267,
        "stop" : 1606924128440,
        "duration" : 10173
      }
    }, {
      "uid" : "a9549878dd5a54f6",
      "status" : "broken",
      "statusDetails" : "Expected condition failed: waiting for element to be clickable: Proxy element for: DefaultElementLocator 'By.xpath: //input[@placeholder='Username']' (tried for 5 second(s) with 500 milliseconds interval)",
      "time" : {
        "start" : 1606922570249,
        "stop" : 1606922581992,
        "duration" : 11743
      }
    }, {
      "uid" : "227acc0c29828004",
      "status" : "skipped",
      "statusDetails" : "Method AdminVerifyTest.TC_02_adminlogin()[pri:0, instance:sailotech.com.EzScheduler.AdminVerifyDoctor.AdminVerifyTest@7ffb0bb4] depends on not successfully finished methods",
      "time" : {
        "start" : 1606867544083,
        "stop" : 1606867544084,
        "duration" : 1
      }
    }, {
      "uid" : "39769af78879c865",
      "status" : "skipped",
      "statusDetails" : "Method AdminVerifyTest.TC_02_adminlogin()[pri:0, instance:sailotech.com.EzScheduler.AdminVerifyDoctor.AdminVerifyTest@7e615c6a] depends on not successfully finished methods",
      "time" : {
        "start" : 1606858064325,
        "stop" : 1606858064348,
        "duration" : 23
      }
    } ],
    "categories" : [ ],
    "tags" : [ ]
  },
  "source" : "4bc994d31bcf598c.json",
  "parameterValues" : [ ]
}