{
  "uid" : "68e4680d6682f259",
  "name" : "Navigate_To_PatientLogin",
  "fullName" : "com.sailotech.ezscheduler.Testpages.Consumerlogintest.TC_02_PatientLogin",
  "historyId" : "11d4228c9660a1445424bac71b2dfa86",
  "time" : {
    "start" : 1611083279332,
    "stop" : 1611083287741,
    "duration" : 8409
  },
  "status" : "passed",
  "flaky" : false,
  "newFailed" : false,
  "beforeStages" : [ {
    "name" : "beforeClass",
    "time" : {
      "start" : 1611083235165,
      "stop" : 1611083279307,
      "duration" : 44142
    },
    "description" : "",
    "status" : "passed",
    "steps" : [ ],
    "attachments" : [ ],
    "parameters" : [ ],
    "hasContent" : false,
    "stepsCount" : 0,
    "shouldDisplayMessage" : false,
    "attachmentsCount" : 0
  }, {
    "name" : "startRecording",
    "time" : {
      "start" : 1611083279308,
      "stop" : 1611083279326,
      "duration" : 18
    },
    "description" : "",
    "status" : "passed",
    "steps" : [ ],
    "attachments" : [ ],
    "parameters" : [ ],
    "hasContent" : false,
    "stepsCount" : 0,
    "shouldDisplayMessage" : false,
    "attachmentsCount" : 0
  } ],
  "afterStages" : [ {
    "name" : "afterClass",
    "time" : {
      "start" : 1611083287746,
      "stop" : 1611083291820,
      "duration" : 4074
    },
    "description" : "",
    "status" : "passed",
    "steps" : [ ],
    "attachments" : [ ],
    "parameters" : [ ],
    "hasContent" : false,
    "stepsCount" : 0,
    "shouldDisplayMessage" : false,
    "attachmentsCount" : 0
  }, {
    "name" : "stopRecording",
    "time" : {
      "start" : 1611085490472,
      "stop" : 1611085493038,
      "duration" : 2566
    },
    "description" : "",
    "status" : "passed",
    "steps" : [ ],
    "attachments" : [ ],
    "parameters" : [ ],
    "hasContent" : false,
    "stepsCount" : 0,
    "shouldDisplayMessage" : false,
    "attachmentsCount" : 0
  }, {
    "name" : "stopRecording",
    "time" : {
      "start" : 1611085493039,
      "stop" : 1611085494120,
      "duration" : 1081
    },
    "description" : "",
    "status" : "passed",
    "steps" : [ ],
    "attachments" : [ ],
    "parameters" : [ ],
    "hasContent" : false,
    "stepsCount" : 0,
    "shouldDisplayMessage" : false,
    "attachmentsCount" : 0
  }, {
    "name" : "stopRecording",
    "time" : {
      "start" : 1611085494120,
      "stop" : 1611085495045,
      "duration" : 925
    },
    "description" : "",
    "status" : "passed",
    "steps" : [ ],
    "attachments" : [ ],
    "parameters" : [ ],
    "hasContent" : false,
    "stepsCount" : 0,
    "shouldDisplayMessage" : false,
    "attachmentsCount" : 0
  }, {
    "name" : "screenShot",
    "time" : {
      "start" : 1611083287743,
      "stop" : 1611083287743,
      "duration" : 0
    },
    "description" : "",
    "status" : "passed",
    "steps" : [ ],
    "attachments" : [ ],
    "parameters" : [ ],
    "hasContent" : false,
    "stepsCount" : 0,
    "shouldDisplayMessage" : false,
    "attachmentsCount" : 0
  } ],
  "labels" : [ {
    "name" : "package",
    "value" : "com.sailotech.ezscheduler.Testpages.Consumerlogintest"
  }, {
    "name" : "testClass",
    "value" : "com.sailotech.ezscheduler.Testpages.Consumerlogintest"
  }, {
    "name" : "testMethod",
    "value" : "TC_02_PatientLogin"
  }, {
    "name" : "parentSuite",
    "value" : "PatientLogin"
  }, {
    "name" : "suite",
    "value" : "PatientLogin"
  }, {
    "name" : "subSuite",
    "value" : "com.sailotech.ezscheduler.Testpages.Consumerlogintest"
  }, {
    "name" : "host",
    "value" : "DESKTOP-A4GJKOM"
  }, {
    "name" : "thread",
    "value" : "20988@DESKTOP-A4GJKOM.main(1)"
  }, {
    "name" : "framework",
    "value" : "testng"
  }, {
    "name" : "language",
    "value" : "java"
  }, {
    "name" : "resultFormat",
    "value" : "allure2"
  } ],
  "parameters" : [ ],
  "links" : [ ],
  "hidden" : false,
  "retry" : false,
  "extra" : {
    "severity" : "normal",
    "retries" : [ {
      "uid" : "531340701f1cee19",
      "status" : "passed",
      "time" : {
        "start" : 1610987978943,
        "stop" : 1610987989414,
        "duration" : 10471
      }
    }, {
      "uid" : "a1f0ee56fb9096fa",
      "status" : "passed",
      "time" : {
        "start" : 1610737410425,
        "stop" : 1610737418555,
        "duration" : 8130
      }
    }, {
      "uid" : "f704c80b9f81c493",
      "status" : "passed",
      "time" : {
        "start" : 1610736337266,
        "stop" : 1610736345361,
        "duration" : 8095
      }
    }, {
      "uid" : "92a99bc94b8bf512",
      "status" : "passed",
      "time" : {
        "start" : 1610665055804,
        "stop" : 1610665063928,
        "duration" : 8124
      }
    }, {
      "uid" : "7796a013842469f5",
      "status" : "passed",
      "time" : {
        "start" : 1610578224799,
        "stop" : 1610578232886,
        "duration" : 8087
      }
    }, {
      "uid" : "94619928b8c4159c",
      "status" : "passed",
      "time" : {
        "start" : 1610576978680,
        "stop" : 1610576986796,
        "duration" : 8116
      }
    }, {
      "uid" : "d65ab4513d3a97c4",
      "status" : "passed",
      "time" : {
        "start" : 1610573572470,
        "stop" : 1610573581514,
        "duration" : 9044
      }
    }, {
      "uid" : "98e7ab3c4cf308f5",
      "status" : "passed",
      "time" : {
        "start" : 1610564520747,
        "stop" : 1610564530712,
        "duration" : 9965
      }
    }, {
      "uid" : "4baed3e273714949",
      "status" : "passed",
      "time" : {
        "start" : 1610560110548,
        "stop" : 1610560120471,
        "duration" : 9923
      }
    }, {
      "uid" : "d90e394775254035",
      "status" : "passed",
      "time" : {
        "start" : 1610555760543,
        "stop" : 1610555769656,
        "duration" : 9113
      }
    }, {
      "uid" : "ab3de6224f8f9d",
      "status" : "broken",
      "statusDetails" : "no such element: Unable to locate element: {\"method\":\"xpath\",\"selector\":\"//body/div[@id='app-site']/div[1]/div[1]/div[3]/main[1]/div[1]/div[1]/div[1]/div[2]/div[2]/form[1]/fieldset[1]/div[1]/div[1]/div[1]/div[1]/input[1]\"}\n  (Session info: chrome=87.0.4280.141)\n  (Driver info: chromedriver=2.40.565498 (ea082db3280dd6843ebfb08a625e3eb905c4f5ab),platform=Windows NT 10.0.18363 x86_64) (WARNING: The server did not provide any stacktrace information)\nCommand duration or timeout: 0 milliseconds\nFor documentation on this error, please visit: https://www.seleniumhq.org/exceptions/no_such_element.html\nBuild info: version: '3.141.59', revision: 'e82be7d358', time: '2018-11-14T08:17:03'\nSystem info: host: 'DESKTOP-A4GJKOM', ip: '192.168.1.98', os.name: 'Windows 10', os.arch: 'amd64', os.version: '10.0', java.version: '1.8.0_271'\nDriver info: org.openqa.selenium.chrome.ChromeDriver\nCapabilities {acceptInsecureCerts: false, acceptSslCerts: false, applicationCacheEnabled: false, browserConnectionEnabled: false, browserName: chrome, chrome: {chromedriverVersion: 2.40.565498 (ea082db3280dd6..., userDataDir: C:\\Users\\sukki\\AppData\\Loca...}, cssSelectorsEnabled: true, databaseEnabled: false, handlesAlerts: true, hasTouchScreen: false, javascriptEnabled: true, locationContextEnabled: true, mobileEmulationEnabled: false, nativeEvents: true, networkConnectionEnabled: false, pageLoadStrategy: normal, platform: XP, platformName: XP, rotatable: false, setWindowRect: true, takesHeapSnapshot: true, takesScreenshot: true, unexpectedAlertBehaviour: , unhandledPromptBehavior: , version: 87.0.4280.141, webStorageEnabled: true}\nSession ID: 6ac428f97be3dd2038c714063ef0ba29\n*** Element info: {Using=xpath, value=//body/div[@id='app-site']/div[1]/div[1]/div[3]/main[1]/div[1]/div[1]/div[1]/div[2]/div[2]/form[1]/fieldset[1]/div[1]/div[1]/div[1]/div[1]/input[1]}",
      "time" : {
        "start" : 1610555618990,
        "stop" : 1610555627254,
        "duration" : 8264
      }
    }, {
      "uid" : "a7307b5340abcc63",
      "status" : "passed",
      "time" : {
        "start" : 1610492336032,
        "stop" : 1610492345725,
        "duration" : 9693
      }
    }, {
      "uid" : "2fffcd20d79c27f9",
      "status" : "broken",
      "statusDetails" : "no such element: Unable to locate element: {\"method\":\"xpath\",\"selector\":\"//body/div[@id='app-site']/div[1]/div[1]/div[3]/main[1]/div[1]/div[1]/div[1]/div[2]/div[2]/form[1]/fieldset[1]/div[1]/div[1]/div[1]/div[1]/input[1]\"}\n  (Session info: chrome=87.0.4280.141)\n  (Driver info: chromedriver=2.40.565498 (ea082db3280dd6843ebfb08a625e3eb905c4f5ab),platform=Windows NT 10.0.18363 x86_64) (WARNING: The server did not provide any stacktrace information)\nCommand duration or timeout: 0 milliseconds\nFor documentation on this error, please visit: https://www.seleniumhq.org/exceptions/no_such_element.html\nBuild info: version: '3.141.59', revision: 'e82be7d358', time: '2018-11-14T08:17:03'\nSystem info: host: 'DESKTOP-A4GJKOM', ip: '192.168.1.98', os.name: 'Windows 10', os.arch: 'amd64', os.version: '10.0', java.version: '1.8.0_271'\nDriver info: org.openqa.selenium.chrome.ChromeDriver\nCapabilities {acceptInsecureCerts: false, acceptSslCerts: false, applicationCacheEnabled: false, browserConnectionEnabled: false, browserName: chrome, chrome: {chromedriverVersion: 2.40.565498 (ea082db3280dd6..., userDataDir: C:\\Users\\sukki\\AppData\\Loca...}, cssSelectorsEnabled: true, databaseEnabled: false, handlesAlerts: true, hasTouchScreen: false, javascriptEnabled: true, locationContextEnabled: true, mobileEmulationEnabled: false, nativeEvents: true, networkConnectionEnabled: false, pageLoadStrategy: normal, platform: XP, platformName: XP, rotatable: false, setWindowRect: true, takesHeapSnapshot: true, takesScreenshot: true, unexpectedAlertBehaviour: , unhandledPromptBehavior: , version: 87.0.4280.141, webStorageEnabled: true}\nSession ID: 3c38c5235cbab8f916c22180b986c044\n*** Element info: {Using=xpath, value=//body/div[@id='app-site']/div[1]/div[1]/div[3]/main[1]/div[1]/div[1]/div[1]/div[2]/div[2]/form[1]/fieldset[1]/div[1]/div[1]/div[1]/div[1]/input[1]}",
      "time" : {
        "start" : 1610488771208,
        "stop" : 1610488783961,
        "duration" : 12753
      }
    }, {
      "uid" : "76635efeb052e02d",
      "status" : "broken",
      "statusDetails" : "no such element: Unable to locate element: {\"method\":\"xpath\",\"selector\":\"//body/div[@id='app-site']/div[1]/div[1]/div[3]/main[1]/div[1]/div[1]/div[1]/div[2]/div[2]/form[1]/fieldset[1]/div[1]/div[1]/div[1]/div[1]/input[1]\"}\n  (Session info: chrome=87.0.4280.141)\n  (Driver info: chromedriver=2.40.565498 (ea082db3280dd6843ebfb08a625e3eb905c4f5ab),platform=Windows NT 10.0.18363 x86_64) (WARNING: The server did not provide any stacktrace information)\nCommand duration or timeout: 0 milliseconds\nFor documentation on this error, please visit: https://www.seleniumhq.org/exceptions/no_such_element.html\nBuild info: version: '3.141.59', revision: 'e82be7d358', time: '2018-11-14T08:17:03'\nSystem info: host: 'DESKTOP-A4GJKOM', ip: '192.168.1.98', os.name: 'Windows 10', os.arch: 'amd64', os.version: '10.0', java.version: '1.8.0_271'\nDriver info: org.openqa.selenium.chrome.ChromeDriver\nCapabilities {acceptInsecureCerts: false, acceptSslCerts: false, applicationCacheEnabled: false, browserConnectionEnabled: false, browserName: chrome, chrome: {chromedriverVersion: 2.40.565498 (ea082db3280dd6..., userDataDir: C:\\Users\\sukki\\AppData\\Loca...}, cssSelectorsEnabled: true, databaseEnabled: false, handlesAlerts: true, hasTouchScreen: false, javascriptEnabled: true, locationContextEnabled: true, mobileEmulationEnabled: false, nativeEvents: true, networkConnectionEnabled: false, pageLoadStrategy: normal, platform: XP, platformName: XP, rotatable: false, setWindowRect: true, takesHeapSnapshot: true, takesScreenshot: true, unexpectedAlertBehaviour: , unhandledPromptBehavior: , version: 87.0.4280.141, webStorageEnabled: true}\nSession ID: 455c44f55c65a73e6c31735690bf8e29\n*** Element info: {Using=xpath, value=//body/div[@id='app-site']/div[1]/div[1]/div[3]/main[1]/div[1]/div[1]/div[1]/div[2]/div[2]/form[1]/fieldset[1]/div[1]/div[1]/div[1]/div[1]/input[1]}",
      "time" : {
        "start" : 1610488753423,
        "stop" : 1610488766794,
        "duration" : 13371
      }
    }, {
      "uid" : "907e3207a243b6b5",
      "status" : "broken",
      "statusDetails" : "no such element: Unable to locate element: {\"method\":\"xpath\",\"selector\":\"//body/div[@id='app-site']/div[1]/div[1]/div[3]/main[1]/div[1]/div[1]/div[1]/div[2]/div[2]/form[1]/fieldset[1]/div[1]/div[1]/div[1]/div[1]/input[1]\"}\n  (Session info: chrome=87.0.4280.141)\n  (Driver info: chromedriver=2.40.565498 (ea082db3280dd6843ebfb08a625e3eb905c4f5ab),platform=Windows NT 10.0.18363 x86_64) (WARNING: The server did not provide any stacktrace information)\nCommand duration or timeout: 0 milliseconds\nFor documentation on this error, please visit: https://www.seleniumhq.org/exceptions/no_such_element.html\nBuild info: version: '3.141.59', revision: 'e82be7d358', time: '2018-11-14T08:17:03'\nSystem info: host: 'DESKTOP-A4GJKOM', ip: '192.168.1.98', os.name: 'Windows 10', os.arch: 'amd64', os.version: '10.0', java.version: '1.8.0_271'\nDriver info: org.openqa.selenium.chrome.ChromeDriver\nCapabilities {acceptInsecureCerts: false, acceptSslCerts: false, applicationCacheEnabled: false, browserConnectionEnabled: false, browserName: chrome, chrome: {chromedriverVersion: 2.40.565498 (ea082db3280dd6..., userDataDir: C:\\Users\\sukki\\AppData\\Loca...}, cssSelectorsEnabled: true, databaseEnabled: false, handlesAlerts: true, hasTouchScreen: false, javascriptEnabled: true, locationContextEnabled: true, mobileEmulationEnabled: false, nativeEvents: true, networkConnectionEnabled: false, pageLoadStrategy: normal, platform: XP, platformName: XP, rotatable: false, setWindowRect: true, takesHeapSnapshot: true, takesScreenshot: true, unexpectedAlertBehaviour: , unhandledPromptBehavior: , version: 87.0.4280.141, webStorageEnabled: true}\nSession ID: 568f7e901fded80fce1fcf6fe0a69af7\n*** Element info: {Using=xpath, value=//body/div[@id='app-site']/div[1]/div[1]/div[3]/main[1]/div[1]/div[1]/div[1]/div[2]/div[2]/form[1]/fieldset[1]/div[1]/div[1]/div[1]/div[1]/input[1]}",
      "time" : {
        "start" : 1610488690521,
        "stop" : 1610488702638,
        "duration" : 12117
      }
    }, {
      "uid" : "37e98b5f16c86ff7",
      "status" : "passed",
      "time" : {
        "start" : 1610488598337,
        "stop" : 1610488608741,
        "duration" : 10404
      }
    }, {
      "uid" : "a511f8b1958f1111",
      "status" : "broken",
      "statusDetails" : "no such element: Unable to locate element: {\"method\":\"xpath\",\"selector\":\"//body/div[@id='app-site']/div[1]/div[1]/div[3]/main[1]/div[1]/div[1]/div[1]/div[2]/div[2]/form[1]/fieldset[1]/div[1]/div[1]/div[1]/div[1]/input[1]\"}\n  (Session info: chrome=87.0.4280.141)\n  (Driver info: chromedriver=2.40.565498 (ea082db3280dd6843ebfb08a625e3eb905c4f5ab),platform=Windows NT 10.0.18363 x86_64) (WARNING: The server did not provide any stacktrace information)\nCommand duration or timeout: 0 milliseconds\nFor documentation on this error, please visit: https://www.seleniumhq.org/exceptions/no_such_element.html\nBuild info: version: '3.141.59', revision: 'e82be7d358', time: '2018-11-14T08:17:03'\nSystem info: host: 'DESKTOP-A4GJKOM', ip: '192.168.1.98', os.name: 'Windows 10', os.arch: 'amd64', os.version: '10.0', java.version: '1.8.0_271'\nDriver info: org.openqa.selenium.chrome.ChromeDriver\nCapabilities {acceptInsecureCerts: false, acceptSslCerts: false, applicationCacheEnabled: false, browserConnectionEnabled: false, browserName: chrome, chrome: {chromedriverVersion: 2.40.565498 (ea082db3280dd6..., userDataDir: C:\\Users\\sukki\\AppData\\Loca...}, cssSelectorsEnabled: true, databaseEnabled: false, handlesAlerts: true, hasTouchScreen: false, javascriptEnabled: true, locationContextEnabled: true, mobileEmulationEnabled: false, nativeEvents: true, networkConnectionEnabled: false, pageLoadStrategy: normal, platform: XP, platformName: XP, rotatable: false, setWindowRect: true, takesHeapSnapshot: true, takesScreenshot: true, unexpectedAlertBehaviour: , unhandledPromptBehavior: , version: 87.0.4280.141, webStorageEnabled: true}\nSession ID: 05d29c2fba5f2bee328328156c29b884\n*** Element info: {Using=xpath, value=//body/div[@id='app-site']/div[1]/div[1]/div[3]/main[1]/div[1]/div[1]/div[1]/div[2]/div[2]/form[1]/fieldset[1]/div[1]/div[1]/div[1]/div[1]/input[1]}",
      "time" : {
        "start" : 1610488545427,
        "stop" : 1610488556048,
        "duration" : 10621
      }
    }, {
      "uid" : "699022d765706a0d",
      "status" : "broken",
      "statusDetails" : "no such element: Unable to locate element: {\"method\":\"xpath\",\"selector\":\"//body/div[@id='app-site']/div[1]/div[1]/div[3]/main[1]/div[1]/div[1]/div[1]/div[2]/div[2]/form[1]/fieldset[1]/div[1]/div[1]/div[1]/div[1]/input[1]\"}\n  (Session info: chrome=87.0.4280.141)\n  (Driver info: chromedriver=2.40.565498 (ea082db3280dd6843ebfb08a625e3eb905c4f5ab),platform=Windows NT 10.0.18363 x86_64) (WARNING: The server did not provide any stacktrace information)\nCommand duration or timeout: 0 milliseconds\nFor documentation on this error, please visit: https://www.seleniumhq.org/exceptions/no_such_element.html\nBuild info: version: '3.141.59', revision: 'e82be7d358', time: '2018-11-14T08:17:03'\nSystem info: host: 'DESKTOP-A4GJKOM', ip: '192.168.1.98', os.name: 'Windows 10', os.arch: 'amd64', os.version: '10.0', java.version: '1.8.0_271'\nDriver info: org.openqa.selenium.chrome.ChromeDriver\nCapabilities {acceptInsecureCerts: false, acceptSslCerts: false, applicationCacheEnabled: false, browserConnectionEnabled: false, browserName: chrome, chrome: {chromedriverVersion: 2.40.565498 (ea082db3280dd6..., userDataDir: C:\\Users\\sukki\\AppData\\Loca...}, cssSelectorsEnabled: true, databaseEnabled: false, handlesAlerts: true, hasTouchScreen: false, javascriptEnabled: true, locationContextEnabled: true, mobileEmulationEnabled: false, nativeEvents: true, networkConnectionEnabled: false, pageLoadStrategy: normal, platform: XP, platformName: XP, rotatable: false, setWindowRect: true, takesHeapSnapshot: true, takesScreenshot: true, unexpectedAlertBehaviour: , unhandledPromptBehavior: , version: 87.0.4280.141, webStorageEnabled: true}\nSession ID: e3400d716517214e61ba561572da4750\n*** Element info: {Using=xpath, value=//body/div[@id='app-site']/div[1]/div[1]/div[3]/main[1]/div[1]/div[1]/div[1]/div[2]/div[2]/form[1]/fieldset[1]/div[1]/div[1]/div[1]/div[1]/input[1]}",
      "time" : {
        "start" : 1610487900776,
        "stop" : 1610487909909,
        "duration" : 9133
      }
    }, {
      "uid" : "cfc91e91a8579042",
      "status" : "broken",
      "statusDetails" : "no such element: Unable to locate element: {\"method\":\"xpath\",\"selector\":\"//body/div[@id='app-site']/div[1]/div[1]/div[3]/main[1]/div[1]/div[1]/div[1]/div[2]/div[2]/form[1]/fieldset[1]/div[1]/div[1]/div[1]/div[1]/input[1]\"}\n  (Session info: chrome=87.0.4280.141)\n  (Driver info: chromedriver=2.40.565498 (ea082db3280dd6843ebfb08a625e3eb905c4f5ab),platform=Windows NT 10.0.18363 x86_64) (WARNING: The server did not provide any stacktrace information)\nCommand duration or timeout: 0 milliseconds\nFor documentation on this error, please visit: https://www.seleniumhq.org/exceptions/no_such_element.html\nBuild info: version: '3.141.59', revision: 'e82be7d358', time: '2018-11-14T08:17:03'\nSystem info: host: 'DESKTOP-A4GJKOM', ip: '192.168.1.98', os.name: 'Windows 10', os.arch: 'amd64', os.version: '10.0', java.version: '1.8.0_271'\nDriver info: org.openqa.selenium.chrome.ChromeDriver\nCapabilities {acceptInsecureCerts: false, acceptSslCerts: false, applicationCacheEnabled: false, browserConnectionEnabled: false, browserName: chrome, chrome: {chromedriverVersion: 2.40.565498 (ea082db3280dd6..., userDataDir: C:\\Users\\sukki\\AppData\\Loca...}, cssSelectorsEnabled: true, databaseEnabled: false, handlesAlerts: true, hasTouchScreen: false, javascriptEnabled: true, locationContextEnabled: true, mobileEmulationEnabled: false, nativeEvents: true, networkConnectionEnabled: false, pageLoadStrategy: normal, platform: XP, platformName: XP, rotatable: false, setWindowRect: true, takesHeapSnapshot: true, takesScreenshot: true, unexpectedAlertBehaviour: , unhandledPromptBehavior: , version: 87.0.4280.141, webStorageEnabled: true}\nSession ID: ee8736025e1b57939ba39bcc4360fb6e\n*** Element info: {Using=xpath, value=//body/div[@id='app-site']/div[1]/div[1]/div[3]/main[1]/div[1]/div[1]/div[1]/div[2]/div[2]/form[1]/fieldset[1]/div[1]/div[1]/div[1]/div[1]/input[1]}",
      "time" : {
        "start" : 1610487715895,
        "stop" : 1610487725690,
        "duration" : 9795
      }
    }, {
      "uid" : "f68d56af39df35d6",
      "status" : "broken",
      "statusDetails" : "no such element: Unable to locate element: {\"method\":\"xpath\",\"selector\":\"//body/div[@id='app-site']/div[1]/div[1]/div[3]/main[1]/div[1]/div[1]/div[1]/div[2]/div[2]/form[1]/fieldset[1]/div[1]/div[1]/div[1]/div[1]/input[1]\"}\n  (Session info: chrome=87.0.4280.141)\n  (Driver info: chromedriver=2.40.565498 (ea082db3280dd6843ebfb08a625e3eb905c4f5ab),platform=Windows NT 10.0.18363 x86_64) (WARNING: The server did not provide any stacktrace information)\nCommand duration or timeout: 0 milliseconds\nFor documentation on this error, please visit: https://www.seleniumhq.org/exceptions/no_such_element.html\nBuild info: version: '3.141.59', revision: 'e82be7d358', time: '2018-11-14T08:17:03'\nSystem info: host: 'DESKTOP-A4GJKOM', ip: '192.168.1.98', os.name: 'Windows 10', os.arch: 'amd64', os.version: '10.0', java.version: '1.8.0_271'\nDriver info: org.openqa.selenium.chrome.ChromeDriver\nCapabilities {acceptInsecureCerts: false, acceptSslCerts: false, applicationCacheEnabled: false, browserConnectionEnabled: false, browserName: chrome, chrome: {chromedriverVersion: 2.40.565498 (ea082db3280dd6..., userDataDir: C:\\Users\\sukki\\AppData\\Loca...}, cssSelectorsEnabled: true, databaseEnabled: false, handlesAlerts: true, hasTouchScreen: false, javascriptEnabled: true, locationContextEnabled: true, mobileEmulationEnabled: false, nativeEvents: true, networkConnectionEnabled: false, pageLoadStrategy: normal, platform: XP, platformName: XP, rotatable: false, setWindowRect: true, takesHeapSnapshot: true, takesScreenshot: true, unexpectedAlertBehaviour: , unhandledPromptBehavior: , version: 87.0.4280.141, webStorageEnabled: true}\nSession ID: 0e24c98e942c8d7ec07875e2febb7a6d\n*** Element info: {Using=xpath, value=//body/div[@id='app-site']/div[1]/div[1]/div[3]/main[1]/div[1]/div[1]/div[1]/div[2]/div[2]/form[1]/fieldset[1]/div[1]/div[1]/div[1]/div[1]/input[1]}",
      "time" : {
        "start" : 1610487229300,
        "stop" : 1610487241144,
        "duration" : 11844
      }
    }, {
      "uid" : "824da45237dd692c",
      "status" : "broken",
      "statusDetails" : "no such element: Unable to locate element: {\"method\":\"xpath\",\"selector\":\"//body/div[@id='app-site']/div[1]/div[1]/div[3]/main[1]/div[1]/div[1]/div[1]/div[2]/div[2]/form[1]/fieldset[1]/div[1]/div[1]/div[1]/div[1]/input[1]\"}\n  (Session info: chrome=87.0.4280.141)\n  (Driver info: chromedriver=2.40.565498 (ea082db3280dd6843ebfb08a625e3eb905c4f5ab),platform=Windows NT 10.0.18363 x86_64) (WARNING: The server did not provide any stacktrace information)\nCommand duration or timeout: 0 milliseconds\nFor documentation on this error, please visit: https://www.seleniumhq.org/exceptions/no_such_element.html\nBuild info: version: '3.141.59', revision: 'e82be7d358', time: '2018-11-14T08:17:03'\nSystem info: host: 'DESKTOP-A4GJKOM', ip: '192.168.1.98', os.name: 'Windows 10', os.arch: 'amd64', os.version: '10.0', java.version: '1.8.0_271'\nDriver info: org.openqa.selenium.chrome.ChromeDriver\nCapabilities {acceptInsecureCerts: false, acceptSslCerts: false, applicationCacheEnabled: false, browserConnectionEnabled: false, browserName: chrome, chrome: {chromedriverVersion: 2.40.565498 (ea082db3280dd6..., userDataDir: C:\\Users\\sukki\\AppData\\Loca...}, cssSelectorsEnabled: true, databaseEnabled: false, handlesAlerts: true, hasTouchScreen: false, javascriptEnabled: true, locationContextEnabled: true, mobileEmulationEnabled: false, nativeEvents: true, networkConnectionEnabled: false, pageLoadStrategy: normal, platform: XP, platformName: XP, rotatable: false, setWindowRect: true, takesHeapSnapshot: true, takesScreenshot: true, unexpectedAlertBehaviour: , unhandledPromptBehavior: , version: 87.0.4280.141, webStorageEnabled: true}\nSession ID: 0579be535892c8958d7051cc788133c7\n*** Element info: {Using=xpath, value=//body/div[@id='app-site']/div[1]/div[1]/div[3]/main[1]/div[1]/div[1]/div[1]/div[2]/div[2]/form[1]/fieldset[1]/div[1]/div[1]/div[1]/div[1]/input[1]}",
      "time" : {
        "start" : 1610487165196,
        "stop" : 1610487175076,
        "duration" : 9880
      }
    }, {
      "uid" : "f15717f5ae030ddb",
      "status" : "broken",
      "statusDetails" : "org.apache.xmlbeans.XmlException: error: Unexpected end of file after null",
      "time" : {
        "start" : 1610486883784,
        "stop" : 1610486885633,
        "duration" : 1849
      }
    }, {
      "uid" : "a6b35723ef55ee26",
      "status" : "passed",
      "time" : {
        "start" : 1610486771149,
        "stop" : 1610486782318,
        "duration" : 11169
      }
    }, {
      "uid" : "fb1d4a4ab91e8c25",
      "status" : "broken",
      "statusDetails" : "org.apache.xmlbeans.XmlException: error: Unexpected end of file after null",
      "time" : {
        "start" : 1610486082754,
        "stop" : 1610486085102,
        "duration" : 2348
      }
    }, {
      "uid" : "18daece1b8c7df24",
      "status" : "broken",
      "statusDetails" : "org.apache.xmlbeans.XmlException: error: Unexpected end of file after null",
      "time" : {
        "start" : 1610485977826,
        "stop" : 1610485979600,
        "duration" : 1774
      }
    }, {
      "uid" : "2af7b56a029c0681",
      "status" : "broken",
      "statusDetails" : "org.apache.xmlbeans.XmlException: error: Unexpected end of file after null",
      "time" : {
        "start" : 1610485916848,
        "stop" : 1610485918729,
        "duration" : 1881
      }
    }, {
      "uid" : "632077194c718693",
      "status" : "passed",
      "time" : {
        "start" : 1610383009326,
        "stop" : 1610383017510,
        "duration" : 8184
      }
    } ],
    "categories" : [ ],
    "tags" : [ ]
  },
  "source" : "68e4680d6682f259.json",
  "parameterValues" : [ ]
}