{
  "uid" : "c3a93d71476c9575",
  "name" : "Navigate to Admin Login page",
  "fullName" : "com.sailotech.ezscheduler.Testpages.AdminloginTest1.TC_08_Navigate_to_AdminLogin",
  "historyId" : "f8125b5914cc22a8ad676f5cd696ddca",
  "time" : {
    "start" : 1611588998318,
    "stop" : 1611588998682,
    "duration" : 364
  },
  "status" : "broken",
  "statusMessage" : "org.apache.poi.openxml4j.exceptions.InvalidFormatException: Package should contain a content type part [M1.13]",
  "statusTrace" : "org.apache.poi.POIXMLException: org.apache.poi.openxml4j.exceptions.InvalidFormatException: Package should contain a content type part [M1.13]\r\n\tat org.apache.poi.util.PackageHelper.open(PackageHelper.java:39)\r\n\tat org.apache.poi.xssf.usermodel.XSSFWorkbook.<init>(XSSFWorkbook.java:258)\r\n\tat com.sailotech.ezscheduler.Implpages.Adminlogin1.AdminLogin(Adminlogin1.java:30)\r\n\tat com.sailotech.ezscheduler.Testpages.AdminloginTest1.TC_08_Navigate_to_AdminLogin(AdminloginTest1.java:50)\r\n\tat sun.reflect.NativeMethodAccessorImpl.invoke0(Native Method)\r\n\tat sun.reflect.NativeMethodAccessorImpl.invoke(NativeMethodAccessorImpl.java:62)\r\n\tat sun.reflect.DelegatingMethodAccessorImpl.invoke(DelegatingMethodAccessorImpl.java:43)\r\n\tat java.lang.reflect.Method.invoke(Method.java:498)\r\n\tat org.testng.internal.MethodInvocationHelper.invokeMethod(MethodInvocationHelper.java:124)\r\n\tat org.testng.internal.Invoker.invokeMethod(Invoker.java:583)\r\n\tat org.testng.internal.Invoker.invokeTestMethod(Invoker.java:719)\r\n\tat org.testng.internal.Invoker.invokeTestMethods(Invoker.java:989)\r\n\tat org.testng.internal.TestMethodWorker.invokeTestMethods(TestMethodWorker.java:125)\r\n\tat org.testng.internal.TestMethodWorker.run(TestMethodWorker.java:109)\r\n\tat org.testng.TestRunner.privateRun(TestRunner.java:648)\r\n\tat org.testng.TestRunner.run(TestRunner.java:505)\r\n\tat org.testng.SuiteRunner.runTest(SuiteRunner.java:455)\r\n\tat org.testng.SuiteRunner.runSequentially(SuiteRunner.java:450)\r\n\tat org.testng.SuiteRunner.privateRun(SuiteRunner.java:415)\r\n\tat org.testng.SuiteRunner.run(SuiteRunner.java:364)\r\n\tat org.testng.SuiteRunnerWorker.runSuite(SuiteRunnerWorker.java:52)\r\n\tat org.testng.SuiteRunnerWorker.run(SuiteRunnerWorker.java:84)\r\n\tat org.testng.TestNG.runSuitesSequentially(TestNG.java:1208)\r\n\tat org.testng.TestNG.runSuitesLocally(TestNG.java:1137)\r\n\tat org.testng.TestNG.runSuites(TestNG.java:1049)\r\n\tat org.testng.TestNG.run(TestNG.java:1017)\r\n\tat org.testng.remote.AbstractRemoteTestNG.run(AbstractRemoteTestNG.java:115)\r\n\tat org.testng.remote.RemoteTestNG.initAndRun(RemoteTestNG.java:251)\r\n\tat org.testng.remote.RemoteTestNG.main(RemoteTestNG.java:77)\r\nCaused by: org.apache.poi.openxml4j.exceptions.InvalidFormatException: Package should contain a content type part [M1.13]\r\n\tat org.apache.poi.openxml4j.opc.ZipPackage.getPartsImpl(ZipPackage.java:203)\r\n\tat org.apache.poi.openxml4j.opc.OPCPackage.getParts(OPCPackage.java:673)\r\n\tat org.apache.poi.openxml4j.opc.OPCPackage.open(OPCPackage.java:274)\r\n\tat org.apache.poi.util.PackageHelper.open(PackageHelper.java:37)\r\n\t... 28 more\r\n",
  "flaky" : false,
  "newFailed" : false,
  "beforeStages" : [ {
    "name" : "beforeClass",
    "time" : {
      "start" : 1611588980675,
      "stop" : 1611588997856,
      "duration" : 17181
    },
    "description" : "",
    "status" : "passed",
    "steps" : [ ],
    "attachments" : [ ],
    "parameters" : [ ],
    "hasContent" : false,
    "stepsCount" : 0,
    "shouldDisplayMessage" : false,
    "attachmentsCount" : 0
  }, {
    "name" : "display",
    "time" : {
      "start" : 1611588997857,
      "stop" : 1611588997857,
      "duration" : 0
    },
    "description" : "",
    "status" : "passed",
    "steps" : [ ],
    "attachments" : [ ],
    "parameters" : [ ],
    "hasContent" : false,
    "stepsCount" : 0,
    "shouldDisplayMessage" : false,
    "attachmentsCount" : 0
  }, {
    "name" : "screenRecord",
    "time" : {
      "start" : 1611588997857,
      "stop" : 1611588998081,
      "duration" : 224
    },
    "description" : "",
    "status" : "passed",
    "steps" : [ ],
    "attachments" : [ ],
    "parameters" : [ ],
    "hasContent" : false,
    "stepsCount" : 0,
    "shouldDisplayMessage" : false,
    "attachmentsCount" : 0
  }, {
    "name" : "setUp",
    "time" : {
      "start" : 1611588998099,
      "stop" : 1611588998100,
      "duration" : 1
    },
    "description" : "",
    "status" : "passed",
    "steps" : [ ],
    "attachments" : [ ],
    "parameters" : [ ],
    "hasContent" : false,
    "stepsCount" : 0,
    "shouldDisplayMessage" : false,
    "attachmentsCount" : 0
  } ],
  "afterStages" : [ {
    "name" : "tearDown",
    "time" : {
      "start" : 1611588999434,
      "stop" : 1611589003527,
      "duration" : 4093
    },
    "description" : "",
    "status" : "passed",
    "steps" : [ ],
    "attachments" : [ ],
    "parameters" : [ ],
    "hasContent" : false,
    "stepsCount" : 0,
    "shouldDisplayMessage" : false,
    "attachmentsCount" : 0
  }, {
    "name" : "afterClass",
    "time" : {
      "start" : 1611589003527,
      "stop" : 1611589003608,
      "duration" : 81
    },
    "description" : "",
    "status" : "broken",
    "statusMessage" : "no such session\n  (Driver info: chromedriver=2.40.565498 (ea082db3280dd6843ebfb08a625e3eb905c4f5ab),platform=Windows NT 10.0.18363 x86_64) (WARNING: The server did not provide any stacktrace information)\nCommand duration or timeout: 0 milliseconds\nBuild info: version: '3.141.59', revision: 'e82be7d358', time: '2018-11-14T08:17:03'\nSystem info: host: 'DESKTOP-A4GJKOM', ip: '192.168.1.98', os.name: 'Windows 10', os.arch: 'amd64', os.version: '10.0', java.version: '1.8.0_271'\nDriver info: org.openqa.selenium.chrome.ChromeDriver\nCapabilities {acceptInsecureCerts: false, acceptSslCerts: false, applicationCacheEnabled: false, browserConnectionEnabled: false, browserName: chrome, chrome: {chromedriverVersion: 2.40.565498 (ea082db3280dd6..., userDataDir: C:\\Users\\sukki\\AppData\\Loca...}, cssSelectorsEnabled: true, databaseEnabled: false, handlesAlerts: true, hasTouchScreen: false, javascriptEnabled: true, locationContextEnabled: true, mobileEmulationEnabled: false, nativeEvents: true, networkConnectionEnabled: false, pageLoadStrategy: normal, platform: XP, platformName: XP, rotatable: false, setWindowRect: true, takesHeapSnapshot: true, takesScreenshot: true, unexpectedAlertBehaviour: , unhandledPromptBehavior: , version: 87.0.4280.141, webStorageEnabled: true}\nSession ID: 0224e273c4e5508ce79baca855c100b3",
    "statusTrace" : "org.openqa.selenium.NoSuchSessionException: no such session\n  (Driver info: chromedriver=2.40.565498 (ea082db3280dd6843ebfb08a625e3eb905c4f5ab),platform=Windows NT 10.0.18363 x86_64) (WARNING: The server did not provide any stacktrace information)\nCommand duration or timeout: 0 milliseconds\nBuild info: version: '3.141.59', revision: 'e82be7d358', time: '2018-11-14T08:17:03'\nSystem info: host: 'DESKTOP-A4GJKOM', ip: '192.168.1.98', os.name: 'Windows 10', os.arch: 'amd64', os.version: '10.0', java.version: '1.8.0_271'\nDriver info: org.openqa.selenium.chrome.ChromeDriver\nCapabilities {acceptInsecureCerts: false, acceptSslCerts: false, applicationCacheEnabled: false, browserConnectionEnabled: false, browserName: chrome, chrome: {chromedriverVersion: 2.40.565498 (ea082db3280dd6..., userDataDir: C:\\Users\\sukki\\AppData\\Loca...}, cssSelectorsEnabled: true, databaseEnabled: false, handlesAlerts: true, hasTouchScreen: false, javascriptEnabled: true, locationContextEnabled: true, mobileEmulationEnabled: false, nativeEvents: true, networkConnectionEnabled: false, pageLoadStrategy: normal, platform: XP, platformName: XP, rotatable: false, setWindowRect: true, takesHeapSnapshot: true, takesScreenshot: true, unexpectedAlertBehaviour: , unhandledPromptBehavior: , version: 87.0.4280.141, webStorageEnabled: true}\nSession ID: 0224e273c4e5508ce79baca855c100b3\r\n\tat sun.reflect.NativeConstructorAccessorImpl.newInstance0(Native Method)\r\n\tat sun.reflect.NativeConstructorAccessorImpl.newInstance(NativeConstructorAccessorImpl.java:62)\r\n\tat sun.reflect.DelegatingConstructorAccessorImpl.newInstance(DelegatingConstructorAccessorImpl.java:45)\r\n\tat java.lang.reflect.Constructor.newInstance(Constructor.java:423)\r\n\tat org.openqa.selenium.remote.ErrorHandler.createThrowable(ErrorHandler.java:214)\r\n\tat org.openqa.selenium.remote.ErrorHandler.throwIfResponseFailed(ErrorHandler.java:166)\r\n\tat org.openqa.selenium.remote.http.JsonHttpResponseCodec.reconstructValue(JsonHttpResponseCodec.java:40)\r\n\tat org.openqa.selenium.remote.http.AbstractHttpResponseCodec.decode(AbstractHttpResponseCodec.java:80)\r\n\tat org.openqa.selenium.remote.http.AbstractHttpResponseCodec.decode(AbstractHttpResponseCodec.java:44)\r\n\tat org.openqa.selenium.remote.HttpCommandExecutor.execute(HttpCommandExecutor.java:158)\r\n\tat org.openqa.selenium.remote.service.DriverCommandExecutor.execute(DriverCommandExecutor.java:83)\r\n\tat org.openqa.selenium.remote.RemoteWebDriver.execute(RemoteWebDriver.java:552)\r\n\tat org.openqa.selenium.remote.RemoteWebDriver.execute(RemoteWebDriver.java:609)\r\n\tat org.openqa.selenium.remote.RemoteWebDriver.close(RemoteWebDriver.java:442)\r\n\tat com.sailotech.ezscheduler.Basepages.TestBase.stopSession(TestBase.java:224)\r\n\tat com.sailotech.ezscheduler.Basepages.TestBase.afterClass(TestBase.java:65)\r\n\tat sun.reflect.NativeMethodAccessorImpl.invoke0(Native Method)\r\n\tat sun.reflect.NativeMethodAccessorImpl.invoke(NativeMethodAccessorImpl.java:62)\r\n\tat sun.reflect.DelegatingMethodAccessorImpl.invoke(DelegatingMethodAccessorImpl.java:43)\r\n\tat java.lang.reflect.Method.invoke(Method.java:498)\r\n\tat org.testng.internal.MethodInvocationHelper.invokeMethod(MethodInvocationHelper.java:124)\r\n\tat org.testng.internal.MethodInvocationHelper.invokeMethodConsideringTimeout(MethodInvocationHelper.java:59)\r\n\tat org.testng.internal.Invoker.invokeConfigurationMethod(Invoker.java:458)\r\n\tat org.testng.internal.Invoker.invokeConfigurations(Invoker.java:222)\r\n\tat org.testng.internal.Invoker.invokeConfigurations(Invoker.java:142)\r\n\tat org.testng.internal.TestMethodWorker.invokeAfterClassMethods(TestMethodWorker.java:214)\r\n\tat org.testng.internal.TestMethodWorker.run(TestMethodWorker.java:111)\r\n\tat org.testng.TestRunner.privateRun(TestRunner.java:648)\r\n\tat org.testng.TestRunner.run(TestRunner.java:505)\r\n\tat org.testng.SuiteRunner.runTest(SuiteRunner.java:455)\r\n\tat org.testng.SuiteRunner.runSequentially(SuiteRunner.java:450)\r\n\tat org.testng.SuiteRunner.privateRun(SuiteRunner.java:415)\r\n\tat org.testng.SuiteRunner.run(SuiteRunner.java:364)\r\n\tat org.testng.SuiteRunnerWorker.runSuite(SuiteRunnerWorker.java:52)\r\n\tat org.testng.SuiteRunnerWorker.run(SuiteRunnerWorker.java:84)\r\n\tat org.testng.TestNG.runSuitesSequentially(TestNG.java:1208)\r\n\tat org.testng.TestNG.runSuitesLocally(TestNG.java:1137)\r\n\tat org.testng.TestNG.runSuites(TestNG.java:1049)\r\n\tat org.testng.TestNG.run(TestNG.java:1017)\r\n\tat org.testng.remote.AbstractRemoteTestNG.run(AbstractRemoteTestNG.java:115)\r\n\tat org.testng.remote.RemoteTestNG.initAndRun(RemoteTestNG.java:251)\r\n\tat org.testng.remote.RemoteTestNG.main(RemoteTestNG.java:77)\r\n",
    "steps" : [ ],
    "attachments" : [ ],
    "parameters" : [ ],
    "hasContent" : true,
    "stepsCount" : 0,
    "shouldDisplayMessage" : true,
    "attachmentsCount" : 0
  }, {
    "name" : "stopRecording",
    "time" : {
      "start" : 1611589003623,
      "stop" : 1611589006681,
      "duration" : 3058
    },
    "description" : "",
    "status" : "passed",
    "steps" : [ ],
    "attachments" : [ ],
    "parameters" : [ ],
    "hasContent" : false,
    "stepsCount" : 0,
    "shouldDisplayMessage" : false,
    "attachmentsCount" : 0
  }, {
    "name" : "screenShot",
    "time" : {
      "start" : 1611588998698,
      "stop" : 1611588999431,
      "duration" : 733
    },
    "description" : "",
    "status" : "passed",
    "steps" : [ ],
    "attachments" : [ ],
    "parameters" : [ ],
    "hasContent" : false,
    "stepsCount" : 0,
    "shouldDisplayMessage" : false,
    "attachmentsCount" : 0
  } ],
  "labels" : [ {
    "name" : "package",
    "value" : "com.sailotech.ezscheduler.Testpages.AdminloginTest1"
  }, {
    "name" : "testClass",
    "value" : "com.sailotech.ezscheduler.Testpages.AdminloginTest1"
  }, {
    "name" : "testMethod",
    "value" : "TC_08_Navigate_to_AdminLogin"
  }, {
    "name" : "parentSuite",
    "value" : "Default suite"
  }, {
    "name" : "suite",
    "value" : "Default test"
  }, {
    "name" : "subSuite",
    "value" : "com.sailotech.ezscheduler.Testpages.AdminloginTest1"
  }, {
    "name" : "host",
    "value" : "DESKTOP-A4GJKOM"
  }, {
    "name" : "thread",
    "value" : "3960@DESKTOP-A4GJKOM.main(1)"
  }, {
    "name" : "framework",
    "value" : "testng"
  }, {
    "name" : "language",
    "value" : "java"
  }, {
    "name" : "resultFormat",
    "value" : "allure2"
  } ],
  "parameters" : [ ],
  "links" : [ ],
  "hidden" : true,
  "retry" : true,
  "extra" : {
    "categories" : [ ],
    "tags" : [ ]
  },
  "source" : "c3a93d71476c9575.json",
  "parameterValues" : [ ]
}