{
  "uid" : "fc2dc6e8ef7fbcc6",
  "name" : "Admin_VerifyDoctor",
  "fullName" : "com.sailotech.ezscheduler.testpages.Adminverifydoctortest.TC_03_AdminVerifyDoctor",
  "historyId" : "563deab3e5658f7fb9d705b5bd78b6db",
  "time" : {
    "start" : 1610335899025,
    "stop" : 1610335927521,
    "duration" : 28496
  },
  "status" : "passed",
  "flaky" : false,
  "newFailed" : false,
  "beforeStages" : [ {
    "name" : "beforeClass",
    "time" : {
      "start" : 1610335871580,
      "stop" : 1610335887050,
      "duration" : 15470
    },
    "description" : "",
    "status" : "passed",
    "steps" : [ ],
    "attachments" : [ ],
    "parameters" : [ ],
    "hasContent" : false,
    "stepsCount" : 0,
    "shouldDisplayMessage" : false,
    "attachmentsCount" : 0
  }, {
    "name" : "startRecording",
    "time" : {
      "start" : 1610335887050,
      "stop" : 1610335887060,
      "duration" : 10
    },
    "description" : "",
    "status" : "passed",
    "steps" : [ ],
    "attachments" : [ ],
    "parameters" : [ ],
    "hasContent" : false,
    "stepsCount" : 0,
    "shouldDisplayMessage" : false,
    "attachmentsCount" : 0
  } ],
  "afterStages" : [ {
    "name" : "screenShot",
    "time" : {
      "start" : 1610335927525,
      "stop" : 1610335927525,
      "duration" : 0
    },
    "description" : "",
    "status" : "passed",
    "steps" : [ ],
    "attachments" : [ ],
    "parameters" : [ ],
    "hasContent" : false,
    "stepsCount" : 0,
    "shouldDisplayMessage" : false,
    "attachmentsCount" : 0
  }, {
    "name" : "stopRecording",
    "time" : {
      "start" : 1610336247654,
      "stop" : 1610336250661,
      "duration" : 3007
    },
    "description" : "",
    "status" : "passed",
    "steps" : [ ],
    "attachments" : [ ],
    "parameters" : [ ],
    "hasContent" : false,
    "stepsCount" : 0,
    "shouldDisplayMessage" : false,
    "attachmentsCount" : 0
  }, {
    "name" : "stopRecording",
    "time" : {
      "start" : 1610336250662,
      "stop" : 1610336251243,
      "duration" : 581
    },
    "description" : "",
    "status" : "passed",
    "steps" : [ ],
    "attachments" : [ ],
    "parameters" : [ ],
    "hasContent" : false,
    "stepsCount" : 0,
    "shouldDisplayMessage" : false,
    "attachmentsCount" : 0
  }, {
    "name" : "stopRecording",
    "time" : {
      "start" : 1610336251244,
      "stop" : 1610336251676,
      "duration" : 432
    },
    "description" : "",
    "status" : "passed",
    "steps" : [ ],
    "attachments" : [ ],
    "parameters" : [ ],
    "hasContent" : false,
    "stepsCount" : 0,
    "shouldDisplayMessage" : false,
    "attachmentsCount" : 0
  }, {
    "name" : "stopRecording",
    "time" : {
      "start" : 1610336251677,
      "stop" : 1610336251983,
      "duration" : 306
    },
    "description" : "",
    "status" : "passed",
    "steps" : [ ],
    "attachments" : [ ],
    "parameters" : [ ],
    "hasContent" : false,
    "stepsCount" : 0,
    "shouldDisplayMessage" : false,
    "attachmentsCount" : 0
  }, {
    "name" : "stopRecording",
    "time" : {
      "start" : 1610336251983,
      "stop" : 1610336252175,
      "duration" : 192
    },
    "description" : "",
    "status" : "passed",
    "steps" : [ ],
    "attachments" : [ ],
    "parameters" : [ ],
    "hasContent" : false,
    "stepsCount" : 0,
    "shouldDisplayMessage" : false,
    "attachmentsCount" : 0
  }, {
    "name" : "stopRecording",
    "time" : {
      "start" : 1610336252175,
      "stop" : 1610336252438,
      "duration" : 263
    },
    "description" : "",
    "status" : "passed",
    "steps" : [ ],
    "attachments" : [ ],
    "parameters" : [ ],
    "hasContent" : false,
    "stepsCount" : 0,
    "shouldDisplayMessage" : false,
    "attachmentsCount" : 0
  }, {
    "name" : "stopRecording",
    "time" : {
      "start" : 1610336252438,
      "stop" : 1610336252683,
      "duration" : 245
    },
    "description" : "",
    "status" : "passed",
    "steps" : [ ],
    "attachments" : [ ],
    "parameters" : [ ],
    "hasContent" : false,
    "stepsCount" : 0,
    "shouldDisplayMessage" : false,
    "attachmentsCount" : 0
  }, {
    "name" : "stopRecording",
    "time" : {
      "start" : 1610336252683,
      "stop" : 1610336253037,
      "duration" : 354
    },
    "description" : "",
    "status" : "passed",
    "steps" : [ ],
    "attachments" : [ ],
    "parameters" : [ ],
    "hasContent" : false,
    "stepsCount" : 0,
    "shouldDisplayMessage" : false,
    "attachmentsCount" : 0
  }, {
    "name" : "afterClass",
    "time" : {
      "start" : 1610335930845,
      "stop" : 1610335935217,
      "duration" : 4372
    },
    "description" : "",
    "status" : "passed",
    "steps" : [ ],
    "attachments" : [ ],
    "parameters" : [ ],
    "hasContent" : false,
    "stepsCount" : 0,
    "shouldDisplayMessage" : false,
    "attachmentsCount" : 0
  } ],
  "labels" : [ {
    "name" : "package",
    "value" : "com.sailotech.ezscheduler.testpages.Adminverifydoctortest"
  }, {
    "name" : "testClass",
    "value" : "com.sailotech.ezscheduler.testpages.Adminverifydoctortest"
  }, {
    "name" : "testMethod",
    "value" : "TC_03_AdminVerifyDoctor"
  }, {
    "name" : "parentSuite",
    "value" : "SmokeTest"
  }, {
    "name" : "suite",
    "value" : "SmokeTest"
  }, {
    "name" : "subSuite",
    "value" : "com.sailotech.ezscheduler.testpages.Adminverifydoctortest"
  }, {
    "name" : "host",
    "value" : "DESKTOP-A4GJKOM"
  }, {
    "name" : "thread",
    "value" : "26900@DESKTOP-A4GJKOM.main(1)"
  }, {
    "name" : "framework",
    "value" : "testng"
  }, {
    "name" : "language",
    "value" : "java"
  }, {
    "name" : "resultFormat",
    "value" : "allure2"
  } ],
  "parameters" : [ ],
  "links" : [ ],
  "hidden" : false,
  "retry" : false,
  "extra" : {
    "severity" : "normal",
    "retries" : [ {
      "uid" : "b85d793d3ae3195e",
      "status" : "passed",
      "time" : {
        "start" : 1610315666868,
        "stop" : 1610315695107,
        "duration" : 28239
      }
    }, {
      "uid" : "7107f884b0929fea",
      "status" : "passed",
      "time" : {
        "start" : 1610298991628,
        "stop" : 1610299033793,
        "duration" : 42165
      }
    }, {
      "uid" : "55b5fa3b9921836",
      "status" : "broken",
      "statusDetails" : "Expected condition failed: waiting for element to be clickable: [[ChromeDriver: chrome on XP (3c8da8cd1bf553862704eabc0e0b3be4)] -> xpath: //*[@id=\"body\"]/div[3]/div[3]/div/div[1]/div/div[1]/button[1]/span[1]/h6] (tried for 5 second(s) with 500 milliseconds interval)\nBuild info: version: '3.141.59', revision: 'e82be7d358', time: '2018-11-14T08:17:03'\nSystem info: host: 'DESKTOP-A4GJKOM', ip: '192.168.1.98', os.name: 'Windows 10', os.arch: 'amd64', os.version: '10.0', java.version: '1.8.0_271'\nDriver info: org.openqa.selenium.chrome.ChromeDriver\nCapabilities {acceptInsecureCerts: false, acceptSslCerts: false, applicationCacheEnabled: false, browserConnectionEnabled: false, browserName: chrome, chrome: {chromedriverVersion: 2.40.565498 (ea082db3280dd6..., userDataDir: C:\\Users\\sukki\\AppData\\Loca...}, cssSelectorsEnabled: true, databaseEnabled: false, handlesAlerts: true, hasTouchScreen: false, javascriptEnabled: true, locationContextEnabled: true, mobileEmulationEnabled: false, nativeEvents: true, networkConnectionEnabled: false, pageLoadStrategy: normal, platform: XP, platformName: XP, rotatable: false, setWindowRect: true, takesHeapSnapshot: true, takesScreenshot: true, unexpectedAlertBehaviour: , unhandledPromptBehavior: , version: 87.0.4280.88, webStorageEnabled: true}\nSession ID: 3c8da8cd1bf553862704eabc0e0b3be4",
      "time" : {
        "start" : 1610296868963,
        "stop" : 1610296929978,
        "duration" : 61015
      }
    }, {
      "uid" : "13deb23eda9c03e3",
      "status" : "skipped",
      "statusDetails" : "Method Adminverifydoctortest.TC_03_AdminVerifyDoctor()[pri:0, instance:com.sailotech.ezscheduler.testpages.Adminverifydoctortest@715ea64a] depends on not successfully finished methods",
      "time" : {
        "start" : 1610296418480,
        "stop" : 1610296418480,
        "duration" : 0
      }
    }, {
      "uid" : "8269ab884e010204",
      "status" : "skipped",
      "statusDetails" : "Method Adminverifydoctortest.TC_03_AdminVerifyDoctor()[pri:0, instance:com.sailotech.ezscheduler.testpages.Adminverifydoctortest@7c07023] depends on not successfully finished methods",
      "time" : {
        "start" : 1610291113838,
        "stop" : 1610291113838,
        "duration" : 0
      }
    }, {
      "uid" : "1b2bbb29d89233fb",
      "status" : "passed",
      "time" : {
        "start" : 1610150383704,
        "stop" : 1610150411364,
        "duration" : 27660
      }
    }, {
      "uid" : "4963e2fc5e0637eb",
      "status" : "skipped",
      "statusDetails" : "Method Adminverifydoctortest.TC_03_AdminVerifyDoctor()[pri:0, instance:com.sailotech.ezscheduler.testpages.Adminverifydoctortest@67836d4] depends on not successfully finished methods",
      "time" : {
        "start" : 1610149875369,
        "stop" : 1610149875369,
        "duration" : 0
      }
    }, {
      "uid" : "9f068ee96459bdc1",
      "status" : "passed",
      "time" : {
        "start" : 1610147366151,
        "stop" : 1610147403442,
        "duration" : 37291
      }
    }, {
      "uid" : "986aec13beb0dbb2",
      "status" : "passed",
      "time" : {
        "start" : 1610138904954,
        "stop" : 1610138931012,
        "duration" : 26058
      }
    }, {
      "uid" : "c27d4e5b5b651940",
      "status" : "passed",
      "time" : {
        "start" : 1610126486110,
        "stop" : 1610126529645,
        "duration" : 43535
      }
    }, {
      "uid" : "da222a858019db0f",
      "status" : "broken",
      "statusDetails" : "no such element: Unable to locate element: {\"method\":\"xpath\",\"selector\":\"//*[@id=\"app-site\"]/div/div/div[3]/main/div/div/div/div/div/div[2]/div/div/div[2]/div/div/table/tbody/tr[9]/td[3]\"}\n  (Session info: chrome=87.0.4280.88)\n  (Driver info: chromedriver=2.40.565498 (ea082db3280dd6843ebfb08a625e3eb905c4f5ab),platform=Windows NT 10.0.18363 x86_64) (WARNING: The server did not provide any stacktrace information)\nCommand duration or timeout: 0 milliseconds\nFor documentation on this error, please visit: https://www.seleniumhq.org/exceptions/no_such_element.html\nBuild info: version: '3.141.59', revision: 'e82be7d358', time: '2018-11-14T08:17:03'\nSystem info: host: 'DESKTOP-A4GJKOM', ip: '192.168.1.98', os.name: 'Windows 10', os.arch: 'amd64', os.version: '10.0', java.version: '1.8.0_271'\nDriver info: org.openqa.selenium.chrome.ChromeDriver\nCapabilities {acceptInsecureCerts: false, acceptSslCerts: false, applicationCacheEnabled: false, browserConnectionEnabled: false, browserName: chrome, chrome: {chromedriverVersion: 2.40.565498 (ea082db3280dd6..., userDataDir: C:\\Users\\sukki\\AppData\\Loca...}, cssSelectorsEnabled: true, databaseEnabled: false, handlesAlerts: true, hasTouchScreen: false, javascriptEnabled: true, locationContextEnabled: true, mobileEmulationEnabled: false, nativeEvents: true, networkConnectionEnabled: false, pageLoadStrategy: normal, platform: XP, platformName: XP, rotatable: false, setWindowRect: true, takesHeapSnapshot: true, takesScreenshot: true, unexpectedAlertBehaviour: , unhandledPromptBehavior: , version: 87.0.4280.88, webStorageEnabled: true}\nSession ID: dceca7c0ff4a4bfac31b21e9780d66eb\n*** Element info: {Using=xpath, value=//*[@id=\"app-site\"]/div/div/div[3]/main/div/div/div/div/div/div[2]/div/div/div[2]/div/div/table/tbody/tr[9]/td[3]}",
      "time" : {
        "start" : 1610118692905,
        "stop" : 1610118698152,
        "duration" : 5247
      }
    }, {
      "uid" : "ae01efc1ea31d7e3",
      "status" : "broken",
      "statusDetails" : "no such element: Unable to locate element: {\"method\":\"xpath\",\"selector\":\"//*[@id=\"app-site\"]/div/div/div[3]/main/div/div/div/div/div/div[2]/div/div/div[2]/div/div/table/tbody/tr[9]/td[3]\"}\n  (Session info: chrome=87.0.4280.88)\n  (Driver info: chromedriver=2.40.565498 (ea082db3280dd6843ebfb08a625e3eb905c4f5ab),platform=Windows NT 10.0.18363 x86_64) (WARNING: The server did not provide any stacktrace information)\nCommand duration or timeout: 0 milliseconds\nFor documentation on this error, please visit: https://www.seleniumhq.org/exceptions/no_such_element.html\nBuild info: version: '3.141.59', revision: 'e82be7d358', time: '2018-11-14T08:17:03'\nSystem info: host: 'DESKTOP-A4GJKOM', ip: '192.168.1.98', os.name: 'Windows 10', os.arch: 'amd64', os.version: '10.0', java.version: '1.8.0_271'\nDriver info: org.openqa.selenium.chrome.ChromeDriver\nCapabilities {acceptInsecureCerts: false, acceptSslCerts: false, applicationCacheEnabled: false, browserConnectionEnabled: false, browserName: chrome, chrome: {chromedriverVersion: 2.40.565498 (ea082db3280dd6..., userDataDir: C:\\Users\\sukki\\AppData\\Loca...}, cssSelectorsEnabled: true, databaseEnabled: false, handlesAlerts: true, hasTouchScreen: false, javascriptEnabled: true, locationContextEnabled: true, mobileEmulationEnabled: false, nativeEvents: true, networkConnectionEnabled: false, pageLoadStrategy: normal, platform: XP, platformName: XP, rotatable: false, setWindowRect: true, takesHeapSnapshot: true, takesScreenshot: true, unexpectedAlertBehaviour: , unhandledPromptBehavior: , version: 87.0.4280.88, webStorageEnabled: true}\nSession ID: efc0d705018c661b275df6d68dfb115a\n*** Element info: {Using=xpath, value=//*[@id=\"app-site\"]/div/div/div[3]/main/div/div/div/div/div/div[2]/div/div/div[2]/div/div/table/tbody/tr[9]/td[3]}",
      "time" : {
        "start" : 1610117064073,
        "stop" : 1610117069319,
        "duration" : 5246
      }
    }, {
      "uid" : "ef68b3b192b5d5e",
      "status" : "skipped",
      "statusDetails" : "Method Adminverifydoctortest.TC_03_AdminVerifyDoctor()[pri:0, instance:com.sailotech.ezscheduler.testpages.Adminverifydoctortest@1a73f3d1] depends on not successfully finished methods",
      "time" : {
        "start" : 1610116753668,
        "stop" : 1610116753668,
        "duration" : 0
      }
    }, {
      "uid" : "ca82c659924bce3f",
      "status" : "skipped",
      "statusDetails" : "Method Adminverifydoctortest.TC_03_AdminVerifyDoctor()[pri:0, instance:com.sailotech.ezscheduler.testpages.Adminverifydoctortest@4edd8a0a] depends on not successfully finished methods",
      "time" : {
        "start" : 1610116690393,
        "stop" : 1610116690393,
        "duration" : 0
      }
    }, {
      "uid" : "a3aefa83a95f9d06",
      "status" : "skipped",
      "statusDetails" : "Method Adminverifydoctortest.TC_03_AdminVerifyDoctor()[pri:0, instance:com.sailotech.ezscheduler.testpages.Adminverifydoctortest@3cc817bd] depends on not successfully finished methods",
      "time" : {
        "start" : 1610065568982,
        "stop" : 1610065568982,
        "duration" : 0
      }
    }, {
      "uid" : "ab26bc624fdc3a5b",
      "status" : "broken",
      "statusDetails" : "no such element: Unable to locate element: {\"method\":\"xpath\",\"selector\":\"//*[@id=\"app-site\"]/div/div/div[3]/main/div/div/div/div/div/div[2]/div/div/div[2]/div/div/table/tbody/tr[9]/td[3]\"}\n  (Session info: chrome=87.0.4280.88)\n  (Driver info: chromedriver=2.40.565498 (ea082db3280dd6843ebfb08a625e3eb905c4f5ab),platform=Windows NT 10.0.18363 x86_64) (WARNING: The server did not provide any stacktrace information)\nCommand duration or timeout: 0 milliseconds\nFor documentation on this error, please visit: https://www.seleniumhq.org/exceptions/no_such_element.html\nBuild info: version: '3.141.59', revision: 'e82be7d358', time: '2018-11-14T08:17:03'\nSystem info: host: 'DESKTOP-A4GJKOM', ip: '192.168.1.98', os.name: 'Windows 10', os.arch: 'amd64', os.version: '10.0', java.version: '1.8.0_271'\nDriver info: org.openqa.selenium.chrome.ChromeDriver\nCapabilities {acceptInsecureCerts: false, acceptSslCerts: false, applicationCacheEnabled: false, browserConnectionEnabled: false, browserName: chrome, chrome: {chromedriverVersion: 2.40.565498 (ea082db3280dd6..., userDataDir: C:\\Users\\sukki\\AppData\\Loca...}, cssSelectorsEnabled: true, databaseEnabled: false, handlesAlerts: true, hasTouchScreen: false, javascriptEnabled: true, locationContextEnabled: true, mobileEmulationEnabled: false, nativeEvents: true, networkConnectionEnabled: false, pageLoadStrategy: normal, platform: XP, platformName: XP, rotatable: false, setWindowRect: true, takesHeapSnapshot: true, takesScreenshot: true, unexpectedAlertBehaviour: , unhandledPromptBehavior: , version: 87.0.4280.88, webStorageEnabled: true}\nSession ID: 2302718b2084b1172926a1ecc5c05257\n*** Element info: {Using=xpath, value=//*[@id=\"app-site\"]/div/div/div[3]/main/div/div/div/div/div/div[2]/div/div/div[2]/div/div/table/tbody/tr[9]/td[3]}",
      "time" : {
        "start" : 1610063566552,
        "stop" : 1610063587107,
        "duration" : 20555
      }
    }, {
      "uid" : "94e7a453039cc206",
      "status" : "broken",
      "statusDetails" : "stale element reference: element is not attached to the page document\n  (Session info: chrome=87.0.4280.88)\n  (Driver info: chromedriver=2.40.565498 (ea082db3280dd6843ebfb08a625e3eb905c4f5ab),platform=Windows NT 10.0.18363 x86_64) (WARNING: The server did not provide any stacktrace information)\nCommand duration or timeout: 0 milliseconds\nFor documentation on this error, please visit: https://www.seleniumhq.org/exceptions/stale_element_reference.html\nBuild info: version: '3.141.59', revision: 'e82be7d358', time: '2018-11-14T08:17:03'\nSystem info: host: 'DESKTOP-A4GJKOM', ip: '192.168.1.98', os.name: 'Windows 10', os.arch: 'amd64', os.version: '10.0', java.version: '1.8.0_271'\nDriver info: org.openqa.selenium.chrome.ChromeDriver\nCapabilities {acceptInsecureCerts: false, acceptSslCerts: false, applicationCacheEnabled: false, browserConnectionEnabled: false, browserName: chrome, chrome: {chromedriverVersion: 2.40.565498 (ea082db3280dd6..., userDataDir: C:\\Users\\sukki\\AppData\\Loca...}, cssSelectorsEnabled: true, databaseEnabled: false, handlesAlerts: true, hasTouchScreen: false, javascriptEnabled: true, locationContextEnabled: true, mobileEmulationEnabled: false, nativeEvents: true, networkConnectionEnabled: false, pageLoadStrategy: normal, platform: XP, platformName: XP, rotatable: false, setWindowRect: true, takesHeapSnapshot: true, takesScreenshot: true, unexpectedAlertBehaviour: , unhandledPromptBehavior: , version: 87.0.4280.88, webStorageEnabled: true}\nSession ID: ab677dc9b16fc003996e889353e08a91",
      "time" : {
        "start" : 1610061604608,
        "stop" : 1610061738815,
        "duration" : 134207
      }
    }, {
      "uid" : "c61a1ec657acf1de",
      "status" : "skipped",
      "statusDetails" : "Method Adminverifydoctortest.TC_03_AdminVerifyDoctor()[pri:0, instance:com.sailotech.ezscheduler.testpages.Adminverifydoctortest@1315f1d5] depends on not successfully finished methods",
      "time" : {
        "start" : 1610058445812,
        "stop" : 1610058445813,
        "duration" : 1
      }
    }, {
      "uid" : "cf36e5c1abf9c4f9",
      "status" : "broken",
      "statusDetails" : "Expected condition failed: waiting for element to be clickable: Proxy element for: DefaultElementLocator 'By.xpath: //*[@id=\"app-site\"]/div/div/div[3]/main/div/div/div/fieldset/div[1]/div/div/div/form/div[9]/div[2]/div/div/input' (tried for 5 second(s) with 500 milliseconds interval)",
      "time" : {
        "start" : 1610057994302,
        "stop" : 1610058045582,
        "duration" : 51280
      }
    }, {
      "uid" : "224906dbbbd8cb21",
      "status" : "broken",
      "statusDetails" : "stale element reference: element is not attached to the page document\n  (Session info: chrome=87.0.4280.88)\n  (Driver info: chromedriver=2.40.565498 (ea082db3280dd6843ebfb08a625e3eb905c4f5ab),platform=Windows NT 10.0.18363 x86_64) (WARNING: The server did not provide any stacktrace information)\nCommand duration or timeout: 0 milliseconds\nFor documentation on this error, please visit: https://www.seleniumhq.org/exceptions/stale_element_reference.html\nBuild info: version: '3.141.59', revision: 'e82be7d358', time: '2018-11-14T08:17:03'\nSystem info: host: 'DESKTOP-A4GJKOM', ip: '192.168.1.98', os.name: 'Windows 10', os.arch: 'amd64', os.version: '10.0', java.version: '1.8.0_271'\nDriver info: org.openqa.selenium.chrome.ChromeDriver\nCapabilities {acceptInsecureCerts: false, acceptSslCerts: false, applicationCacheEnabled: false, browserConnectionEnabled: false, browserName: chrome, chrome: {chromedriverVersion: 2.40.565498 (ea082db3280dd6..., userDataDir: C:\\Users\\sukki\\AppData\\Loca...}, cssSelectorsEnabled: true, databaseEnabled: false, handlesAlerts: true, hasTouchScreen: false, javascriptEnabled: true, locationContextEnabled: true, mobileEmulationEnabled: false, nativeEvents: true, networkConnectionEnabled: false, pageLoadStrategy: normal, platform: XP, platformName: XP, rotatable: false, setWindowRect: true, takesHeapSnapshot: true, takesScreenshot: true, unexpectedAlertBehaviour: , unhandledPromptBehavior: , version: 87.0.4280.88, webStorageEnabled: true}\nSession ID: 00b08807657cf8e3286a48267e203f5d",
      "time" : {
        "start" : 1610057881448,
        "stop" : 1610057886311,
        "duration" : 4863
      }
    }, {
      "uid" : "d7814c6c84aa4f71",
      "status" : "skipped",
      "statusDetails" : "Method Adminverifydoctortest.TC_03_AdminVerifyDoctor()[pri:0, instance:com.sailotech.ezscheduler.testpages.Adminverifydoctortest@222eda8a] depends on not successfully finished methods",
      "time" : {
        "start" : 1610057441908,
        "stop" : 1610057441908,
        "duration" : 0
      }
    }, {
      "uid" : "9608d46121871126",
      "status" : "broken",
      "statusDetails" : "unknown error: Element <input aria-invalid=\"false\" name=\"trailEndDate\" readonly=\"\" required=\"\" type=\"text\" class=\"MuiInputBase-input MuiOutlinedInput-input MuiInputBase-inputMarginDense MuiOutlinedInput-inputMarginDense\" value=\"\"> is not clickable at point (228, 691). Other element would receive the click: <div class=\"MuiDialog-container MuiDialog-scrollPaper\" role=\"none presentation\" tabindex=\"-1\" style=\"opacity: 0; transition: opacity 195ms cubic-bezier(0.4, 0, 0.2, 1) 0ms;\">...</div>\n  (Session info: chrome=87.0.4280.88)\n  (Driver info: chromedriver=2.40.565498 (ea082db3280dd6843ebfb08a625e3eb905c4f5ab),platform=Windows NT 10.0.18363 x86_64) (WARNING: The server did not provide any stacktrace information)\nCommand duration or timeout: 0 milliseconds\nBuild info: version: '3.141.59', revision: 'e82be7d358', time: '2018-11-14T08:17:03'\nSystem info: host: 'DESKTOP-A4GJKOM', ip: '192.168.1.98', os.name: 'Windows 10', os.arch: 'amd64', os.version: '10.0', java.version: '1.8.0_271'\nDriver info: org.openqa.selenium.chrome.ChromeDriver\nCapabilities {acceptInsecureCerts: false, acceptSslCerts: false, applicationCacheEnabled: false, browserConnectionEnabled: false, browserName: chrome, chrome: {chromedriverVersion: 2.40.565498 (ea082db3280dd6..., userDataDir: C:\\Users\\sukki\\AppData\\Loca...}, cssSelectorsEnabled: true, databaseEnabled: false, handlesAlerts: true, hasTouchScreen: false, javascriptEnabled: true, locationContextEnabled: true, mobileEmulationEnabled: false, nativeEvents: true, networkConnectionEnabled: false, pageLoadStrategy: normal, platform: XP, platformName: XP, rotatable: false, setWindowRect: true, takesHeapSnapshot: true, takesScreenshot: true, unexpectedAlertBehaviour: , unhandledPromptBehavior: , version: 87.0.4280.88, webStorageEnabled: true}\nSession ID: d87c5727062d553e07f56c97c6f0ed97",
      "time" : {
        "start" : 1610057292202,
        "stop" : 1610057301737,
        "duration" : 9535
      }
    }, {
      "uid" : "321b92ccea79ee0b",
      "status" : "skipped",
      "statusDetails" : "Method Adminverifydoctortest.TC_03_AdminVerifyDoctor()[pri:0, instance:com.sailotech.ezscheduler.testpages.Adminverifydoctortest@257d3968] depends on not successfully finished methods",
      "time" : {
        "start" : 1610057190132,
        "stop" : 1610057190132,
        "duration" : 0
      }
    }, {
      "uid" : "9485bfdd781099d3",
      "status" : "broken",
      "statusDetails" : "stale element reference: element is not attached to the page document\n  (Session info: chrome=87.0.4280.88)\n  (Driver info: chromedriver=2.40.565498 (ea082db3280dd6843ebfb08a625e3eb905c4f5ab),platform=Windows NT 10.0.18363 x86_64) (WARNING: The server did not provide any stacktrace information)\nCommand duration or timeout: 0 milliseconds\nFor documentation on this error, please visit: https://www.seleniumhq.org/exceptions/stale_element_reference.html\nBuild info: version: '3.141.59', revision: 'e82be7d358', time: '2018-11-14T08:17:03'\nSystem info: host: 'DESKTOP-A4GJKOM', ip: '192.168.1.98', os.name: 'Windows 10', os.arch: 'amd64', os.version: '10.0', java.version: '1.8.0_271'\nDriver info: org.openqa.selenium.chrome.ChromeDriver\nCapabilities {acceptInsecureCerts: false, acceptSslCerts: false, applicationCacheEnabled: false, browserConnectionEnabled: false, browserName: chrome, chrome: {chromedriverVersion: 2.40.565498 (ea082db3280dd6..., userDataDir: C:\\Users\\sukki\\AppData\\Loca...}, cssSelectorsEnabled: true, databaseEnabled: false, handlesAlerts: true, hasTouchScreen: false, javascriptEnabled: true, locationContextEnabled: true, mobileEmulationEnabled: false, nativeEvents: true, networkConnectionEnabled: false, pageLoadStrategy: normal, platform: XP, platformName: XP, rotatable: false, setWindowRect: true, takesHeapSnapshot: true, takesScreenshot: true, unexpectedAlertBehaviour: , unhandledPromptBehavior: , version: 87.0.4280.88, webStorageEnabled: true}\nSession ID: 61939a8905db1bab3bfa5da1608b5985",
      "time" : {
        "start" : 1610057034167,
        "stop" : 1610057039576,
        "duration" : 5409
      }
    }, {
      "uid" : "1f7aa8fbc34f61d5",
      "status" : "failed",
      "statusDetails" : "WebDriver Exception: could not find Trial EndDate",
      "time" : {
        "start" : 1610056484960,
        "stop" : 1610056495300,
        "duration" : 10340
      }
    }, {
      "uid" : "de663753128487d1",
      "status" : "skipped",
      "statusDetails" : "Method Adminverifydoctortest.TC_03_AdminVerifyDoctor()[pri:0, instance:com.sailotech.ezscheduler.testpages.Adminverifydoctortest@5400db7e] depends on not successfully finished methods",
      "time" : {
        "start" : 1610056253395,
        "stop" : 1610056253395,
        "duration" : 0
      }
    }, {
      "uid" : "eaf0281c312847d2",
      "status" : "failed",
      "statusDetails" : "WebDriver Exception: could not find Trial EndDate",
      "time" : {
        "start" : 1610056140899,
        "stop" : 1610056150302,
        "duration" : 9403
      }
    }, {
      "uid" : "f37273d65fa702dd",
      "status" : "broken",
      "statusDetails" : "unknown error: Element <input aria-invalid=\"false\" name=\"trailEndDate\" readonly=\"\" required=\"\" type=\"text\" class=\"MuiInputBase-input MuiOutlinedInput-input MuiInputBase-inputMarginDense MuiOutlinedInput-inputMarginDense\" value=\"\"> is not clickable at point (228, 691). Other element would receive the click: <div class=\"MuiDialog-container MuiDialog-scrollPaper\" role=\"none presentation\" tabindex=\"-1\" style=\"opacity: 0; transition: opacity 195ms cubic-bezier(0.4, 0, 0.2, 1) 0ms;\">...</div>\n  (Session info: chrome=87.0.4280.88)\n  (Driver info: chromedriver=2.40.565498 (ea082db3280dd6843ebfb08a625e3eb905c4f5ab),platform=Windows NT 10.0.18363 x86_64) (WARNING: The server did not provide any stacktrace information)\nCommand duration or timeout: 0 milliseconds\nBuild info: version: '3.141.59', revision: 'e82be7d358', time: '2018-11-14T08:17:03'\nSystem info: host: 'DESKTOP-A4GJKOM', ip: '192.168.1.98', os.name: 'Windows 10', os.arch: 'amd64', os.version: '10.0', java.version: '1.8.0_271'\nDriver info: org.openqa.selenium.chrome.ChromeDriver\nCapabilities {acceptInsecureCerts: false, acceptSslCerts: false, applicationCacheEnabled: false, browserConnectionEnabled: false, browserName: chrome, chrome: {chromedriverVersion: 2.40.565498 (ea082db3280dd6..., userDataDir: C:\\Users\\sukki\\AppData\\Loca...}, cssSelectorsEnabled: true, databaseEnabled: false, handlesAlerts: true, hasTouchScreen: false, javascriptEnabled: true, locationContextEnabled: true, mobileEmulationEnabled: false, nativeEvents: true, networkConnectionEnabled: false, pageLoadStrategy: normal, platform: XP, platformName: XP, rotatable: false, setWindowRect: true, takesHeapSnapshot: true, takesScreenshot: true, unexpectedAlertBehaviour: , unhandledPromptBehavior: , version: 87.0.4280.88, webStorageEnabled: true}\nSession ID: 0e87795d12aff1a974acdce536d617a4",
      "time" : {
        "start" : 1610055969460,
        "stop" : 1610055979229,
        "duration" : 9769
      }
    }, {
      "uid" : "1009c5fc18c67a86",
      "status" : "skipped",
      "statusDetails" : "Method Adminverifydoctortest.TC_03_AdminVerifyDoctor()[pri:0, instance:com.sailotech.ezscheduler.testpages.Adminverifydoctortest@384f0e32] depends on not successfully finished methods",
      "time" : {
        "start" : 1610055762305,
        "stop" : 1610055762305,
        "duration" : 0
      }
    }, {
      "uid" : "aac8575aafff6a07",
      "status" : "skipped",
      "statusDetails" : "Method Adminverifydoctortest.TC_03_AdminVerifyDoctor()[pri:0, instance:com.sailotech.ezscheduler.testpages.Adminverifydoctortest@623ded82] depends on not successfully finished methods",
      "time" : {
        "start" : 1610055312144,
        "stop" : 1610055312144,
        "duration" : 0
      }
    }, {
      "uid" : "d6bd20bfddcf5d67",
      "status" : "skipped",
      "statusDetails" : "Method Adminverifydoctortest.TC_03_AdminVerifyDoctor()[pri:0, instance:com.sailotech.ezscheduler.testpages.Adminverifydoctortest@384f0e32] depends on not successfully finished methods",
      "time" : {
        "start" : 1610055164519,
        "stop" : 1610055164519,
        "duration" : 0
      }
    }, {
      "uid" : "f9f3b0407c5e533f",
      "status" : "skipped",
      "statusDetails" : "Method Adminverifydoctortest.TC_03_AdminVerifyDoctor()[pri:0, instance:com.sailotech.ezscheduler.testpages.Adminverifydoctortest@20462820] depends on not successfully finished methods",
      "time" : {
        "start" : 1610055089593,
        "stop" : 1610055089593,
        "duration" : 0
      }
    }, {
      "uid" : "b16c8f33d15cb63c",
      "status" : "broken",
      "statusDetails" : "unknown error: Element <input aria-invalid=\"false\" name=\"trailEndDate\" readonly=\"\" required=\"\" type=\"text\" class=\"MuiInputBase-input MuiOutlinedInput-input MuiInputBase-inputMarginDense MuiOutlinedInput-inputMarginDense\" value=\"\"> is not clickable at point (228, 691). Other element would receive the click: <div class=\"MuiDialog-container MuiDialog-scrollPaper\" role=\"none presentation\" tabindex=\"-1\" style=\"opacity: 0; transition: opacity 195ms cubic-bezier(0.4, 0, 0.2, 1) 0ms;\">...</div>\n  (Session info: chrome=87.0.4280.88)\n  (Driver info: chromedriver=2.40.565498 (ea082db3280dd6843ebfb08a625e3eb905c4f5ab),platform=Windows NT 10.0.18363 x86_64) (WARNING: The server did not provide any stacktrace information)\nCommand duration or timeout: 0 milliseconds\nBuild info: version: '3.141.59', revision: 'e82be7d358', time: '2018-11-14T08:17:03'\nSystem info: host: 'DESKTOP-A4GJKOM', ip: '192.168.1.98', os.name: 'Windows 10', os.arch: 'amd64', os.version: '10.0', java.version: '1.8.0_271'\nDriver info: org.openqa.selenium.chrome.ChromeDriver\nCapabilities {acceptInsecureCerts: false, acceptSslCerts: false, applicationCacheEnabled: false, browserConnectionEnabled: false, browserName: chrome, chrome: {chromedriverVersion: 2.40.565498 (ea082db3280dd6..., userDataDir: C:\\Users\\sukki\\AppData\\Loca...}, cssSelectorsEnabled: true, databaseEnabled: false, handlesAlerts: true, hasTouchScreen: false, javascriptEnabled: true, locationContextEnabled: true, mobileEmulationEnabled: false, nativeEvents: true, networkConnectionEnabled: false, pageLoadStrategy: normal, platform: XP, platformName: XP, rotatable: false, setWindowRect: true, takesHeapSnapshot: true, takesScreenshot: true, unexpectedAlertBehaviour: , unhandledPromptBehavior: , version: 87.0.4280.88, webStorageEnabled: true}\nSession ID: 8a45aeb67bbaf74e08fc3dc35074758a",
      "time" : {
        "start" : 1610054832585,
        "stop" : 1610054841334,
        "duration" : 8749
      }
    }, {
      "uid" : "9b7690bbe0221db1",
      "status" : "broken",
      "statusDetails" : "Expected condition failed: waiting for element to be clickable: [[ChromeDriver: chrome on XP (cd01fa0b760b00d36f955051d0a5b660)] -> xpath: //*[@id=\"body\"]/div[3]/div[3]/div/div[1]/div/div[1]/button[1]/span[1]/h6] (tried for 5 second(s) with 500 milliseconds interval)\nBuild info: version: '3.141.59', revision: 'e82be7d358', time: '2018-11-14T08:17:03'\nSystem info: host: 'DESKTOP-A4GJKOM', ip: '192.168.1.98', os.name: 'Windows 10', os.arch: 'amd64', os.version: '10.0', java.version: '1.8.0_271'\nDriver info: org.openqa.selenium.chrome.ChromeDriver\nCapabilities {acceptInsecureCerts: false, acceptSslCerts: false, applicationCacheEnabled: false, browserConnectionEnabled: false, browserName: chrome, chrome: {chromedriverVersion: 2.40.565498 (ea082db3280dd6..., userDataDir: C:\\Users\\sukki\\AppData\\Loca...}, cssSelectorsEnabled: true, databaseEnabled: false, handlesAlerts: true, hasTouchScreen: false, javascriptEnabled: true, locationContextEnabled: true, mobileEmulationEnabled: false, nativeEvents: true, networkConnectionEnabled: false, pageLoadStrategy: normal, platform: XP, platformName: XP, rotatable: false, setWindowRect: true, takesHeapSnapshot: true, takesScreenshot: true, unexpectedAlertBehaviour: , unhandledPromptBehavior: , version: 87.0.4280.88, webStorageEnabled: true}\nSession ID: cd01fa0b760b00d36f955051d0a5b660",
      "time" : {
        "start" : 1610054692493,
        "stop" : 1610054721855,
        "duration" : 29362
      }
    }, {
      "uid" : "d5a2de06bd6d391b",
      "status" : "skipped",
      "statusDetails" : "Method Adminverifydoctortest.TC_03_AdminVerifyDoctor()[pri:0, instance:com.sailotech.ezscheduler.testpages.Adminverifydoctortest@11896124] depends on not successfully finished methods",
      "time" : {
        "start" : 1610053998262,
        "stop" : 1610053998262,
        "duration" : 0
      }
    }, {
      "uid" : "7576dfd33ca0a176",
      "status" : "broken",
      "statusDetails" : "unknown error: Element <span class=\"MuiTab-wrapper\">...</span> is not clickable at point (1136, 147). Other element would receive the click: <div class=\"MuiBackdrop-root MuiBackdrop-invisible\" aria-hidden=\"true\" style=\"opacity: 0; transition: opacity 195ms cubic-bezier(0.4, 0, 0.2, 1) 0ms;\"></div>\n  (Session info: chrome=87.0.4280.88)\n  (Driver info: chromedriver=2.40.565498 (ea082db3280dd6843ebfb08a625e3eb905c4f5ab),platform=Windows NT 10.0.18363 x86_64) (WARNING: The server did not provide any stacktrace information)\nCommand duration or timeout: 0 milliseconds\nBuild info: version: '3.141.59', revision: 'e82be7d358', time: '2018-11-14T08:17:03'\nSystem info: host: 'DESKTOP-A4GJKOM', ip: '192.168.1.98', os.name: 'Windows 10', os.arch: 'amd64', os.version: '10.0', java.version: '1.8.0_271'\nDriver info: org.openqa.selenium.chrome.ChromeDriver\nCapabilities {acceptInsecureCerts: false, acceptSslCerts: false, applicationCacheEnabled: false, browserConnectionEnabled: false, browserName: chrome, chrome: {chromedriverVersion: 2.40.565498 (ea082db3280dd6..., userDataDir: C:\\Users\\sukki\\AppData\\Loca...}, cssSelectorsEnabled: true, databaseEnabled: false, handlesAlerts: true, hasTouchScreen: false, javascriptEnabled: true, locationContextEnabled: true, mobileEmulationEnabled: false, nativeEvents: true, networkConnectionEnabled: false, pageLoadStrategy: normal, platform: XP, platformName: XP, rotatable: false, setWindowRect: true, takesHeapSnapshot: true, takesScreenshot: true, unexpectedAlertBehaviour: , unhandledPromptBehavior: , version: 87.0.4280.88, webStorageEnabled: true}\nSession ID: b269623a501aa50d8880973cb8be9f5b",
      "time" : {
        "start" : 1610053805765,
        "stop" : 1610053807253,
        "duration" : 1488
      }
    }, {
      "uid" : "3e73e00fcd6d0c7",
      "status" : "broken",
      "statusDetails" : "unknown error: Element <span class=\"MuiTab-wrapper\">...</span> is not clickable at point (1136, 147). Other element would receive the click: <div class=\"MuiBackdrop-root MuiBackdrop-invisible\" aria-hidden=\"true\" style=\"opacity: 0; transition: opacity 195ms cubic-bezier(0.4, 0, 0.2, 1) 0ms;\"></div>\n  (Session info: chrome=87.0.4280.88)\n  (Driver info: chromedriver=2.40.565498 (ea082db3280dd6843ebfb08a625e3eb905c4f5ab),platform=Windows NT 10.0.18363 x86_64) (WARNING: The server did not provide any stacktrace information)\nCommand duration or timeout: 0 milliseconds\nBuild info: version: '3.141.59', revision: 'e82be7d358', time: '2018-11-14T08:17:03'\nSystem info: host: 'DESKTOP-A4GJKOM', ip: '192.168.1.98', os.name: 'Windows 10', os.arch: 'amd64', os.version: '10.0', java.version: '1.8.0_271'\nDriver info: org.openqa.selenium.chrome.ChromeDriver\nCapabilities {acceptInsecureCerts: false, acceptSslCerts: false, applicationCacheEnabled: false, browserConnectionEnabled: false, browserName: chrome, chrome: {chromedriverVersion: 2.40.565498 (ea082db3280dd6..., userDataDir: C:\\Users\\sukki\\AppData\\Loca...}, cssSelectorsEnabled: true, databaseEnabled: false, handlesAlerts: true, hasTouchScreen: false, javascriptEnabled: true, locationContextEnabled: true, mobileEmulationEnabled: false, nativeEvents: true, networkConnectionEnabled: false, pageLoadStrategy: normal, platform: XP, platformName: XP, rotatable: false, setWindowRect: true, takesHeapSnapshot: true, takesScreenshot: true, unexpectedAlertBehaviour: , unhandledPromptBehavior: , version: 87.0.4280.88, webStorageEnabled: true}\nSession ID: 6ecb7a51c90e9efae19cb83931fcf87e",
      "time" : {
        "start" : 1610053355820,
        "stop" : 1610053357758,
        "duration" : 1938
      }
    }, {
      "uid" : "19fc84f4bb1ac7d4",
      "status" : "skipped",
      "statusDetails" : "Method Adminverifydoctortest.TC_03_AdminVerifyDoctor()[pri:0, instance:com.sailotech.ezscheduler.testpages.Adminverifydoctortest@6c120b00] depends on not successfully finished methods",
      "time" : {
        "start" : 1610053263565,
        "stop" : 1610053263565,
        "duration" : 0
      }
    }, {
      "uid" : "7607c7fce06726bc",
      "status" : "passed",
      "time" : {
        "start" : 1610053045776,
        "stop" : 1610053195773,
        "duration" : 149997
      }
    }, {
      "uid" : "64c403030cec89c",
      "status" : "skipped",
      "statusDetails" : "Method Adminverifydoctortest.TC_03_AdminVerifyDoctor()[pri:0, instance:com.sailotech.ezscheduler.testpages.Adminverifydoctortest@468646ea] depends on not successfully finished methods",
      "time" : {
        "start" : 1610052929286,
        "stop" : 1610052929286,
        "duration" : 0
      }
    }, {
      "uid" : "db073cba882820e7",
      "status" : "broken",
      "statusDetails" : "unknown error: Element <span class=\"MuiTab-wrapper\">...</span> is not clickable at point (1136, 147). Other element would receive the click: <div class=\"MuiBackdrop-root MuiBackdrop-invisible\" aria-hidden=\"true\" style=\"opacity: 0; transition: opacity 195ms cubic-bezier(0.4, 0, 0.2, 1) 0ms;\"></div>\n  (Session info: chrome=87.0.4280.88)\n  (Driver info: chromedriver=2.40.565498 (ea082db3280dd6843ebfb08a625e3eb905c4f5ab),platform=Windows NT 10.0.18363 x86_64) (WARNING: The server did not provide any stacktrace information)\nCommand duration or timeout: 0 milliseconds\nBuild info: version: '3.141.59', revision: 'e82be7d358', time: '2018-11-14T08:17:03'\nSystem info: host: 'DESKTOP-A4GJKOM', ip: '192.168.1.98', os.name: 'Windows 10', os.arch: 'amd64', os.version: '10.0', java.version: '1.8.0_271'\nDriver info: org.openqa.selenium.chrome.ChromeDriver\nCapabilities {acceptInsecureCerts: false, acceptSslCerts: false, applicationCacheEnabled: false, browserConnectionEnabled: false, browserName: chrome, chrome: {chromedriverVersion: 2.40.565498 (ea082db3280dd6..., userDataDir: C:\\Users\\sukki\\AppData\\Loca...}, cssSelectorsEnabled: true, databaseEnabled: false, handlesAlerts: true, hasTouchScreen: false, javascriptEnabled: true, locationContextEnabled: true, mobileEmulationEnabled: false, nativeEvents: true, networkConnectionEnabled: false, pageLoadStrategy: normal, platform: XP, platformName: XP, rotatable: false, setWindowRect: true, takesHeapSnapshot: true, takesScreenshot: true, unexpectedAlertBehaviour: , unhandledPromptBehavior: , version: 87.0.4280.88, webStorageEnabled: true}\nSession ID: 4bdc3fdfdeca3243cebc4e31aeb61c40",
      "time" : {
        "start" : 1610052825403,
        "stop" : 1610052827346,
        "duration" : 1943
      }
    }, {
      "uid" : "3ea519c402407111",
      "status" : "broken",
      "statusDetails" : "unknown error: Element <span class=\"MuiTab-wrapper\">...</span> is not clickable at point (1136, 147). Other element would receive the click: <div class=\"MuiBackdrop-root MuiBackdrop-invisible\" aria-hidden=\"true\" style=\"opacity: 0; transition: opacity 195ms cubic-bezier(0.4, 0, 0.2, 1) 0ms;\"></div>\n  (Session info: chrome=87.0.4280.88)\n  (Driver info: chromedriver=2.40.565498 (ea082db3280dd6843ebfb08a625e3eb905c4f5ab),platform=Windows NT 10.0.18363 x86_64) (WARNING: The server did not provide any stacktrace information)\nCommand duration or timeout: 0 milliseconds\nBuild info: version: '3.141.59', revision: 'e82be7d358', time: '2018-11-14T08:17:03'\nSystem info: host: 'DESKTOP-A4GJKOM', ip: '192.168.1.98', os.name: 'Windows 10', os.arch: 'amd64', os.version: '10.0', java.version: '1.8.0_271'\nDriver info: org.openqa.selenium.chrome.ChromeDriver\nCapabilities {acceptInsecureCerts: false, acceptSslCerts: false, applicationCacheEnabled: false, browserConnectionEnabled: false, browserName: chrome, chrome: {chromedriverVersion: 2.40.565498 (ea082db3280dd6..., userDataDir: C:\\Users\\sukki\\AppData\\Loca...}, cssSelectorsEnabled: true, databaseEnabled: false, handlesAlerts: true, hasTouchScreen: false, javascriptEnabled: true, locationContextEnabled: true, mobileEmulationEnabled: false, nativeEvents: true, networkConnectionEnabled: false, pageLoadStrategy: normal, platform: XP, platformName: XP, rotatable: false, setWindowRect: true, takesHeapSnapshot: true, takesScreenshot: true, unexpectedAlertBehaviour: , unhandledPromptBehavior: , version: 87.0.4280.88, webStorageEnabled: true}\nSession ID: 739edff8ba19283b6db2fca15818b1e7",
      "time" : {
        "start" : 1610052727043,
        "stop" : 1610052728984,
        "duration" : 1941
      }
    }, {
      "uid" : "94218c9cd100ed5",
      "status" : "skipped",
      "statusDetails" : "Method Adminverifydoctortest.TC_03_AdminVerifyDoctor()[pri:0, instance:com.sailotech.ezscheduler.testpages.Adminverifydoctortest@623ded82] depends on not successfully finished methods",
      "time" : {
        "start" : 1610052664941,
        "stop" : 1610052664941,
        "duration" : 0
      }
    }, {
      "uid" : "f5b0dce4ac8a2282",
      "status" : "skipped",
      "statusDetails" : "Method Adminverifydoctortest.TC_03_AdminVerifyDoctor()[pri:0, instance:com.sailotech.ezscheduler.testpages.Adminverifydoctortest@15c3585] depends on not successfully finished methods",
      "time" : {
        "start" : 1610052570360,
        "stop" : 1610052570360,
        "duration" : 0
      }
    }, {
      "uid" : "a0077678a716f2fb",
      "status" : "skipped",
      "statusDetails" : "Method Adminverifydoctortest.TC_03_AdminVerifyDoctor()[pri:0, instance:com.sailotech.ezscheduler.testpages.Adminverifydoctortest@468646ea] depends on not successfully finished methods",
      "time" : {
        "start" : 1610052535961,
        "stop" : 1610052535961,
        "duration" : 0
      }
    }, {
      "uid" : "cc55ae7faf9be2cf",
      "status" : "broken",
      "statusDetails" : "unknown error: Element <span class=\"MuiTab-wrapper\">...</span> is not clickable at point (1136, 147). Other element would receive the click: <div class=\"MuiBackdrop-root MuiBackdrop-invisible\" aria-hidden=\"true\" style=\"opacity: 0; transition: opacity 195ms cubic-bezier(0.4, 0, 0.2, 1) 0ms;\"></div>\n  (Session info: chrome=87.0.4280.88)\n  (Driver info: chromedriver=2.40.565498 (ea082db3280dd6843ebfb08a625e3eb905c4f5ab),platform=Windows NT 10.0.18363 x86_64) (WARNING: The server did not provide any stacktrace information)\nCommand duration or timeout: 0 milliseconds\nBuild info: version: '3.141.59', revision: 'e82be7d358', time: '2018-11-14T08:17:03'\nSystem info: host: 'DESKTOP-A4GJKOM', ip: '192.168.1.98', os.name: 'Windows 10', os.arch: 'amd64', os.version: '10.0', java.version: '1.8.0_271'\nDriver info: org.openqa.selenium.chrome.ChromeDriver\nCapabilities {acceptInsecureCerts: false, acceptSslCerts: false, applicationCacheEnabled: false, browserConnectionEnabled: false, browserName: chrome, chrome: {chromedriverVersion: 2.40.565498 (ea082db3280dd6..., userDataDir: C:\\Users\\sukki\\AppData\\Loca...}, cssSelectorsEnabled: true, databaseEnabled: false, handlesAlerts: true, hasTouchScreen: false, javascriptEnabled: true, locationContextEnabled: true, mobileEmulationEnabled: false, nativeEvents: true, networkConnectionEnabled: false, pageLoadStrategy: normal, platform: XP, platformName: XP, rotatable: false, setWindowRect: true, takesHeapSnapshot: true, takesScreenshot: true, unexpectedAlertBehaviour: , unhandledPromptBehavior: , version: 87.0.4280.88, webStorageEnabled: true}\nSession ID: 09318868d3d61935a0b1a586142724d1",
      "time" : {
        "start" : 1610052058257,
        "stop" : 1610052070391,
        "duration" : 12134
      }
    }, {
      "uid" : "6a35d932c1dcdd6b",
      "status" : "passed",
      "time" : {
        "start" : 1610051546961,
        "stop" : 1610051566046,
        "duration" : 19085
      }
    }, {
      "uid" : "fd197b1392207248",
      "status" : "broken",
      "statusDetails" : "stale element reference: element is not attached to the page document\n  (Session info: chrome=87.0.4280.88)\n  (Driver info: chromedriver=2.40.565498 (ea082db3280dd6843ebfb08a625e3eb905c4f5ab),platform=Windows NT 10.0.18363 x86_64) (WARNING: The server did not provide any stacktrace information)\nCommand duration or timeout: 0 milliseconds\nFor documentation on this error, please visit: https://www.seleniumhq.org/exceptions/stale_element_reference.html\nBuild info: version: '3.141.59', revision: 'e82be7d358', time: '2018-11-14T08:17:03'\nSystem info: host: 'DESKTOP-A4GJKOM', ip: '192.168.1.98', os.name: 'Windows 10', os.arch: 'amd64', os.version: '10.0', java.version: '1.8.0_271'\nDriver info: org.openqa.selenium.chrome.ChromeDriver\nCapabilities {acceptInsecureCerts: false, acceptSslCerts: false, applicationCacheEnabled: false, browserConnectionEnabled: false, browserName: chrome, chrome: {chromedriverVersion: 2.40.565498 (ea082db3280dd6..., userDataDir: C:\\Users\\sukki\\AppData\\Loca...}, cssSelectorsEnabled: true, databaseEnabled: false, handlesAlerts: true, hasTouchScreen: false, javascriptEnabled: true, locationContextEnabled: true, mobileEmulationEnabled: false, nativeEvents: true, networkConnectionEnabled: false, pageLoadStrategy: normal, platform: XP, platformName: XP, rotatable: false, setWindowRect: true, takesHeapSnapshot: true, takesScreenshot: true, unexpectedAlertBehaviour: , unhandledPromptBehavior: , version: 87.0.4280.88, webStorageEnabled: true}\nSession ID: e6a5f006fb968d79327e37dd364c50c8",
      "time" : {
        "start" : 1610049840329,
        "stop" : 1610049849443,
        "duration" : 9114
      }
    }, {
      "uid" : "bbb00612d73e8f74",
      "status" : "passed",
      "time" : {
        "start" : 1610049507884,
        "stop" : 1610049531763,
        "duration" : 23879
      }
    }, {
      "uid" : "1279ad176b30a454",
      "status" : "broken",
      "statusDetails" : "no such element: Unable to locate element: {\"method\":\"xpath\",\"selector\":\"//div[starts-with(@class,'MuiAlert-message')]\"}\n  (Session info: chrome=87.0.4280.88)\n  (Driver info: chromedriver=2.40.565498 (ea082db3280dd6843ebfb08a625e3eb905c4f5ab),platform=Windows NT 10.0.18363 x86_64) (WARNING: The server did not provide any stacktrace information)\nCommand duration or timeout: 0 milliseconds\nFor documentation on this error, please visit: https://www.seleniumhq.org/exceptions/no_such_element.html\nBuild info: version: '3.141.59', revision: 'e82be7d358', time: '2018-11-14T08:17:03'\nSystem info: host: 'DESKTOP-A4GJKOM', ip: '192.168.1.98', os.name: 'Windows 10', os.arch: 'amd64', os.version: '10.0', java.version: '1.8.0_271'\nDriver info: org.openqa.selenium.chrome.ChromeDriver\nCapabilities {acceptInsecureCerts: false, acceptSslCerts: false, applicationCacheEnabled: false, browserConnectionEnabled: false, browserName: chrome, chrome: {chromedriverVersion: 2.40.565498 (ea082db3280dd6..., userDataDir: C:\\Users\\sukki\\AppData\\Loca...}, cssSelectorsEnabled: true, databaseEnabled: false, handlesAlerts: true, hasTouchScreen: false, javascriptEnabled: true, locationContextEnabled: true, mobileEmulationEnabled: false, nativeEvents: true, networkConnectionEnabled: false, pageLoadStrategy: normal, platform: XP, platformName: XP, rotatable: false, setWindowRect: true, takesHeapSnapshot: true, takesScreenshot: true, unexpectedAlertBehaviour: , unhandledPromptBehavior: , version: 87.0.4280.88, webStorageEnabled: true}\nSession ID: 113db9a952543fdac63a828d8ed7a4b5\n*** Element info: {Using=xpath, value=//div[starts-with(@class,'MuiAlert-message')]}",
      "time" : {
        "start" : 1610044926197,
        "stop" : 1610044944124,
        "duration" : 17927
      }
    }, {
      "uid" : "8bc0aec86c70cc50",
      "status" : "broken",
      "statusDetails" : "no such element: Unable to locate element: {\"method\":\"xpath\",\"selector\":\"//div[starts-with(@class,'MuiAlert-message')]\"}\n  (Session info: chrome=87.0.4280.88)\n  (Driver info: chromedriver=2.40.565498 (ea082db3280dd6843ebfb08a625e3eb905c4f5ab),platform=Windows NT 10.0.18363 x86_64) (WARNING: The server did not provide any stacktrace information)\nCommand duration or timeout: 0 milliseconds\nFor documentation on this error, please visit: https://www.seleniumhq.org/exceptions/no_such_element.html\nBuild info: version: '3.141.59', revision: 'e82be7d358', time: '2018-11-14T08:17:03'\nSystem info: host: 'DESKTOP-A4GJKOM', ip: '192.168.1.98', os.name: 'Windows 10', os.arch: 'amd64', os.version: '10.0', java.version: '1.8.0_271'\nDriver info: org.openqa.selenium.chrome.ChromeDriver\nCapabilities {acceptInsecureCerts: false, acceptSslCerts: false, applicationCacheEnabled: false, browserConnectionEnabled: false, browserName: chrome, chrome: {chromedriverVersion: 2.40.565498 (ea082db3280dd6..., userDataDir: C:\\Users\\sukki\\AppData\\Loca...}, cssSelectorsEnabled: true, databaseEnabled: false, handlesAlerts: true, hasTouchScreen: false, javascriptEnabled: true, locationContextEnabled: true, mobileEmulationEnabled: false, nativeEvents: true, networkConnectionEnabled: false, pageLoadStrategy: normal, platform: XP, platformName: XP, rotatable: false, setWindowRect: true, takesHeapSnapshot: true, takesScreenshot: true, unexpectedAlertBehaviour: , unhandledPromptBehavior: , version: 87.0.4280.88, webStorageEnabled: true}\nSession ID: 90319252e072bff11fc783d3c3783372\n*** Element info: {Using=xpath, value=//div[starts-with(@class,'MuiAlert-message')]}",
      "time" : {
        "start" : 1610043879688,
        "stop" : 1610043897578,
        "duration" : 17890
      }
    }, {
      "uid" : "f3a1b08c393f7559",
      "status" : "broken",
      "statusDetails" : "no such element: Unable to locate element: {\"method\":\"xpath\",\"selector\":\"//div[starts-with(@class,'MuiAlert-message')]\"}\n  (Session info: chrome=87.0.4280.88)\n  (Driver info: chromedriver=2.40.565498 (ea082db3280dd6843ebfb08a625e3eb905c4f5ab),platform=Windows NT 10.0.18363 x86_64) (WARNING: The server did not provide any stacktrace information)\nCommand duration or timeout: 0 milliseconds\nFor documentation on this error, please visit: https://www.seleniumhq.org/exceptions/no_such_element.html\nBuild info: version: '3.141.59', revision: 'e82be7d358', time: '2018-11-14T08:17:03'\nSystem info: host: 'DESKTOP-A4GJKOM', ip: '192.168.1.98', os.name: 'Windows 10', os.arch: 'amd64', os.version: '10.0', java.version: '1.8.0_271'\nDriver info: org.openqa.selenium.chrome.ChromeDriver\nCapabilities {acceptInsecureCerts: false, acceptSslCerts: false, applicationCacheEnabled: false, browserConnectionEnabled: false, browserName: chrome, chrome: {chromedriverVersion: 2.40.565498 (ea082db3280dd6..., userDataDir: C:\\Users\\sukki\\AppData\\Loca...}, cssSelectorsEnabled: true, databaseEnabled: false, handlesAlerts: true, hasTouchScreen: false, javascriptEnabled: true, locationContextEnabled: true, mobileEmulationEnabled: false, nativeEvents: true, networkConnectionEnabled: false, pageLoadStrategy: normal, platform: XP, platformName: XP, rotatable: false, setWindowRect: true, takesHeapSnapshot: true, takesScreenshot: true, unexpectedAlertBehaviour: , unhandledPromptBehavior: , version: 87.0.4280.88, webStorageEnabled: true}\nSession ID: dd603116290c082038ac36e0895e7c0d\n*** Element info: {Using=xpath, value=//div[starts-with(@class,'MuiAlert-message')]}",
      "time" : {
        "start" : 1610043550481,
        "stop" : 1610043567819,
        "duration" : 17338
      }
    }, {
      "uid" : "90967c5a7e78abb9",
      "status" : "broken",
      "statusDetails" : "no such element: Unable to locate element: {\"method\":\"xpath\",\"selector\":\"//div[starts-with(@class,'MuiAlert-message')]\"}\n  (Session info: chrome=87.0.4280.88)\n  (Driver info: chromedriver=2.40.565498 (ea082db3280dd6843ebfb08a625e3eb905c4f5ab),platform=Windows NT 10.0.18363 x86_64) (WARNING: The server did not provide any stacktrace information)\nCommand duration or timeout: 0 milliseconds\nFor documentation on this error, please visit: https://www.seleniumhq.org/exceptions/no_such_element.html\nBuild info: version: '3.141.59', revision: 'e82be7d358', time: '2018-11-14T08:17:03'\nSystem info: host: 'DESKTOP-A4GJKOM', ip: '192.168.1.98', os.name: 'Windows 10', os.arch: 'amd64', os.version: '10.0', java.version: '1.8.0_271'\nDriver info: org.openqa.selenium.chrome.ChromeDriver\nCapabilities {acceptInsecureCerts: false, acceptSslCerts: false, applicationCacheEnabled: false, browserConnectionEnabled: false, browserName: chrome, chrome: {chromedriverVersion: 2.40.565498 (ea082db3280dd6..., userDataDir: C:\\Users\\sukki\\AppData\\Loca...}, cssSelectorsEnabled: true, databaseEnabled: false, handlesAlerts: true, hasTouchScreen: false, javascriptEnabled: true, locationContextEnabled: true, mobileEmulationEnabled: false, nativeEvents: true, networkConnectionEnabled: false, pageLoadStrategy: normal, platform: XP, platformName: XP, rotatable: false, setWindowRect: true, takesHeapSnapshot: true, takesScreenshot: true, unexpectedAlertBehaviour: , unhandledPromptBehavior: , version: 87.0.4280.88, webStorageEnabled: true}\nSession ID: 16f218eb87a6dc4bf60d780c105ac7d3\n*** Element info: {Using=xpath, value=//div[starts-with(@class,'MuiAlert-message')]}",
      "time" : {
        "start" : 1610043485321,
        "stop" : 1610043503185,
        "duration" : 17864
      }
    }, {
      "uid" : "e71cf08a0bf4283e",
      "status" : "broken",
      "statusDetails" : "no such element: Unable to locate element: {\"method\":\"xpath\",\"selector\":\"//div[starts-with(@class,'MuiAlert-message')]\"}\n  (Session info: chrome=87.0.4280.88)\n  (Driver info: chromedriver=2.40.565498 (ea082db3280dd6843ebfb08a625e3eb905c4f5ab),platform=Windows NT 10.0.18363 x86_64) (WARNING: The server did not provide any stacktrace information)\nCommand duration or timeout: 0 milliseconds\nFor documentation on this error, please visit: https://www.seleniumhq.org/exceptions/no_such_element.html\nBuild info: version: '3.141.59', revision: 'e82be7d358', time: '2018-11-14T08:17:03'\nSystem info: host: 'DESKTOP-A4GJKOM', ip: '192.168.1.98', os.name: 'Windows 10', os.arch: 'amd64', os.version: '10.0', java.version: '1.8.0_271'\nDriver info: org.openqa.selenium.chrome.ChromeDriver\nCapabilities {acceptInsecureCerts: false, acceptSslCerts: false, applicationCacheEnabled: false, browserConnectionEnabled: false, browserName: chrome, chrome: {chromedriverVersion: 2.40.565498 (ea082db3280dd6..., userDataDir: C:\\Users\\sukki\\AppData\\Loca...}, cssSelectorsEnabled: true, databaseEnabled: false, handlesAlerts: true, hasTouchScreen: false, javascriptEnabled: true, locationContextEnabled: true, mobileEmulationEnabled: false, nativeEvents: true, networkConnectionEnabled: false, pageLoadStrategy: normal, platform: XP, platformName: XP, rotatable: false, setWindowRect: true, takesHeapSnapshot: true, takesScreenshot: true, unexpectedAlertBehaviour: , unhandledPromptBehavior: , version: 87.0.4280.88, webStorageEnabled: true}\nSession ID: 3f74de7595927765f9df479b44cd5fce\n*** Element info: {Using=xpath, value=//div[starts-with(@class,'MuiAlert-message')]}",
      "time" : {
        "start" : 1610042713693,
        "stop" : 1610042732030,
        "duration" : 18337
      }
    }, {
      "uid" : "552a445fdbcd206a",
      "status" : "broken",
      "statusDetails" : "no such element: Unable to locate element: {\"method\":\"xpath\",\"selector\":\"//div[starts-with(@class,'MuiAlert-message')]\"}\n  (Session info: chrome=87.0.4280.88)\n  (Driver info: chromedriver=2.40.565498 (ea082db3280dd6843ebfb08a625e3eb905c4f5ab),platform=Windows NT 10.0.18363 x86_64) (WARNING: The server did not provide any stacktrace information)\nCommand duration or timeout: 0 milliseconds\nFor documentation on this error, please visit: https://www.seleniumhq.org/exceptions/no_such_element.html\nBuild info: version: '3.141.59', revision: 'e82be7d358', time: '2018-11-14T08:17:03'\nSystem info: host: 'DESKTOP-A4GJKOM', ip: '192.168.1.98', os.name: 'Windows 10', os.arch: 'amd64', os.version: '10.0', java.version: '1.8.0_271'\nDriver info: org.openqa.selenium.chrome.ChromeDriver\nCapabilities {acceptInsecureCerts: false, acceptSslCerts: false, applicationCacheEnabled: false, browserConnectionEnabled: false, browserName: chrome, chrome: {chromedriverVersion: 2.40.565498 (ea082db3280dd6..., userDataDir: C:\\Users\\sukki\\AppData\\Loca...}, cssSelectorsEnabled: true, databaseEnabled: false, handlesAlerts: true, hasTouchScreen: false, javascriptEnabled: true, locationContextEnabled: true, mobileEmulationEnabled: false, nativeEvents: true, networkConnectionEnabled: false, pageLoadStrategy: normal, platform: XP, platformName: XP, rotatable: false, setWindowRect: true, takesHeapSnapshot: true, takesScreenshot: true, unexpectedAlertBehaviour: , unhandledPromptBehavior: , version: 87.0.4280.88, webStorageEnabled: true}\nSession ID: 558a0eb22fb70252de9f9fd329e6332c\n*** Element info: {Using=xpath, value=//div[starts-with(@class,'MuiAlert-message')]}",
      "time" : {
        "start" : 1610042643567,
        "stop" : 1610042661753,
        "duration" : 18186
      }
    }, {
      "uid" : "466176c5aa705d05",
      "status" : "broken",
      "statusDetails" : "no such element: Unable to locate element: {\"method\":\"xpath\",\"selector\":\"//div[starts-with(@class,'MuiAlert-message')]\"}\n  (Session info: chrome=87.0.4280.88)\n  (Driver info: chromedriver=2.40.565498 (ea082db3280dd6843ebfb08a625e3eb905c4f5ab),platform=Windows NT 10.0.18363 x86_64) (WARNING: The server did not provide any stacktrace information)\nCommand duration or timeout: 0 milliseconds\nFor documentation on this error, please visit: https://www.seleniumhq.org/exceptions/no_such_element.html\nBuild info: version: '3.141.59', revision: 'e82be7d358', time: '2018-11-14T08:17:03'\nSystem info: host: 'DESKTOP-A4GJKOM', ip: '192.168.1.98', os.name: 'Windows 10', os.arch: 'amd64', os.version: '10.0', java.version: '1.8.0_271'\nDriver info: org.openqa.selenium.chrome.ChromeDriver\nCapabilities {acceptInsecureCerts: false, acceptSslCerts: false, applicationCacheEnabled: false, browserConnectionEnabled: false, browserName: chrome, chrome: {chromedriverVersion: 2.40.565498 (ea082db3280dd6..., userDataDir: C:\\Users\\sukki\\AppData\\Loca...}, cssSelectorsEnabled: true, databaseEnabled: false, handlesAlerts: true, hasTouchScreen: false, javascriptEnabled: true, locationContextEnabled: true, mobileEmulationEnabled: false, nativeEvents: true, networkConnectionEnabled: false, pageLoadStrategy: normal, platform: XP, platformName: XP, rotatable: false, setWindowRect: true, takesHeapSnapshot: true, takesScreenshot: true, unexpectedAlertBehaviour: , unhandledPromptBehavior: , version: 87.0.4280.88, webStorageEnabled: true}\nSession ID: 6150be7a4083cd6ae9fc8543ce12bdf2\n*** Element info: {Using=xpath, value=//div[starts-with(@class,'MuiAlert-message')]}",
      "time" : {
        "start" : 1610042544235,
        "stop" : 1610042562447,
        "duration" : 18212
      }
    }, {
      "uid" : "f7036434236c1d87",
      "status" : "skipped",
      "statusDetails" : "Method Adminverifydoctortest.TC_03_AdminVerifyDoctor()[pri:0, instance:com.sailotech.ezscheduler.testpages.Adminverifydoctortest@180e33b0] depends on not successfully finished methods",
      "time" : {
        "start" : 1610042502641,
        "stop" : 1610042502642,
        "duration" : 1
      }
    }, {
      "uid" : "5c73924aaa2e2d6e",
      "status" : "broken",
      "statusDetails" : "no such element: Unable to locate element: {\"method\":\"xpath\",\"selector\":\"//div[starts-with(@class,'MuiAlert-message')]\"}\n  (Session info: chrome=87.0.4280.88)\n  (Driver info: chromedriver=2.40.565498 (ea082db3280dd6843ebfb08a625e3eb905c4f5ab),platform=Windows NT 10.0.18363 x86_64) (WARNING: The server did not provide any stacktrace information)\nCommand duration or timeout: 0 milliseconds\nFor documentation on this error, please visit: https://www.seleniumhq.org/exceptions/no_such_element.html\nBuild info: version: '3.141.59', revision: 'e82be7d358', time: '2018-11-14T08:17:03'\nSystem info: host: 'DESKTOP-A4GJKOM', ip: '192.168.1.98', os.name: 'Windows 10', os.arch: 'amd64', os.version: '10.0', java.version: '1.8.0_271'\nDriver info: org.openqa.selenium.chrome.ChromeDriver\nCapabilities {acceptInsecureCerts: false, acceptSslCerts: false, applicationCacheEnabled: false, browserConnectionEnabled: false, browserName: chrome, chrome: {chromedriverVersion: 2.40.565498 (ea082db3280dd6..., userDataDir: C:\\Users\\sukki\\AppData\\Loca...}, cssSelectorsEnabled: true, databaseEnabled: false, handlesAlerts: true, hasTouchScreen: false, javascriptEnabled: true, locationContextEnabled: true, mobileEmulationEnabled: false, nativeEvents: true, networkConnectionEnabled: false, pageLoadStrategy: normal, platform: XP, platformName: XP, rotatable: false, setWindowRect: true, takesHeapSnapshot: true, takesScreenshot: true, unexpectedAlertBehaviour: , unhandledPromptBehavior: , version: 87.0.4280.88, webStorageEnabled: true}\nSession ID: 260a9d33c14c9dd5eb5636c81a3b856b\n*** Element info: {Using=xpath, value=//div[starts-with(@class,'MuiAlert-message')]}",
      "time" : {
        "start" : 1610042378397,
        "stop" : 1610042393024,
        "duration" : 14627
      }
    }, {
      "uid" : "1aadda3a3c0a7844",
      "status" : "skipped",
      "statusDetails" : "Method Adminverifydoctortest.TC_03_AdminVerifyDoctor()[pri:0, instance:com.sailotech.ezscheduler.testpages.Adminverifydoctortest@384f0e32] depends on not successfully finished methods",
      "time" : {
        "start" : 1610042331196,
        "stop" : 1610042331196,
        "duration" : 0
      }
    }, {
      "uid" : "d2a9a3f5d273f391",
      "status" : "broken",
      "statusDetails" : "no such element: Unable to locate element: {\"method\":\"xpath\",\"selector\":\"//div[starts-with(@class,'MuiAlert-message')]\"}\n  (Session info: chrome=87.0.4280.88)\n  (Driver info: chromedriver=2.40.565498 (ea082db3280dd6843ebfb08a625e3eb905c4f5ab),platform=Windows NT 10.0.18363 x86_64) (WARNING: The server did not provide any stacktrace information)\nCommand duration or timeout: 0 milliseconds\nFor documentation on this error, please visit: https://www.seleniumhq.org/exceptions/no_such_element.html\nBuild info: version: '3.141.59', revision: 'e82be7d358', time: '2018-11-14T08:17:03'\nSystem info: host: 'DESKTOP-A4GJKOM', ip: '192.168.1.98', os.name: 'Windows 10', os.arch: 'amd64', os.version: '10.0', java.version: '1.8.0_271'\nDriver info: org.openqa.selenium.chrome.ChromeDriver\nCapabilities {acceptInsecureCerts: false, acceptSslCerts: false, applicationCacheEnabled: false, browserConnectionEnabled: false, browserName: chrome, chrome: {chromedriverVersion: 2.40.565498 (ea082db3280dd6..., userDataDir: C:\\Users\\sukki\\AppData\\Loca...}, cssSelectorsEnabled: true, databaseEnabled: false, handlesAlerts: true, hasTouchScreen: false, javascriptEnabled: true, locationContextEnabled: true, mobileEmulationEnabled: false, nativeEvents: true, networkConnectionEnabled: false, pageLoadStrategy: normal, platform: XP, platformName: XP, rotatable: false, setWindowRect: true, takesHeapSnapshot: true, takesScreenshot: true, unexpectedAlertBehaviour: , unhandledPromptBehavior: , version: 87.0.4280.88, webStorageEnabled: true}\nSession ID: f58f138290087951238e96993d66ac43\n*** Element info: {Using=xpath, value=//div[starts-with(@class,'MuiAlert-message')]}",
      "time" : {
        "start" : 1610031673416,
        "stop" : 1610031688131,
        "duration" : 14715
      }
    }, {
      "uid" : "7e50c26e776f42a7",
      "status" : "broken",
      "statusDetails" : "no such element: Unable to locate element: {\"method\":\"xpath\",\"selector\":\"//div[starts-with(@class,'MuiAlert-message')]\"}\n  (Session info: chrome=87.0.4280.88)\n  (Driver info: chromedriver=2.40.565498 (ea082db3280dd6843ebfb08a625e3eb905c4f5ab),platform=Windows NT 10.0.18363 x86_64) (WARNING: The server did not provide any stacktrace information)\nCommand duration or timeout: 0 milliseconds\nFor documentation on this error, please visit: https://www.seleniumhq.org/exceptions/no_such_element.html\nBuild info: version: '3.141.59', revision: 'e82be7d358', time: '2018-11-14T08:17:03'\nSystem info: host: 'DESKTOP-A4GJKOM', ip: '192.168.1.98', os.name: 'Windows 10', os.arch: 'amd64', os.version: '10.0', java.version: '1.8.0_271'\nDriver info: org.openqa.selenium.chrome.ChromeDriver\nCapabilities {acceptInsecureCerts: false, acceptSslCerts: false, applicationCacheEnabled: false, browserConnectionEnabled: false, browserName: chrome, chrome: {chromedriverVersion: 2.40.565498 (ea082db3280dd6..., userDataDir: C:\\Users\\sukki\\AppData\\Loca...}, cssSelectorsEnabled: true, databaseEnabled: false, handlesAlerts: true, hasTouchScreen: false, javascriptEnabled: true, locationContextEnabled: true, mobileEmulationEnabled: false, nativeEvents: true, networkConnectionEnabled: false, pageLoadStrategy: normal, platform: XP, platformName: XP, rotatable: false, setWindowRect: true, takesHeapSnapshot: true, takesScreenshot: true, unexpectedAlertBehaviour: , unhandledPromptBehavior: , version: 87.0.4280.88, webStorageEnabled: true}\nSession ID: 3080ada4a11604d22386c11b636baf2b\n*** Element info: {Using=xpath, value=//div[starts-with(@class,'MuiAlert-message')]}",
      "time" : {
        "start" : 1610031570683,
        "stop" : 1610031584263,
        "duration" : 13580
      }
    }, {
      "uid" : "d3ab7ee142c17ece",
      "status" : "broken",
      "statusDetails" : "unknown error: Element <span class=\"MuiTab-wrapper\">...</span> is not clickable at point (382, 147). Other element would receive the click: <div class=\"MuiBackdrop-root MuiBackdrop-invisible\" aria-hidden=\"true\" style=\"opacity: 0; transition: opacity 195ms cubic-bezier(0.4, 0, 0.2, 1) 0ms;\"></div>\n  (Session info: chrome=87.0.4280.88)\n  (Driver info: chromedriver=2.40.565498 (ea082db3280dd6843ebfb08a625e3eb905c4f5ab),platform=Windows NT 10.0.18363 x86_64) (WARNING: The server did not provide any stacktrace information)\nCommand duration or timeout: 0 milliseconds\nBuild info: version: '3.141.59', revision: 'e82be7d358', time: '2018-11-14T08:17:03'\nSystem info: host: 'DESKTOP-A4GJKOM', ip: '192.168.1.98', os.name: 'Windows 10', os.arch: 'amd64', os.version: '10.0', java.version: '1.8.0_271'\nDriver info: org.openqa.selenium.chrome.ChromeDriver\nCapabilities {acceptInsecureCerts: false, acceptSslCerts: false, applicationCacheEnabled: false, browserConnectionEnabled: false, browserName: chrome, chrome: {chromedriverVersion: 2.40.565498 (ea082db3280dd6..., userDataDir: C:\\Users\\sukki\\AppData\\Loca...}, cssSelectorsEnabled: true, databaseEnabled: false, handlesAlerts: true, hasTouchScreen: false, javascriptEnabled: true, locationContextEnabled: true, mobileEmulationEnabled: false, nativeEvents: true, networkConnectionEnabled: false, pageLoadStrategy: normal, platform: XP, platformName: XP, rotatable: false, setWindowRect: true, takesHeapSnapshot: true, takesScreenshot: true, unexpectedAlertBehaviour: , unhandledPromptBehavior: , version: 87.0.4280.88, webStorageEnabled: true}\nSession ID: e2c595bc32921a802673f0c7e1e3b826",
      "time" : {
        "start" : 1610031393602,
        "stop" : 1610031395738,
        "duration" : 2136
      }
    }, {
      "uid" : "8c28d06411db3eae",
      "status" : "broken",
      "statusDetails" : "unknown error: Element <span class=\"MuiTab-wrapper\">...</span> is not clickable at point (382, 147). Other element would receive the click: <div class=\"MuiBackdrop-root MuiBackdrop-invisible\" aria-hidden=\"true\" style=\"opacity: 0; transition: opacity 195ms cubic-bezier(0.4, 0, 0.2, 1) 0ms;\"></div>\n  (Session info: chrome=87.0.4280.88)\n  (Driver info: chromedriver=2.40.565498 (ea082db3280dd6843ebfb08a625e3eb905c4f5ab),platform=Windows NT 10.0.18363 x86_64) (WARNING: The server did not provide any stacktrace information)\nCommand duration or timeout: 0 milliseconds\nBuild info: version: '3.141.59', revision: 'e82be7d358', time: '2018-11-14T08:17:03'\nSystem info: host: 'DESKTOP-A4GJKOM', ip: '192.168.1.98', os.name: 'Windows 10', os.arch: 'amd64', os.version: '10.0', java.version: '1.8.0_271'\nDriver info: org.openqa.selenium.chrome.ChromeDriver\nCapabilities {acceptInsecureCerts: false, acceptSslCerts: false, applicationCacheEnabled: false, browserConnectionEnabled: false, browserName: chrome, chrome: {chromedriverVersion: 2.40.565498 (ea082db3280dd6..., userDataDir: C:\\Users\\sukki\\AppData\\Loca...}, cssSelectorsEnabled: true, databaseEnabled: false, handlesAlerts: true, hasTouchScreen: false, javascriptEnabled: true, locationContextEnabled: true, mobileEmulationEnabled: false, nativeEvents: true, networkConnectionEnabled: false, pageLoadStrategy: normal, platform: XP, platformName: XP, rotatable: false, setWindowRect: true, takesHeapSnapshot: true, takesScreenshot: true, unexpectedAlertBehaviour: , unhandledPromptBehavior: , version: 87.0.4280.88, webStorageEnabled: true}\nSession ID: 97a091142f1e99e3943be5383ca368ae",
      "time" : {
        "start" : 1610031329171,
        "stop" : 1610031331323,
        "duration" : 2152
      }
    }, {
      "uid" : "bbbebe28a3b9431b",
      "status" : "broken",
      "statusDetails" : "unknown error: Element <span class=\"MuiTab-wrapper\">...</span> is not clickable at point (382, 147). Other element would receive the click: <div class=\"MuiBackdrop-root MuiBackdrop-invisible\" aria-hidden=\"true\" style=\"opacity: 0; transition: opacity 195ms cubic-bezier(0.4, 0, 0.2, 1) 0ms;\"></div>\n  (Session info: chrome=87.0.4280.88)\n  (Driver info: chromedriver=2.40.565498 (ea082db3280dd6843ebfb08a625e3eb905c4f5ab),platform=Windows NT 10.0.18363 x86_64) (WARNING: The server did not provide any stacktrace information)\nCommand duration or timeout: 0 milliseconds\nBuild info: version: '3.141.59', revision: 'e82be7d358', time: '2018-11-14T08:17:03'\nSystem info: host: 'DESKTOP-A4GJKOM', ip: '192.168.1.98', os.name: 'Windows 10', os.arch: 'amd64', os.version: '10.0', java.version: '1.8.0_271'\nDriver info: org.openqa.selenium.chrome.ChromeDriver\nCapabilities {acceptInsecureCerts: false, acceptSslCerts: false, applicationCacheEnabled: false, browserConnectionEnabled: false, browserName: chrome, chrome: {chromedriverVersion: 2.40.565498 (ea082db3280dd6..., userDataDir: C:\\Users\\sukki\\AppData\\Loca...}, cssSelectorsEnabled: true, databaseEnabled: false, handlesAlerts: true, hasTouchScreen: false, javascriptEnabled: true, locationContextEnabled: true, mobileEmulationEnabled: false, nativeEvents: true, networkConnectionEnabled: false, pageLoadStrategy: normal, platform: XP, platformName: XP, rotatable: false, setWindowRect: true, takesHeapSnapshot: true, takesScreenshot: true, unexpectedAlertBehaviour: , unhandledPromptBehavior: , version: 87.0.4280.88, webStorageEnabled: true}\nSession ID: 1df7b0ee23aaba90d80cb135fdc71e49",
      "time" : {
        "start" : 1610031158010,
        "stop" : 1610031159716,
        "duration" : 1706
      }
    }, {
      "uid" : "118f3fe0b16f923",
      "status" : "passed",
      "time" : {
        "start" : 1610030867084,
        "stop" : 1610030884455,
        "duration" : 17371
      }
    }, {
      "uid" : "90e4c2eabdb65965",
      "status" : "skipped",
      "statusDetails" : "Method Adminverifydoctortest.TC_03_AdminVerifyDoctor()[pri:0, instance:com.sailotech.ezscheduler.testpages.Adminverifydoctortest@5694f6a0] depends on not successfully finished methods",
      "time" : {
        "start" : 1610029749432,
        "stop" : 1610029749432,
        "duration" : 0
      }
    }, {
      "uid" : "fb4e2b1ed8b9405d",
      "status" : "broken",
      "statusDetails" : "no such element: Unable to locate element: {\"method\":\"xpath\",\"selector\":\"//div[starts-with(@class,'MuiAlert-message')]\"}\n  (Session info: chrome=87.0.4280.88)\n  (Driver info: chromedriver=2.40.565498 (ea082db3280dd6843ebfb08a625e3eb905c4f5ab),platform=Windows NT 10.0.18363 x86_64) (WARNING: The server did not provide any stacktrace information)\nCommand duration or timeout: 0 milliseconds\nFor documentation on this error, please visit: https://www.seleniumhq.org/exceptions/no_such_element.html\nBuild info: version: '3.141.59', revision: 'e82be7d358', time: '2018-11-14T08:17:03'\nSystem info: host: 'DESKTOP-A4GJKOM', ip: '192.168.1.98', os.name: 'Windows 10', os.arch: 'amd64', os.version: '10.0', java.version: '1.8.0_271'\nDriver info: org.openqa.selenium.chrome.ChromeDriver\nCapabilities {acceptInsecureCerts: false, acceptSslCerts: false, applicationCacheEnabled: false, browserConnectionEnabled: false, browserName: chrome, chrome: {chromedriverVersion: 2.40.565498 (ea082db3280dd6..., userDataDir: C:\\Users\\sukki\\AppData\\Loca...}, cssSelectorsEnabled: true, databaseEnabled: false, handlesAlerts: true, hasTouchScreen: false, javascriptEnabled: true, locationContextEnabled: true, mobileEmulationEnabled: false, nativeEvents: true, networkConnectionEnabled: false, pageLoadStrategy: normal, platform: XP, platformName: XP, rotatable: false, setWindowRect: true, takesHeapSnapshot: true, takesScreenshot: true, unexpectedAlertBehaviour: , unhandledPromptBehavior: , version: 87.0.4280.88, webStorageEnabled: true}\nSession ID: be40530ef42c73ab0014dfad223ec9bb\n*** Element info: {Using=xpath, value=//div[starts-with(@class,'MuiAlert-message')]}",
      "time" : {
        "start" : 1610029580195,
        "stop" : 1610029593784,
        "duration" : 13589
      }
    }, {
      "uid" : "36578f2312cbdafb",
      "status" : "skipped",
      "statusDetails" : "Method Adminverifydoctortest.TC_03_AdminVerifyDoctor()[pri:0, instance:com.sailotech.ezscheduler.testpages.Adminverifydoctortest@46051269] depends on not successfully finished methods",
      "time" : {
        "start" : 1610029524074,
        "stop" : 1610029524074,
        "duration" : 0
      }
    }, {
      "uid" : "a8c0fdcf38b1863e",
      "status" : "skipped",
      "statusDetails" : "Method Adminverifydoctortest.TC_03_AdminVerifyDoctor()[pri:0, instance:com.sailotech.ezscheduler.testpages.Adminverifydoctortest@267b678f] depends on not successfully finished methods",
      "time" : {
        "start" : 1610029427520,
        "stop" : 1610029427521,
        "duration" : 1
      }
    }, {
      "uid" : "c522070074f88760",
      "status" : "skipped",
      "statusDetails" : "Method Adminverifydoctortest.TC_03_AdminVerifyDoctor()[pri:0, instance:com.sailotech.ezscheduler.testpages.Adminverifydoctortest@46051269] depends on not successfully finished methods",
      "time" : {
        "start" : 1610029360531,
        "stop" : 1610029360531,
        "duration" : 0
      }
    }, {
      "uid" : "3af9286ab0bab5a5",
      "status" : "passed",
      "time" : {
        "start" : 1610029213844,
        "stop" : 1610029255909,
        "duration" : 42065
      }
    }, {
      "uid" : "530ede356f469416",
      "status" : "skipped",
      "statusDetails" : "Method Adminverifydoctortest.TC_03_AdminVerifyDoctor()[pri:0, instance:com.sailotech.ezscheduler.testpages.Adminverifydoctortest@4c0ab04f] depends on not successfully finished methods",
      "time" : {
        "start" : 1610029131160,
        "stop" : 1610029131160,
        "duration" : 0
      }
    }, {
      "uid" : "c810ac41088c06bb",
      "status" : "skipped",
      "statusDetails" : "Method Adminverifydoctortest.TC_03_AdminVerifyDoctor()[pri:0, instance:com.sailotech.ezscheduler.testpages.Adminverifydoctortest@267b678f] depends on not successfully finished methods",
      "time" : {
        "start" : 1609947932361,
        "stop" : 1609947932361,
        "duration" : 0
      }
    }, {
      "uid" : "b021a38849ca87bf",
      "status" : "skipped",
      "statusDetails" : "Method Adminverifydoctortest.TC_03_AdminVerifyDoctor()[pri:0, instance:com.sailotech.ezscheduler.testpages.Adminverifydoctortest@4d9ad37e] depends on not successfully finished methods",
      "time" : {
        "start" : 1609941124961,
        "stop" : 1609941124962,
        "duration" : 1
      }
    }, {
      "uid" : "cbdb66bfa86e32d0",
      "status" : "passed",
      "time" : {
        "start" : 1609879083863,
        "stop" : 1609879122341,
        "duration" : 38478
      }
    }, {
      "uid" : "e35b648644b5e13b",
      "status" : "skipped",
      "statusDetails" : "Method Adminverifydoctortest.TC_03_AdminVerifyDoctor()[pri:0, instance:com.sailotech.ezscheduler.testpages.Adminverifydoctortest@5b5a89d1] depends on not successfully finished methods",
      "time" : {
        "start" : 1609879038541,
        "stop" : 1609879038542,
        "duration" : 1
      }
    }, {
      "uid" : "9e0488d921fc147b",
      "status" : "skipped",
      "statusDetails" : "Method Adminverifydoctortest.TC_03_AdminVerifyDoctor()[pri:0, instance:com.sailotech.ezscheduler.testpages.Adminverifydoctortest@384f0e32] depends on not successfully finished methods",
      "time" : {
        "start" : 1609878878963,
        "stop" : 1609878878964,
        "duration" : 1
      }
    }, {
      "uid" : "4ae3ec7ccd44695b",
      "status" : "skipped",
      "statusDetails" : "Method Adminverifydoctortest.TC_03_AdminVerifyDoctor()[pri:0, instance:com.sailotech.ezscheduler.testpages.Adminverifydoctortest@3705a85c] depends on not successfully finished methods",
      "time" : {
        "start" : 1609878753891,
        "stop" : 1609878753891,
        "duration" : 0
      }
    }, {
      "uid" : "cefdc8e5d26f8ae3",
      "status" : "broken",
      "statusDetails" : "stale element reference: element is not attached to the page document\n  (Session info: chrome=87.0.4280.88)\n  (Driver info: chromedriver=2.40.565498 (ea082db3280dd6843ebfb08a625e3eb905c4f5ab),platform=Windows NT 10.0.18363 x86_64) (WARNING: The server did not provide any stacktrace information)\nCommand duration or timeout: 0 milliseconds\nFor documentation on this error, please visit: https://www.seleniumhq.org/exceptions/stale_element_reference.html\nBuild info: version: '3.141.59', revision: 'e82be7d358', time: '2018-11-14T08:17:03'\nSystem info: host: 'DESKTOP-A4GJKOM', ip: '192.168.1.98', os.name: 'Windows 10', os.arch: 'amd64', os.version: '10.0', java.version: '1.8.0_271'\nDriver info: org.openqa.selenium.chrome.ChromeDriver\nCapabilities {acceptInsecureCerts: false, acceptSslCerts: false, applicationCacheEnabled: false, browserConnectionEnabled: false, browserName: chrome, chrome: {chromedriverVersion: 2.40.565498 (ea082db3280dd6..., userDataDir: C:\\Users\\sukki\\AppData\\Loca...}, cssSelectorsEnabled: true, databaseEnabled: false, handlesAlerts: true, hasTouchScreen: false, javascriptEnabled: true, locationContextEnabled: true, mobileEmulationEnabled: false, nativeEvents: true, networkConnectionEnabled: false, pageLoadStrategy: normal, platform: XP, platformName: XP, rotatable: false, setWindowRect: true, takesHeapSnapshot: true, takesScreenshot: true, unexpectedAlertBehaviour: , unhandledPromptBehavior: , version: 87.0.4280.88, webStorageEnabled: true}\nSession ID: 957e0f3cc081a85ab953cacb62358146",
      "time" : {
        "start" : 1609878562770,
        "stop" : 1609878635875,
        "duration" : 73105
      }
    }, {
      "uid" : "6d966a14c3dc08c0",
      "status" : "skipped",
      "statusDetails" : "Method Adminverifydoctortest.TC_03_AdminVerifyDoctor()[pri:0, instance:com.sailotech.ezscheduler.testpages.Adminverifydoctortest@5f14590c] depends on not successfully finished methods",
      "time" : {
        "start" : 1609878449236,
        "stop" : 1609878449236,
        "duration" : 0
      }
    }, {
      "uid" : "596234939614b2a8",
      "status" : "skipped",
      "statusDetails" : "Method Adminverifydoctortest.TC_03_AdminVerifyDoctor()[pri:0, instance:com.sailotech.ezscheduler.testpages.Adminverifydoctortest@4c0ab04f] depends on not successfully finished methods",
      "time" : {
        "start" : 1609878358022,
        "stop" : 1609878358022,
        "duration" : 0
      }
    }, {
      "uid" : "36b9313444220a13",
      "status" : "broken",
      "statusDetails" : "no such element: Unable to locate element: {\"method\":\"xpath\",\"selector\":\"//*[@id='body']/div[3]/div[3]/div/div[1]/div/div[2]/div[1]/div[1]/button[2]/span[1]\"}\n  (Session info: chrome=87.0.4280.88)\n  (Driver info: chromedriver=2.40.565498 (ea082db3280dd6843ebfb08a625e3eb905c4f5ab),platform=Windows NT 10.0.18363 x86_64) (WARNING: The server did not provide any stacktrace information)\nCommand duration or timeout: 0 milliseconds\nFor documentation on this error, please visit: https://www.seleniumhq.org/exceptions/no_such_element.html\nBuild info: version: '3.141.59', revision: 'e82be7d358', time: '2018-11-14T08:17:03'\nSystem info: host: 'DESKTOP-A4GJKOM', ip: '192.168.1.98', os.name: 'Windows 10', os.arch: 'amd64', os.version: '10.0', java.version: '1.8.0_271'\nDriver info: org.openqa.selenium.chrome.ChromeDriver\nCapabilities {acceptInsecureCerts: false, acceptSslCerts: false, applicationCacheEnabled: false, browserConnectionEnabled: false, browserName: chrome, chrome: {chromedriverVersion: 2.40.565498 (ea082db3280dd6..., userDataDir: C:\\Users\\sukki\\AppData\\Loca...}, cssSelectorsEnabled: true, databaseEnabled: false, handlesAlerts: true, hasTouchScreen: false, javascriptEnabled: true, locationContextEnabled: true, mobileEmulationEnabled: false, nativeEvents: true, networkConnectionEnabled: false, pageLoadStrategy: normal, platform: XP, platformName: XP, rotatable: false, setWindowRect: true, takesHeapSnapshot: true, takesScreenshot: true, unexpectedAlertBehaviour: , unhandledPromptBehavior: , version: 87.0.4280.88, webStorageEnabled: true}\nSession ID: 3cce4003b3110d6c632554cf1a65321e\n*** Element info: {Using=xpath, value=//*[@id='body']/div[3]/div[3]/div/div[1]/div/div[2]/div[1]/div[1]/button[2]/span[1]}",
      "time" : {
        "start" : 1609874517214,
        "stop" : 1609874538937,
        "duration" : 21723
      }
    }, {
      "uid" : "e5e4532ee0eeea67",
      "status" : "broken",
      "statusDetails" : "no such element: Unable to locate element: {\"method\":\"xpath\",\"selector\":\"//*[@id='body']/div[3]/div[3]/div/div[1]/div/div[2]/div[1]/div[1]/button[2]/span[1]\"}\n  (Session info: chrome=87.0.4280.88)\n  (Driver info: chromedriver=2.40.565498 (ea082db3280dd6843ebfb08a625e3eb905c4f5ab),platform=Windows NT 10.0.18363 x86_64) (WARNING: The server did not provide any stacktrace information)\nCommand duration or timeout: 0 milliseconds\nFor documentation on this error, please visit: https://www.seleniumhq.org/exceptions/no_such_element.html\nBuild info: version: '3.141.59', revision: 'e82be7d358', time: '2018-11-14T08:17:03'\nSystem info: host: 'DESKTOP-A4GJKOM', ip: '192.168.1.98', os.name: 'Windows 10', os.arch: 'amd64', os.version: '10.0', java.version: '1.8.0_271'\nDriver info: org.openqa.selenium.chrome.ChromeDriver\nCapabilities {acceptInsecureCerts: false, acceptSslCerts: false, applicationCacheEnabled: false, browserConnectionEnabled: false, browserName: chrome, chrome: {chromedriverVersion: 2.40.565498 (ea082db3280dd6..., userDataDir: C:\\Users\\sukki\\AppData\\Loca...}, cssSelectorsEnabled: true, databaseEnabled: false, handlesAlerts: true, hasTouchScreen: false, javascriptEnabled: true, locationContextEnabled: true, mobileEmulationEnabled: false, nativeEvents: true, networkConnectionEnabled: false, pageLoadStrategy: normal, platform: XP, platformName: XP, rotatable: false, setWindowRect: true, takesHeapSnapshot: true, takesScreenshot: true, unexpectedAlertBehaviour: , unhandledPromptBehavior: , version: 87.0.4280.88, webStorageEnabled: true}\nSession ID: 52463845fd8bc7cc36133f9192e1156c\n*** Element info: {Using=xpath, value=//*[@id='body']/div[3]/div[3]/div/div[1]/div/div[2]/div[1]/div[1]/button[2]/span[1]}",
      "time" : {
        "start" : 1609873480323,
        "stop" : 1609873494846,
        "duration" : 14523
      }
    }, {
      "uid" : "22a9007bd3124991",
      "status" : "broken",
      "statusDetails" : "no such element: Unable to locate element: {\"method\":\"xpath\",\"selector\":\"//*[@id='body']/div[3]/div[3]/div/div[1]/div/div[2]/div[1]/div[1]/button[2]/span[1]\"}\n  (Session info: chrome=87.0.4280.88)\n  (Driver info: chromedriver=2.40.565498 (ea082db3280dd6843ebfb08a625e3eb905c4f5ab),platform=Windows NT 10.0.18363 x86_64) (WARNING: The server did not provide any stacktrace information)\nCommand duration or timeout: 0 milliseconds\nFor documentation on this error, please visit: https://www.seleniumhq.org/exceptions/no_such_element.html\nBuild info: version: '3.141.59', revision: 'e82be7d358', time: '2018-11-14T08:17:03'\nSystem info: host: 'DESKTOP-A4GJKOM', ip: '192.168.1.98', os.name: 'Windows 10', os.arch: 'amd64', os.version: '10.0', java.version: '1.8.0_271'\nDriver info: org.openqa.selenium.chrome.ChromeDriver\nCapabilities {acceptInsecureCerts: false, acceptSslCerts: false, applicationCacheEnabled: false, browserConnectionEnabled: false, browserName: chrome, chrome: {chromedriverVersion: 2.40.565498 (ea082db3280dd6..., userDataDir: C:\\Users\\sukki\\AppData\\Loca...}, cssSelectorsEnabled: true, databaseEnabled: false, handlesAlerts: true, hasTouchScreen: false, javascriptEnabled: true, locationContextEnabled: true, mobileEmulationEnabled: false, nativeEvents: true, networkConnectionEnabled: false, pageLoadStrategy: normal, platform: XP, platformName: XP, rotatable: false, setWindowRect: true, takesHeapSnapshot: true, takesScreenshot: true, unexpectedAlertBehaviour: , unhandledPromptBehavior: , version: 87.0.4280.88, webStorageEnabled: true}\nSession ID: 2873b186ba16e67906a8f7db9bcd4c4d\n*** Element info: {Using=xpath, value=//*[@id='body']/div[3]/div[3]/div/div[1]/div/div[2]/div[1]/div[1]/button[2]/span[1]}",
      "time" : {
        "start" : 1609873379886,
        "stop" : 1609873422499,
        "duration" : 42613
      }
    }, {
      "uid" : "3d61579388cc07d5",
      "status" : "passed",
      "time" : {
        "start" : 1609873219091,
        "stop" : 1609873280507,
        "duration" : 61416
      }
    }, {
      "uid" : "671b967cf980c4d",
      "status" : "skipped",
      "statusDetails" : "Method Adminverifydoctortest.TC_03_AdminVerifyDoctor()[pri:0, instance:com.sailotech.ezscheduler.testpages.Adminverifydoctortest@67baa05] depends on not successfully finished methods",
      "time" : {
        "start" : 1609873085627,
        "stop" : 1609873085627,
        "duration" : 0
      }
    }, {
      "uid" : "d1eb85dc4ad2a8cc",
      "status" : "passed",
      "time" : {
        "start" : 1609873078497,
        "stop" : 1609873139447,
        "duration" : 60950
      }
    }, {
      "uid" : "e86d76a530243cc4",
      "status" : "broken",
      "statusDetails" : "no such element: Unable to locate element: {\"method\":\"xpath\",\"selector\":\"//*[@id='body']/div[3]/div[3]/div/div[1]/div/div[2]/div[1]/div[1]/button[2]/span[1]\"}\n  (Session info: chrome=87.0.4280.88)\n  (Driver info: chromedriver=2.40.565498 (ea082db3280dd6843ebfb08a625e3eb905c4f5ab),platform=Windows NT 10.0.18363 x86_64) (WARNING: The server did not provide any stacktrace information)\nCommand duration or timeout: 0 milliseconds\nFor documentation on this error, please visit: https://www.seleniumhq.org/exceptions/no_such_element.html\nBuild info: version: '3.141.59', revision: 'e82be7d358', time: '2018-11-14T08:17:03'\nSystem info: host: 'DESKTOP-A4GJKOM', ip: '192.168.1.98', os.name: 'Windows 10', os.arch: 'amd64', os.version: '10.0', java.version: '1.8.0_271'\nDriver info: org.openqa.selenium.chrome.ChromeDriver\nCapabilities {acceptInsecureCerts: false, acceptSslCerts: false, applicationCacheEnabled: false, browserConnectionEnabled: false, browserName: chrome, chrome: {chromedriverVersion: 2.40.565498 (ea082db3280dd6..., userDataDir: C:\\Users\\sukki\\AppData\\Loca...}, cssSelectorsEnabled: true, databaseEnabled: false, handlesAlerts: true, hasTouchScreen: false, javascriptEnabled: true, locationContextEnabled: true, mobileEmulationEnabled: false, nativeEvents: true, networkConnectionEnabled: false, pageLoadStrategy: normal, platform: XP, platformName: XP, rotatable: false, setWindowRect: true, takesHeapSnapshot: true, takesScreenshot: true, unexpectedAlertBehaviour: , unhandledPromptBehavior: , version: 87.0.4280.88, webStorageEnabled: true}\nSession ID: 6df43373a10c7f8ac5fd193e435d41e9\n*** Element info: {Using=xpath, value=//*[@id='body']/div[3]/div[3]/div/div[1]/div/div[2]/div[1]/div[1]/button[2]/span[1]}",
      "time" : {
        "start" : 1609872987286,
        "stop" : 1609873009751,
        "duration" : 22465
      }
    }, {
      "uid" : "dc7bd70dcd8c9e1e",
      "status" : "broken",
      "statusDetails" : "no such element: Unable to locate element: {\"method\":\"xpath\",\"selector\":\"//*[@id='body']/div[3]/div[3]/div/div[1]/div/div[2]/div[1]/div[1]/button[2]/span[1]\"}\n  (Session info: chrome=87.0.4280.88)\n  (Driver info: chromedriver=2.40.565498 (ea082db3280dd6843ebfb08a625e3eb905c4f5ab),platform=Windows NT 10.0.18363 x86_64) (WARNING: The server did not provide any stacktrace information)\nCommand duration or timeout: 0 milliseconds\nFor documentation on this error, please visit: https://www.seleniumhq.org/exceptions/no_such_element.html\nBuild info: version: '3.141.59', revision: 'e82be7d358', time: '2018-11-14T08:17:03'\nSystem info: host: 'DESKTOP-A4GJKOM', ip: '192.168.1.98', os.name: 'Windows 10', os.arch: 'amd64', os.version: '10.0', java.version: '1.8.0_271'\nDriver info: org.openqa.selenium.chrome.ChromeDriver\nCapabilities {acceptInsecureCerts: false, acceptSslCerts: false, applicationCacheEnabled: false, browserConnectionEnabled: false, browserName: chrome, chrome: {chromedriverVersion: 2.40.565498 (ea082db3280dd6..., userDataDir: C:\\Users\\sukki\\AppData\\Loca...}, cssSelectorsEnabled: true, databaseEnabled: false, handlesAlerts: true, hasTouchScreen: false, javascriptEnabled: true, locationContextEnabled: true, mobileEmulationEnabled: false, nativeEvents: true, networkConnectionEnabled: false, pageLoadStrategy: normal, platform: XP, platformName: XP, rotatable: false, setWindowRect: true, takesHeapSnapshot: true, takesScreenshot: true, unexpectedAlertBehaviour: , unhandledPromptBehavior: , version: 87.0.4280.88, webStorageEnabled: true}\nSession ID: 4f5b4e8677b173f501e4d916c173cf14\n*** Element info: {Using=xpath, value=//*[@id='body']/div[3]/div[3]/div/div[1]/div/div[2]/div[1]/div[1]/button[2]/span[1]}",
      "time" : {
        "start" : 1609872883623,
        "stop" : 1609872899100,
        "duration" : 15477
      }
    }, {
      "uid" : "18a7c91dc254707c",
      "status" : "broken",
      "statusDetails" : "no such element: Unable to locate element: {\"method\":\"xpath\",\"selector\":\"//*[@id=\"app-site\"]/div/div/div[3]/main/div/div/div/div/div/div[2]/div/div/div[1]/div/div/table/tbody/tr[1]/td[3]\"}\n  (Session info: chrome=87.0.4280.88)\n  (Driver info: chromedriver=2.40.565498 (ea082db3280dd6843ebfb08a625e3eb905c4f5ab),platform=Windows NT 10.0.18363 x86_64) (WARNING: The server did not provide any stacktrace information)\nCommand duration or timeout: 0 milliseconds\nFor documentation on this error, please visit: https://www.seleniumhq.org/exceptions/no_such_element.html\nBuild info: version: '3.141.59', revision: 'e82be7d358', time: '2018-11-14T08:17:03'\nSystem info: host: 'DESKTOP-A4GJKOM', ip: '192.168.1.98', os.name: 'Windows 10', os.arch: 'amd64', os.version: '10.0', java.version: '1.8.0_271'\nDriver info: org.openqa.selenium.chrome.ChromeDriver\nCapabilities {acceptInsecureCerts: false, acceptSslCerts: false, applicationCacheEnabled: false, browserConnectionEnabled: false, browserName: chrome, chrome: {chromedriverVersion: 2.40.565498 (ea082db3280dd6..., userDataDir: C:\\Users\\sukki\\AppData\\Loca...}, cssSelectorsEnabled: true, databaseEnabled: false, handlesAlerts: true, hasTouchScreen: false, javascriptEnabled: true, locationContextEnabled: true, mobileEmulationEnabled: false, nativeEvents: true, networkConnectionEnabled: false, pageLoadStrategy: normal, platform: XP, platformName: XP, rotatable: false, setWindowRect: true, takesHeapSnapshot: true, takesScreenshot: true, unexpectedAlertBehaviour: , unhandledPromptBehavior: , version: 87.0.4280.88, webStorageEnabled: true}\nSession ID: ebd99d6056c5efd8338a5541cba6d838\n*** Element info: {Using=xpath, value=//*[@id=\"app-site\"]/div/div/div[3]/main/div/div/div/div/div/div[2]/div/div/div[1]/div/div/table/tbody/tr[1]/td[3]}",
      "time" : {
        "start" : 1609872717249,
        "stop" : 1609872761756,
        "duration" : 44507
      }
    }, {
      "uid" : "e54e70cbf67012e9",
      "status" : "passed",
      "time" : {
        "start" : 1609872514359,
        "stop" : 1609872556559,
        "duration" : 42200
      }
    }, {
      "uid" : "16ceca9f9ecafd0f",
      "status" : "skipped",
      "statusDetails" : "Method Adminverifydoctortest.TC_03_AdminVerifyDoctor()[pri:0, instance:com.sailotech.ezscheduler.testpages.Adminverifydoctortest@2fe2fcc2] depends on not successfully finished methods",
      "time" : {
        "start" : 1609872440942,
        "stop" : 1609872440942,
        "duration" : 0
      }
    }, {
      "uid" : "ab644b06f435b5c7",
      "status" : "skipped",
      "statusDetails" : "Method Adminverifydoctortest.TC_03_AdminVerifyDoctor()[pri:0, instance:com.sailotech.ezscheduler.testpages.Adminverifydoctortest@69fe8c75] depends on not successfully finished methods",
      "time" : {
        "start" : 1609872375773,
        "stop" : 1609872375773,
        "duration" : 0
      }
    }, {
      "uid" : "15a35d2568f20608",
      "status" : "skipped",
      "statusDetails" : "Method Adminverifydoctortest.TC_03_AdminVerifyDoctor()[pri:0, instance:com.sailotech.ezscheduler.testpages.Adminverifydoctortest@67baa05] depends on not successfully finished methods",
      "time" : {
        "start" : 1609872353809,
        "stop" : 1609872353809,
        "duration" : 0
      }
    }, {
      "uid" : "1356799744dc74eb",
      "status" : "broken",
      "statusDetails" : "Unexpected result for screenshot command: null",
      "time" : {
        "start" : 1609872209677,
        "stop" : 1609872340697,
        "duration" : 131020
      }
    }, {
      "uid" : "bebb84d67561a1e7",
      "status" : "skipped",
      "statusDetails" : "Method Adminverifydoctortest.TC_03_AdminVerifyDoctor()[pri:0, instance:com.sailotech.ezscheduler.testpages.Adminverifydoctortest@46051269] depends on not successfully finished methods",
      "time" : {
        "start" : 1609872164342,
        "stop" : 1609872164343,
        "duration" : 1
      }
    }, {
      "uid" : "1d37d1e262188c66",
      "status" : "skipped",
      "statusDetails" : "Method Adminverifydoctortest.TC_03_AdminVerifyDoctor()[pri:0, instance:com.sailotech.ezscheduler.testpages.Adminverifydoctortest@5f14590c] depends on not successfully finished methods",
      "time" : {
        "start" : 1609872070429,
        "stop" : 1609872070429,
        "duration" : 0
      }
    }, {
      "uid" : "9815c564e69a1394",
      "status" : "skipped",
      "statusDetails" : "Method Adminverifydoctortest.TC_03_AdminVerifyDoctor()[pri:0, instance:com.sailotech.ezscheduler.testpages.Adminverifydoctortest@4e826fd4] depends on not successfully finished methods",
      "time" : {
        "start" : 1609871972059,
        "stop" : 1609871972059,
        "duration" : 0
      }
    }, {
      "uid" : "c1a84349fb7504d7",
      "status" : "skipped",
      "statusDetails" : "Method Adminverifydoctortest.TC_03_AdminVerifyDoctor()[pri:0, instance:com.sailotech.ezscheduler.testpages.Adminverifydoctortest@5b5a89d1] depends on not successfully finished methods",
      "time" : {
        "start" : 1609871859085,
        "stop" : 1609871859085,
        "duration" : 0
      }
    }, {
      "uid" : "77e9bd0ee97c7101",
      "status" : "broken",
      "statusDetails" : "no such element: Unable to locate element: {\"method\":\"xpath\",\"selector\":\"//*[@id='body']/div[3]/div[3]/div/div[1]/div/div[2]/div[1]/div[1]/button[2]/span[1]\"}\n  (Session info: chrome=87.0.4280.88)\n  (Driver info: chromedriver=2.40.565498 (ea082db3280dd6843ebfb08a625e3eb905c4f5ab),platform=Windows NT 10.0.18363 x86_64) (WARNING: The server did not provide any stacktrace information)\nCommand duration or timeout: 0 milliseconds\nFor documentation on this error, please visit: https://www.seleniumhq.org/exceptions/no_such_element.html\nBuild info: version: '3.141.59', revision: 'e82be7d358', time: '2018-11-14T08:17:03'\nSystem info: host: 'DESKTOP-A4GJKOM', ip: '192.168.1.98', os.name: 'Windows 10', os.arch: 'amd64', os.version: '10.0', java.version: '1.8.0_271'\nDriver info: org.openqa.selenium.chrome.ChromeDriver\nCapabilities {acceptInsecureCerts: false, acceptSslCerts: false, applicationCacheEnabled: false, browserConnectionEnabled: false, browserName: chrome, chrome: {chromedriverVersion: 2.40.565498 (ea082db3280dd6..., userDataDir: C:\\Users\\sukki\\AppData\\Loca...}, cssSelectorsEnabled: true, databaseEnabled: false, handlesAlerts: true, hasTouchScreen: false, javascriptEnabled: true, locationContextEnabled: true, mobileEmulationEnabled: false, nativeEvents: true, networkConnectionEnabled: false, pageLoadStrategy: normal, platform: XP, platformName: XP, rotatable: false, setWindowRect: true, takesHeapSnapshot: true, takesScreenshot: true, unexpectedAlertBehaviour: , unhandledPromptBehavior: , version: 87.0.4280.88, webStorageEnabled: true}\nSession ID: dd5d243ba1eea8e1ada43ee238d87859\n*** Element info: {Using=xpath, value=//*[@id='body']/div[3]/div[3]/div/div[1]/div/div[2]/div[1]/div[1]/button[2]/span[1]}",
      "time" : {
        "start" : 1609871653968,
        "stop" : 1609871681789,
        "duration" : 27821
      }
    }, {
      "uid" : "b19f462ba3abd27d",
      "status" : "broken",
      "statusDetails" : "no such element: Unable to locate element: {\"method\":\"xpath\",\"selector\":\"//*[@id='body']/div[3]/div[3]/div/div[1]/div/div[2]/div[1]/div[1]/button[2]/span[1]\"}\n  (Session info: chrome=87.0.4280.88)\n  (Driver info: chromedriver=2.40.565498 (ea082db3280dd6843ebfb08a625e3eb905c4f5ab),platform=Windows NT 10.0.18363 x86_64) (WARNING: The server did not provide any stacktrace information)\nCommand duration or timeout: 0 milliseconds\nFor documentation on this error, please visit: https://www.seleniumhq.org/exceptions/no_such_element.html\nBuild info: version: '3.141.59', revision: 'e82be7d358', time: '2018-11-14T08:17:03'\nSystem info: host: 'DESKTOP-A4GJKOM', ip: '192.168.1.98', os.name: 'Windows 10', os.arch: 'amd64', os.version: '10.0', java.version: '1.8.0_271'\nDriver info: org.openqa.selenium.chrome.ChromeDriver\nCapabilities {acceptInsecureCerts: false, acceptSslCerts: false, applicationCacheEnabled: false, browserConnectionEnabled: false, browserName: chrome, chrome: {chromedriverVersion: 2.40.565498 (ea082db3280dd6..., userDataDir: C:\\Users\\sukki\\AppData\\Loca...}, cssSelectorsEnabled: true, databaseEnabled: false, handlesAlerts: true, hasTouchScreen: false, javascriptEnabled: true, locationContextEnabled: true, mobileEmulationEnabled: false, nativeEvents: true, networkConnectionEnabled: false, pageLoadStrategy: normal, platform: XP, platformName: XP, rotatable: false, setWindowRect: true, takesHeapSnapshot: true, takesScreenshot: true, unexpectedAlertBehaviour: , unhandledPromptBehavior: , version: 87.0.4280.88, webStorageEnabled: true}\nSession ID: 959fb8b4d04f591ea448ee4d0eed9a07\n*** Element info: {Using=xpath, value=//*[@id='body']/div[3]/div[3]/div/div[1]/div/div[2]/div[1]/div[1]/button[2]/span[1]}",
      "time" : {
        "start" : 1609871529591,
        "stop" : 1609871544061,
        "duration" : 14470
      }
    }, {
      "uid" : "e8c9b645f12a22b6",
      "status" : "broken",
      "statusDetails" : "no such element: Unable to locate element: {\"method\":\"xpath\",\"selector\":\"//*[@id='body']/div[3]/div[3]/div/div[1]/div/div[2]/div[1]/div[1]/button[2]/span[1]\"}\n  (Session info: chrome=87.0.4280.88)\n  (Driver info: chromedriver=2.40.565498 (ea082db3280dd6843ebfb08a625e3eb905c4f5ab),platform=Windows NT 10.0.18363 x86_64) (WARNING: The server did not provide any stacktrace information)\nCommand duration or timeout: 0 milliseconds\nFor documentation on this error, please visit: https://www.seleniumhq.org/exceptions/no_such_element.html\nBuild info: version: '3.141.59', revision: 'e82be7d358', time: '2018-11-14T08:17:03'\nSystem info: host: 'DESKTOP-A4GJKOM', ip: '192.168.1.98', os.name: 'Windows 10', os.arch: 'amd64', os.version: '10.0', java.version: '1.8.0_271'\nDriver info: org.openqa.selenium.chrome.ChromeDriver\nCapabilities {acceptInsecureCerts: false, acceptSslCerts: false, applicationCacheEnabled: false, browserConnectionEnabled: false, browserName: chrome, chrome: {chromedriverVersion: 2.40.565498 (ea082db3280dd6..., userDataDir: C:\\Users\\sukki\\AppData\\Loca...}, cssSelectorsEnabled: true, databaseEnabled: false, handlesAlerts: true, hasTouchScreen: false, javascriptEnabled: true, locationContextEnabled: true, mobileEmulationEnabled: false, nativeEvents: true, networkConnectionEnabled: false, pageLoadStrategy: normal, platform: XP, platformName: XP, rotatable: false, setWindowRect: true, takesHeapSnapshot: true, takesScreenshot: true, unexpectedAlertBehaviour: , unhandledPromptBehavior: , version: 87.0.4280.88, webStorageEnabled: true}\nSession ID: 0622bb507babfffa11cdb0b5d5cd12e5\n*** Element info: {Using=xpath, value=//*[@id='body']/div[3]/div[3]/div/div[1]/div/div[2]/div[1]/div[1]/button[2]/span[1]}",
      "time" : {
        "start" : 1609871302283,
        "stop" : 1609871330628,
        "duration" : 28345
      }
    }, {
      "uid" : "be59eeb8f6dc9c92",
      "status" : "skipped",
      "statusDetails" : "Method Adminverifydoctortest.TC_03_AdminVerifyDoctor()[pri:0, instance:com.sailotech.ezscheduler.testpages.Adminverifydoctortest@384f0e32] depends on not successfully finished methods",
      "time" : {
        "start" : 1609871221355,
        "stop" : 1609871221356,
        "duration" : 1
      }
    }, {
      "uid" : "1484a5096c086b2e",
      "status" : "skipped",
      "statusDetails" : "Method Adminverifydoctortest.TC_03_AdminVerifyDoctor()[pri:0, instance:com.sailotech.ezscheduler.testpages.Adminverifydoctortest@384f0e32] depends on not successfully finished methods",
      "time" : {
        "start" : 1609871146651,
        "stop" : 1609871146651,
        "duration" : 0
      }
    }, {
      "uid" : "e945e587d0da16ad",
      "status" : "broken",
      "statusDetails" : "no such element: Unable to locate element: {\"method\":\"xpath\",\"selector\":\"//button[starts-with(@class,'MuiButtonBase-root MuiIconButton-root MuiPickersCalendarHeader-iconButton')]\"}\n  (Session info: chrome=87.0.4280.88)\n  (Driver info: chromedriver=2.40.565498 (ea082db3280dd6843ebfb08a625e3eb905c4f5ab),platform=Windows NT 10.0.18363 x86_64) (WARNING: The server did not provide any stacktrace information)\nCommand duration or timeout: 0 milliseconds\nFor documentation on this error, please visit: https://www.seleniumhq.org/exceptions/no_such_element.html\nBuild info: version: '3.141.59', revision: 'e82be7d358', time: '2018-11-14T08:17:03'\nSystem info: host: 'DESKTOP-A4GJKOM', ip: '192.168.1.98', os.name: 'Windows 10', os.arch: 'amd64', os.version: '10.0', java.version: '1.8.0_271'\nDriver info: org.openqa.selenium.chrome.ChromeDriver\nCapabilities {acceptInsecureCerts: false, acceptSslCerts: false, applicationCacheEnabled: false, browserConnectionEnabled: false, browserName: chrome, chrome: {chromedriverVersion: 2.40.565498 (ea082db3280dd6..., userDataDir: C:\\Users\\sukki\\AppData\\Loca...}, cssSelectorsEnabled: true, databaseEnabled: false, handlesAlerts: true, hasTouchScreen: false, javascriptEnabled: true, locationContextEnabled: true, mobileEmulationEnabled: false, nativeEvents: true, networkConnectionEnabled: false, pageLoadStrategy: normal, platform: XP, platformName: XP, rotatable: false, setWindowRect: true, takesHeapSnapshot: true, takesScreenshot: true, unexpectedAlertBehaviour: , unhandledPromptBehavior: , version: 87.0.4280.88, webStorageEnabled: true}\nSession ID: c23a8ce4ba9b1b09d031b91b8f2b9b23\n*** Element info: {Using=xpath, value=//button[starts-with(@class,'MuiButtonBase-root MuiIconButton-root MuiPickersCalendarHeader-iconButton')]}",
      "time" : {
        "start" : 1609870446191,
        "stop" : 1609870683978,
        "duration" : 237787
      }
    }, {
      "uid" : "c8d0186108e98f1a",
      "status" : "skipped",
      "statusDetails" : "Method Adminverifydoctortest.TC_03_AdminVerifyDoctor()[pri:0, instance:com.sailotech.ezscheduler.testpages.Adminverifydoctortest@6e5df971] depends on not successfully finished methods",
      "time" : {
        "start" : 1609870317784,
        "stop" : 1609870317784,
        "duration" : 0
      }
    }, {
      "uid" : "485cd46aaa75253e",
      "status" : "broken",
      "statusDetails" : "no such element: Unable to locate element: {\"method\":\"xpath\",\"selector\":\"//button[starts-with(@class,'MuiButtonBase-root MuiIconButton-root MuiPickersCalendarHeader-iconButton')]\"}\n  (Session info: chrome=87.0.4280.88)\n  (Driver info: chromedriver=2.40.565498 (ea082db3280dd6843ebfb08a625e3eb905c4f5ab),platform=Windows NT 10.0.18363 x86_64) (WARNING: The server did not provide any stacktrace information)\nCommand duration or timeout: 0 milliseconds\nFor documentation on this error, please visit: https://www.seleniumhq.org/exceptions/no_such_element.html\nBuild info: version: '3.141.59', revision: 'e82be7d358', time: '2018-11-14T08:17:03'\nSystem info: host: 'DESKTOP-A4GJKOM', ip: '192.168.1.98', os.name: 'Windows 10', os.arch: 'amd64', os.version: '10.0', java.version: '1.8.0_271'\nDriver info: org.openqa.selenium.chrome.ChromeDriver\nCapabilities {acceptInsecureCerts: false, acceptSslCerts: false, applicationCacheEnabled: false, browserConnectionEnabled: false, browserName: chrome, chrome: {chromedriverVersion: 2.40.565498 (ea082db3280dd6..., userDataDir: C:\\Users\\sukki\\AppData\\Loca...}, cssSelectorsEnabled: true, databaseEnabled: false, handlesAlerts: true, hasTouchScreen: false, javascriptEnabled: true, locationContextEnabled: true, mobileEmulationEnabled: false, nativeEvents: true, networkConnectionEnabled: false, pageLoadStrategy: normal, platform: XP, platformName: XP, rotatable: false, setWindowRect: true, takesHeapSnapshot: true, takesScreenshot: true, unexpectedAlertBehaviour: , unhandledPromptBehavior: , version: 87.0.4280.88, webStorageEnabled: true}\nSession ID: 03a0c05bb1eac9721530d3ea11cf7f3d\n*** Element info: {Using=xpath, value=//button[starts-with(@class,'MuiButtonBase-root MuiIconButton-root MuiPickersCalendarHeader-iconButton')]}",
      "time" : {
        "start" : 1609870154555,
        "stop" : 1609870180731,
        "duration" : 26176
      }
    }, {
      "uid" : "75416af1dcb52df7",
      "status" : "broken",
      "statusDetails" : "no such element: Unable to locate element: {\"method\":\"xpath\",\"selector\":\"//*[@id='body']/div[3]/div[3]/div/div[1]/div/div[2]/div[1]/div[1]/button[2]/span[1]\"}\n  (Session info: chrome=87.0.4280.88)\n  (Driver info: chromedriver=2.40.565498 (ea082db3280dd6843ebfb08a625e3eb905c4f5ab),platform=Windows NT 10.0.18363 x86_64) (WARNING: The server did not provide any stacktrace information)\nCommand duration or timeout: 0 milliseconds\nFor documentation on this error, please visit: https://www.seleniumhq.org/exceptions/no_such_element.html\nBuild info: version: '3.141.59', revision: 'e82be7d358', time: '2018-11-14T08:17:03'\nSystem info: host: 'DESKTOP-A4GJKOM', ip: '192.168.1.98', os.name: 'Windows 10', os.arch: 'amd64', os.version: '10.0', java.version: '1.8.0_271'\nDriver info: org.openqa.selenium.chrome.ChromeDriver\nCapabilities {acceptInsecureCerts: false, acceptSslCerts: false, applicationCacheEnabled: false, browserConnectionEnabled: false, browserName: chrome, chrome: {chromedriverVersion: 2.40.565498 (ea082db3280dd6..., userDataDir: C:\\Users\\sukki\\AppData\\Loca...}, cssSelectorsEnabled: true, databaseEnabled: false, handlesAlerts: true, hasTouchScreen: false, javascriptEnabled: true, locationContextEnabled: true, mobileEmulationEnabled: false, nativeEvents: true, networkConnectionEnabled: false, pageLoadStrategy: normal, platform: XP, platformName: XP, rotatable: false, setWindowRect: true, takesHeapSnapshot: true, takesScreenshot: true, unexpectedAlertBehaviour: , unhandledPromptBehavior: , version: 87.0.4280.88, webStorageEnabled: true}\nSession ID: e6e4a3bf74b11de77abf2c4533c5572a\n*** Element info: {Using=xpath, value=//*[@id='body']/div[3]/div[3]/div/div[1]/div/div[2]/div[1]/div[1]/button[2]/span[1]}",
      "time" : {
        "start" : 1609869960395,
        "stop" : 1609869986048,
        "duration" : 25653
      }
    }, {
      "uid" : "3b432d113cc682f6",
      "status" : "broken",
      "statusDetails" : "no such element: Unable to locate element: {\"method\":\"xpath\",\"selector\":\"//*[@id='body']/div[3]/div[3]/div/div[1]/div/div[2]/div[1]/div[1]/button[1]/span[1]\"}\n  (Session info: chrome=87.0.4280.88)\n  (Driver info: chromedriver=2.40.565498 (ea082db3280dd6843ebfb08a625e3eb905c4f5ab),platform=Windows NT 10.0.18363 x86_64) (WARNING: The server did not provide any stacktrace information)\nCommand duration or timeout: 0 milliseconds\nFor documentation on this error, please visit: https://www.seleniumhq.org/exceptions/no_such_element.html\nBuild info: version: '3.141.59', revision: 'e82be7d358', time: '2018-11-14T08:17:03'\nSystem info: host: 'DESKTOP-A4GJKOM', ip: '192.168.1.98', os.name: 'Windows 10', os.arch: 'amd64', os.version: '10.0', java.version: '1.8.0_271'\nDriver info: org.openqa.selenium.chrome.ChromeDriver\nCapabilities {acceptInsecureCerts: false, acceptSslCerts: false, applicationCacheEnabled: false, browserConnectionEnabled: false, browserName: chrome, chrome: {chromedriverVersion: 2.40.565498 (ea082db3280dd6..., userDataDir: C:\\Users\\sukki\\AppData\\Loca...}, cssSelectorsEnabled: true, databaseEnabled: false, handlesAlerts: true, hasTouchScreen: false, javascriptEnabled: true, locationContextEnabled: true, mobileEmulationEnabled: false, nativeEvents: true, networkConnectionEnabled: false, pageLoadStrategy: normal, platform: XP, platformName: XP, rotatable: false, setWindowRect: true, takesHeapSnapshot: true, takesScreenshot: true, unexpectedAlertBehaviour: , unhandledPromptBehavior: , version: 87.0.4280.88, webStorageEnabled: true}\nSession ID: 95276c9ce7f8acd775616684ce8c6699\n*** Element info: {Using=xpath, value=//*[@id='body']/div[3]/div[3]/div/div[1]/div/div[2]/div[1]/div[1]/button[1]/span[1]}",
      "time" : {
        "start" : 1609865960427,
        "stop" : 1609866002104,
        "duration" : 41677
      }
    }, {
      "uid" : "95a0fd9cc2c4eef4",
      "status" : "broken",
      "statusDetails" : "no such element: Unable to locate element: {\"method\":\"xpath\",\"selector\":\"//*[@id='body']/div[3]/div[3]/div/div[1]/div/div[2]/div[1]/div[1]/button[1]/span[1]\"}\n  (Session info: chrome=87.0.4280.88)\n  (Driver info: chromedriver=2.40.565498 (ea082db3280dd6843ebfb08a625e3eb905c4f5ab),platform=Windows NT 10.0.18363 x86_64) (WARNING: The server did not provide any stacktrace information)\nCommand duration or timeout: 0 milliseconds\nFor documentation on this error, please visit: https://www.seleniumhq.org/exceptions/no_such_element.html\nBuild info: version: '3.141.59', revision: 'e82be7d358', time: '2018-11-14T08:17:03'\nSystem info: host: 'DESKTOP-A4GJKOM', ip: '192.168.1.98', os.name: 'Windows 10', os.arch: 'amd64', os.version: '10.0', java.version: '1.8.0_271'\nDriver info: org.openqa.selenium.chrome.ChromeDriver\nCapabilities {acceptInsecureCerts: false, acceptSslCerts: false, applicationCacheEnabled: false, browserConnectionEnabled: false, browserName: chrome, chrome: {chromedriverVersion: 2.40.565498 (ea082db3280dd6..., userDataDir: C:\\Users\\sukki\\AppData\\Loca...}, cssSelectorsEnabled: true, databaseEnabled: false, handlesAlerts: true, hasTouchScreen: false, javascriptEnabled: true, locationContextEnabled: true, mobileEmulationEnabled: false, nativeEvents: true, networkConnectionEnabled: false, pageLoadStrategy: normal, platform: XP, platformName: XP, rotatable: false, setWindowRect: true, takesHeapSnapshot: true, takesScreenshot: true, unexpectedAlertBehaviour: , unhandledPromptBehavior: , version: 87.0.4280.88, webStorageEnabled: true}\nSession ID: 9d22be87c0708102ad1158201a903553\n*** Element info: {Using=xpath, value=//*[@id='body']/div[3]/div[3]/div/div[1]/div/div[2]/div[1]/div[1]/button[1]/span[1]}",
      "time" : {
        "start" : 1609865716210,
        "stop" : 1609865757920,
        "duration" : 41710
      }
    }, {
      "uid" : "797a9157529bac92",
      "status" : "skipped",
      "statusDetails" : "Method Adminverifydoctortest.TC_03_AdminVerifyDoctor()[pri:0, instance:com.sailotech.ezscheduler.testpages.Adminverifydoctortest@67baa05] depends on not successfully finished methods",
      "time" : {
        "start" : 1609865500275,
        "stop" : 1609865500275,
        "duration" : 0
      }
    }, {
      "uid" : "ed007aef82e4a98c",
      "status" : "skipped",
      "statusDetails" : "Method Adminverifydoctortest.TC_03_AdminVerifyDoctor()[pri:0, instance:com.sailotech.ezscheduler.testpages.Adminverifydoctortest@5b5a89d1] depends on not successfully finished methods",
      "time" : {
        "start" : 1609865426387,
        "stop" : 1609865426387,
        "duration" : 0
      }
    }, {
      "uid" : "277e3271cb8ff425",
      "status" : "broken",
      "statusDetails" : "no such element: Unable to locate element: {\"method\":\"xpath\",\"selector\":\"//*[@id=\"body\"]/div[4]/div[3]/div/div[1]/div/div[2]/div[1]/div[1]/button[1]/span[1]/svg\"}\n  (Session info: chrome=87.0.4280.88)\n  (Driver info: chromedriver=2.40.565498 (ea082db3280dd6843ebfb08a625e3eb905c4f5ab),platform=Windows NT 10.0.18363 x86_64) (WARNING: The server did not provide any stacktrace information)\nCommand duration or timeout: 0 milliseconds\nFor documentation on this error, please visit: https://www.seleniumhq.org/exceptions/no_such_element.html\nBuild info: version: '3.141.59', revision: 'e82be7d358', time: '2018-11-14T08:17:03'\nSystem info: host: 'DESKTOP-A4GJKOM', ip: '192.168.1.98', os.name: 'Windows 10', os.arch: 'amd64', os.version: '10.0', java.version: '1.8.0_271'\nDriver info: org.openqa.selenium.chrome.ChromeDriver\nCapabilities {acceptInsecureCerts: false, acceptSslCerts: false, applicationCacheEnabled: false, browserConnectionEnabled: false, browserName: chrome, chrome: {chromedriverVersion: 2.40.565498 (ea082db3280dd6..., userDataDir: C:\\Users\\sukki\\AppData\\Loca...}, cssSelectorsEnabled: true, databaseEnabled: false, handlesAlerts: true, hasTouchScreen: false, javascriptEnabled: true, locationContextEnabled: true, mobileEmulationEnabled: false, nativeEvents: true, networkConnectionEnabled: false, pageLoadStrategy: normal, platform: XP, platformName: XP, rotatable: false, setWindowRect: true, takesHeapSnapshot: true, takesScreenshot: true, unexpectedAlertBehaviour: , unhandledPromptBehavior: , version: 87.0.4280.88, webStorageEnabled: true}\nSession ID: f90a81b0331491d04fe152cd3ba13ada\n*** Element info: {Using=xpath, value=//*[@id=\"body\"]/div[4]/div[3]/div/div[1]/div/div[2]/div[1]/div[1]/button[1]/span[1]/svg}",
      "time" : {
        "start" : 1609865192194,
        "stop" : 1609865232976,
        "duration" : 40782
      }
    }, {
      "uid" : "cb702da9d17b8206",
      "status" : "broken",
      "statusDetails" : "no such element: Unable to locate element: {\"method\":\"xpath\",\"selector\":\"//*[@id=\"app-site\"]/div[4]/div[3]/div/div[1]/div/div[2]/div[1]/div[1]/div/p\"}\n  (Session info: chrome=87.0.4280.88)\n  (Driver info: chromedriver=2.40.565498 (ea082db3280dd6843ebfb08a625e3eb905c4f5ab),platform=Windows NT 10.0.18363 x86_64) (WARNING: The server did not provide any stacktrace information)\nCommand duration or timeout: 0 milliseconds\nFor documentation on this error, please visit: https://www.seleniumhq.org/exceptions/no_such_element.html\nBuild info: version: '3.141.59', revision: 'e82be7d358', time: '2018-11-14T08:17:03'\nSystem info: host: 'DESKTOP-A4GJKOM', ip: '192.168.1.98', os.name: 'Windows 10', os.arch: 'amd64', os.version: '10.0', java.version: '1.8.0_271'\nDriver info: org.openqa.selenium.chrome.ChromeDriver\nCapabilities {acceptInsecureCerts: false, acceptSslCerts: false, applicationCacheEnabled: false, browserConnectionEnabled: false, browserName: chrome, chrome: {chromedriverVersion: 2.40.565498 (ea082db3280dd6..., userDataDir: C:\\Users\\sukki\\AppData\\Loca...}, cssSelectorsEnabled: true, databaseEnabled: false, handlesAlerts: true, hasTouchScreen: false, javascriptEnabled: true, locationContextEnabled: true, mobileEmulationEnabled: false, nativeEvents: true, networkConnectionEnabled: false, pageLoadStrategy: normal, platform: XP, platformName: XP, rotatable: false, setWindowRect: true, takesHeapSnapshot: true, takesScreenshot: true, unexpectedAlertBehaviour: , unhandledPromptBehavior: , version: 87.0.4280.88, webStorageEnabled: true}\nSession ID: 72c63289d095b06b9d7c3b1d61eac97f\n*** Element info: {Using=xpath, value=//*[@id=\"app-site\"]/div[4]/div[3]/div/div[1]/div/div[2]/div[1]/div[1]/div/p}",
      "time" : {
        "start" : 1609865014982,
        "stop" : 1609865026508,
        "duration" : 11526
      }
    }, {
      "uid" : "38e9aed943dd9281",
      "status" : "broken",
      "statusDetails" : "Unresolved compilation problems: \n\tPreviousArrowButton cannot be resolved or is not a field\n\tPreviousArrowButton cannot be resolved or is not a field\n",
      "time" : {
        "start" : 1609864847823,
        "stop" : 1609864847837,
        "duration" : 14
      }
    }, {
      "uid" : "c64a73844f72cf1a",
      "status" : "broken",
      "statusDetails" : "Unresolved compilation problems: \n\tPreviousArrowButton cannot be resolved or is not a field\n\tPreviousArrowButton cannot be resolved or is not a field\n",
      "time" : {
        "start" : 1609864802736,
        "stop" : 1609864802756,
        "duration" : 20
      }
    }, {
      "uid" : "40cd47ef20aa5762",
      "status" : "skipped",
      "statusDetails" : "Method Adminverifydoctortest.TC_03_AdminVerifyDoctor()[pri:0, instance:com.sailotech.ezscheduler.testpages.Adminverifydoctortest@4c0ab04f] depends on not successfully finished methods",
      "time" : {
        "start" : 1609864759212,
        "stop" : 1609864759212,
        "duration" : 0
      }
    }, {
      "uid" : "24019af6675bb2c5",
      "status" : "skipped",
      "statusDetails" : "Method Adminverifydoctortest.TC_03_AdminVerifyDoctor()[pri:0, instance:com.sailotech.ezscheduler.testpages.Adminverifydoctortest@4e826fd4] depends on not successfully finished methods",
      "time" : {
        "start" : 1609864704078,
        "stop" : 1609864704078,
        "duration" : 0
      }
    }, {
      "uid" : "a2cfcf0b8ec53a85",
      "status" : "broken",
      "statusDetails" : "no such element: Unable to locate element: {\"method\":\"xpath\",\"selector\":\"//*[@id=\"body\"]/div[4]/div[3]/div/div[1]/div/div[2]/div[1]/div[1]/div/p\"}\n  (Session info: chrome=87.0.4280.88)\n  (Driver info: chromedriver=2.40.565498 (ea082db3280dd6843ebfb08a625e3eb905c4f5ab),platform=Windows NT 10.0.18363 x86_64) (WARNING: The server did not provide any stacktrace information)\nCommand duration or timeout: 0 milliseconds\nFor documentation on this error, please visit: https://www.seleniumhq.org/exceptions/no_such_element.html\nBuild info: version: '3.141.59', revision: 'e82be7d358', time: '2018-11-14T08:17:03'\nSystem info: host: 'DESKTOP-A4GJKOM', ip: '192.168.1.98', os.name: 'Windows 10', os.arch: 'amd64', os.version: '10.0', java.version: '1.8.0_271'\nDriver info: org.openqa.selenium.chrome.ChromeDriver\nCapabilities {acceptInsecureCerts: false, acceptSslCerts: false, applicationCacheEnabled: false, browserConnectionEnabled: false, browserName: chrome, chrome: {chromedriverVersion: 2.40.565498 (ea082db3280dd6..., userDataDir: C:\\Users\\sukki\\AppData\\Loca...}, cssSelectorsEnabled: true, databaseEnabled: false, handlesAlerts: true, hasTouchScreen: false, javascriptEnabled: true, locationContextEnabled: true, mobileEmulationEnabled: false, nativeEvents: true, networkConnectionEnabled: false, pageLoadStrategy: normal, platform: XP, platformName: XP, rotatable: false, setWindowRect: true, takesHeapSnapshot: true, takesScreenshot: true, unexpectedAlertBehaviour: , unhandledPromptBehavior: , version: 87.0.4280.88, webStorageEnabled: true}\nSession ID: eab13d13d1f887bdf68314dc275f2d52\n*** Element info: {Using=xpath, value=//*[@id=\"body\"]/div[4]/div[3]/div/div[1]/div/div[2]/div[1]/div[1]/div/p}",
      "time" : {
        "start" : 1609864163046,
        "stop" : 1609864175323,
        "duration" : 12277
      }
    }, {
      "uid" : "5118da36c5f2381b",
      "status" : "skipped",
      "statusDetails" : "Method Adminverifydoctortest.TC_03_AdminVerifyDoctor()[pri:0, instance:com.sailotech.ezscheduler.testpages.Adminverifydoctortest@20462820] depends on not successfully finished methods",
      "time" : {
        "start" : 1609864049744,
        "stop" : 1609864049745,
        "duration" : 1
      }
    }, {
      "uid" : "68b678da46c53662",
      "status" : "broken",
      "statusDetails" : "no such element: Unable to locate element: {\"method\":\"xpath\",\"selector\":\"//*[@id=\"app-site\"]/div[4]/div[3]/div/div[1]/div/div[2]/div[1]/div[1]/div/p\"}\n  (Session info: chrome=87.0.4280.88)\n  (Driver info: chromedriver=2.40.565498 (ea082db3280dd6843ebfb08a625e3eb905c4f5ab),platform=Windows NT 10.0.18363 x86_64) (WARNING: The server did not provide any stacktrace information)\nCommand duration or timeout: 0 milliseconds\nFor documentation on this error, please visit: https://www.seleniumhq.org/exceptions/no_such_element.html\nBuild info: version: '3.141.59', revision: 'e82be7d358', time: '2018-11-14T08:17:03'\nSystem info: host: 'DESKTOP-A4GJKOM', ip: '192.168.1.98', os.name: 'Windows 10', os.arch: 'amd64', os.version: '10.0', java.version: '1.8.0_271'\nDriver info: org.openqa.selenium.chrome.ChromeDriver\nCapabilities {acceptInsecureCerts: false, acceptSslCerts: false, applicationCacheEnabled: false, browserConnectionEnabled: false, browserName: chrome, chrome: {chromedriverVersion: 2.40.565498 (ea082db3280dd6..., userDataDir: C:\\Users\\sukki\\AppData\\Loca...}, cssSelectorsEnabled: true, databaseEnabled: false, handlesAlerts: true, hasTouchScreen: false, javascriptEnabled: true, locationContextEnabled: true, mobileEmulationEnabled: false, nativeEvents: true, networkConnectionEnabled: false, pageLoadStrategy: normal, platform: XP, platformName: XP, rotatable: false, setWindowRect: true, takesHeapSnapshot: true, takesScreenshot: true, unexpectedAlertBehaviour: , unhandledPromptBehavior: , version: 87.0.4280.88, webStorageEnabled: true}\nSession ID: 6a064427c2f29db389aed694b65452a7\n*** Element info: {Using=xpath, value=//*[@id=\"app-site\"]/div[4]/div[3]/div/div[1]/div/div[2]/div[1]/div[1]/div/p}",
      "time" : {
        "start" : 1609863034209,
        "stop" : 1609863046417,
        "duration" : 12208
      }
    }, {
      "uid" : "839c94507d412a6e",
      "status" : "broken",
      "statusDetails" : "no such element: Unable to locate element: {\"method\":\"xpath\",\"selector\":\"//*[@id=\"body\"]/div[4]/div[3]/div/div[1]/div/div[2]/div[1]/div[1]/div/p\"}\n  (Session info: chrome=87.0.4280.88)\n  (Driver info: chromedriver=2.40.565498 (ea082db3280dd6843ebfb08a625e3eb905c4f5ab),platform=Windows NT 10.0.18363 x86_64) (WARNING: The server did not provide any stacktrace information)\nCommand duration or timeout: 0 milliseconds\nFor documentation on this error, please visit: https://www.seleniumhq.org/exceptions/no_such_element.html\nBuild info: version: '3.141.59', revision: 'e82be7d358', time: '2018-11-14T08:17:03'\nSystem info: host: 'DESKTOP-A4GJKOM', ip: '192.168.1.98', os.name: 'Windows 10', os.arch: 'amd64', os.version: '10.0', java.version: '1.8.0_271'\nDriver info: org.openqa.selenium.chrome.ChromeDriver\nCapabilities {acceptInsecureCerts: false, acceptSslCerts: false, applicationCacheEnabled: false, browserConnectionEnabled: false, browserName: chrome, chrome: {chromedriverVersion: 2.40.565498 (ea082db3280dd6..., userDataDir: C:\\Users\\sukki\\AppData\\Loca...}, cssSelectorsEnabled: true, databaseEnabled: false, handlesAlerts: true, hasTouchScreen: false, javascriptEnabled: true, locationContextEnabled: true, mobileEmulationEnabled: false, nativeEvents: true, networkConnectionEnabled: false, pageLoadStrategy: normal, platform: XP, platformName: XP, rotatable: false, setWindowRect: true, takesHeapSnapshot: true, takesScreenshot: true, unexpectedAlertBehaviour: , unhandledPromptBehavior: , version: 87.0.4280.88, webStorageEnabled: true}\nSession ID: 5dae43a0bd5b4edeca0581a9d5673992\n*** Element info: {Using=xpath, value=//*[@id=\"body\"]/div[4]/div[3]/div/div[1]/div/div[2]/div[1]/div[1]/div/p}",
      "time" : {
        "start" : 1609862927330,
        "stop" : 1609862939468,
        "duration" : 12138
      }
    }, {
      "uid" : "b7ef054ae6706ea5",
      "status" : "broken",
      "statusDetails" : "no such element: Unable to locate element: {\"method\":\"xpath\",\"selector\":\"//*[@id='body']/div[4]/div[3]/div/div[1]/div/div[2]/div[1]/div[1]/div/p\"}\n  (Session info: chrome=87.0.4280.88)\n  (Driver info: chromedriver=2.40.565498 (ea082db3280dd6843ebfb08a625e3eb905c4f5ab),platform=Windows NT 10.0.18363 x86_64) (WARNING: The server did not provide any stacktrace information)\nCommand duration or timeout: 0 milliseconds\nFor documentation on this error, please visit: https://www.seleniumhq.org/exceptions/no_such_element.html\nBuild info: version: '3.141.59', revision: 'e82be7d358', time: '2018-11-14T08:17:03'\nSystem info: host: 'DESKTOP-A4GJKOM', ip: '192.168.1.98', os.name: 'Windows 10', os.arch: 'amd64', os.version: '10.0', java.version: '1.8.0_271'\nDriver info: org.openqa.selenium.chrome.ChromeDriver\nCapabilities {acceptInsecureCerts: false, acceptSslCerts: false, applicationCacheEnabled: false, browserConnectionEnabled: false, browserName: chrome, chrome: {chromedriverVersion: 2.40.565498 (ea082db3280dd6..., userDataDir: C:\\Users\\sukki\\AppData\\Loca...}, cssSelectorsEnabled: true, databaseEnabled: false, handlesAlerts: true, hasTouchScreen: false, javascriptEnabled: true, locationContextEnabled: true, mobileEmulationEnabled: false, nativeEvents: true, networkConnectionEnabled: false, pageLoadStrategy: normal, platform: XP, platformName: XP, rotatable: false, setWindowRect: true, takesHeapSnapshot: true, takesScreenshot: true, unexpectedAlertBehaviour: , unhandledPromptBehavior: , version: 87.0.4280.88, webStorageEnabled: true}\nSession ID: 85710ba18d45acf3d276a37ce89d3b66\n*** Element info: {Using=xpath, value=//*[@id='body']/div[4]/div[3]/div/div[1]/div/div[2]/div[1]/div[1]/div/p}",
      "time" : {
        "start" : 1609862699794,
        "stop" : 1609862711321,
        "duration" : 11527
      }
    }, {
      "uid" : "b33a7d19e7489da8",
      "status" : "broken",
      "statusDetails" : "no such element: Unable to locate element: {\"method\":\"xpath\",\"selector\":\"//*[starts-with(@class,'MuiTypography-root MuiTypography-body1 MuiTypography-alignCenter') and contains(text(),'May 2020')]\"}\n  (Session info: chrome=87.0.4280.88)\n  (Driver info: chromedriver=2.40.565498 (ea082db3280dd6843ebfb08a625e3eb905c4f5ab),platform=Windows NT 10.0.18363 x86_64) (WARNING: The server did not provide any stacktrace information)\nCommand duration or timeout: 0 milliseconds\nFor documentation on this error, please visit: https://www.seleniumhq.org/exceptions/no_such_element.html\nBuild info: version: '3.141.59', revision: 'e82be7d358', time: '2018-11-14T08:17:03'\nSystem info: host: 'DESKTOP-A4GJKOM', ip: '192.168.1.98', os.name: 'Windows 10', os.arch: 'amd64', os.version: '10.0', java.version: '1.8.0_271'\nDriver info: org.openqa.selenium.chrome.ChromeDriver\nCapabilities {acceptInsecureCerts: false, acceptSslCerts: false, applicationCacheEnabled: false, browserConnectionEnabled: false, browserName: chrome, chrome: {chromedriverVersion: 2.40.565498 (ea082db3280dd6..., userDataDir: C:\\Users\\sukki\\AppData\\Loca...}, cssSelectorsEnabled: true, databaseEnabled: false, handlesAlerts: true, hasTouchScreen: false, javascriptEnabled: true, locationContextEnabled: true, mobileEmulationEnabled: false, nativeEvents: true, networkConnectionEnabled: false, pageLoadStrategy: normal, platform: XP, platformName: XP, rotatable: false, setWindowRect: true, takesHeapSnapshot: true, takesScreenshot: true, unexpectedAlertBehaviour: , unhandledPromptBehavior: , version: 87.0.4280.88, webStorageEnabled: true}\nSession ID: cd405be2640050a6d75a08bd8c64ec2f\n*** Element info: {Using=xpath, value=//*[starts-with(@class,'MuiTypography-root MuiTypography-body1 MuiTypography-alignCenter') and contains(text(),'May 2020')]}",
      "time" : {
        "start" : 1609861862350,
        "stop" : 1609861874336,
        "duration" : 11986
      }
    }, {
      "uid" : "cd67aefb5e446d35",
      "status" : "skipped",
      "statusDetails" : "Method Adminverifydoctortest.TC_03_AdminVerifyDoctor()[pri:0, instance:com.sailotech.ezscheduler.testpages.Adminverifydoctortest@69fe8c75] depends on not successfully finished methods",
      "time" : {
        "start" : 1609861795504,
        "stop" : 1609861795504,
        "duration" : 0
      }
    }, {
      "uid" : "5b74955acbd4ed21",
      "status" : "broken",
      "statusDetails" : "no such element: Unable to locate element: {\"method\":\"xpath\",\"selector\":\"//button[starts-with(@class,'MuiButtonBase-root MuiIconButton-root MuiPickersCalendarHeader-iconButton')]\"}\n  (Session info: chrome=87.0.4280.88)\n  (Driver info: chromedriver=2.40.565498 (ea082db3280dd6843ebfb08a625e3eb905c4f5ab),platform=Windows NT 10.0.18363 x86_64) (WARNING: The server did not provide any stacktrace information)\nCommand duration or timeout: 0 milliseconds\nFor documentation on this error, please visit: https://www.seleniumhq.org/exceptions/no_such_element.html\nBuild info: version: '3.141.59', revision: 'e82be7d358', time: '2018-11-14T08:17:03'\nSystem info: host: 'DESKTOP-A4GJKOM', ip: '192.168.1.98', os.name: 'Windows 10', os.arch: 'amd64', os.version: '10.0', java.version: '1.8.0_271'\nDriver info: org.openqa.selenium.chrome.ChromeDriver\nCapabilities {acceptInsecureCerts: false, acceptSslCerts: false, applicationCacheEnabled: false, browserConnectionEnabled: false, browserName: chrome, chrome: {chromedriverVersion: 2.40.565498 (ea082db3280dd6..., userDataDir: C:\\Users\\sukki\\AppData\\Loca...}, cssSelectorsEnabled: true, databaseEnabled: false, handlesAlerts: true, hasTouchScreen: false, javascriptEnabled: true, locationContextEnabled: true, mobileEmulationEnabled: false, nativeEvents: true, networkConnectionEnabled: false, pageLoadStrategy: normal, platform: XP, platformName: XP, rotatable: false, setWindowRect: true, takesHeapSnapshot: true, takesScreenshot: true, unexpectedAlertBehaviour: , unhandledPromptBehavior: , version: 87.0.4280.88, webStorageEnabled: true}\nSession ID: d1c3a5accac992e2b37827e35fa6ed43\n*** Element info: {Using=xpath, value=//button[starts-with(@class,'MuiButtonBase-root MuiIconButton-root MuiPickersCalendarHeader-iconButton')]}",
      "time" : {
        "start" : 1609859626213,
        "stop" : 1609859670179,
        "duration" : 43966
      }
    }, {
      "uid" : "29a190e28f5d9599",
      "status" : "broken",
      "statusDetails" : "no such element: Unable to locate element: {\"method\":\"xpath\",\"selector\":\"//b[contains (text(),'Physician Saved')]\"}\n  (Session info: chrome=87.0.4280.88)\n  (Driver info: chromedriver=2.40.565498 (ea082db3280dd6843ebfb08a625e3eb905c4f5ab),platform=Windows NT 10.0.18363 x86_64) (WARNING: The server did not provide any stacktrace information)\nCommand duration or timeout: 0 milliseconds\nFor documentation on this error, please visit: https://www.seleniumhq.org/exceptions/no_such_element.html\nBuild info: version: '3.141.59', revision: 'e82be7d358', time: '2018-11-14T08:17:03'\nSystem info: host: 'DESKTOP-A4GJKOM', ip: '192.168.1.98', os.name: 'Windows 10', os.arch: 'amd64', os.version: '10.0', java.version: '1.8.0_271'\nDriver info: org.openqa.selenium.chrome.ChromeDriver\nCapabilities {acceptInsecureCerts: false, acceptSslCerts: false, applicationCacheEnabled: false, browserConnectionEnabled: false, browserName: chrome, chrome: {chromedriverVersion: 2.40.565498 (ea082db3280dd6..., userDataDir: C:\\Users\\sukki\\AppData\\Loca...}, cssSelectorsEnabled: true, databaseEnabled: false, handlesAlerts: true, hasTouchScreen: false, javascriptEnabled: true, locationContextEnabled: true, mobileEmulationEnabled: false, nativeEvents: true, networkConnectionEnabled: false, pageLoadStrategy: normal, platform: XP, platformName: XP, rotatable: false, setWindowRect: true, takesHeapSnapshot: true, takesScreenshot: true, unexpectedAlertBehaviour: , unhandledPromptBehavior: , version: 87.0.4280.88, webStorageEnabled: true}\nSession ID: 06867510be42eae67620358604896696\n*** Element info: {Using=xpath, value=//b[contains (text(),'Physician Saved')]}",
      "time" : {
        "start" : 1609859099592,
        "stop" : 1609859142337,
        "duration" : 42745
      }
    }, {
      "uid" : "7471bdb247f4bbba",
      "status" : "skipped",
      "statusDetails" : "Method Adminverifydoctortest.TC_03_AdminVerifyDoctor()[pri:0, instance:com.sailotech.ezscheduler.testpages.Adminverifydoctortest@69fe8c75] depends on not successfully finished methods",
      "time" : {
        "start" : 1609858987326,
        "stop" : 1609858987326,
        "duration" : 0
      }
    }, {
      "uid" : "42437ef900ce5042",
      "status" : "passed",
      "time" : {
        "start" : 1609858709551,
        "stop" : 1609858787565,
        "duration" : 78014
      }
    }, {
      "uid" : "dce78057ba212318",
      "status" : "skipped",
      "statusDetails" : "Method Adminverifydoctortest.TC_03_AdminVerifyDoctor()[pri:0, instance:com.sailotech.ezscheduler.testpages.Adminverifydoctortest@752ffce3] depends on not successfully finished methods",
      "time" : {
        "start" : 1609858663085,
        "stop" : 1609858663085,
        "duration" : 0
      }
    }, {
      "uid" : "83b3947a9b9b01cb",
      "status" : "skipped",
      "statusDetails" : "Method Adminverifydoctortest.TC_03_AdminVerifyDoctor()[pri:0, instance:com.sailotech.ezscheduler.testpages.Adminverifydoctortest@4c0ab04f] depends on not successfully finished methods",
      "time" : {
        "start" : 1609858549605,
        "stop" : 1609858549605,
        "duration" : 0
      }
    }, {
      "uid" : "e2721c043c79af2",
      "status" : "skipped",
      "statusDetails" : "Method Adminverifydoctortest.TC_03_AdminVerifyDoctor()[pri:0, instance:com.sailotech.ezscheduler.testpages.Adminverifydoctortest@5f14590c] depends on not successfully finished methods",
      "time" : {
        "start" : 1609858476695,
        "stop" : 1609858476696,
        "duration" : 1
      }
    }, {
      "uid" : "45d8cbe54dad5ec8",
      "status" : "broken",
      "statusDetails" : "no such element: Unable to locate element: {\"method\":\"xpath\",\"selector\":\"//button[starts-with(@class,'MuiButtonBase-root MuiIconButton-root MuiPickersCalendarHeader-iconButton')]\"}\n  (Session info: chrome=87.0.4280.88)\n  (Driver info: chromedriver=2.40.565498 (ea082db3280dd6843ebfb08a625e3eb905c4f5ab),platform=Windows NT 10.0.18363 x86_64) (WARNING: The server did not provide any stacktrace information)\nCommand duration or timeout: 0 milliseconds\nFor documentation on this error, please visit: https://www.seleniumhq.org/exceptions/no_such_element.html\nBuild info: version: '3.141.59', revision: 'e82be7d358', time: '2018-11-14T08:17:03'\nSystem info: host: 'DESKTOP-A4GJKOM', ip: '192.168.1.98', os.name: 'Windows 10', os.arch: 'amd64', os.version: '10.0', java.version: '1.8.0_271'\nDriver info: org.openqa.selenium.chrome.ChromeDriver\nCapabilities {acceptInsecureCerts: false, acceptSslCerts: false, applicationCacheEnabled: false, browserConnectionEnabled: false, browserName: chrome, chrome: {chromedriverVersion: 2.40.565498 (ea082db3280dd6..., userDataDir: C:\\Users\\sukki\\AppData\\Loca...}, cssSelectorsEnabled: true, databaseEnabled: false, handlesAlerts: true, hasTouchScreen: false, javascriptEnabled: true, locationContextEnabled: true, mobileEmulationEnabled: false, nativeEvents: true, networkConnectionEnabled: false, pageLoadStrategy: normal, platform: XP, platformName: XP, rotatable: false, setWindowRect: true, takesHeapSnapshot: true, takesScreenshot: true, unexpectedAlertBehaviour: , unhandledPromptBehavior: , version: 87.0.4280.88, webStorageEnabled: true}\nSession ID: 11aff14d34fe9653e7b2f0e06e1d6857\n*** Element info: {Using=xpath, value=//button[starts-with(@class,'MuiButtonBase-root MuiIconButton-root MuiPickersCalendarHeader-iconButton')]}",
      "time" : {
        "start" : 1609858216675,
        "stop" : 1609858277294,
        "duration" : 60619
      }
    }, {
      "uid" : "a8698a2790c9a032",
      "status" : "skipped",
      "statusDetails" : "Method Adminverifydoctortest.TC_03_AdminVerifyDoctor()[pri:0, instance:com.sailotech.ezscheduler.testpages.Adminverifydoctortest@633cad4d] depends on not successfully finished methods",
      "time" : {
        "start" : 1609858109978,
        "stop" : 1609858109978,
        "duration" : 0
      }
    }, {
      "uid" : "5198b8cc78bc3d4b",
      "status" : "broken",
      "statusDetails" : "no such element: Unable to locate element: {\"method\":\"xpath\",\"selector\":\"//button[starts-with(@class,'MuiButtonBase-root MuiIconButton-root MuiPickersCalendarHeader-iconButton')]\"}\n  (Session info: chrome=87.0.4280.88)\n  (Driver info: chromedriver=2.40.565498 (ea082db3280dd6843ebfb08a625e3eb905c4f5ab),platform=Windows NT 10.0.18363 x86_64) (WARNING: The server did not provide any stacktrace information)\nCommand duration or timeout: 0 milliseconds\nFor documentation on this error, please visit: https://www.seleniumhq.org/exceptions/no_such_element.html\nBuild info: version: '3.141.59', revision: 'e82be7d358', time: '2018-11-14T08:17:03'\nSystem info: host: 'DESKTOP-A4GJKOM', ip: '192.168.1.98', os.name: 'Windows 10', os.arch: 'amd64', os.version: '10.0', java.version: '1.8.0_271'\nDriver info: org.openqa.selenium.chrome.ChromeDriver\nCapabilities {acceptInsecureCerts: false, acceptSslCerts: false, applicationCacheEnabled: false, browserConnectionEnabled: false, browserName: chrome, chrome: {chromedriverVersion: 2.40.565498 (ea082db3280dd6..., userDataDir: C:\\Users\\sukki\\AppData\\Loca...}, cssSelectorsEnabled: true, databaseEnabled: false, handlesAlerts: true, hasTouchScreen: false, javascriptEnabled: true, locationContextEnabled: true, mobileEmulationEnabled: false, nativeEvents: true, networkConnectionEnabled: false, pageLoadStrategy: normal, platform: XP, platformName: XP, rotatable: false, setWindowRect: true, takesHeapSnapshot: true, takesScreenshot: true, unexpectedAlertBehaviour: , unhandledPromptBehavior: , version: 87.0.4280.88, webStorageEnabled: true}\nSession ID: 5a067c1eb4639f194ecac1f37b9c58d4\n*** Element info: {Using=xpath, value=//button[starts-with(@class,'MuiButtonBase-root MuiIconButton-root MuiPickersCalendarHeader-iconButton')]}",
      "time" : {
        "start" : 1609802211171,
        "stop" : 1609802271133,
        "duration" : 59962
      }
    }, {
      "uid" : "549328bd4f51dc13",
      "status" : "broken",
      "statusDetails" : "stale element reference: element is not attached to the page document\n  (Session info: chrome=87.0.4280.88)\n  (Driver info: chromedriver=2.40.565498 (ea082db3280dd6843ebfb08a625e3eb905c4f5ab),platform=Windows NT 10.0.18363 x86_64) (WARNING: The server did not provide any stacktrace information)\nCommand duration or timeout: 0 milliseconds\nFor documentation on this error, please visit: https://www.seleniumhq.org/exceptions/stale_element_reference.html\nBuild info: version: '3.141.59', revision: 'e82be7d358', time: '2018-11-14T08:17:03'\nSystem info: host: 'DESKTOP-A4GJKOM', ip: '192.168.1.98', os.name: 'Windows 10', os.arch: 'amd64', os.version: '10.0', java.version: '1.8.0_271'\nDriver info: org.openqa.selenium.chrome.ChromeDriver\nCapabilities {acceptInsecureCerts: false, acceptSslCerts: false, applicationCacheEnabled: false, browserConnectionEnabled: false, browserName: chrome, chrome: {chromedriverVersion: 2.40.565498 (ea082db3280dd6..., userDataDir: C:\\Users\\sukki\\AppData\\Loca...}, cssSelectorsEnabled: true, databaseEnabled: false, handlesAlerts: true, hasTouchScreen: false, javascriptEnabled: true, locationContextEnabled: true, mobileEmulationEnabled: false, nativeEvents: true, networkConnectionEnabled: false, pageLoadStrategy: normal, platform: XP, platformName: XP, rotatable: false, setWindowRect: true, takesHeapSnapshot: true, takesScreenshot: true, unexpectedAlertBehaviour: , unhandledPromptBehavior: , version: 87.0.4280.88, webStorageEnabled: true}\nSession ID: 8e65ff5a77fd4bcdc3324ca3ed5630ac",
      "time" : {
        "start" : 1609802028961,
        "stop" : 1609802087570,
        "duration" : 58609
      }
    }, {
      "uid" : "1d2a2086b5f5a0dd",
      "status" : "broken",
      "statusDetails" : "no such element: Unable to locate element: {\"method\":\"xpath\",\"selector\":\"//button[starts-with(@class,'MuiButtonBase-root MuiIconButton-root MuiPickersCalendarHeader-iconButton')]\"}\n  (Session info: chrome=87.0.4280.88)\n  (Driver info: chromedriver=2.40.565498 (ea082db3280dd6843ebfb08a625e3eb905c4f5ab),platform=Windows NT 10.0.18363 x86_64) (WARNING: The server did not provide any stacktrace information)\nCommand duration or timeout: 0 milliseconds\nFor documentation on this error, please visit: https://www.seleniumhq.org/exceptions/no_such_element.html\nBuild info: version: '3.141.59', revision: 'e82be7d358', time: '2018-11-14T08:17:03'\nSystem info: host: 'DESKTOP-A4GJKOM', ip: '192.168.1.98', os.name: 'Windows 10', os.arch: 'amd64', os.version: '10.0', java.version: '1.8.0_271'\nDriver info: org.openqa.selenium.chrome.ChromeDriver\nCapabilities {acceptInsecureCerts: false, acceptSslCerts: false, applicationCacheEnabled: false, browserConnectionEnabled: false, browserName: chrome, chrome: {chromedriverVersion: 2.40.565498 (ea082db3280dd6..., userDataDir: C:\\Users\\sukki\\AppData\\Loca...}, cssSelectorsEnabled: true, databaseEnabled: false, handlesAlerts: true, hasTouchScreen: false, javascriptEnabled: true, locationContextEnabled: true, mobileEmulationEnabled: false, nativeEvents: true, networkConnectionEnabled: false, pageLoadStrategy: normal, platform: XP, platformName: XP, rotatable: false, setWindowRect: true, takesHeapSnapshot: true, takesScreenshot: true, unexpectedAlertBehaviour: , unhandledPromptBehavior: , version: 87.0.4280.88, webStorageEnabled: true}\nSession ID: 942304d611a318b6d6b9194f9aac77bc\n*** Element info: {Using=xpath, value=//button[starts-with(@class,'MuiButtonBase-root MuiIconButton-root MuiPickersCalendarHeader-iconButton')]}",
      "time" : {
        "start" : 1609801819600,
        "stop" : 1609801880133,
        "duration" : 60533
      }
    }, {
      "uid" : "fc070b94c1f0de72",
      "status" : "skipped",
      "statusDetails" : "Method Adminverifydoctortest.TC_03_AdminVerifyDoctor()[pri:0, instance:com.sailotech.ezscheduler.testpages.Adminverifydoctortest@4e826fd4] depends on not successfully finished methods",
      "time" : {
        "start" : 1609799933698,
        "stop" : 1609799933698,
        "duration" : 0
      }
    }, {
      "uid" : "ae0bd611d5541ecf",
      "status" : "skipped",
      "statusDetails" : "Method Adminverifydoctortest.TC_03_AdminVerifyDoctor()[pri:0, instance:com.sailotech.ezscheduler.testpages.Adminverifydoctortest@384f0e32] depends on not successfully finished methods",
      "time" : {
        "start" : 1609799875775,
        "stop" : 1609799875775,
        "duration" : 0
      }
    }, {
      "uid" : "951fb70933d175ee",
      "status" : "broken",
      "statusDetails" : "C:\\Users\\sukki\\OneDrive\\EzSchedulerscratch\\EzScheduler\\xls.files\\AdminLogin.xlsx (The system cannot find the file specified)",
      "time" : {
        "start" : 1609799631612,
        "stop" : 1609799631647,
        "duration" : 35
      }
    }, {
      "uid" : "5f490053496838cb",
      "status" : "skipped",
      "statusDetails" : "Method Adminverifydoctortest.TC_03_AdminVerifyDoctor()[pri:0, instance:com.sailotech.ezscheduler.testpages.Adminverifydoctortest@623ded82] depends on not successfully finished methods",
      "time" : {
        "start" : 1609799580977,
        "stop" : 1609799580977,
        "duration" : 0
      }
    }, {
      "uid" : "ad02fa5438a87ed7",
      "status" : "broken",
      "statusDetails" : "C:\\Users\\sukki\\OneDrive\\EzSchedulerscratch\\EzScheduler\\xls.files\\AdminLogin.xlsx (The system cannot find the file specified)",
      "time" : {
        "start" : 1609799476511,
        "stop" : 1609799476542,
        "duration" : 31
      }
    }, {
      "uid" : "b95ef42dda056bea",
      "status" : "broken",
      "statusDetails" : "stale element reference: element is not attached to the page document\n  (Session info: chrome=87.0.4280.88)\n  (Driver info: chromedriver=2.40.565498 (ea082db3280dd6843ebfb08a625e3eb905c4f5ab),platform=Windows NT 10.0.18363 x86_64) (WARNING: The server did not provide any stacktrace information)\nCommand duration or timeout: 0 milliseconds\nFor documentation on this error, please visit: https://www.seleniumhq.org/exceptions/stale_element_reference.html\nBuild info: version: '3.141.59', revision: 'e82be7d358', time: '2018-11-14T08:17:03'\nSystem info: host: 'DESKTOP-A4GJKOM', ip: '192.168.1.98', os.name: 'Windows 10', os.arch: 'amd64', os.version: '10.0', java.version: '1.8.0_271'\nDriver info: org.openqa.selenium.chrome.ChromeDriver\nCapabilities {acceptInsecureCerts: false, acceptSslCerts: false, applicationCacheEnabled: false, browserConnectionEnabled: false, browserName: chrome, chrome: {chromedriverVersion: 2.40.565498 (ea082db3280dd6..., userDataDir: C:\\Users\\sukki\\AppData\\Loca...}, cssSelectorsEnabled: true, databaseEnabled: false, handlesAlerts: true, hasTouchScreen: false, javascriptEnabled: true, locationContextEnabled: true, mobileEmulationEnabled: false, nativeEvents: true, networkConnectionEnabled: false, pageLoadStrategy: normal, platform: XP, platformName: XP, rotatable: false, setWindowRect: true, takesHeapSnapshot: true, takesScreenshot: true, unexpectedAlertBehaviour: , unhandledPromptBehavior: , version: 87.0.4280.88, webStorageEnabled: true}\nSession ID: 8eaadcc11539e2dfb2afe042933bb7c2",
      "time" : {
        "start" : 1609796644038,
        "stop" : 1609796831220,
        "duration" : 187182
      }
    }, {
      "uid" : "ac5ecce4d20e8f04",
      "status" : "passed",
      "time" : {
        "start" : 1609796320009,
        "stop" : 1609796408661,
        "duration" : 88652
      }
    }, {
      "uid" : "3b032fdc6f6ac5",
      "status" : "skipped",
      "statusDetails" : "Method Adminverifydoctortest.TC_03_AdminVerifyDoctor()[pri:0, instance:com.sailotech.ezscheduler.testpages.Adminverifydoctortest@34a482d0] depends on not successfully finished methods",
      "time" : {
        "start" : 1609796237647,
        "stop" : 1609796237647,
        "duration" : 0
      }
    }, {
      "uid" : "7b745cd7f3167592",
      "status" : "skipped",
      "statusDetails" : "Method Adminverifydoctortest.TC_03_AdminVerifyDoctor()[pri:0, instance:com.sailotech.ezscheduler.testpages.Adminverifydoctortest@4f9e9c21] depends on not successfully finished methods",
      "time" : {
        "start" : 1609796040015,
        "stop" : 1609796040015,
        "duration" : 0
      }
    }, {
      "uid" : "f1cb815aecef6fb7",
      "status" : "skipped",
      "statusDetails" : "Method Adminverifydoctortest.TC_03_AdminVerifyDoctor()[pri:0, instance:com.sailotech.ezscheduler.testpages.Adminverifydoctortest@53202b06] depends on not successfully finished methods",
      "time" : {
        "start" : 1609795973751,
        "stop" : 1609795973751,
        "duration" : 0
      }
    }, {
      "uid" : "d036ec0ec5e3a38d",
      "status" : "skipped",
      "statusDetails" : "Method Adminverifydoctortest.TC_03_AdminVerifyDoctor()[pri:0, instance:com.sailotech.ezscheduler.testpages.Adminverifydoctortest@2709e075] depends on not successfully finished methods",
      "time" : {
        "start" : 1609795876108,
        "stop" : 1609795876108,
        "duration" : 0
      }
    }, {
      "uid" : "de9f16d857399a5b",
      "status" : "passed",
      "time" : {
        "start" : 1609795443257,
        "stop" : 1609795525952,
        "duration" : 82695
      }
    }, {
      "uid" : "d2947167ba189c1c",
      "status" : "passed",
      "time" : {
        "start" : 1609795178401,
        "stop" : 1609795233679,
        "duration" : 55278
      }
    }, {
      "uid" : "396f98801498bfbd",
      "status" : "skipped",
      "statusDetails" : "Method Adminverifydoctortest.TC_03_AdminVerifyDoctor()[pri:0, instance:com.sailotech.ezscheduler.testpages.Adminverifydoctortest@20462820] depends on not successfully finished methods",
      "time" : {
        "start" : 1609795098357,
        "stop" : 1609795098357,
        "duration" : 0
      }
    }, {
      "uid" : "42043811bf44cf1a",
      "status" : "skipped",
      "statusDetails" : "Method Adminverifydoctortest.TC_03_AdminVerifyDoctor()[pri:0, instance:com.sailotech.ezscheduler.testpages.Adminverifydoctortest@384f0e32] depends on not successfully finished methods",
      "time" : {
        "start" : 1609794774741,
        "stop" : 1609794774742,
        "duration" : 1
      }
    }, {
      "uid" : "70effbb48ae9b357",
      "status" : "skipped",
      "statusDetails" : "Method Adminverifydoctortest.TC_03_AdminVerifyDoctor()[pri:0, instance:com.sailotech.ezscheduler.testpages.Adminverifydoctortest@e1c91cd] depends on not successfully finished methods",
      "time" : {
        "start" : 1609794651800,
        "stop" : 1609794651800,
        "duration" : 0
      }
    }, {
      "uid" : "484aa3ed1a97f617",
      "status" : "passed",
      "time" : {
        "start" : 1609793526780,
        "stop" : 1609793603044,
        "duration" : 76264
      }
    }, {
      "uid" : "efbeda9f9cc5d4af",
      "status" : "broken",
      "statusDetails" : "no such element: Unable to locate element: {\"method\":\"xpath\",\"selector\":\"//*[@id=\"app-site\"]/div/div/div[3]/main/div/div/div/div/div/div[2]/div/div/div[2]/div/div/table/tbody/tr[10]/td[3]\"}\n  (Session info: chrome=87.0.4280.88)\n  (Driver info: chromedriver=2.40.565498 (ea082db3280dd6843ebfb08a625e3eb905c4f5ab),platform=Windows NT 10.0.18363 x86_64) (WARNING: The server did not provide any stacktrace information)\nCommand duration or timeout: 0 milliseconds\nFor documentation on this error, please visit: https://www.seleniumhq.org/exceptions/no_such_element.html\nBuild info: version: '3.141.59', revision: 'e82be7d358', time: '2018-11-14T08:17:03'\nSystem info: host: 'DESKTOP-A4GJKOM', ip: '192.168.1.98', os.name: 'Windows 10', os.arch: 'amd64', os.version: '10.0', java.version: '1.8.0_271'\nDriver info: org.openqa.selenium.chrome.ChromeDriver\nCapabilities {acceptInsecureCerts: false, acceptSslCerts: false, applicationCacheEnabled: false, browserConnectionEnabled: false, browserName: chrome, chrome: {chromedriverVersion: 2.40.565498 (ea082db3280dd6..., userDataDir: C:\\Users\\sukki\\AppData\\Loca...}, cssSelectorsEnabled: true, databaseEnabled: false, handlesAlerts: true, hasTouchScreen: false, javascriptEnabled: true, locationContextEnabled: true, mobileEmulationEnabled: false, nativeEvents: true, networkConnectionEnabled: false, pageLoadStrategy: normal, platform: XP, platformName: XP, rotatable: false, setWindowRect: true, takesHeapSnapshot: true, takesScreenshot: true, unexpectedAlertBehaviour: , unhandledPromptBehavior: , version: 87.0.4280.88, webStorageEnabled: true}\nSession ID: faa5b164038a2ccd7d4495944e8d4536\n*** Element info: {Using=xpath, value=//*[@id=\"app-site\"]/div/div/div[3]/main/div/div/div/div/div/div[2]/div/div/div[2]/div/div/table/tbody/tr[10]/td[3]}",
      "time" : {
        "start" : 1609793227991,
        "stop" : 1609793252321,
        "duration" : 24330
      }
    }, {
      "uid" : "5ae8a0827064ff73",
      "status" : "broken",
      "statusDetails" : "Unexpected result for screenshot command: null",
      "time" : {
        "start" : 1609790488299,
        "stop" : 1609791204214,
        "duration" : 715915
      }
    }, {
      "uid" : "7fc19a7869172780",
      "status" : "skipped",
      "statusDetails" : "Method Adminverifydoctortest.TC_03_AdminVerifyDoctor()[pri:0, instance:com.sailotech.ezscheduler.testpages.Adminverifydoctortest@4e826fd4] depends on not successfully finished methods",
      "time" : {
        "start" : 1609790407141,
        "stop" : 1609790407141,
        "duration" : 0
      }
    }, {
      "uid" : "f09c5e67cc9128f3",
      "status" : "skipped",
      "statusDetails" : "Method Adminverifydoctortest.TC_03_AdminVerifyDoctor()[pri:0, instance:com.sailotech.ezscheduler.testpages.Adminverifydoctortest@67baa05] depends on not successfully finished methods",
      "time" : {
        "start" : 1609789795878,
        "stop" : 1609789795878,
        "duration" : 0
      }
    }, {
      "uid" : "6dd879dbfcf03504",
      "status" : "skipped",
      "statusDetails" : "Method Adminverifydoctortest.TC_03_AdminVerifyDoctor()[pri:0, instance:com.sailotech.ezscheduler.testpages.Adminverifydoctortest@67baa05] depends on not successfully finished methods",
      "time" : {
        "start" : 1609789336480,
        "stop" : 1609789336480,
        "duration" : 0
      }
    }, {
      "uid" : "3214274676ea9efa",
      "status" : "skipped",
      "statusDetails" : "Method Adminverifydoctortest.TC_03_AdminVerifyDoctor()[pri:0, instance:com.sailotech.ezscheduler.testpages.Adminverifydoctortest@468646ea] depends on not successfully finished methods",
      "time" : {
        "start" : 1609789215767,
        "stop" : 1609789215768,
        "duration" : 1
      }
    }, {
      "uid" : "49fd87c700ed454c",
      "status" : "skipped",
      "statusDetails" : "Method Adminverifydoctortest.TC_03_AdminVerifyDoctor()[pri:0, instance:com.sailotech.ezscheduler.testpages.Adminverifydoctortest@5f14590c] depends on not successfully finished methods",
      "time" : {
        "start" : 1609789126823,
        "stop" : 1609789126823,
        "duration" : 0
      }
    }, {
      "uid" : "1d422963ecc1f619",
      "status" : "broken",
      "statusDetails" : "no such element: Unable to locate element: {\"method\":\"xpath\",\"selector\":\"//*[@id=\"app-site\"]/div/div/div[3]/main/div/div/div/div/div/div[2]/div/div/div[2]/div/div/table/tbody/tr[11]/td[3]\"}\n  (Session info: chrome=87.0.4280.88)\n  (Driver info: chromedriver=2.40.565498 (ea082db3280dd6843ebfb08a625e3eb905c4f5ab),platform=Windows NT 10.0.18363 x86_64) (WARNING: The server did not provide any stacktrace information)\nCommand duration or timeout: 0 milliseconds\nFor documentation on this error, please visit: https://www.seleniumhq.org/exceptions/no_such_element.html\nBuild info: version: '3.141.59', revision: 'e82be7d358', time: '2018-11-14T08:17:03'\nSystem info: host: 'DESKTOP-A4GJKOM', ip: '192.168.1.98', os.name: 'Windows 10', os.arch: 'amd64', os.version: '10.0', java.version: '1.8.0_271'\nDriver info: org.openqa.selenium.chrome.ChromeDriver\nCapabilities {acceptInsecureCerts: false, acceptSslCerts: false, applicationCacheEnabled: false, browserConnectionEnabled: false, browserName: chrome, chrome: {chromedriverVersion: 2.40.565498 (ea082db3280dd6..., userDataDir: C:\\Users\\sukki\\AppData\\Loca...}, cssSelectorsEnabled: true, databaseEnabled: false, handlesAlerts: true, hasTouchScreen: false, javascriptEnabled: true, locationContextEnabled: true, mobileEmulationEnabled: false, nativeEvents: true, networkConnectionEnabled: false, pageLoadStrategy: normal, platform: XP, platformName: XP, rotatable: false, setWindowRect: true, takesHeapSnapshot: true, takesScreenshot: true, unexpectedAlertBehaviour: , unhandledPromptBehavior: , version: 87.0.4280.88, webStorageEnabled: true}\nSession ID: d82b86f2bb07d965f0eb444ca577abbb\n*** Element info: {Using=xpath, value=//*[@id=\"app-site\"]/div/div/div[3]/main/div/div/div/div/div/div[2]/div/div/div[2]/div/div/table/tbody/tr[11]/td[3]}",
      "time" : {
        "start" : 1609788988591,
        "stop" : 1609788997779,
        "duration" : 9188
      }
    }, {
      "uid" : "99c9086ca7be2ebd",
      "status" : "broken",
      "statusDetails" : "no such element: Unable to locate element: {\"method\":\"xpath\",\"selector\":\"//*[@id=\"app-site\"]/div/div/div[3]/main/div/div/div/div/div/div[2]/div/div/div[2]/div/div/table/tbody/tr[11]/td[3]\"}\n  (Session info: chrome=87.0.4280.88)\n  (Driver info: chromedriver=2.40.565498 (ea082db3280dd6843ebfb08a625e3eb905c4f5ab),platform=Windows NT 10.0.18363 x86_64) (WARNING: The server did not provide any stacktrace information)\nCommand duration or timeout: 0 milliseconds\nFor documentation on this error, please visit: https://www.seleniumhq.org/exceptions/no_such_element.html\nBuild info: version: '3.141.59', revision: 'e82be7d358', time: '2018-11-14T08:17:03'\nSystem info: host: 'DESKTOP-A4GJKOM', ip: '192.168.1.98', os.name: 'Windows 10', os.arch: 'amd64', os.version: '10.0', java.version: '1.8.0_271'\nDriver info: org.openqa.selenium.chrome.ChromeDriver\nCapabilities {acceptInsecureCerts: false, acceptSslCerts: false, applicationCacheEnabled: false, browserConnectionEnabled: false, browserName: chrome, chrome: {chromedriverVersion: 2.40.565498 (ea082db3280dd6..., userDataDir: C:\\Users\\sukki\\AppData\\Loca...}, cssSelectorsEnabled: true, databaseEnabled: false, handlesAlerts: true, hasTouchScreen: false, javascriptEnabled: true, locationContextEnabled: true, mobileEmulationEnabled: false, nativeEvents: true, networkConnectionEnabled: false, pageLoadStrategy: normal, platform: XP, platformName: XP, rotatable: false, setWindowRect: true, takesHeapSnapshot: true, takesScreenshot: true, unexpectedAlertBehaviour: , unhandledPromptBehavior: , version: 87.0.4280.88, webStorageEnabled: true}\nSession ID: e03567d6186a8a1b09d7068e4ec78d2a\n*** Element info: {Using=xpath, value=//*[@id=\"app-site\"]/div/div/div[3]/main/div/div/div/div/div/div[2]/div/div/div[2]/div/div/table/tbody/tr[11]/td[3]}",
      "time" : {
        "start" : 1609781659669,
        "stop" : 1609781668481,
        "duration" : 8812
      }
    }, {
      "uid" : "d923c5a6fb29edce",
      "status" : "broken",
      "statusDetails" : "no such element: Unable to locate element: {\"method\":\"xpath\",\"selector\":\"//*[@id=\"app-site\"]/div/div/div[3]/main/div/div/div/div/div/div[2]/div/div/div[2]/div/div/table/tbody/tr[11]/td[3]\"}\n  (Session info: chrome=87.0.4280.88)\n  (Driver info: chromedriver=2.40.565498 (ea082db3280dd6843ebfb08a625e3eb905c4f5ab),platform=Windows NT 10.0.18363 x86_64) (WARNING: The server did not provide any stacktrace information)\nCommand duration or timeout: 0 milliseconds\nFor documentation on this error, please visit: https://www.seleniumhq.org/exceptions/no_such_element.html\nBuild info: version: '3.141.59', revision: 'e82be7d358', time: '2018-11-14T08:17:03'\nSystem info: host: 'DESKTOP-A4GJKOM', ip: '192.168.1.98', os.name: 'Windows 10', os.arch: 'amd64', os.version: '10.0', java.version: '1.8.0_271'\nDriver info: org.openqa.selenium.chrome.ChromeDriver\nCapabilities {acceptInsecureCerts: false, acceptSslCerts: false, applicationCacheEnabled: false, browserConnectionEnabled: false, browserName: chrome, chrome: {chromedriverVersion: 2.40.565498 (ea082db3280dd6..., userDataDir: C:\\Users\\sukki\\AppData\\Loca...}, cssSelectorsEnabled: true, databaseEnabled: false, handlesAlerts: true, hasTouchScreen: false, javascriptEnabled: true, locationContextEnabled: true, mobileEmulationEnabled: false, nativeEvents: true, networkConnectionEnabled: false, pageLoadStrategy: normal, platform: XP, platformName: XP, rotatable: false, setWindowRect: true, takesHeapSnapshot: true, takesScreenshot: true, unexpectedAlertBehaviour: , unhandledPromptBehavior: , version: 87.0.4280.88, webStorageEnabled: true}\nSession ID: ed95e96a816409e1c2c499d03d735a80\n*** Element info: {Using=xpath, value=//*[@id=\"app-site\"]/div/div/div[3]/main/div/div/div/div/div/div[2]/div/div/div[2]/div/div/table/tbody/tr[11]/td[3]}",
      "time" : {
        "start" : 1609776025236,
        "stop" : 1609776034565,
        "duration" : 9329
      }
    }, {
      "uid" : "7b89534f1a8fb644",
      "status" : "broken",
      "statusDetails" : "no such element: Unable to locate element: {\"method\":\"xpath\",\"selector\":\"//*[@id=\"app-site\"]/div/div/div[3]/main/div/div/div/div/div/div[2]/div/div/div[2]/div/div/table/tbody/tr[11]/td[3]\"}\n  (Session info: chrome=87.0.4280.88)\n  (Driver info: chromedriver=2.40.565498 (ea082db3280dd6843ebfb08a625e3eb905c4f5ab),platform=Windows NT 10.0.18363 x86_64) (WARNING: The server did not provide any stacktrace information)\nCommand duration or timeout: 0 milliseconds\nFor documentation on this error, please visit: https://www.seleniumhq.org/exceptions/no_such_element.html\nBuild info: version: '3.141.59', revision: 'e82be7d358', time: '2018-11-14T08:17:03'\nSystem info: host: 'DESKTOP-A4GJKOM', ip: '192.168.1.98', os.name: 'Windows 10', os.arch: 'amd64', os.version: '10.0', java.version: '1.8.0_271'\nDriver info: org.openqa.selenium.chrome.ChromeDriver\nCapabilities {acceptInsecureCerts: false, acceptSslCerts: false, applicationCacheEnabled: false, browserConnectionEnabled: false, browserName: chrome, chrome: {chromedriverVersion: 2.40.565498 (ea082db3280dd6..., userDataDir: C:\\Users\\sukki\\AppData\\Loca...}, cssSelectorsEnabled: true, databaseEnabled: false, handlesAlerts: true, hasTouchScreen: false, javascriptEnabled: true, locationContextEnabled: true, mobileEmulationEnabled: false, nativeEvents: true, networkConnectionEnabled: false, pageLoadStrategy: normal, platform: XP, platformName: XP, rotatable: false, setWindowRect: true, takesHeapSnapshot: true, takesScreenshot: true, unexpectedAlertBehaviour: , unhandledPromptBehavior: , version: 87.0.4280.88, webStorageEnabled: true}\nSession ID: 5a9e66611b029aeb496bc8d5d69c930f\n*** Element info: {Using=xpath, value=//*[@id=\"app-site\"]/div/div/div[3]/main/div/div/div/div/div/div[2]/div/div/div[2]/div/div/table/tbody/tr[11]/td[3]}",
      "time" : {
        "start" : 1609775538121,
        "stop" : 1609775546966,
        "duration" : 8845
      }
    }, {
      "uid" : "5989ac0955ca21d8",
      "status" : "broken",
      "statusDetails" : "no such element: Unable to locate element: {\"method\":\"xpath\",\"selector\":\"//*[@id=\"app-site\"]/div/div/div[3]/main/div/div/div/div/div/div[2]/div/div/div[2]/div/div/table/tbody/tr[11]/td[3]\"}\n  (Session info: chrome=87.0.4280.88)\n  (Driver info: chromedriver=2.40.565498 (ea082db3280dd6843ebfb08a625e3eb905c4f5ab),platform=Windows NT 10.0.18363 x86_64) (WARNING: The server did not provide any stacktrace information)\nCommand duration or timeout: 0 milliseconds\nFor documentation on this error, please visit: https://www.seleniumhq.org/exceptions/no_such_element.html\nBuild info: version: '3.141.59', revision: 'e82be7d358', time: '2018-11-14T08:17:03'\nSystem info: host: 'DESKTOP-A4GJKOM', ip: '192.168.1.98', os.name: 'Windows 10', os.arch: 'amd64', os.version: '10.0', java.version: '1.8.0_271'\nDriver info: org.openqa.selenium.chrome.ChromeDriver\nCapabilities {acceptInsecureCerts: false, acceptSslCerts: false, applicationCacheEnabled: false, browserConnectionEnabled: false, browserName: chrome, chrome: {chromedriverVersion: 2.40.565498 (ea082db3280dd6..., userDataDir: C:\\Users\\sukki\\AppData\\Loca...}, cssSelectorsEnabled: true, databaseEnabled: false, handlesAlerts: true, hasTouchScreen: false, javascriptEnabled: true, locationContextEnabled: true, mobileEmulationEnabled: false, nativeEvents: true, networkConnectionEnabled: false, pageLoadStrategy: normal, platform: XP, platformName: XP, rotatable: false, setWindowRect: true, takesHeapSnapshot: true, takesScreenshot: true, unexpectedAlertBehaviour: , unhandledPromptBehavior: , version: 87.0.4280.88, webStorageEnabled: true}\nSession ID: 6dcd03a66a4ec96469b2eb802607d5ea\n*** Element info: {Using=xpath, value=//*[@id=\"app-site\"]/div/div/div[3]/main/div/div/div/div/div/div[2]/div/div/div[2]/div/div/table/tbody/tr[11]/td[3]}",
      "time" : {
        "start" : 1609774989237,
        "stop" : 1609774998204,
        "duration" : 8967
      }
    }, {
      "uid" : "15b0ad479faa2d84",
      "status" : "broken",
      "statusDetails" : "no such element: Unable to locate element: {\"method\":\"xpath\",\"selector\":\"//*[@id=\"app-site\"]/div/div/div[3]/main/div/div/div/div/div/div[2]/div/div/div[2]/div/div/table/tbody/tr[11]/td[3]\"}\n  (Session info: chrome=87.0.4280.88)\n  (Driver info: chromedriver=2.40.565498 (ea082db3280dd6843ebfb08a625e3eb905c4f5ab),platform=Windows NT 10.0.18363 x86_64) (WARNING: The server did not provide any stacktrace information)\nCommand duration or timeout: 0 milliseconds\nFor documentation on this error, please visit: https://www.seleniumhq.org/exceptions/no_such_element.html\nBuild info: version: '3.141.59', revision: 'e82be7d358', time: '2018-11-14T08:17:03'\nSystem info: host: 'DESKTOP-A4GJKOM', ip: '192.168.1.98', os.name: 'Windows 10', os.arch: 'amd64', os.version: '10.0', java.version: '1.8.0_271'\nDriver info: org.openqa.selenium.chrome.ChromeDriver\nCapabilities {acceptInsecureCerts: false, acceptSslCerts: false, applicationCacheEnabled: false, browserConnectionEnabled: false, browserName: chrome, chrome: {chromedriverVersion: 2.40.565498 (ea082db3280dd6..., userDataDir: C:\\Users\\sukki\\AppData\\Loca...}, cssSelectorsEnabled: true, databaseEnabled: false, handlesAlerts: true, hasTouchScreen: false, javascriptEnabled: true, locationContextEnabled: true, mobileEmulationEnabled: false, nativeEvents: true, networkConnectionEnabled: false, pageLoadStrategy: normal, platform: XP, platformName: XP, rotatable: false, setWindowRect: true, takesHeapSnapshot: true, takesScreenshot: true, unexpectedAlertBehaviour: , unhandledPromptBehavior: , version: 87.0.4280.88, webStorageEnabled: true}\nSession ID: 7a9fbea0ec4d1d5160cc6ab5d1f6af37\n*** Element info: {Using=xpath, value=//*[@id=\"app-site\"]/div/div/div[3]/main/div/div/div/div/div/div[2]/div/div/div[2]/div/div/table/tbody/tr[11]/td[3]}",
      "time" : {
        "start" : 1609774770902,
        "stop" : 1609774780512,
        "duration" : 9610
      }
    }, {
      "uid" : "8737e0a4a5b76005",
      "status" : "skipped",
      "statusDetails" : "Method Adminverifydoctortest.TC_03_AdminVerifyDoctor()[pri:0, instance:com.sailotech.ezscheduler.testpages.Adminverifydoctortest@4e826fd4] depends on not successfully finished methods",
      "time" : {
        "start" : 1609774651377,
        "stop" : 1609774651377,
        "duration" : 0
      }
    }, {
      "uid" : "cebc219c6a16e1ef",
      "status" : "broken",
      "statusDetails" : "no such element: Unable to locate element: {\"method\":\"xpath\",\"selector\":\"//b[contains (text(),'Physician Saved')]\"}\n  (Session info: chrome=87.0.4280.88)\n  (Driver info: chromedriver=2.40.565498 (ea082db3280dd6843ebfb08a625e3eb905c4f5ab),platform=Windows NT 10.0.18363 x86_64) (WARNING: The server did not provide any stacktrace information)\nCommand duration or timeout: 0 milliseconds\nFor documentation on this error, please visit: https://www.seleniumhq.org/exceptions/no_such_element.html\nBuild info: version: '3.141.59', revision: 'e82be7d358', time: '2018-11-14T08:17:03'\nSystem info: host: 'DESKTOP-A4GJKOM', ip: '192.168.1.98', os.name: 'Windows 10', os.arch: 'amd64', os.version: '10.0', java.version: '1.8.0_271'\nDriver info: org.openqa.selenium.chrome.ChromeDriver\nCapabilities {acceptInsecureCerts: false, acceptSslCerts: false, applicationCacheEnabled: false, browserConnectionEnabled: false, browserName: chrome, chrome: {chromedriverVersion: 2.40.565498 (ea082db3280dd6..., userDataDir: C:\\Users\\sukki\\AppData\\Loca...}, cssSelectorsEnabled: true, databaseEnabled: false, handlesAlerts: true, hasTouchScreen: false, javascriptEnabled: true, locationContextEnabled: true, mobileEmulationEnabled: false, nativeEvents: true, networkConnectionEnabled: false, pageLoadStrategy: normal, platform: XP, platformName: XP, rotatable: false, setWindowRect: true, takesHeapSnapshot: true, takesScreenshot: true, unexpectedAlertBehaviour: , unhandledPromptBehavior: , version: 87.0.4280.88, webStorageEnabled: true}\nSession ID: 7103900709ab152ae385a38c40465f8e\n*** Element info: {Using=xpath, value=//b[contains (text(),'Physician Saved')]}",
      "time" : {
        "start" : 1609774224577,
        "stop" : 1609774324679,
        "duration" : 100102
      }
    }, {
      "uid" : "712d1375aa2627ee",
      "status" : "broken",
      "statusDetails" : "stale element reference: element is not attached to the page document\n  (Session info: chrome=87.0.4280.88)\n  (Driver info: chromedriver=2.40.565498 (ea082db3280dd6843ebfb08a625e3eb905c4f5ab),platform=Windows NT 10.0.18363 x86_64) (WARNING: The server did not provide any stacktrace information)\nCommand duration or timeout: 0 milliseconds\nFor documentation on this error, please visit: https://www.seleniumhq.org/exceptions/stale_element_reference.html\nBuild info: version: '3.141.59', revision: 'e82be7d358', time: '2018-11-14T08:17:03'\nSystem info: host: 'DESKTOP-A4GJKOM', ip: '192.168.1.98', os.name: 'Windows 10', os.arch: 'amd64', os.version: '10.0', java.version: '1.8.0_271'\nDriver info: org.openqa.selenium.chrome.ChromeDriver\nCapabilities {acceptInsecureCerts: false, acceptSslCerts: false, applicationCacheEnabled: false, browserConnectionEnabled: false, browserName: chrome, chrome: {chromedriverVersion: 2.40.565498 (ea082db3280dd6..., userDataDir: C:\\Users\\sukki\\AppData\\Loca...}, cssSelectorsEnabled: true, databaseEnabled: false, handlesAlerts: true, hasTouchScreen: false, javascriptEnabled: true, locationContextEnabled: true, mobileEmulationEnabled: false, nativeEvents: true, networkConnectionEnabled: false, pageLoadStrategy: normal, platform: XP, platformName: XP, rotatable: false, setWindowRect: true, takesHeapSnapshot: true, takesScreenshot: true, unexpectedAlertBehaviour: , unhandledPromptBehavior: , version: 87.0.4280.88, webStorageEnabled: true}\nSession ID: f863ecac5049206af6c7762aebe3d983",
      "time" : {
        "start" : 1609773426545,
        "stop" : 1609773458240,
        "duration" : 31695
      }
    }, {
      "uid" : "aa5aed3f9cadf86d",
      "status" : "broken",
      "statusDetails" : "no such element: Unable to locate element: {\"method\":\"xpath\",\"selector\":\"//*[@id=\"body\"]/div[3]/div[3]/div/div[1]/div/div[2]/div[2]/div/div[1]/div[1]/button/span[1]/p\"}\n  (Session info: chrome=87.0.4280.88)\n  (Driver info: chromedriver=2.40.565498 (ea082db3280dd6843ebfb08a625e3eb905c4f5ab),platform=Windows NT 10.0.18363 x86_64) (WARNING: The server did not provide any stacktrace information)\nCommand duration or timeout: 0 milliseconds\nFor documentation on this error, please visit: https://www.seleniumhq.org/exceptions/no_such_element.html\nBuild info: version: '3.141.59', revision: 'e82be7d358', time: '2018-11-14T08:17:03'\nSystem info: host: 'DESKTOP-A4GJKOM', ip: '192.168.1.98', os.name: 'Windows 10', os.arch: 'amd64', os.version: '10.0', java.version: '1.8.0_271'\nDriver info: org.openqa.selenium.chrome.ChromeDriver\nCapabilities {acceptInsecureCerts: false, acceptSslCerts: false, applicationCacheEnabled: false, browserConnectionEnabled: false, browserName: chrome, chrome: {chromedriverVersion: 2.40.565498 (ea082db3280dd6..., userDataDir: C:\\Users\\sukki\\AppData\\Loca...}, cssSelectorsEnabled: true, databaseEnabled: false, handlesAlerts: true, hasTouchScreen: false, javascriptEnabled: true, locationContextEnabled: true, mobileEmulationEnabled: false, nativeEvents: true, networkConnectionEnabled: false, pageLoadStrategy: normal, platform: XP, platformName: XP, rotatable: false, setWindowRect: true, takesHeapSnapshot: true, takesScreenshot: true, unexpectedAlertBehaviour: , unhandledPromptBehavior: , version: 87.0.4280.88, webStorageEnabled: true}\nSession ID: 8ac1859feefe69cabd172dc3c2838807\n*** Element info: {Using=xpath, value=//*[@id=\"body\"]/div[3]/div[3]/div/div[1]/div/div[2]/div[2]/div/div[1]/div[1]/button/span[1]/p}",
      "time" : {
        "start" : 1609709781384,
        "stop" : 1609709856023,
        "duration" : 74639
      }
    }, {
      "uid" : "48b95012126f96c8",
      "status" : "broken",
      "statusDetails" : "no such element: Unable to locate element: {\"method\":\"xpath\",\"selector\":\"//*[@id=\"body\"]/div[3]/div[3]/div/div[1]/div/div[2]/div[2]/div/div[1]/div[1]/button/span[1]/p\"}\n  (Session info: chrome=87.0.4280.88)\n  (Driver info: chromedriver=2.40.565498 (ea082db3280dd6843ebfb08a625e3eb905c4f5ab),platform=Windows NT 10.0.18363 x86_64) (WARNING: The server did not provide any stacktrace information)\nCommand duration or timeout: 0 milliseconds\nFor documentation on this error, please visit: https://www.seleniumhq.org/exceptions/no_such_element.html\nBuild info: version: '3.141.59', revision: 'e82be7d358', time: '2018-11-14T08:17:03'\nSystem info: host: 'DESKTOP-A4GJKOM', ip: '192.168.1.98', os.name: 'Windows 10', os.arch: 'amd64', os.version: '10.0', java.version: '1.8.0_271'\nDriver info: org.openqa.selenium.chrome.ChromeDriver\nCapabilities {acceptInsecureCerts: false, acceptSslCerts: false, applicationCacheEnabled: false, browserConnectionEnabled: false, browserName: chrome, chrome: {chromedriverVersion: 2.40.565498 (ea082db3280dd6..., userDataDir: C:\\Users\\sukki\\AppData\\Loca...}, cssSelectorsEnabled: true, databaseEnabled: false, handlesAlerts: true, hasTouchScreen: false, javascriptEnabled: true, locationContextEnabled: true, mobileEmulationEnabled: false, nativeEvents: true, networkConnectionEnabled: false, pageLoadStrategy: normal, platform: XP, platformName: XP, rotatable: false, setWindowRect: true, takesHeapSnapshot: true, takesScreenshot: true, unexpectedAlertBehaviour: , unhandledPromptBehavior: , version: 87.0.4280.88, webStorageEnabled: true}\nSession ID: 09482c219d8efc063a44ed32e80c0779\n*** Element info: {Using=xpath, value=//*[@id=\"body\"]/div[3]/div[3]/div/div[1]/div/div[2]/div[2]/div/div[1]/div[1]/button/span[1]/p}",
      "time" : {
        "start" : 1609709599334,
        "stop" : 1609709688712,
        "duration" : 89378
      }
    }, {
      "uid" : "c370376706a736e5",
      "status" : "skipped",
      "statusDetails" : "Method Adminverifydoctortest.TC_03_AdminVerifyDoctor()[pri:0, instance:com.sailotech.ezscheduler.testpages.Adminverifydoctortest@4c0ab04f] depends on not successfully finished methods",
      "time" : {
        "start" : 1609709517310,
        "stop" : 1609709517310,
        "duration" : 0
      }
    }, {
      "uid" : "ad78d2c71999b268",
      "status" : "skipped",
      "statusDetails" : "Method Adminverifydoctortest.TC_03_AdminVerifyDoctor()[pri:0, instance:com.sailotech.ezscheduler.testpages.Adminverifydoctortest@5f14590c] depends on not successfully finished methods",
      "time" : {
        "start" : 1609709458362,
        "stop" : 1609709458362,
        "duration" : 0
      }
    }, {
      "uid" : "8774c214e6cf75ab",
      "status" : "broken",
      "statusDetails" : "no such element: Unable to locate element: {\"method\":\"xpath\",\"selector\":\"//*[@id=\"app-site\"]/div/div/div[3]/main/div/div/div/div/div/div[2]/div/div/div[2]/div/div/table/tbody/tr[11]/td[3]\"}\n  (Session info: chrome=87.0.4280.88)\n  (Driver info: chromedriver=2.40.565498 (ea082db3280dd6843ebfb08a625e3eb905c4f5ab),platform=Windows NT 10.0.18363 x86_64) (WARNING: The server did not provide any stacktrace information)\nCommand duration or timeout: 0 milliseconds\nFor documentation on this error, please visit: https://www.seleniumhq.org/exceptions/no_such_element.html\nBuild info: version: '3.141.59', revision: 'e82be7d358', time: '2018-11-14T08:17:03'\nSystem info: host: 'DESKTOP-A4GJKOM', ip: '192.168.1.98', os.name: 'Windows 10', os.arch: 'amd64', os.version: '10.0', java.version: '1.8.0_271'\nDriver info: org.openqa.selenium.chrome.ChromeDriver\nCapabilities {acceptInsecureCerts: false, acceptSslCerts: false, applicationCacheEnabled: false, browserConnectionEnabled: false, browserName: chrome, chrome: {chromedriverVersion: 2.40.565498 (ea082db3280dd6..., userDataDir: C:\\Users\\sukki\\AppData\\Loca...}, cssSelectorsEnabled: true, databaseEnabled: false, handlesAlerts: true, hasTouchScreen: false, javascriptEnabled: true, locationContextEnabled: true, mobileEmulationEnabled: false, nativeEvents: true, networkConnectionEnabled: false, pageLoadStrategy: normal, platform: XP, platformName: XP, rotatable: false, setWindowRect: true, takesHeapSnapshot: true, takesScreenshot: true, unexpectedAlertBehaviour: , unhandledPromptBehavior: , version: 87.0.4280.88, webStorageEnabled: true}\nSession ID: c2a6c8d77007054934199a0976f86ff5\n*** Element info: {Using=xpath, value=//*[@id=\"app-site\"]/div/div/div[3]/main/div/div/div/div/div/div[2]/div/div/div[2]/div/div/table/tbody/tr[11]/td[3]}",
      "time" : {
        "start" : 1609709208458,
        "stop" : 1609709218164,
        "duration" : 9706
      }
    }, {
      "uid" : "ff8da54753439756",
      "status" : "broken",
      "statusDetails" : "no such element: Unable to locate element: {\"method\":\"xpath\",\"selector\":\"//*[@id=\"app-site\"]/div/div/div[3]/main/div/div/div/div/div/div[2]/div/div/div[2]/div/div/table/tbody/tr[11]/td[3]\"}\n  (Session info: chrome=87.0.4280.88)\n  (Driver info: chromedriver=2.40.565498 (ea082db3280dd6843ebfb08a625e3eb905c4f5ab),platform=Windows NT 10.0.18363 x86_64) (WARNING: The server did not provide any stacktrace information)\nCommand duration or timeout: 0 milliseconds\nFor documentation on this error, please visit: https://www.seleniumhq.org/exceptions/no_such_element.html\nBuild info: version: '3.141.59', revision: 'e82be7d358', time: '2018-11-14T08:17:03'\nSystem info: host: 'DESKTOP-A4GJKOM', ip: '192.168.1.98', os.name: 'Windows 10', os.arch: 'amd64', os.version: '10.0', java.version: '1.8.0_271'\nDriver info: org.openqa.selenium.chrome.ChromeDriver\nCapabilities {acceptInsecureCerts: false, acceptSslCerts: false, applicationCacheEnabled: false, browserConnectionEnabled: false, browserName: chrome, chrome: {chromedriverVersion: 2.40.565498 (ea082db3280dd6..., userDataDir: C:\\Users\\sukki\\AppData\\Loca...}, cssSelectorsEnabled: true, databaseEnabled: false, handlesAlerts: true, hasTouchScreen: false, javascriptEnabled: true, locationContextEnabled: true, mobileEmulationEnabled: false, nativeEvents: true, networkConnectionEnabled: false, pageLoadStrategy: normal, platform: XP, platformName: XP, rotatable: false, setWindowRect: true, takesHeapSnapshot: true, takesScreenshot: true, unexpectedAlertBehaviour: , unhandledPromptBehavior: , version: 87.0.4280.88, webStorageEnabled: true}\nSession ID: 9807a7dd8186ae88a3844d5ff8b05167\n*** Element info: {Using=xpath, value=//*[@id=\"app-site\"]/div/div/div[3]/main/div/div/div/div/div/div[2]/div/div/div[2]/div/div/table/tbody/tr[11]/td[3]}",
      "time" : {
        "start" : 1609709072222,
        "stop" : 1609709081355,
        "duration" : 9133
      }
    }, {
      "uid" : "21065383ed19ac3",
      "status" : "broken",
      "statusDetails" : "no such element: Unable to locate element: {\"method\":\"xpath\",\"selector\":\"//button[starts-with(@class,'MuiButtonBase-root MuiIconButton-root MuiPickersCalendarHeader-iconButton')]\"}\n  (Session info: chrome=87.0.4280.88)\n  (Driver info: chromedriver=2.40.565498 (ea082db3280dd6843ebfb08a625e3eb905c4f5ab),platform=Windows NT 10.0.18363 x86_64) (WARNING: The server did not provide any stacktrace information)\nCommand duration or timeout: 0 milliseconds\nFor documentation on this error, please visit: https://www.seleniumhq.org/exceptions/no_such_element.html\nBuild info: version: '3.141.59', revision: 'e82be7d358', time: '2018-11-14T08:17:03'\nSystem info: host: 'DESKTOP-A4GJKOM', ip: '192.168.1.98', os.name: 'Windows 10', os.arch: 'amd64', os.version: '10.0', java.version: '1.8.0_271'\nDriver info: org.openqa.selenium.chrome.ChromeDriver\nCapabilities {acceptInsecureCerts: false, acceptSslCerts: false, applicationCacheEnabled: false, browserConnectionEnabled: false, browserName: chrome, chrome: {chromedriverVersion: 2.40.565498 (ea082db3280dd6..., userDataDir: C:\\Users\\sukki\\AppData\\Loca...}, cssSelectorsEnabled: true, databaseEnabled: false, handlesAlerts: true, hasTouchScreen: false, javascriptEnabled: true, locationContextEnabled: true, mobileEmulationEnabled: false, nativeEvents: true, networkConnectionEnabled: false, pageLoadStrategy: normal, platform: XP, platformName: XP, rotatable: false, setWindowRect: true, takesHeapSnapshot: true, takesScreenshot: true, unexpectedAlertBehaviour: , unhandledPromptBehavior: , version: 87.0.4280.88, webStorageEnabled: true}\nSession ID: f8c6dacf081f535b9e24b7e73ee77929\n*** Element info: {Using=xpath, value=//button[starts-with(@class,'MuiButtonBase-root MuiIconButton-root MuiPickersCalendarHeader-iconButton')]}",
      "time" : {
        "start" : 1609708840868,
        "stop" : 1609708897110,
        "duration" : 56242
      }
    }, {
      "uid" : "95a9c39b07302d3f",
      "status" : "broken",
      "statusDetails" : "stale element reference: element is not attached to the page document\n  (Session info: chrome=87.0.4280.88)\n  (Driver info: chromedriver=2.40.565498 (ea082db3280dd6843ebfb08a625e3eb905c4f5ab),platform=Windows NT 10.0.18363 x86_64) (WARNING: The server did not provide any stacktrace information)\nCommand duration or timeout: 0 milliseconds\nFor documentation on this error, please visit: https://www.seleniumhq.org/exceptions/stale_element_reference.html\nBuild info: version: '3.141.59', revision: 'e82be7d358', time: '2018-11-14T08:17:03'\nSystem info: host: 'DESKTOP-A4GJKOM', ip: '192.168.1.98', os.name: 'Windows 10', os.arch: 'amd64', os.version: '10.0', java.version: '1.8.0_271'\nDriver info: org.openqa.selenium.chrome.ChromeDriver\nCapabilities {acceptInsecureCerts: false, acceptSslCerts: false, applicationCacheEnabled: false, browserConnectionEnabled: false, browserName: chrome, chrome: {chromedriverVersion: 2.40.565498 (ea082db3280dd6..., userDataDir: C:\\Users\\sukki\\AppData\\Loca...}, cssSelectorsEnabled: true, databaseEnabled: false, handlesAlerts: true, hasTouchScreen: false, javascriptEnabled: true, locationContextEnabled: true, mobileEmulationEnabled: false, nativeEvents: true, networkConnectionEnabled: false, pageLoadStrategy: normal, platform: XP, platformName: XP, rotatable: false, setWindowRect: true, takesHeapSnapshot: true, takesScreenshot: true, unexpectedAlertBehaviour: , unhandledPromptBehavior: , version: 87.0.4280.88, webStorageEnabled: true}\nSession ID: 778601d254e22518c437b1f3cc965b06",
      "time" : {
        "start" : 1609454708232,
        "stop" : 1609454765811,
        "duration" : 57579
      }
    }, {
      "uid" : "41ac228c6d55d278",
      "status" : "broken",
      "statusDetails" : "no such element: Unable to locate element: {\"method\":\"xpath\",\"selector\":\"//button[starts-with(@class,'MuiButtonBase-root MuiIconButton-root MuiPickersCalendarHeader-iconButton')]\"}\n  (Session info: chrome=87.0.4280.88)\n  (Driver info: chromedriver=2.40.565498 (ea082db3280dd6843ebfb08a625e3eb905c4f5ab),platform=Windows NT 10.0.18363 x86_64) (WARNING: The server did not provide any stacktrace information)\nCommand duration or timeout: 0 milliseconds\nFor documentation on this error, please visit: https://www.seleniumhq.org/exceptions/no_such_element.html\nBuild info: version: '3.141.59', revision: 'e82be7d358', time: '2018-11-14T08:17:03'\nSystem info: host: 'DESKTOP-A4GJKOM', ip: '192.168.1.98', os.name: 'Windows 10', os.arch: 'amd64', os.version: '10.0', java.version: '1.8.0_271'\nDriver info: org.openqa.selenium.chrome.ChromeDriver\nCapabilities {acceptInsecureCerts: false, acceptSslCerts: false, applicationCacheEnabled: false, browserConnectionEnabled: false, browserName: chrome, chrome: {chromedriverVersion: 2.40.565498 (ea082db3280dd6..., userDataDir: C:\\Users\\sukki\\AppData\\Loca...}, cssSelectorsEnabled: true, databaseEnabled: false, handlesAlerts: true, hasTouchScreen: false, javascriptEnabled: true, locationContextEnabled: true, mobileEmulationEnabled: false, nativeEvents: true, networkConnectionEnabled: false, pageLoadStrategy: normal, platform: XP, platformName: XP, rotatable: false, setWindowRect: true, takesHeapSnapshot: true, takesScreenshot: true, unexpectedAlertBehaviour: , unhandledPromptBehavior: , version: 87.0.4280.88, webStorageEnabled: true}\nSession ID: 1c0c94d1c9c49d286c8cc07116d805a9\n*** Element info: {Using=xpath, value=//button[starts-with(@class,'MuiButtonBase-root MuiIconButton-root MuiPickersCalendarHeader-iconButton')]}",
      "time" : {
        "start" : 1609453635645,
        "stop" : 1609453692395,
        "duration" : 56750
      }
    }, {
      "uid" : "45490a1767c2e83b",
      "status" : "skipped",
      "statusDetails" : "Method Adminverifydoctortest.TC_03_AdminVerifyDoctor()[pri:0, instance:com.sailotech.ezscheduler.testpages.Adminverifydoctortest@468646ea] depends on not successfully finished methods",
      "time" : {
        "start" : 1609453588093,
        "stop" : 1609453588093,
        "duration" : 0
      }
    }, {
      "uid" : "d28ff054f66595ba",
      "status" : "skipped",
      "statusDetails" : "Method Adminverifydoctortest.TC_03_AdminVerifyDoctor()[pri:0, instance:com.sailotech.ezscheduler.testpages.Adminverifydoctortest@752ffce3] depends on not successfully finished methods",
      "time" : {
        "start" : 1609453488063,
        "stop" : 1609453488063,
        "duration" : 0
      }
    }, {
      "uid" : "46d3ae1634ebb913",
      "status" : "skipped",
      "statusDetails" : "Method Adminverifydoctortest.TC_03_AdminVerifyDoctor()[pri:0, instance:com.sailotech.ezscheduler.testpages.Adminverifydoctortest@468646ea] depends on not successfully finished methods",
      "time" : {
        "start" : 1609453437369,
        "stop" : 1609453437369,
        "duration" : 0
      }
    }, {
      "uid" : "d0935a9287c107ae",
      "status" : "skipped",
      "statusDetails" : "Method Adminverifydoctortest.TC_03_AdminVerifyDoctor()[pri:0, instance:com.sailotech.ezscheduler.testpages.Adminverifydoctortest@44cab872] depends on not successfully finished methods",
      "time" : {
        "start" : 1609452743124,
        "stop" : 1609452743124,
        "duration" : 0
      }
    }, {
      "uid" : "337decb803a02f22",
      "status" : "skipped",
      "statusDetails" : "Method Adminverifydoctortest.TC_03_AdminVerifyDoctor()[pri:0, instance:com.sailotech.ezscheduler.testpages.Adminverifydoctortest@5345552f] depends on not successfully finished methods",
      "time" : {
        "start" : 1609452670341,
        "stop" : 1609452670341,
        "duration" : 0
      }
    }, {
      "uid" : "f35c5ae1b8ee59c2",
      "status" : "skipped",
      "statusDetails" : "Method Adminverifydoctortest.TC_03_AdminVerifyDoctor()[pri:0, instance:com.sailotech.ezscheduler.testpages.Adminverifydoctortest@189f3ccd] depends on not successfully finished methods",
      "time" : {
        "start" : 1609452614108,
        "stop" : 1609452614109,
        "duration" : 1
      }
    }, {
      "uid" : "f1c8d58ada75d9da",
      "status" : "skipped",
      "statusDetails" : "Method Adminverifydoctortest.TC_03_AdminVerifyDoctor()[pri:0, instance:com.sailotech.ezscheduler.testpages.Adminverifydoctortest@6e0dec27] depends on not successfully finished methods",
      "time" : {
        "start" : 1609452545064,
        "stop" : 1609452545064,
        "duration" : 0
      }
    }, {
      "uid" : "48fb5e4b837e1f02",
      "status" : "skipped",
      "statusDetails" : "Method Adminverifydoctortest.TC_03_AdminVerifyDoctor()[pri:0, instance:com.sailotech.ezscheduler.testpages.Adminverifydoctortest@53202b06] depends on not successfully finished methods",
      "time" : {
        "start" : 1609452403946,
        "stop" : 1609452403946,
        "duration" : 0
      }
    }, {
      "uid" : "a48d7e09a54d1caa",
      "status" : "broken",
      "statusDetails" : "no such element: Unable to locate element: {\"method\":\"xpath\",\"selector\":\"//button[starts-with(@class,'MuiButtonBase-root MuiIconButton-root MuiPickersCalendarHeader-iconButton')]\"}\n  (Session info: chrome=87.0.4280.88)\n  (Driver info: chromedriver=2.40.565498 (ea082db3280dd6843ebfb08a625e3eb905c4f5ab),platform=Windows NT 10.0.18363 x86_64) (WARNING: The server did not provide any stacktrace information)\nCommand duration or timeout: 0 milliseconds\nFor documentation on this error, please visit: https://www.seleniumhq.org/exceptions/no_such_element.html\nBuild info: version: '3.141.59', revision: 'e82be7d358', time: '2018-11-14T08:17:03'\nSystem info: host: 'DESKTOP-A4GJKOM', ip: '192.168.1.98', os.name: 'Windows 10', os.arch: 'amd64', os.version: '10.0', java.version: '1.8.0_271'\nDriver info: org.openqa.selenium.chrome.ChromeDriver\nCapabilities {acceptInsecureCerts: false, acceptSslCerts: false, applicationCacheEnabled: false, browserConnectionEnabled: false, browserName: chrome, chrome: {chromedriverVersion: 2.40.565498 (ea082db3280dd6..., userDataDir: C:\\Users\\sukki\\AppData\\Loca...}, cssSelectorsEnabled: true, databaseEnabled: false, handlesAlerts: true, hasTouchScreen: false, javascriptEnabled: true, locationContextEnabled: true, mobileEmulationEnabled: false, nativeEvents: true, networkConnectionEnabled: false, pageLoadStrategy: normal, platform: XP, platformName: XP, rotatable: false, setWindowRect: true, takesHeapSnapshot: true, takesScreenshot: true, unexpectedAlertBehaviour: , unhandledPromptBehavior: , version: 87.0.4280.88, webStorageEnabled: true}\nSession ID: 971f2f383ae1e4d7d77b437b71537326\n*** Element info: {Using=xpath, value=//button[starts-with(@class,'MuiButtonBase-root MuiIconButton-root MuiPickersCalendarHeader-iconButton')]}",
      "time" : {
        "start" : 1609451789044,
        "stop" : 1609451972714,
        "duration" : 183670
      }
    }, {
      "uid" : "7e35e2c0948d3ed9",
      "status" : "skipped",
      "statusDetails" : "Method Adminverifydoctortest.TC_03_AdminVerifyDoctor()[pri:0, instance:com.sailotech.ezscheduler.testpages.Adminverifydoctortest@67baa05] depends on not successfully finished methods",
      "time" : {
        "start" : 1609451679856,
        "stop" : 1609451679856,
        "duration" : 0
      }
    }, {
      "uid" : "451b538db01ce3de",
      "status" : "broken",
      "statusDetails" : "no such element: Unable to locate element: {\"method\":\"xpath\",\"selector\":\"//button[starts-with(@class,'MuiButtonBase-root MuiIconButton-root MuiPickersCalendarHeader-iconButton')]\"}\n  (Session info: chrome=87.0.4280.88)\n  (Driver info: chromedriver=2.40.565498 (ea082db3280dd6843ebfb08a625e3eb905c4f5ab),platform=Windows NT 10.0.18363 x86_64) (WARNING: The server did not provide any stacktrace information)\nCommand duration or timeout: 0 milliseconds\nFor documentation on this error, please visit: https://www.seleniumhq.org/exceptions/no_such_element.html\nBuild info: version: '3.141.59', revision: 'e82be7d358', time: '2018-11-14T08:17:03'\nSystem info: host: 'DESKTOP-A4GJKOM', ip: '192.168.1.98', os.name: 'Windows 10', os.arch: 'amd64', os.version: '10.0', java.version: '1.8.0_271'\nDriver info: org.openqa.selenium.chrome.ChromeDriver\nCapabilities {acceptInsecureCerts: false, acceptSslCerts: false, applicationCacheEnabled: false, browserConnectionEnabled: false, browserName: chrome, chrome: {chromedriverVersion: 2.40.565498 (ea082db3280dd6..., userDataDir: C:\\Users\\sukki\\AppData\\Loca...}, cssSelectorsEnabled: true, databaseEnabled: false, handlesAlerts: true, hasTouchScreen: false, javascriptEnabled: true, locationContextEnabled: true, mobileEmulationEnabled: false, nativeEvents: true, networkConnectionEnabled: false, pageLoadStrategy: normal, platform: XP, platformName: XP, rotatable: false, setWindowRect: true, takesHeapSnapshot: true, takesScreenshot: true, unexpectedAlertBehaviour: , unhandledPromptBehavior: , version: 87.0.4280.88, webStorageEnabled: true}\nSession ID: 6bf6a9561dd446187ab4026e8aea4860\n*** Element info: {Using=xpath, value=//button[starts-with(@class,'MuiButtonBase-root MuiIconButton-root MuiPickersCalendarHeader-iconButton')]}",
      "time" : {
        "start" : 1609451169983,
        "stop" : 1609451356571,
        "duration" : 186588
      }
    }, {
      "uid" : "4a261c3b93f89b5a",
      "status" : "skipped",
      "statusDetails" : "Method Adminverifydoctortest.TC_03_AdminVerifyDoctor()[pri:0, instance:com.sailotech.ezscheduler.testpages.Adminverifydoctortest@20462820] depends on not successfully finished methods",
      "time" : {
        "start" : 1609213803750,
        "stop" : 1609213803750,
        "duration" : 0
      }
    }, {
      "uid" : "4577306ef68b4544",
      "status" : "broken",
      "statusDetails" : "stale element reference: element is not attached to the page document\n  (Session info: chrome=87.0.4280.88)\n  (Driver info: chromedriver=2.40.565498 (ea082db3280dd6843ebfb08a625e3eb905c4f5ab),platform=Windows NT 10.0.18363 x86_64) (WARNING: The server did not provide any stacktrace information)\nCommand duration or timeout: 0 milliseconds\nFor documentation on this error, please visit: https://www.seleniumhq.org/exceptions/stale_element_reference.html\nBuild info: version: '3.141.59', revision: 'e82be7d358', time: '2018-11-14T08:17:03'\nSystem info: host: 'DESKTOP-A4GJKOM', ip: '192.168.1.98', os.name: 'Windows 10', os.arch: 'amd64', os.version: '10.0', java.version: '1.8.0_271'\nDriver info: org.openqa.selenium.chrome.ChromeDriver\nCapabilities {acceptInsecureCerts: false, acceptSslCerts: false, applicationCacheEnabled: false, browserConnectionEnabled: false, browserName: chrome, chrome: {chromedriverVersion: 2.40.565498 (ea082db3280dd6..., userDataDir: C:\\Users\\sukki\\AppData\\Loca...}, cssSelectorsEnabled: true, databaseEnabled: false, handlesAlerts: true, hasTouchScreen: false, javascriptEnabled: true, locationContextEnabled: true, mobileEmulationEnabled: false, nativeEvents: true, networkConnectionEnabled: false, pageLoadStrategy: normal, platform: XP, platformName: XP, rotatable: false, setWindowRect: true, takesHeapSnapshot: true, takesScreenshot: true, unexpectedAlertBehaviour: , unhandledPromptBehavior: , version: 87.0.4280.88, webStorageEnabled: true}\nSession ID: 4076cf2b9bd5e59f1632345b8404d91f",
      "time" : {
        "start" : 1609213003355,
        "stop" : 1609213055575,
        "duration" : 52220
      }
    }, {
      "uid" : "88a6330f9dfe3ebd",
      "status" : "skipped",
      "statusDetails" : "Method Adminverifydoctortest.TC_03_AdminVerifyDoctor()[pri:0, instance:com.sailotech.ezscheduler.testpages.Adminverifydoctortest@46051269] depends on not successfully finished methods",
      "time" : {
        "start" : 1609212926348,
        "stop" : 1609212926348,
        "duration" : 0
      }
    }, {
      "uid" : "bffc1504383b385b",
      "status" : "broken",
      "statusDetails" : "unknown error: Element <input aria-invalid=\"false\" name=\"trailEndDate\" readonly=\"\" required=\"\" type=\"text\" class=\"MuiInputBase-input MuiOutlinedInput-input MuiInputBase-inputMarginDense MuiOutlinedInput-inputMarginDense\" value=\"29/12/2019\"> is not clickable at point (228, 691). Other element would receive the click: <div class=\"MuiDialog-container MuiDialog-scrollPaper\" role=\"none presentation\" tabindex=\"-1\" style=\"opacity: 1; transition: opacity 225ms cubic-bezier(0.4, 0, 0.2, 1) 0ms;\">...</div>\n  (Session info: chrome=87.0.4280.88)\n  (Driver info: chromedriver=2.40.565498 (ea082db3280dd6843ebfb08a625e3eb905c4f5ab),platform=Windows NT 10.0.18363 x86_64) (WARNING: The server did not provide any stacktrace information)\nCommand duration or timeout: 0 milliseconds\nBuild info: version: '3.141.59', revision: 'e82be7d358', time: '2018-11-14T08:17:03'\nSystem info: host: 'DESKTOP-A4GJKOM', ip: '192.168.1.98', os.name: 'Windows 10', os.arch: 'amd64', os.version: '10.0', java.version: '1.8.0_271'\nDriver info: org.openqa.selenium.chrome.ChromeDriver\nCapabilities {acceptInsecureCerts: false, acceptSslCerts: false, applicationCacheEnabled: false, browserConnectionEnabled: false, browserName: chrome, chrome: {chromedriverVersion: 2.40.565498 (ea082db3280dd6..., userDataDir: C:\\Users\\sukki\\AppData\\Loca...}, cssSelectorsEnabled: true, databaseEnabled: false, handlesAlerts: true, hasTouchScreen: false, javascriptEnabled: true, locationContextEnabled: true, mobileEmulationEnabled: false, nativeEvents: true, networkConnectionEnabled: false, pageLoadStrategy: normal, platform: XP, platformName: XP, rotatable: false, setWindowRect: true, takesHeapSnapshot: true, takesScreenshot: true, unexpectedAlertBehaviour: , unhandledPromptBehavior: , version: 87.0.4280.88, webStorageEnabled: true}\nSession ID: 9d94c18720dd45fa235adaeb046200ff",
      "time" : {
        "start" : 1609212593206,
        "stop" : 1609212632663,
        "duration" : 39457
      }
    }, {
      "uid" : "8b69ccc94aeda47e",
      "status" : "passed",
      "time" : {
        "start" : 1609017484363,
        "stop" : 1609017578555,
        "duration" : 94192
      }
    }, {
      "uid" : "51d5a642288950b9",
      "status" : "broken",
      "statusDetails" : "unknown error: Element <input aria-invalid=\"false\" name=\"trailEndDate\" readonly=\"\" required=\"\" type=\"text\" class=\"MuiInputBase-input MuiOutlinedInput-input MuiInputBase-inputMarginDense MuiOutlinedInput-inputMarginDense\" value=\"30/12/2019\"> is not clickable at point (228, 668). Other element would receive the click: <div class=\"MuiDialog-container MuiDialog-scrollPaper\" role=\"none presentation\" tabindex=\"-1\" style=\"opacity: 1; transition: opacity 225ms cubic-bezier(0.4, 0, 0.2, 1) 0ms;\">...</div>\n  (Session info: chrome=87.0.4280.88)\n  (Driver info: chromedriver=2.40.565498 (ea082db3280dd6843ebfb08a625e3eb905c4f5ab),platform=Windows NT 10.0.18363 x86_64) (WARNING: The server did not provide any stacktrace information)\nCommand duration or timeout: 0 milliseconds\nBuild info: version: '3.141.59', revision: 'e82be7d358', time: '2018-11-14T08:17:03'\nSystem info: host: 'DESKTOP-A4GJKOM', ip: '192.168.1.98', os.name: 'Windows 10', os.arch: 'amd64', os.version: '10.0', java.version: '1.8.0_271'\nDriver info: org.openqa.selenium.chrome.ChromeDriver\nCapabilities {acceptInsecureCerts: false, acceptSslCerts: false, applicationCacheEnabled: false, browserConnectionEnabled: false, browserName: chrome, chrome: {chromedriverVersion: 2.40.565498 (ea082db3280dd6..., userDataDir: C:\\Users\\sukki\\AppData\\Loca...}, cssSelectorsEnabled: true, databaseEnabled: false, handlesAlerts: true, hasTouchScreen: false, javascriptEnabled: true, locationContextEnabled: true, mobileEmulationEnabled: false, nativeEvents: true, networkConnectionEnabled: false, pageLoadStrategy: normal, platform: XP, platformName: XP, rotatable: false, setWindowRect: true, takesHeapSnapshot: true, takesScreenshot: true, unexpectedAlertBehaviour: , unhandledPromptBehavior: , version: 87.0.4280.88, webStorageEnabled: true}\nSession ID: 26b0414ba019fa1181e1877495cf8e3f",
      "time" : {
        "start" : 1609017276813,
        "stop" : 1609017293594,
        "duration" : 16781
      }
    }, {
      "uid" : "7eab1bdbe3de370f",
      "status" : "broken",
      "statusDetails" : "unknown error: Element <input aria-invalid=\"false\" name=\"trailEndDate\" readonly=\"\" required=\"\" type=\"text\" class=\"MuiInputBase-input MuiOutlinedInput-input MuiInputBase-inputMarginDense MuiOutlinedInput-inputMarginDense\" value=\"30/12/2019\"> is not clickable at point (228, 668). Other element would receive the click: <div class=\"MuiDialog-container MuiDialog-scrollPaper\" role=\"none presentation\" tabindex=\"-1\" style=\"opacity: 1; transition: opacity 225ms cubic-bezier(0.4, 0, 0.2, 1) 0ms;\">...</div>\n  (Session info: chrome=87.0.4280.88)\n  (Driver info: chromedriver=2.40.565498 (ea082db3280dd6843ebfb08a625e3eb905c4f5ab),platform=Windows NT 10.0.18363 x86_64) (WARNING: The server did not provide any stacktrace information)\nCommand duration or timeout: 0 milliseconds\nBuild info: version: '3.141.59', revision: 'e82be7d358', time: '2018-11-14T08:17:03'\nSystem info: host: 'DESKTOP-A4GJKOM', ip: '192.168.1.98', os.name: 'Windows 10', os.arch: 'amd64', os.version: '10.0', java.version: '1.8.0_271'\nDriver info: org.openqa.selenium.chrome.ChromeDriver\nCapabilities {acceptInsecureCerts: false, acceptSslCerts: false, applicationCacheEnabled: false, browserConnectionEnabled: false, browserName: chrome, chrome: {chromedriverVersion: 2.40.565498 (ea082db3280dd6..., userDataDir: C:\\Users\\sukki\\AppData\\Loca...}, cssSelectorsEnabled: true, databaseEnabled: false, handlesAlerts: true, hasTouchScreen: false, javascriptEnabled: true, locationContextEnabled: true, mobileEmulationEnabled: false, nativeEvents: true, networkConnectionEnabled: false, pageLoadStrategy: normal, platform: XP, platformName: XP, rotatable: false, setWindowRect: true, takesHeapSnapshot: true, takesScreenshot: true, unexpectedAlertBehaviour: , unhandledPromptBehavior: , version: 87.0.4280.88, webStorageEnabled: true}\nSession ID: 212502d4ac9bf923a7c95bdd681d4894",
      "time" : {
        "start" : 1609017176994,
        "stop" : 1609017192032,
        "duration" : 15038
      }
    }, {
      "uid" : "42bafbca774e0755",
      "status" : "skipped",
      "statusDetails" : "Method Adminverifydoctortest.TC_03_AdminVerifyDoctor()[pri:0, instance:com.sailotech.ezscheduler.testpages.Adminverifydoctortest@4c0ab04f] depends on not successfully finished methods",
      "time" : {
        "start" : 1609017110353,
        "stop" : 1609017110354,
        "duration" : 1
      }
    }, {
      "uid" : "f6526ae7cdf76dda",
      "status" : "broken",
      "statusDetails" : "unknown error: Element <input aria-invalid=\"false\" name=\"trailEndDate\" readonly=\"\" required=\"\" type=\"text\" class=\"MuiInputBase-input MuiOutlinedInput-input MuiInputBase-inputMarginDense MuiOutlinedInput-inputMarginDense\" value=\"30/12/2019\"> is not clickable at point (228, 668). Other element would receive the click: <div class=\"MuiDialog-container MuiDialog-scrollPaper\" role=\"none presentation\" tabindex=\"-1\" style=\"opacity: 1; transition: opacity 225ms cubic-bezier(0.4, 0, 0.2, 1) 0ms;\">...</div>\n  (Session info: chrome=87.0.4280.88)\n  (Driver info: chromedriver=2.40.565498 (ea082db3280dd6843ebfb08a625e3eb905c4f5ab),platform=Windows NT 10.0.18363 x86_64) (WARNING: The server did not provide any stacktrace information)\nCommand duration or timeout: 0 milliseconds\nBuild info: version: '3.141.59', revision: 'e82be7d358', time: '2018-11-14T08:17:03'\nSystem info: host: 'DESKTOP-A4GJKOM', ip: '192.168.1.98', os.name: 'Windows 10', os.arch: 'amd64', os.version: '10.0', java.version: '1.8.0_271'\nDriver info: org.openqa.selenium.chrome.ChromeDriver\nCapabilities {acceptInsecureCerts: false, acceptSslCerts: false, applicationCacheEnabled: false, browserConnectionEnabled: false, browserName: chrome, chrome: {chromedriverVersion: 2.40.565498 (ea082db3280dd6..., userDataDir: C:\\Users\\sukki\\AppData\\Loca...}, cssSelectorsEnabled: true, databaseEnabled: false, handlesAlerts: true, hasTouchScreen: false, javascriptEnabled: true, locationContextEnabled: true, mobileEmulationEnabled: false, nativeEvents: true, networkConnectionEnabled: false, pageLoadStrategy: normal, platform: XP, platformName: XP, rotatable: false, setWindowRect: true, takesHeapSnapshot: true, takesScreenshot: true, unexpectedAlertBehaviour: , unhandledPromptBehavior: , version: 87.0.4280.88, webStorageEnabled: true}\nSession ID: 37593bff8d4b161983408169dbccecae",
      "time" : {
        "start" : 1608993229896,
        "stop" : 1608993246967,
        "duration" : 17071
      }
    }, {
      "uid" : "9fe63af7abc04352",
      "status" : "broken",
      "statusDetails" : "unknown error: Element <input aria-invalid=\"false\" name=\"trailEndDate\" readonly=\"\" required=\"\" type=\"text\" class=\"MuiInputBase-input MuiOutlinedInput-input MuiInputBase-inputMarginDense MuiOutlinedInput-inputMarginDense\" value=\"30/12/2019\"> is not clickable at point (228, 668). Other element would receive the click: <div class=\"MuiDialog-container MuiDialog-scrollPaper\" role=\"none presentation\" tabindex=\"-1\" style=\"opacity: 1; transition: opacity 225ms cubic-bezier(0.4, 0, 0.2, 1) 0ms;\">...</div>\n  (Session info: chrome=87.0.4280.88)\n  (Driver info: chromedriver=2.40.565498 (ea082db3280dd6843ebfb08a625e3eb905c4f5ab),platform=Windows NT 10.0.18363 x86_64) (WARNING: The server did not provide any stacktrace information)\nCommand duration or timeout: 0 milliseconds\nBuild info: version: '3.141.59', revision: 'e82be7d358', time: '2018-11-14T08:17:03'\nSystem info: host: 'DESKTOP-A4GJKOM', ip: '192.168.1.98', os.name: 'Windows 10', os.arch: 'amd64', os.version: '10.0', java.version: '1.8.0_271'\nDriver info: org.openqa.selenium.chrome.ChromeDriver\nCapabilities {acceptInsecureCerts: false, acceptSslCerts: false, applicationCacheEnabled: false, browserConnectionEnabled: false, browserName: chrome, chrome: {chromedriverVersion: 2.40.565498 (ea082db3280dd6..., userDataDir: C:\\Users\\sukki\\AppData\\Loca...}, cssSelectorsEnabled: true, databaseEnabled: false, handlesAlerts: true, hasTouchScreen: false, javascriptEnabled: true, locationContextEnabled: true, mobileEmulationEnabled: false, nativeEvents: true, networkConnectionEnabled: false, pageLoadStrategy: normal, platform: XP, platformName: XP, rotatable: false, setWindowRect: true, takesHeapSnapshot: true, takesScreenshot: true, unexpectedAlertBehaviour: , unhandledPromptBehavior: , version: 87.0.4280.88, webStorageEnabled: true}\nSession ID: 4edaf513a5eb4bcec44eeeac606a8240",
      "time" : {
        "start" : 1608993103101,
        "stop" : 1608993121254,
        "duration" : 18153
      }
    }, {
      "uid" : "b848c1d1918de79d",
      "status" : "skipped",
      "statusDetails" : "Method Adminverifydoctortest.TC_03_AdminVerifyDoctor()[pri:0, instance:com.sailotech.ezscheduler.testpages.Adminverifydoctortest@78f35e39] depends on not successfully finished methods",
      "time" : {
        "start" : 1608953969471,
        "stop" : 1608953969471,
        "duration" : 0
      }
    }, {
      "uid" : "dabea8d30c34030e",
      "status" : "broken",
      "statusDetails" : "unknown error: Element <input aria-invalid=\"false\" name=\"trailEndDate\" readonly=\"\" required=\"\" type=\"text\" class=\"MuiInputBase-input MuiOutlinedInput-input MuiInputBase-inputMarginDense MuiOutlinedInput-inputMarginDense\" value=\"30/12/2019\"> is not clickable at point (228, 668). Other element would receive the click: <div class=\"MuiDialog-container MuiDialog-scrollPaper\" role=\"none presentation\" tabindex=\"-1\" style=\"opacity: 1; transition: opacity 225ms cubic-bezier(0.4, 0, 0.2, 1) 0ms;\">...</div>\n  (Session info: chrome=87.0.4280.88)\n  (Driver info: chromedriver=2.40.565498 (ea082db3280dd6843ebfb08a625e3eb905c4f5ab),platform=Windows NT 10.0.18363 x86_64) (WARNING: The server did not provide any stacktrace information)\nCommand duration or timeout: 0 milliseconds\nBuild info: version: '3.141.59', revision: 'e82be7d358', time: '2018-11-14T08:17:03'\nSystem info: host: 'DESKTOP-A4GJKOM', ip: '192.168.1.98', os.name: 'Windows 10', os.arch: 'amd64', os.version: '10.0', java.version: '1.8.0_271'\nDriver info: org.openqa.selenium.chrome.ChromeDriver\nCapabilities {acceptInsecureCerts: false, acceptSslCerts: false, applicationCacheEnabled: false, browserConnectionEnabled: false, browserName: chrome, chrome: {chromedriverVersion: 2.40.565498 (ea082db3280dd6..., userDataDir: C:\\Users\\sukki\\AppData\\Loca...}, cssSelectorsEnabled: true, databaseEnabled: false, handlesAlerts: true, hasTouchScreen: false, javascriptEnabled: true, locationContextEnabled: true, mobileEmulationEnabled: false, nativeEvents: true, networkConnectionEnabled: false, pageLoadStrategy: normal, platform: XP, platformName: XP, rotatable: false, setWindowRect: true, takesHeapSnapshot: true, takesScreenshot: true, unexpectedAlertBehaviour: , unhandledPromptBehavior: , version: 87.0.4280.88, webStorageEnabled: true}\nSession ID: ac842fde1c22f628d4cd4b5d2af55b86",
      "time" : {
        "start" : 1608953881533,
        "stop" : 1608953895608,
        "duration" : 14075
      }
    } ],
    "categories" : [ ],
    "tags" : [ ]
  },
  "source" : "fc2dc6e8ef7fbcc6.json",
  "parameterValues" : [ ]
}